#
# A fatal error has been detected by the Java Runtime Environment:
#
#  EXCEPTION_ACCESS_VIOLATION (0xc0000005) at pc=0x00007fff92642b60, pid=14264, tid=11932
#
# JRE version: OpenJDK Runtime Environment Temurin-17.0.5+8 (17.0.5+8) (build 17.0.5+8)
# Java VM: OpenJDK 64-Bit Server VM Temurin-17.0.5+8 (17.0.5+8, mixed mode, sharing, tiered, compressed oops, compressed class ptrs, g1 gc, windows-amd64)
# Problematic frame:
# C  [atio6axx.dll+0x192b60]
#
# No core dump will be written. Minidumps are not enabled by default on client versions of Windows
#
# If you would like to submit a bug report, please visit:
#   https://github.com/adoptium/adoptium-support/issues
# The crash happened outside the Java Virtual Machine in native code.
# See problematic frame for where to report the bug.
#

---------------  S U M M A R Y ------------

Command Line: -Dforge.enableGameTest=true -Dforge.logging.console.level=debug -Dforge.logging.markers=REGISTRIES -DignoreList=bootstraplauncher,securejarhandler,asm-commons,asm-util,asm-analysis,asm-tree,asm,JarJarFileSystems,client-extra,fmlcore,javafmllanguage,lowcodelanguage,mclanguage,forge- -Djava.net.preferIPv6Addresses=system -DlegacyClassPath.file=C:\Users\yangj\MCreatorWorkspaces\mixed_ore\build\classpath\runClient_minecraftClasspath.txt -DmergeModules=jna-5.10.0.jar,jna-platform-5.10.0.jar -Dos.version=10.0 --module-path=C:\Users\yangj\.mcreator\gradle\caches\modules-2\files-2.1\cpw.mods\bootstraplauncher\1.1.2\c546e00443d8432cda6baa1c860346980742628\bootstraplauncher-1.1.2.jar;C:\Users\yangj\.mcreator\gradle\caches\modules-2\files-2.1\cpw.mods\securejarhandler\2.1.4\f47e3b9dd860a7b82154b8f90a650ffd0aaa5582\securejarhandler-2.1.4.jar;C:\Users\yangj\.mcreator\gradle\caches\modules-2\files-2.1\org.ow2.asm\asm-commons\9.3\1f2a432d1212f5c352ae607d7b61dcae20c20af5\asm-commons-9.3.jar;C:\Users\yangj\.mcreator\gradle\caches\modules-2\files-2.1\org.ow2.asm\asm-util\9.3\9595bc05510d0bd4b610188b77333fe4851a1975\asm-util-9.3.jar;C:\Users\yangj\.mcreator\gradle\caches\modules-2\files-2.1\org.ow2.asm\asm-analysis\9.3\4b071f211b37c38e0e9f5998550197c8593f6ad8\asm-analysis-9.3.jar;C:\Users\yangj\.mcreator\gradle\caches\modules-2\files-2.1\org.ow2.asm\asm-tree\9.3\78d2ecd61318b5a58cd04fb237636c0e86b77d97\asm-tree-9.3.jar;C:\Users\yangj\.mcreator\gradle\caches\modules-2\files-2.1\org.ow2.asm\asm\9.3\8e6300ef51c1d801a7ed62d07cd221aca3a90640\asm-9.3.jar;C:\Users\yangj\.mcreator\gradle\caches\modules-2\files-2.1\net.minecraftforge\JarJarFileSystems\0.3.16\e52afbb2599dc7c6f779efea0496d32fc01152e3\JarJarFileSystems-0.3.16.jar --add-modules=ALL-MODULE-PATH --add-opens=java.base/java.util.jar=cpw.mods.securejarhandler --add-opens=java.base/java.lang.invoke=cpw.mods.securejarhandler --add-exports=java.base/sun.security.util=cpw.mods.securejarhandler --add-exports=jdk.naming.dns/com.sun.jndi.dns=java.naming -XX:HeapDumpPath=MojangTricksIntelDriversForPerformance_javaw.exe_minecraft.exe.heapdump -Dos.name=Windows 10 -Dfile.encoding=UTF-8 -Duser.country=CN -Duser.language=zh -Duser.variant cpw.mods.bootstraplauncher.BootstrapLauncher --launchTarget forgeclientuserdev --version MOD_DEV --assetIndex 1.19 --assetsDir C:\Users\yangj\.mcreator\gradle\caches\forge_gradle\assets --gameDir . --fml.forgeVersion 43.2.0 --fml.mcVersion 1.19.2 --fml.forgeGroup net.minecraftforge --fml.mcpVersion 20220805.130853

Host: AMD Ryzen 7 3700U with Radeon Vega Mobile Gfx  , 8 cores, 13G,  Windows 11 , 64 bit Build 22621 (10.0.22621.1325)
Time: Tue Mar 21 18:31:00 2023  Windows 11 , 64 bit Build 22621 (10.0.22621.1325) elapsed time: 20.644144 seconds (0d 0h 0m 20s)

---------------  T H R E A D  ---------------

Current thread (0x000001b97b1cde80):  JavaThread "Render thread" [_thread_in_native, id=11932, stack(0x000000a43a800000,0x000000a43a900000)]

Stack: [0x000000a43a800000,0x000000a43a900000],  sp=0x000000a43a8facd8,  free space=1003k
Native frames: (J=compiled Java code, j=interpreted, Vv=VM code, C=native code)
C  [atio6axx.dll+0x192b60]

Java frames: (J=compiled Java code, j=interpreted, Vv=VM code)
j  org.lwjgl.system.JNI.invokePPPP(IIJJJJ)J+0 org.lwjgl@3.3.1+7
j  org.lwjgl.glfw.GLFW.nglfwCreateWindow(IIJJJ)J+14 org.lwjgl.glfw@3.3.1+7
j  org.lwjgl.glfw.GLFW.glfwCreateWindow(IILjava/lang/CharSequence;JJ)J+34 org.lwjgl.glfw@3.3.1+7
j  net.minecraftforge.client.loading.NoVizFallback.lambda$fallback$0(Ljava/util/function/IntSupplier;Ljava/util/function/IntSupplier;Ljava/util/function/Supplier;Ljava/util/function/LongSupplier;)J+28 forge@43.2.0
j  net.minecraftforge.client.loading.NoVizFallback$$Lambda$4374+0x000000080162d5c0.getAsLong()J+16 forge@43.2.0
j  net.minecraftforge.fml.loading.progress.EarlyProgressVisualization$Visualization$$Lambda$4375+0x0000000801627db0.apply(Ljava/lang/Object;)Ljava/lang/Object;+4 fmlloader@1.19.2-43.2.0
J 9162 c2 java.util.Optional.map(Ljava/util/function/Function;)Ljava/util/Optional; java.base@17.0.5 (30 bytes) @ 0x000001b90f9f7708 [0x000001b90f9f76a0+0x0000000000000068]
j  net.minecraftforge.fml.loading.progress.EarlyProgressVisualization$Visualization.handOffWindow(Ljava/util/function/IntSupplier;Ljava/util/function/IntSupplier;Ljava/util/function/Supplier;Ljava/util/function/LongSupplier;)J+48 fmlloader@1.19.2-43.2.0
j  net.minecraftforge.fml.loading.progress.EarlyProgressVisualization.handOffWindow(Ljava/util/function/IntSupplier;Ljava/util/function/IntSupplier;Ljava/util/function/Supplier;Ljava/util/function/LongSupplier;)J+9 fmlloader@1.19.2-43.2.0
j  com.mojang.blaze3d.platform.Window.<init>(Lcom/mojang/blaze3d/platform/WindowEventHandler;Lcom/mojang/blaze3d/platform/ScreenManager;Lcom/mojang/blaze3d/platform/DisplayData;Ljava/lang/String;Ljava/lang/String;)V+279 minecraft@1.19.2
j  net.minecraft.client.renderer.VirtualScreen.newWindow(Lcom/mojang/blaze3d/platform/DisplayData;Ljava/lang/String;Ljava/lang/String;)Lcom/mojang/blaze3d/platform/Window;+15 minecraft@1.19.2
j  net.minecraft.client.Minecraft.<init>(Lnet/minecraft/client/main/GameConfig;)V+723 minecraft@1.19.2
j  net.minecraft.client.main.Main.run([Ljava/lang/String;Z)V+1356 minecraft@1.19.2
j  net.minecraft.client.main.Main.main([Ljava/lang/String;)V+12 minecraft@1.19.2
v  ~StubRoutines::call_stub
j  jdk.internal.reflect.NativeMethodAccessorImpl.invoke0(Ljava/lang/reflect/Method;Ljava/lang/Object;[Ljava/lang/Object;)Ljava/lang/Object;+0 java.base@17.0.5
j  jdk.internal.reflect.NativeMethodAccessorImpl.invoke(Ljava/lang/Object;[Ljava/lang/Object;)Ljava/lang/Object;+133 java.base@17.0.5
j  jdk.internal.reflect.DelegatingMethodAccessorImpl.invoke(Ljava/lang/Object;[Ljava/lang/Object;)Ljava/lang/Object;+6 java.base@17.0.5
j  java.lang.reflect.Method.invoke(Ljava/lang/Object;[Ljava/lang/Object;)Ljava/lang/Object;+59 java.base@17.0.5
j  net.minecraftforge.fml.loading.targets.ForgeClientUserdevLaunchHandler.lambda$launchService$0([Ljava/lang/String;Ljava/lang/ModuleLayer;)V+47 fmlloader@1.19.2-43.2.0
j  net.minecraftforge.fml.loading.targets.ForgeClientUserdevLaunchHandler$$Lambda$856+0x0000000800faf910.run()V+12 fmlloader@1.19.2-43.2.0
j  cpw.mods.modlauncher.LaunchServiceHandlerDecorator.launch([Ljava/lang/String;Ljava/lang/ModuleLayer;)V+11 cpw.mods.modlauncher@10.0.8
j  cpw.mods.modlauncher.LaunchServiceHandler.launch(Ljava/lang/String;[Ljava/lang/String;Ljava/lang/ModuleLayer;Lcpw/mods/modlauncher/TransformingClassLoader;Lcpw/mods/modlauncher/LaunchPluginHandler;)V+58 cpw.mods.modlauncher@10.0.8
j  cpw.mods.modlauncher.LaunchServiceHandler.launch(Lcpw/mods/modlauncher/ArgumentHandler;Ljava/lang/ModuleLayer;Lcpw/mods/modlauncher/TransformingClassLoader;Lcpw/mods/modlauncher/LaunchPluginHandler;)V+21 cpw.mods.modlauncher@10.0.8
j  cpw.mods.modlauncher.Launcher.run([Ljava/lang/String;)V+310 cpw.mods.modlauncher@10.0.8
j  cpw.mods.modlauncher.Launcher.main([Ljava/lang/String;)V+78 cpw.mods.modlauncher@10.0.8
j  cpw.mods.modlauncher.BootstrapLaunchConsumer.accept([Ljava/lang/String;)V+1 cpw.mods.modlauncher@10.0.8
j  cpw.mods.modlauncher.BootstrapLaunchConsumer.accept(Ljava/lang/Object;)V+5 cpw.mods.modlauncher@10.0.8
j  cpw.mods.bootstraplauncher.BootstrapLauncher.main([Ljava/lang/String;)V+515 cpw.mods.bootstraplauncher@1.1.2
v  ~StubRoutines::call_stub

siginfo: EXCEPTION_ACCESS_VIOLATION (0xc0000005), reading address 0xffffffffffffffff


Register to memory mapping:

RIP=0x00007fff92642b60 atio6axx.dll
RAX=0x0 is NULL
RBX=0x00007fff95e833b0 atio6axx.dll
RCX=0x72706d6f632d736e is an unknown value
RDX=0x00000000000000d0 is an unknown value
RSP=0x000000a43a8facd8 is pointing into the stack for thread: 0x000001b97b1cde80
RBP=0x000000a43a8fae40 is pointing into the stack for thread: 0x000001b97b1cde80
RSI=0x00007fff95d92d40 atio6axx.dll
RDI=0x000000a43a8fb130 is pointing into the stack for thread: 0x000001b97b1cde80
R8 =0x00000000000001a5 is an unknown value
R9 =0x72706d6f632d736e is an unknown value
R10=0x0 is NULL
R11=0x0000000000000200 is an unknown value
R12=0x00007fff95e83408 atio6axx.dll
R13=0x00007fff95e85c08 atio6axx.dll
R14=0x00007fff95e833b0 atio6axx.dll
R15=0x0 is NULL


Registers:
RAX=0x0000000000000000, RBX=0x00007fff95e833b0, RCX=0x72706d6f632d736e, RDX=0x00000000000000d0
RSP=0x000000a43a8facd8, RBP=0x000000a43a8fae40, RSI=0x00007fff95d92d40, RDI=0x000000a43a8fb130
R8 =0x00000000000001a5, R9 =0x72706d6f632d736e, R10=0x0000000000000000, R11=0x0000000000000200
R12=0x00007fff95e83408, R13=0x00007fff95e85c08, R14=0x00007fff95e833b0, R15=0x0000000000000000
RIP=0x00007fff92642b60, EFLAGS=0x0000000000010202

Top of Stack: (sp=0x000000a43a8facd8)
0x000000a43a8facd8:   00007fff92642e7c 00007fff95e86020
0x000000a43a8face8:   000001b922e06018 0000000000000000
0x000000a43a8facf8:   00007fff92643e8d 000000a43a8fb130
0x000000a43a8fad08:   00007fff925ff484 00007fff95e833b0
0x000000a43a8fad18:   00007fff95d92d40 0000652e6176616a
0x000000a43a8fad28:   000097c91c858ba8 000000a43a8fb130
0x000000a43a8fad38:   00007fff92600457 00007fff95e833b8
0x000000a43a8fad48:   00007fff95d92d40 00007fff95d92d40
0x000000a43a8fad58:   000000a43a8fac48 00007fff95e833b0
0x000000a43a8fad68:   00007fff00000000 0000000000000009
0x000000a43a8fad78:   000001b9217dae2c 000001b9217daf88
0x000000a43a8fad88:   00007fff95e833b8 000000a43a8fb130
0x000000a43a8fad98:   000000a43a8faeed 00007f006176616a
0x000000a43a8fada8:   00007f006176616a 46676e697274535c
0x000000a43a8fadb8:   5c6f666e49656c69 3062343039303430
0x000000a43a8fadc8:   726556656c69465c 000000006e6f6973 

Instructions: (pc=0x00007fff92642b60)
0x00007fff92642a60:   74 09 33 c9 ff 15 e6 89 66 03 90 48 8b c3 48 83
0x00007fff92642a70:   c4 20 5b c3 cc cc cc cc cc cc cc cc cc cc cc cc
0x00007fff92642a80:   48 83 ec 28 48 8b 51 08 48 85 d2 74 09 33 c9 ff
0x00007fff92642a90:   15 bb 89 66 03 90 48 83 c4 28 c3 cc cc cc cc cc
0x00007fff92642aa0:   48 89 11 c3 cc cc cc cc cc cc cc cc cc cc cc cc
0x00007fff92642ab0:   48 8b c1 c3 cc cc cc cc cc cc cc cc cc cc cc cc
0x00007fff92642ac0:   48 3b ca 74 10 41 8b 00 39 01 74 09 48 83 c1 04
0x00007fff92642ad0:   48 3b ca 75 f3 48 8b c1 c3 cc cc cc cc cc cc cc
0x00007fff92642ae0:   48 8b c1 c3 cc cc cc cc cc cc cc cc cc cc cc cc
0x00007fff92642af0:   48 83 39 00 0f 94 c0 c3 cc cc cc cc cc cc cc cc
0x00007fff92642b00:   4c 8d 04 d5 00 00 00 00 33 d2 e9 c1 d0 dd 01 cc
0x00007fff92642b10:   4c 8b 41 08 48 8b 02 49 89 00 48 83 41 08 08 c3
0x00007fff92642b20:   48 8b c1 c3 cc cc cc cc cc cc cc cc cc cc cc cc
0x00007fff92642b30:   48 8b c1 c3 cc cc cc cc cc cc cc cc cc cc cc cc
0x00007fff92642b40:   49 8b 00 48 89 02 c3 cc cc cc cc cc cc cc cc cc
0x00007fff92642b50:   8b 81 40 39 00 00 c3 cc cc cc cc cc cc cc cc cc
0x00007fff92642b60:   8b 81 40 39 00 00 83 c0 f0 83 f8 67 0f 87 5a 01
0x00007fff92642b70:   00 00 48 8d 15 87 d4 e6 ff 0f b6 84 02 f0 2c 19
0x00007fff92642b80:   00 8b 8c 82 d0 2c 19 00 48 03 ca ff e1 48 8b 0d
0x00007fff92642b90:   6c 6f 7e 03 83 b9 b4 34 00 00 02 0f 87 2b 01 00
0x00007fff92642ba0:   00 48 8d 91 0c 29 00 00 c7 02 e1 00 00 00 e9 ce
0x00007fff92642bb0:   00 00 00 48 8b 0d 46 6f 7e 03 83 b9 b4 34 00 00
0x00007fff92642bc0:   02 0f 87 05 01 00 00 48 8d 91 0c 29 00 00 c7 02
0x00007fff92642bd0:   f0 00 00 00 e9 a8 00 00 00 48 8b 0d 20 6f 7e 03
0x00007fff92642be0:   83 b9 b4 34 00 00 02 0f 87 df 00 00 00 48 8d 91
0x00007fff92642bf0:   0c 29 00 00 c7 02 00 04 00 00 e9 82 00 00 00 48
0x00007fff92642c00:   8b 0d fa 6e 7e 03 83 b9 b4 34 00 00 02 0f 87 b9
0x00007fff92642c10:   00 00 00 48 8d 91 0c 29 00 00 c7 02 00 08 00 00
0x00007fff92642c20:   eb 5f 48 8b 0d d7 6e 7e 03 83 b9 b4 34 00 00 02
0x00007fff92642c30:   0f 87 96 00 00 00 48 8d 91 0c 29 00 00 c7 02 00
0x00007fff92642c40:   09 00 00 eb 3c 48 8b 0d b4 6e 7e 03 83 b9 b4 34
0x00007fff92642c50:   00 00 02 77 77 48 8d 91 0c 29 00 00 c7 02 3c 0f 


Stack slot to memory mapping:
stack at sp + 0 slots: 0x00007fff92642e7c atio6axx.dll
stack at sp + 1 slots: 0x00007fff95e86020 atio6axx.dll
stack at sp + 2 slots: 0x000001b922e06018 points into unknown readable memory: 0x00007fff9568f5f0 | f0 f5 68 95 ff 7f 00 00
stack at sp + 3 slots: 0x0 is NULL
stack at sp + 4 slots: 0x00007fff92643e8d atio6axx.dll
stack at sp + 5 slots: 0x000000a43a8fb130 is pointing into the stack for thread: 0x000001b97b1cde80
stack at sp + 6 slots: 0x00007fff925ff484 atio6axx.dll
stack at sp + 7 slots: 0x00007fff95e833b0 atio6axx.dll


---------------  P R O C E S S  ---------------

Threads class SMR info:
_java_thread_list=0x000001b91f292400, length=17, elements={
0x000001b97b1cde80, 0x000001b97f4f2270, 0x000001b97f4f3d40, 0x000001b91e4039c0,
0x000001b91e404480, 0x000001b91e407d60, 0x000001b91e408620, 0x000001b91e409210,
0x000001b97f5109b0, 0x000001b91e413990, 0x000001b91e4f52e0, 0x000001b91e53b320,
0x000001b91e657790, 0x000001b91f935040, 0x000001b921c9a4e0, 0x000001b91e667890,
0x000001b920aab8c0
}

Java Threads: ( => current thread )
=>0x000001b97b1cde80 JavaThread "Render thread" [_thread_in_native, id=11932, stack(0x000000a43a800000,0x000000a43a900000)]
  0x000001b97f4f2270 JavaThread "Reference Handler" daemon [_thread_blocked, id=14512, stack(0x000000a43af00000,0x000000a43b000000)]
  0x000001b97f4f3d40 JavaThread "Finalizer" daemon [_thread_blocked, id=5044, stack(0x000000a43b000000,0x000000a43b100000)]
  0x000001b91e4039c0 JavaThread "Signal Dispatcher" daemon [_thread_blocked, id=2324, stack(0x000000a43b100000,0x000000a43b200000)]
  0x000001b91e404480 JavaThread "Attach Listener" daemon [_thread_blocked, id=8484, stack(0x000000a43b200000,0x000000a43b300000)]
  0x000001b91e407d60 JavaThread "Service Thread" daemon [_thread_blocked, id=8916, stack(0x000000a43b300000,0x000000a43b400000)]
  0x000001b91e408620 JavaThread "Monitor Deflation Thread" daemon [_thread_blocked, id=120, stack(0x000000a43b400000,0x000000a43b500000)]
  0x000001b91e409210 JavaThread "C2 CompilerThread0" daemon [_thread_blocked, id=8340, stack(0x000000a43b500000,0x000000a43b600000)]
  0x000001b97f5109b0 JavaThread "C1 CompilerThread0" daemon [_thread_blocked, id=13788, stack(0x000000a43b600000,0x000000a43b700000)]
  0x000001b91e413990 JavaThread "Sweeper thread" daemon [_thread_blocked, id=1616, stack(0x000000a43b700000,0x000000a43b800000)]
  0x000001b91e4f52e0 JavaThread "Common-Cleaner" daemon [_thread_blocked, id=8552, stack(0x000000a43b800000,0x000000a43b900000)]
  0x000001b91e53b320 JavaThread "C2 CompilerThread1" daemon [_thread_blocked, id=13404, stack(0x000000a43b900000,0x000000a43ba00000)]
  0x000001b91e657790 JavaThread "Notification Thread" daemon [_thread_blocked, id=3132, stack(0x000000a43ba00000,0x000000a43bb00000)]
  0x000001b91f935040 JavaThread "Thread-0" daemon [_thread_blocked, id=3084, stack(0x000000a43c300000,0x000000a43c400000)]
  0x000001b921c9a4e0 JavaThread "FileSystemWatchService" daemon [_thread_in_native, id=1012, stack(0x000000a43c400000,0x000000a43c500000)]
  0x000001b91e667890 JavaThread "pool-2-thread-1" daemon [_thread_blocked, id=13328, stack(0x000000a43c700000,0x000000a43c800000)]
  0x000001b920aab8c0 JavaThread "Timer hack thread" daemon [_thread_blocked, id=3356, stack(0x000000a43bc00000,0x000000a43bd00000)]

Other Threads:
  0x000001b97f4eec20 VMThread "VM Thread" [stack: 0x000000a43ae00000,0x000000a43af00000] [id=14568]
  0x000001b97b248730 WatcherThread [stack: 0x000000a43bb00000,0x000000a43bc00000] [id=13976]
  0x000001b97b230990 GCTaskThread "GC Thread#0" [stack: 0x000000a43a900000,0x000000a43aa00000] [id=16208]
  0x000001b91ee015d0 GCTaskThread "GC Thread#1" [stack: 0x000000a43bd00000,0x000000a43be00000] [id=14104]
  0x000001b91e8e4730 GCTaskThread "GC Thread#2" [stack: 0x000000a43be00000,0x000000a43bf00000] [id=5956]
  0x000001b91e8e49e0 GCTaskThread "GC Thread#3" [stack: 0x000000a43bf00000,0x000000a43c000000] [id=8160]
  0x000001b91e8e4c90 GCTaskThread "GC Thread#4" [stack: 0x000000a43c000000,0x000000a43c100000] [id=12380]
  0x000001b91ece3a30 GCTaskThread "GC Thread#5" [stack: 0x000000a43c100000,0x000000a43c200000] [id=13604]
  0x000001b91ef88310 GCTaskThread "GC Thread#6" [stack: 0x000000a43c200000,0x000000a43c300000] [id=6324]
  0x000001b922beb9f0 GCTaskThread "GC Thread#7" [stack: 0x000000a43c500000,0x000000a43c600000] [id=3108]
  0x000001b97b23f980 ConcurrentGCThread "G1 Main Marker" [stack: 0x000000a43aa00000,0x000000a43ab00000] [id=2668]
  0x000001b97b240b30 ConcurrentGCThread "G1 Conc#0" [stack: 0x000000a43ab00000,0x000000a43ac00000] [id=13536]
  0x000001b92343a2e0 ConcurrentGCThread "G1 Conc#1" [stack: 0x000000a43c600000,0x000000a43c700000] [id=16188]
  0x000001b97b26e9f0 ConcurrentGCThread "G1 Refine#0" [stack: 0x000000a43ac00000,0x000000a43ad00000] [id=5052]
  0x000001b922844d90 ConcurrentGCThread "G1 Refine#1" [stack: 0x000000a43cc00000,0x000000a43cd00000] [id=14064]
  0x000001b922844210 ConcurrentGCThread "G1 Refine#2" [stack: 0x000000a43cd00000,0x000000a43ce00000] [id=13080]
  0x000001b922843c50 ConcurrentGCThread "G1 Refine#3" [stack: 0x000000a43ce00000,0x000000a43cf00000] [id=7872]
  0x000001b922843f30 ConcurrentGCThread "G1 Refine#4" [stack: 0x000000a43cf00000,0x000000a43d000000] [id=7480]
  0x000001b9228444f0 ConcurrentGCThread "G1 Refine#5" [stack: 0x000000a43d000000,0x000000a43d100000] [id=1600]
  0x000001b97f3a6590 ConcurrentGCThread "G1 Service" [stack: 0x000000a43ad00000,0x000000a43ae00000] [id=5640]

Threads with active compile tasks:

VM state: not at safepoint (normal execution)

VM Mutex/Monitor currently owned by a thread: None

Heap address: 0x0000000720a00000, size: 3574 MB, Compressed Oops mode: Zero based, Oop shift amount: 3

CDS archive(s) mapped at: [0x0000000800000000-0x0000000800bc0000-0x0000000800bc0000), size 12320768, SharedBaseAddress: 0x0000000800000000, ArchiveRelocationMode: 0.
Compressed class space mapped at: 0x0000000800c00000-0x0000000840c00000, reserved size: 1073741824
Narrow klass base: 0x0000000800000000, Narrow klass shift: 0, Narrow klass range: 0x100000000

GC Precious Log:
 CPUs: 8 total, 8 available
 Memory: 14293M
 Large Page Support: Disabled
 NUMA Support: Disabled
 Compressed Oops: Enabled (Zero based)
 Heap Region Size: 2M
 Heap Min Capacity: 8M
 Heap Initial Capacity: 224M
 Heap Max Capacity: 3574M
 Pre-touch: Disabled
 Parallel Workers: 8
 Concurrent Workers: 2
 Concurrent Refinement Workers: 8
 Periodic GC: Disabled

Heap:
 garbage-first heap   total 358400K, used 248456K [0x0000000720a00000, 0x0000000800000000)
  region size 2048K, 50 young (102400K), 4 survivors (8192K)
 Metaspace       used 71287K, committed 72448K, reserved 1114112K
  class space    used 9947K, committed 10432K, reserved 1048576K

Heap Regions: E=young(eden), S=young(survivor), O=old, HS=humongous(starts), HC=humongous(continues), CS=collection set, F=free, OA=open archive, CA=closed archive, TAMS=top-at-mark-start (previous, next)
|   0|0x0000000720a00000, 0x0000000720c00000, 0x0000000720c00000|100%|HS|  |TAMS 0x0000000720c00000, 0x0000000720a00000| Complete 
|   1|0x0000000720c00000, 0x0000000720e00000, 0x0000000720e00000|100%| O|  |TAMS 0x0000000720e00000, 0x0000000720c00000| Untracked 
|   2|0x0000000720e00000, 0x0000000721000000, 0x0000000721000000|100%|HS|  |TAMS 0x0000000721000000, 0x0000000720e00000| Complete 
|   3|0x0000000721000000, 0x0000000721200000, 0x0000000721200000|100%| O|  |TAMS 0x0000000721200000, 0x0000000721000000| Untracked 
|   4|0x0000000721200000, 0x0000000721400000, 0x0000000721400000|100%| O|  |TAMS 0x0000000721400000, 0x0000000721200000| Untracked 
|   5|0x0000000721400000, 0x0000000721600000, 0x0000000721600000|100%| O|  |TAMS 0x0000000721600000, 0x0000000721400000| Untracked 
|   6|0x0000000721600000, 0x0000000721800000, 0x0000000721800000|100%|HS|  |TAMS 0x0000000721800000, 0x0000000721600000| Complete 
|   7|0x0000000721800000, 0x0000000721a00000, 0x0000000721a00000|100%|HS|  |TAMS 0x0000000721a00000, 0x0000000721800000| Complete 
|   8|0x0000000721a00000, 0x0000000721c00000, 0x0000000721c00000|100%| O|  |TAMS 0x0000000721c00000, 0x0000000721a00000| Untracked 
|   9|0x0000000721c00000, 0x0000000721e00000, 0x0000000721e00000|100%| O|  |TAMS 0x0000000721e00000, 0x0000000721c00000| Untracked 
|  10|0x0000000721e00000, 0x0000000722000000, 0x0000000722000000|100%| O|  |TAMS 0x0000000722000000, 0x0000000721e00000| Untracked 
|  11|0x0000000722000000, 0x0000000722200000, 0x0000000722200000|100%| O|  |TAMS 0x0000000722200000, 0x0000000722000000| Untracked 
|  12|0x0000000722200000, 0x0000000722400000, 0x0000000722400000|100%| O|  |TAMS 0x0000000722400000, 0x0000000722200000| Untracked 
|  13|0x0000000722400000, 0x0000000722600000, 0x0000000722600000|100%| O|  |TAMS 0x0000000722600000, 0x0000000722400000| Untracked 
|  14|0x0000000722600000, 0x0000000722800000, 0x0000000722800000|100%|HS|  |TAMS 0x0000000722800000, 0x0000000722600000| Complete 
|  15|0x0000000722800000, 0x0000000722a00000, 0x0000000722a00000|100%| O|  |TAMS 0x0000000722a00000, 0x0000000722800000| Untracked 
|  16|0x0000000722a00000, 0x0000000722c00000, 0x0000000722c00000|100%| O|  |TAMS 0x0000000722c00000, 0x0000000722a00000| Untracked 
|  17|0x0000000722c00000, 0x0000000722e00000, 0x0000000722e00000|100%| O|  |TAMS 0x0000000722e00000, 0x0000000722c00000| Untracked 
|  18|0x0000000722e00000, 0x0000000723000000, 0x0000000723000000|100%| O|  |TAMS 0x0000000723000000, 0x0000000722e00000| Untracked 
|  19|0x0000000723000000, 0x0000000723200000, 0x0000000723200000|100%| O|  |TAMS 0x0000000723200000, 0x0000000723000000| Untracked 
|  20|0x0000000723200000, 0x0000000723400000, 0x0000000723400000|100%| O|  |TAMS 0x0000000723400000, 0x0000000723200000| Untracked 
|  21|0x0000000723400000, 0x0000000723600000, 0x0000000723600000|100%| O|  |TAMS 0x0000000723600000, 0x0000000723400000| Untracked 
|  22|0x0000000723600000, 0x0000000723641c00, 0x0000000723800000| 12%| O|  |TAMS 0x0000000723641c00, 0x0000000723600000| Untracked 
|  23|0x0000000723800000, 0x0000000723a00000, 0x0000000723a00000|100%| O|  |TAMS 0x0000000723a00000, 0x0000000723800000| Untracked 
|  24|0x0000000723a00000, 0x0000000723c00000, 0x0000000723c00000|100%| O|  |TAMS 0x0000000723c00000, 0x0000000723a00000| Untracked 
|  25|0x0000000723c00000, 0x0000000723e00000, 0x0000000723e00000|100%| O|  |TAMS 0x0000000723e00000, 0x0000000723c00000| Untracked 
|  26|0x0000000723e00000, 0x0000000724000000, 0x0000000724000000|100%| O|  |TAMS 0x0000000724000000, 0x0000000723e00000| Untracked 
|  27|0x0000000724000000, 0x0000000724200000, 0x0000000724200000|100%| O|  |TAMS 0x0000000724200000, 0x0000000724000000| Untracked 
|  28|0x0000000724200000, 0x0000000724400000, 0x0000000724400000|100%| O|  |TAMS 0x0000000724400000, 0x0000000724200000| Untracked 
|  29|0x0000000724400000, 0x0000000724600000, 0x0000000724600000|100%| O|  |TAMS 0x0000000724600000, 0x0000000724400000| Untracked 
|  30|0x0000000724600000, 0x0000000724800000, 0x0000000724800000|100%| O|  |TAMS 0x0000000724800000, 0x0000000724600000| Untracked 
|  31|0x0000000724800000, 0x0000000724a00000, 0x0000000724a00000|100%| O|  |TAMS 0x0000000724a00000, 0x0000000724800000| Untracked 
|  32|0x0000000724a00000, 0x0000000724c00000, 0x0000000724c00000|100%| O|  |TAMS 0x0000000724c00000, 0x0000000724a00000| Untracked 
|  33|0x0000000724c00000, 0x0000000724e00000, 0x0000000724e00000|100%| O|  |TAMS 0x0000000724e00000, 0x0000000724c00000| Untracked 
|  34|0x0000000724e00000, 0x0000000725000000, 0x0000000725000000|100%|HS|  |TAMS 0x0000000725000000, 0x0000000724e00000| Complete 
|  35|0x0000000725000000, 0x0000000725200000, 0x0000000725200000|100%|HC|  |TAMS 0x0000000725200000, 0x0000000725000000| Complete 
|  36|0x0000000725200000, 0x0000000725400000, 0x0000000725400000|100%|HC|  |TAMS 0x0000000725400000, 0x0000000725200000| Complete 
|  37|0x0000000725400000, 0x0000000725600000, 0x0000000725600000|100%|HC|  |TAMS 0x0000000725600000, 0x0000000725400000| Complete 
|  38|0x0000000725600000, 0x0000000725800000, 0x0000000725800000|100%|HC|  |TAMS 0x0000000725800000, 0x0000000725600000| Complete 
|  39|0x0000000725800000, 0x0000000725a00000, 0x0000000725a00000|100%|HC|  |TAMS 0x0000000725a00000, 0x0000000725800000| Complete 
|  40|0x0000000725a00000, 0x0000000725c00000, 0x0000000725c00000|100%| O|  |TAMS 0x0000000725c00000, 0x0000000725a00000| Untracked 
|  41|0x0000000725c00000, 0x0000000725e00000, 0x0000000725e00000|100%| O|  |TAMS 0x0000000725e00000, 0x0000000725c00000| Untracked 
|  42|0x0000000725e00000, 0x0000000726000000, 0x0000000726000000|100%| O|  |TAMS 0x0000000726000000, 0x0000000725e00000| Untracked 
|  43|0x0000000726000000, 0x0000000726200000, 0x0000000726200000|100%| O|  |TAMS 0x0000000726200000, 0x0000000726000000| Untracked 
|  44|0x0000000726200000, 0x0000000726400000, 0x0000000726400000|100%| O|  |TAMS 0x0000000726400000, 0x0000000726200000| Untracked 
|  45|0x0000000726400000, 0x0000000726600000, 0x0000000726600000|100%| O|  |TAMS 0x0000000726600000, 0x0000000726400000| Untracked 
|  46|0x0000000726600000, 0x0000000726800000, 0x0000000726800000|100%| O|  |TAMS 0x0000000726800000, 0x0000000726600000| Untracked 
|  47|0x0000000726800000, 0x0000000726a00000, 0x0000000726a00000|100%| O|  |TAMS 0x0000000726a00000, 0x0000000726800000| Untracked 
|  48|0x0000000726a00000, 0x0000000726c00000, 0x0000000726c00000|100%| O|  |TAMS 0x0000000726c00000, 0x0000000726a00000| Untracked 
|  49|0x0000000726c00000, 0x0000000726e00000, 0x0000000726e00000|100%| O|  |TAMS 0x0000000726e00000, 0x0000000726c00000| Untracked 
|  50|0x0000000726e00000, 0x0000000727000000, 0x0000000727000000|100%| O|  |TAMS 0x0000000727000000, 0x0000000726e00000| Untracked 
|  51|0x0000000727000000, 0x0000000727200000, 0x0000000727200000|100%| O|  |TAMS 0x0000000727200000, 0x0000000727000000| Untracked 
|  52|0x0000000727200000, 0x0000000727400000, 0x0000000727400000|100%| O|  |TAMS 0x0000000727400000, 0x0000000727200000| Untracked 
|  53|0x0000000727400000, 0x0000000727600000, 0x0000000727600000|100%| O|  |TAMS 0x0000000727600000, 0x0000000727400000| Untracked 
|  54|0x0000000727600000, 0x0000000727800000, 0x0000000727800000|100%| O|  |TAMS 0x0000000727800000, 0x0000000727600000| Untracked 
|  55|0x0000000727800000, 0x0000000727a00000, 0x0000000727a00000|100%| O|  |TAMS 0x0000000727a00000, 0x0000000727800000| Untracked 
|  56|0x0000000727a00000, 0x0000000727c00000, 0x0000000727c00000|100%| O|  |TAMS 0x0000000727c00000, 0x0000000727a00000| Untracked 
|  57|0x0000000727c00000, 0x0000000727e00000, 0x0000000727e00000|100%| O|  |TAMS 0x0000000727e00000, 0x0000000727c00000| Untracked 
|  58|0x0000000727e00000, 0x0000000728000000, 0x0000000728000000|100%| O|  |TAMS 0x0000000728000000, 0x0000000727e00000| Untracked 
|  59|0x0000000728000000, 0x0000000728200000, 0x0000000728200000|100%| O|  |TAMS 0x0000000728200000, 0x0000000728000000| Untracked 
|  60|0x0000000728200000, 0x0000000728400000, 0x0000000728400000|100%| O|  |TAMS 0x0000000728400000, 0x0000000728200000| Untracked 
|  61|0x0000000728400000, 0x0000000728600000, 0x0000000728600000|100%| O|  |TAMS 0x0000000728600000, 0x0000000728400000| Untracked 
|  62|0x0000000728600000, 0x0000000728800000, 0x0000000728800000|100%| O|  |TAMS 0x0000000728800000, 0x0000000728600000| Untracked 
|  63|0x0000000728800000, 0x0000000728a00000, 0x0000000728a00000|100%| O|  |TAMS 0x0000000728a00000, 0x0000000728800000| Untracked 
|  64|0x0000000728a00000, 0x0000000728c00000, 0x0000000728c00000|100%| O|  |TAMS 0x0000000728c00000, 0x0000000728a00000| Untracked 
|  65|0x0000000728c00000, 0x0000000728e00000, 0x0000000728e00000|100%| O|  |TAMS 0x0000000728e00000, 0x0000000728c00000| Untracked 
|  66|0x0000000728e00000, 0x0000000729000000, 0x0000000729000000|100%| O|  |TAMS 0x0000000729000000, 0x0000000728e00000| Untracked 
|  67|0x0000000729000000, 0x0000000729200000, 0x0000000729200000|100%| O|  |TAMS 0x0000000729200000, 0x0000000729000000| Untracked 
|  68|0x0000000729200000, 0x0000000729400000, 0x0000000729400000|100%| O|  |TAMS 0x0000000729400000, 0x0000000729200000| Untracked 
|  69|0x0000000729400000, 0x0000000729600000, 0x0000000729600000|100%| O|  |TAMS 0x0000000729600000, 0x0000000729400000| Untracked 
|  70|0x0000000729600000, 0x0000000729800000, 0x0000000729800000|100%| O|  |TAMS 0x0000000729800000, 0x0000000729600000| Untracked 
|  71|0x0000000729800000, 0x0000000729a00000, 0x0000000729a00000|100%| O|  |TAMS 0x0000000729a00000, 0x0000000729800000| Untracked 
|  72|0x0000000729a00000, 0x0000000729c00000, 0x0000000729c00000|100%| O|  |TAMS 0x0000000729c00000, 0x0000000729a00000| Untracked 
|  73|0x0000000729c00000, 0x0000000729e00000, 0x0000000729e00000|100%| O|  |TAMS 0x0000000729e00000, 0x0000000729c00000| Untracked 
|  74|0x0000000729e00000, 0x0000000729e9be00, 0x000000072a000000| 30%| O|  |TAMS 0x0000000729e9be00, 0x0000000729e00000| Untracked 
|  75|0x000000072a000000, 0x000000072a000000, 0x000000072a200000|  0%| F|  |TAMS 0x000000072a000000, 0x000000072a000000| Untracked 
|  76|0x000000072a200000, 0x000000072a200000, 0x000000072a400000|  0%| F|  |TAMS 0x000000072a200000, 0x000000072a200000| Untracked 
|  77|0x000000072a400000, 0x000000072a400000, 0x000000072a600000|  0%| F|  |TAMS 0x000000072a400000, 0x000000072a400000| Untracked 
|  78|0x000000072a600000, 0x000000072a600000, 0x000000072a800000|  0%| F|  |TAMS 0x000000072a600000, 0x000000072a600000| Untracked 
|  79|0x000000072a800000, 0x000000072a800000, 0x000000072aa00000|  0%| F|  |TAMS 0x000000072a800000, 0x000000072a800000| Untracked 
|  80|0x000000072aa00000, 0x000000072aa00000, 0x000000072ac00000|  0%| F|  |TAMS 0x000000072aa00000, 0x000000072aa00000| Untracked 
|  81|0x000000072ac00000, 0x000000072ac00000, 0x000000072ae00000|  0%| F|  |TAMS 0x000000072ac00000, 0x000000072ac00000| Untracked 
|  82|0x000000072ae00000, 0x000000072ae00000, 0x000000072b000000|  0%| F|  |TAMS 0x000000072ae00000, 0x000000072ae00000| Untracked 
|  83|0x000000072b000000, 0x000000072b000000, 0x000000072b200000|  0%| F|  |TAMS 0x000000072b000000, 0x000000072b000000| Untracked 
|  84|0x000000072b200000, 0x000000072b200000, 0x000000072b400000|  0%| F|  |TAMS 0x000000072b200000, 0x000000072b200000| Untracked 
|  85|0x000000072b400000, 0x000000072b400000, 0x000000072b600000|  0%| F|  |TAMS 0x000000072b400000, 0x000000072b400000| Untracked 
|  86|0x000000072b600000, 0x000000072b600000, 0x000000072b800000|  0%| F|  |TAMS 0x000000072b600000, 0x000000072b600000| Untracked 
|  87|0x000000072b800000, 0x000000072b800000, 0x000000072ba00000|  0%| F|  |TAMS 0x000000072b800000, 0x000000072b800000| Untracked 
|  88|0x000000072ba00000, 0x000000072ba00000, 0x000000072bc00000|  0%| F|  |TAMS 0x000000072ba00000, 0x000000072ba00000| Untracked 
|  89|0x000000072bc00000, 0x000000072bc00000, 0x000000072be00000|  0%| F|  |TAMS 0x000000072bc00000, 0x000000072bc00000| Untracked 
|  90|0x000000072be00000, 0x000000072be00000, 0x000000072c000000|  0%| F|  |TAMS 0x000000072be00000, 0x000000072be00000| Untracked 
|  91|0x000000072c000000, 0x000000072c000000, 0x000000072c200000|  0%| F|  |TAMS 0x000000072c000000, 0x000000072c000000| Untracked 
|  92|0x000000072c200000, 0x000000072c200000, 0x000000072c400000|  0%| F|  |TAMS 0x000000072c200000, 0x000000072c200000| Untracked 
|  93|0x000000072c400000, 0x000000072c400000, 0x000000072c600000|  0%| F|  |TAMS 0x000000072c400000, 0x000000072c400000| Untracked 
|  94|0x000000072c600000, 0x000000072c600000, 0x000000072c800000|  0%| F|  |TAMS 0x000000072c600000, 0x000000072c600000| Untracked 
|  95|0x000000072c800000, 0x000000072c800000, 0x000000072ca00000|  0%| F|  |TAMS 0x000000072c800000, 0x000000072c800000| Untracked 
|  96|0x000000072ca00000, 0x000000072ca00000, 0x000000072cc00000|  0%| F|  |TAMS 0x000000072ca00000, 0x000000072ca00000| Untracked 
|  97|0x000000072cc00000, 0x000000072cc00000, 0x000000072ce00000|  0%| F|  |TAMS 0x000000072cc00000, 0x000000072cc00000| Untracked 
|  98|0x000000072ce00000, 0x000000072ce00000, 0x000000072d000000|  0%| F|  |TAMS 0x000000072ce00000, 0x000000072ce00000| Untracked 
|  99|0x000000072d000000, 0x000000072d000000, 0x000000072d200000|  0%| F|  |TAMS 0x000000072d000000, 0x000000072d000000| Untracked 
| 100|0x000000072d200000, 0x000000072d200000, 0x000000072d400000|  0%| F|  |TAMS 0x000000072d200000, 0x000000072d200000| Untracked 
| 101|0x000000072d400000, 0x000000072d400000, 0x000000072d600000|  0%| F|  |TAMS 0x000000072d400000, 0x000000072d400000| Untracked 
| 102|0x000000072d600000, 0x000000072d600000, 0x000000072d800000|  0%| F|  |TAMS 0x000000072d600000, 0x000000072d600000| Untracked 
| 103|0x000000072d800000, 0x000000072d800000, 0x000000072da00000|  0%| F|  |TAMS 0x000000072d800000, 0x000000072d800000| Untracked 
| 104|0x000000072da00000, 0x000000072da00000, 0x000000072dc00000|  0%| F|  |TAMS 0x000000072da00000, 0x000000072da00000| Untracked 
| 105|0x000000072dc00000, 0x000000072dc00000, 0x000000072de00000|  0%| F|  |TAMS 0x000000072dc00000, 0x000000072dc00000| Untracked 
| 106|0x000000072de00000, 0x000000072dfc4760, 0x000000072e000000| 88%| S|CS|TAMS 0x000000072de00000, 0x000000072de00000| Complete 
| 107|0x000000072e000000, 0x000000072e200000, 0x000000072e200000|100%| S|CS|TAMS 0x000000072e000000, 0x000000072e000000| Complete 
| 108|0x000000072e200000, 0x000000072e400000, 0x000000072e400000|100%| S|CS|TAMS 0x000000072e200000, 0x000000072e200000| Complete 
| 109|0x000000072e400000, 0x000000072e600000, 0x000000072e600000|100%| S|CS|TAMS 0x000000072e400000, 0x000000072e400000| Complete 
| 110|0x000000072e600000, 0x000000072e600000, 0x000000072e800000|  0%| F|  |TAMS 0x000000072e600000, 0x000000072e600000| Untracked 
| 111|0x000000072e800000, 0x000000072e800000, 0x000000072ea00000|  0%| F|  |TAMS 0x000000072e800000, 0x000000072e800000| Untracked 
| 112|0x000000072ea00000, 0x000000072ea00000, 0x000000072ec00000|  0%| F|  |TAMS 0x000000072ea00000, 0x000000072ea00000| Untracked 
| 113|0x000000072ec00000, 0x000000072ec00000, 0x000000072ee00000|  0%| F|  |TAMS 0x000000072ec00000, 0x000000072ec00000| Untracked 
| 114|0x000000072ee00000, 0x000000072ee00000, 0x000000072f000000|  0%| F|  |TAMS 0x000000072ee00000, 0x000000072ee00000| Untracked 
| 115|0x000000072f000000, 0x000000072f000000, 0x000000072f200000|  0%| F|  |TAMS 0x000000072f000000, 0x000000072f000000| Untracked 
| 116|0x000000072f200000, 0x000000072f200000, 0x000000072f400000|  0%| F|  |TAMS 0x000000072f200000, 0x000000072f200000| Untracked 
| 117|0x000000072f400000, 0x000000072f400000, 0x000000072f600000|  0%| F|  |TAMS 0x000000072f400000, 0x000000072f400000| Untracked 
| 118|0x000000072f600000, 0x000000072f600000, 0x000000072f800000|  0%| F|  |TAMS 0x000000072f600000, 0x000000072f600000| Untracked 
| 119|0x000000072f800000, 0x000000072f800000, 0x000000072fa00000|  0%| F|  |TAMS 0x000000072f800000, 0x000000072f800000| Untracked 
| 120|0x000000072fa00000, 0x000000072fa00000, 0x000000072fc00000|  0%| F|  |TAMS 0x000000072fa00000, 0x000000072fa00000| Untracked 
| 121|0x000000072fc00000, 0x000000072fc00000, 0x000000072fe00000|  0%| F|  |TAMS 0x000000072fc00000, 0x000000072fc00000| Untracked 
| 122|0x000000072fe00000, 0x000000072fe00000, 0x0000000730000000|  0%| F|  |TAMS 0x000000072fe00000, 0x000000072fe00000| Untracked 
| 123|0x0000000730000000, 0x0000000730000000, 0x0000000730200000|  0%| F|  |TAMS 0x0000000730000000, 0x0000000730000000| Untracked 
| 124|0x0000000730200000, 0x0000000730200000, 0x0000000730400000|  0%| F|  |TAMS 0x0000000730200000, 0x0000000730200000| Untracked 
| 125|0x0000000730400000, 0x0000000730400000, 0x0000000730600000|  0%| F|  |TAMS 0x0000000730400000, 0x0000000730400000| Untracked 
| 126|0x0000000730600000, 0x0000000730600000, 0x0000000730800000|  0%| F|  |TAMS 0x0000000730600000, 0x0000000730600000| Untracked 
| 127|0x0000000730800000, 0x0000000730800000, 0x0000000730a00000|  0%| F|  |TAMS 0x0000000730800000, 0x0000000730800000| Untracked 
| 128|0x0000000730a00000, 0x0000000730a00000, 0x0000000730c00000|  0%| F|  |TAMS 0x0000000730a00000, 0x0000000730a00000| Untracked 
| 129|0x0000000730c00000, 0x0000000730d652a8, 0x0000000730e00000| 69%| E|  |TAMS 0x0000000730c00000, 0x0000000730c00000| Complete 
| 130|0x0000000730e00000, 0x0000000731000000, 0x0000000731000000|100%| E|CS|TAMS 0x0000000730e00000, 0x0000000730e00000| Complete 
| 131|0x0000000731000000, 0x0000000731200000, 0x0000000731200000|100%| E|CS|TAMS 0x0000000731000000, 0x0000000731000000| Complete 
| 132|0x0000000731200000, 0x0000000731400000, 0x0000000731400000|100%| E|CS|TAMS 0x0000000731200000, 0x0000000731200000| Complete 
| 133|0x0000000731400000, 0x0000000731600000, 0x0000000731600000|100%| E|CS|TAMS 0x0000000731400000, 0x0000000731400000| Complete 
| 134|0x0000000731600000, 0x0000000731800000, 0x0000000731800000|100%| E|CS|TAMS 0x0000000731600000, 0x0000000731600000| Complete 
| 135|0x0000000731800000, 0x0000000731a00000, 0x0000000731a00000|100%| E|CS|TAMS 0x0000000731800000, 0x0000000731800000| Complete 
| 136|0x0000000731a00000, 0x0000000731c00000, 0x0000000731c00000|100%| E|CS|TAMS 0x0000000731a00000, 0x0000000731a00000| Complete 
| 137|0x0000000731c00000, 0x0000000731e00000, 0x0000000731e00000|100%| E|CS|TAMS 0x0000000731c00000, 0x0000000731c00000| Complete 
| 138|0x0000000731e00000, 0x0000000732000000, 0x0000000732000000|100%| E|CS|TAMS 0x0000000731e00000, 0x0000000731e00000| Complete 
| 139|0x0000000732000000, 0x0000000732200000, 0x0000000732200000|100%| E|CS|TAMS 0x0000000732000000, 0x0000000732000000| Complete 
| 140|0x0000000732200000, 0x0000000732400000, 0x0000000732400000|100%| E|CS|TAMS 0x0000000732200000, 0x0000000732200000| Complete 
| 141|0x0000000732400000, 0x0000000732600000, 0x0000000732600000|100%| E|CS|TAMS 0x0000000732400000, 0x0000000732400000| Complete 
| 142|0x0000000732600000, 0x0000000732800000, 0x0000000732800000|100%| E|CS|TAMS 0x0000000732600000, 0x0000000732600000| Complete 
| 143|0x0000000732800000, 0x0000000732a00000, 0x0000000732a00000|100%| E|CS|TAMS 0x0000000732800000, 0x0000000732800000| Complete 
| 144|0x0000000732a00000, 0x0000000732c00000, 0x0000000732c00000|100%| E|  |TAMS 0x0000000732a00000, 0x0000000732a00000| Complete 
| 145|0x0000000732c00000, 0x0000000732e00000, 0x0000000732e00000|100%| E|CS|TAMS 0x0000000732c00000, 0x0000000732c00000| Complete 
| 146|0x0000000732e00000, 0x0000000733000000, 0x0000000733000000|100%| E|CS|TAMS 0x0000000732e00000, 0x0000000732e00000| Complete 
| 147|0x0000000733000000, 0x0000000733200000, 0x0000000733200000|100%| E|CS|TAMS 0x0000000733000000, 0x0000000733000000| Complete 
| 148|0x0000000733200000, 0x0000000733400000, 0x0000000733400000|100%| E|CS|TAMS 0x0000000733200000, 0x0000000733200000| Complete 
| 149|0x0000000733400000, 0x0000000733600000, 0x0000000733600000|100%| E|CS|TAMS 0x0000000733400000, 0x0000000733400000| Complete 
| 150|0x0000000733600000, 0x0000000733800000, 0x0000000733800000|100%| E|CS|TAMS 0x0000000733600000, 0x0000000733600000| Complete 
| 151|0x0000000733800000, 0x0000000733a00000, 0x0000000733a00000|100%| E|CS|TAMS 0x0000000733800000, 0x0000000733800000| Complete 
| 152|0x0000000733a00000, 0x0000000733c00000, 0x0000000733c00000|100%| E|CS|TAMS 0x0000000733a00000, 0x0000000733a00000| Complete 
| 153|0x0000000733c00000, 0x0000000733e00000, 0x0000000733e00000|100%| E|CS|TAMS 0x0000000733c00000, 0x0000000733c00000| Complete 
| 154|0x0000000733e00000, 0x0000000734000000, 0x0000000734000000|100%| E|CS|TAMS 0x0000000733e00000, 0x0000000733e00000| Complete 
| 155|0x0000000734000000, 0x0000000734200000, 0x0000000734200000|100%| E|CS|TAMS 0x0000000734000000, 0x0000000734000000| Complete 
| 156|0x0000000734200000, 0x0000000734400000, 0x0000000734400000|100%| E|CS|TAMS 0x0000000734200000, 0x0000000734200000| Complete 
| 157|0x0000000734400000, 0x0000000734600000, 0x0000000734600000|100%| E|CS|TAMS 0x0000000734400000, 0x0000000734400000| Complete 
| 158|0x0000000734600000, 0x0000000734800000, 0x0000000734800000|100%| E|CS|TAMS 0x0000000734600000, 0x0000000734600000| Complete 
| 159|0x0000000734800000, 0x0000000734a00000, 0x0000000734a00000|100%| E|CS|TAMS 0x0000000734800000, 0x0000000734800000| Complete 
| 160|0x0000000734a00000, 0x0000000734c00000, 0x0000000734c00000|100%| E|CS|TAMS 0x0000000734a00000, 0x0000000734a00000| Complete 
| 161|0x0000000734c00000, 0x0000000734e00000, 0x0000000734e00000|100%| E|CS|TAMS 0x0000000734c00000, 0x0000000734c00000| Complete 
| 162|0x0000000734e00000, 0x0000000735000000, 0x0000000735000000|100%| E|CS|TAMS 0x0000000734e00000, 0x0000000734e00000| Complete 
| 163|0x0000000735000000, 0x0000000735200000, 0x0000000735200000|100%| E|CS|TAMS 0x0000000735000000, 0x0000000735000000| Complete 
| 164|0x0000000735200000, 0x0000000735400000, 0x0000000735400000|100%| E|CS|TAMS 0x0000000735200000, 0x0000000735200000| Complete 
| 165|0x0000000735400000, 0x0000000735600000, 0x0000000735600000|100%| E|CS|TAMS 0x0000000735400000, 0x0000000735400000| Complete 
| 166|0x0000000735600000, 0x0000000735800000, 0x0000000735800000|100%| E|CS|TAMS 0x0000000735600000, 0x0000000735600000| Complete 
| 167|0x0000000735800000, 0x0000000735a00000, 0x0000000735a00000|100%| E|CS|TAMS 0x0000000735800000, 0x0000000735800000| Complete 
| 168|0x0000000735a00000, 0x0000000735c00000, 0x0000000735c00000|100%| E|CS|TAMS 0x0000000735a00000, 0x0000000735a00000| Complete 
| 169|0x0000000735c00000, 0x0000000735e00000, 0x0000000735e00000|100%| E|CS|TAMS 0x0000000735c00000, 0x0000000735c00000| Complete 
| 170|0x0000000735e00000, 0x0000000736000000, 0x0000000736000000|100%| E|CS|TAMS 0x0000000735e00000, 0x0000000735e00000| Complete 
| 171|0x0000000736000000, 0x0000000736200000, 0x0000000736200000|100%| E|CS|TAMS 0x0000000736000000, 0x0000000736000000| Complete 
| 172|0x0000000736200000, 0x0000000736400000, 0x0000000736400000|100%| E|CS|TAMS 0x0000000736200000, 0x0000000736200000| Complete 
| 173|0x0000000736400000, 0x0000000736600000, 0x0000000736600000|100%| E|CS|TAMS 0x0000000736400000, 0x0000000736400000| Complete 
| 174|0x0000000736600000, 0x0000000736800000, 0x0000000736800000|100%| E|CS|TAMS 0x0000000736600000, 0x0000000736600000| Complete 

Card table byte_map: [0x000001b97bca0000,0x000001b97c3a0000] _byte_map_base: 0x000001b97839b000

Marking Bits (Prev, Next): (CMBitMap*) 0x000001b97b230fa0, (CMBitMap*) 0x000001b97b230fe0
 Prev Bits: [0x000001b916a20000, 0x000001b91a1f8000)
 Next Bits: [0x000001b91a200000, 0x000001b91d9d8000)

Polling page: 0x000001b979120000

Metaspace:

Usage:
  Non-class:     59.90 MB used.
      Class:      9.71 MB used.
       Both:     69.62 MB used.

Virtual space:
  Non-class space:       64.00 MB reserved,      60.56 MB ( 95%) committed,  8 nodes.
      Class space:        1.00 GB reserved,      10.19 MB ( <1%) committed,  1 nodes.
             Both:        1.06 GB reserved,      70.75 MB (  7%) committed. 

Chunk freelists:
   Non-Class:  3.35 MB
       Class:  1.82 MB
        Both:  5.18 MB

MaxMetaspaceSize: unlimited
CompressedClassSpaceSize: 1.00 GB
Initial GC threshold: 21.00 MB
Current GC threshold: 110.75 MB
CDS: on
MetaspaceReclaimPolicy: balanced
 - commit_granule_bytes: 65536.
 - commit_granule_words: 8192.
 - virtual_space_node_default_size: 1048576.
 - enlarge_chunks_in_place: 1.
 - new_chunks_are_fully_committed: 0.
 - uncommit_free_chunks: 1.
 - use_allocation_guard: 0.
 - handle_deallocations: 1.


Internal statistics:

num_allocs_failed_limit: 12.
num_arena_births: 1728.
num_arena_deaths: 0.
num_vsnodes_births: 9.
num_vsnodes_deaths: 0.
num_space_committed: 1129.
num_space_uncommitted: 0.
num_chunks_returned_to_freelist: 12.
num_chunks_taken_from_freelist: 4626.
num_chunk_merges: 9.
num_chunk_splits: 3058.
num_chunks_enlarged: 2084.
num_purges: 0.
num_inconsistent_stats: 0.

CodeHeap 'non-profiled nmethods': size=120000Kb used=5944Kb max_used=5944Kb free=114055Kb
 bounds [0x000001b90f4f0000, 0x000001b90fac0000, 0x000001b916a20000]
CodeHeap 'profiled nmethods': size=120000Kb used=12459Kb max_used=12459Kb free=107540Kb
 bounds [0x000001b907fc0000, 0x000001b908bf0000, 0x000001b90f4f0000]
CodeHeap 'non-nmethods': size=5760Kb used=1953Kb max_used=2032Kb free=3806Kb
 bounds [0x000001b907a20000, 0x000001b907c90000, 0x000001b907fc0000]
 total_blobs=8745 nmethods=7267 adapters=1390
 compilation: enabled
              stopped_count=0, restarted_count=0
 full_count=0

Compilation events (20 events):
Event: 20.379 Thread 0x000001b97f5109b0 9731       3       java.util.concurrent.ConcurrentHashMap$Traverser::<init> (36 bytes)
Event: 20.380 Thread 0x000001b97f5109b0 nmethod 9731 0x000001b908be9d90 code [0x000001b908be9f20, 0x000001b908bea138]
Event: 20.383 Thread 0x000001b91f519ca0 nmethod 9730 0x000001b90faba910 code [0x000001b90fabaaa0, 0x000001b90fabae38]
Event: 20.399 Thread 0x000001b97f5109b0 9732       3       java.util.concurrent.ConcurrentHashMap::values (25 bytes)
Event: 20.400 Thread 0x000001b97f5109b0 nmethod 9732 0x000001b908bea210 code [0x000001b908bea3c0, 0x000001b908bea778]
Event: 20.400 Thread 0x000001b97f5109b0 9733       3       java.util.concurrent.ConcurrentHashMap$ValuesView::iterator (34 bytes)
Event: 20.400 Thread 0x000001b97f5109b0 nmethod 9733 0x000001b908bea890 code [0x000001b908beaa40, 0x000001b908beac88]
Event: 20.400 Thread 0x000001b97f5109b0 9734       3       java.util.concurrent.ConcurrentHashMap$ValueIterator::<init> (12 bytes)
Event: 20.400 Thread 0x000001b97f5109b0 nmethod 9734 0x000001b908bead90 code [0x000001b908beaf20, 0x000001b908beb068]
Event: 20.400 Thread 0x000001b91e53b320 nmethod 9719 0x000001b90fabb090 code [0x000001b90fabb280, 0x000001b90fabc578]
Event: 20.405 Thread 0x000001b97f5109b0 9735       3       java.util.concurrent.ConcurrentHashMap::isEmpty (15 bytes)
Event: 20.405 Thread 0x000001b97f5109b0 nmethod 9735 0x000001b908beb110 code [0x000001b908beb2c0, 0x000001b908beb468]
Event: 20.432 Thread 0x000001b97f5109b0 9739       3       sun.misc.Unsafe::getInt (9 bytes)
Event: 20.432 Thread 0x000001b97f5109b0 nmethod 9739 0x000001b908beb510 code [0x000001b908beb6a0, 0x000001b908beb7b8]
Event: 20.432 Thread 0x000001b97f5109b0 9740       3       org.lwjgl.system.CustomBuffer::address (19 bytes)
Event: 20.433 Thread 0x000001b97f5109b0 nmethod 9740 0x000001b908beb890 code [0x000001b908beba40, 0x000001b908bebca8]
Event: 20.433 Thread 0x000001b97f5109b0 9741       3       org.lwjgl.system.StructBuffer::sizeof (8 bytes)
Event: 20.433 Thread 0x000001b97f5109b0 nmethod 9741 0x000001b908bebd90 code [0x000001b908bebf40, 0x000001b908bec198]
Event: 20.437 Thread 0x000001b91e409210 9744       4       jdk.internal.org.objectweb.asm.Frame::pop (42 bytes)
Event: 20.439 Thread 0x000001b91e409210 nmethod 9744 0x000001b90fabdc10 code [0x000001b90fabdd80, 0x000001b90fabde58]

GC Heap History (20 events):
Event: 9.734 GC heap before
{Heap before GC invocations=14 (full 0):
 garbage-first heap   total 245760K, used 214520K [0x0000000720a00000, 0x0000000800000000)
  region size 2048K, 66 young (135168K), 2 survivors (4096K)
 Metaspace       used 29822K, committed 30656K, reserved 1081344K
  class space    used 3732K, committed 4096K, reserved 1048576K
}
Event: 9.740 GC heap after
{Heap after GC invocations=15 (full 0):
 garbage-first heap   total 245760K, used 88330K [0x0000000720a00000, 0x0000000800000000)
  region size 2048K, 4 young (8192K), 4 survivors (8192K)
 Metaspace       used 29822K, committed 30656K, reserved 1081344K
  class space    used 3732K, committed 4096K, reserved 1048576K
}
Event: 10.151 GC heap before
{Heap before GC invocations=15 (full 0):
 garbage-first heap   total 245760K, used 205066K [0x0000000720a00000, 0x0000000800000000)
  region size 2048K, 61 young (124928K), 4 survivors (8192K)
 Metaspace       used 31122K, committed 31936K, reserved 1081344K
  class space    used 3916K, committed 4288K, reserved 1048576K
}
Event: 10.159 GC heap after
{Heap after GC invocations=16 (full 0):
 garbage-first heap   total 245760K, used 90700K [0x0000000720a00000, 0x0000000800000000)
  region size 2048K, 5 young (10240K), 5 survivors (10240K)
 Metaspace       used 31122K, committed 31936K, reserved 1081344K
  class space    used 3916K, committed 4288K, reserved 1048576K
}
Event: 11.694 GC heap before
{Heap before GC invocations=16 (full 0):
 garbage-first heap   total 245760K, used 176716K [0x0000000720a00000, 0x0000000800000000)
  region size 2048K, 48 young (98304K), 5 survivors (10240K)
 Metaspace       used 35184K, committed 36096K, reserved 1081344K
  class space    used 4316K, committed 4736K, reserved 1048576K
}
Event: 11.702 GC heap after
{Heap after GC invocations=17 (full 0):
 garbage-first heap   total 245760K, used 91928K [0x0000000720a00000, 0x0000000800000000)
  region size 2048K, 5 young (10240K), 5 survivors (10240K)
 Metaspace       used 35184K, committed 36096K, reserved 1081344K
  class space    used 4316K, committed 4736K, reserved 1048576K
}
Event: 13.126 GC heap before
{Heap before GC invocations=18 (full 0):
 garbage-first heap   total 245760K, used 204568K [0x0000000720a00000, 0x0000000800000000)
  region size 2048K, 61 young (124928K), 5 survivors (10240K)
 Metaspace       used 41694K, committed 42688K, reserved 1089536K
  class space    used 5369K, committed 5824K, reserved 1048576K
}
Event: 13.139 GC heap after
{Heap after GC invocations=19 (full 0):
 garbage-first heap   total 245760K, used 97650K [0x0000000720a00000, 0x0000000800000000)
  region size 2048K, 7 young (14336K), 7 survivors (14336K)
 Metaspace       used 41694K, committed 42688K, reserved 1089536K
  class space    used 5369K, committed 5824K, reserved 1048576K
}
Event: 13.656 GC heap before
{Heap before GC invocations=19 (full 0):
 garbage-first heap   total 245760K, used 204146K [0x0000000720a00000, 0x0000000800000000)
  region size 2048K, 59 young (120832K), 7 survivors (14336K)
 Metaspace       used 42973K, committed 43968K, reserved 1089536K
  class space    used 5536K, committed 5952K, reserved 1048576K
}
Event: 13.682 GC heap after
{Heap after GC invocations=20 (full 0):
 garbage-first heap   total 245760K, used 107878K [0x0000000720a00000, 0x0000000800000000)
  region size 2048K, 8 young (16384K), 8 survivors (16384K)
 Metaspace       used 42973K, committed 43968K, reserved 1089536K
  class space    used 5536K, committed 5952K, reserved 1048576K
}
Event: 13.901 GC heap before
{Heap before GC invocations=20 (full 0):
 garbage-first heap   total 245760K, used 200038K [0x0000000720a00000, 0x0000000800000000)
  region size 2048K, 53 young (108544K), 8 survivors (16384K)
 Metaspace       used 43252K, committed 44288K, reserved 1089536K
  class space    used 5578K, committed 6016K, reserved 1048576K
}
Event: 13.926 GC heap after
{Heap after GC invocations=21 (full 0):
 garbage-first heap   total 245760K, used 119403K [0x0000000720a00000, 0x0000000800000000)
  region size 2048K, 6 young (12288K), 6 survivors (12288K)
 Metaspace       used 43252K, committed 44288K, reserved 1089536K
  class space    used 5578K, committed 6016K, reserved 1048576K
}
Event: 14.197 GC heap before
{Heap before GC invocations=21 (full 0):
 garbage-first heap   total 245760K, used 199275K [0x0000000720a00000, 0x0000000800000000)
  region size 2048K, 45 young (92160K), 6 survivors (12288K)
 Metaspace       used 44039K, committed 44992K, reserved 1089536K
  class space    used 5658K, committed 6080K, reserved 1048576K
}
Event: 14.215 GC heap after
{Heap after GC invocations=22 (full 0):
 garbage-first heap   total 358400K, used 127712K [0x0000000720a00000, 0x0000000800000000)
  region size 2048K, 5 young (10240K), 5 survivors (10240K)
 Metaspace       used 44039K, committed 44992K, reserved 1089536K
  class space    used 5658K, committed 6080K, reserved 1048576K
}
Event: 16.138 GC heap before
{Heap before GC invocations=22 (full 0):
 garbage-first heap   total 358400K, used 283360K [0x0000000720a00000, 0x0000000800000000)
  region size 2048K, 82 young (167936K), 5 survivors (10240K)
 Metaspace       used 52869K, committed 53952K, reserved 1097728K
  class space    used 7011K, committed 7488K, reserved 1048576K
}
Event: 16.156 GC heap after
{Heap after GC invocations=23 (full 0):
 garbage-first heap   total 358400K, used 149767K [0x0000000720a00000, 0x0000000800000000)
  region size 2048K, 11 young (22528K), 11 survivors (22528K)
 Metaspace       used 52869K, committed 53952K, reserved 1097728K
  class space    used 7011K, committed 7488K, reserved 1048576K
}
Event: 17.306 GC heap before
{Heap before GC invocations=23 (full 0):
 garbage-first heap   total 358400K, used 219399K [0x0000000720a00000, 0x0000000800000000)
  region size 2048K, 46 young (94208K), 11 survivors (22528K)
 Metaspace       used 59609K, committed 60608K, reserved 1105920K
  class space    used 8189K, committed 8640K, reserved 1048576K
}
Event: 17.323 GC heap after
{Heap after GC invocations=24 (full 0):
 garbage-first heap   total 358400K, used 155438K [0x0000000720a00000, 0x0000000800000000)
  region size 2048K, 3 young (6144K), 3 survivors (6144K)
 Metaspace       used 59609K, committed 60608K, reserved 1105920K
  class space    used 8189K, committed 8640K, reserved 1048576K
}
Event: 18.943 GC heap before
{Heap before GC invocations=25 (full 0):
 garbage-first heap   total 358400K, used 282414K [0x0000000720a00000, 0x0000000800000000)
  region size 2048K, 65 young (133120K), 3 survivors (6144K)
 Metaspace       used 66339K, committed 67520K, reserved 1114112K
  class space    used 9218K, committed 9728K, reserved 1048576K
}
Event: 18.951 GC heap after
{Heap after GC invocations=26 (full 0):
 garbage-first heap   total 358400K, used 158344K [0x0000000720a00000, 0x0000000800000000)
  region size 2048K, 4 young (8192K), 4 survivors (8192K)
 Metaspace       used 66339K, committed 67520K, reserved 1114112K
  class space    used 9218K, committed 9728K, reserved 1048576K
}

Dll operation events (11 events):
Event: 0.011 Loaded shared library C:\Users\yangj\Desktop\MCreator20231\jdk\bin\java.dll
Event: 0.028 Loaded shared library C:\Users\yangj\Desktop\MCreator20231\jdk\bin\jsvml.dll
Event: 0.186 Loaded shared library C:\Users\yangj\Desktop\MCreator20231\jdk\bin\net.dll
Event: 0.189 Loaded shared library C:\Users\yangj\Desktop\MCreator20231\jdk\bin\nio.dll
Event: 0.194 Loaded shared library C:\Users\yangj\Desktop\MCreator20231\jdk\bin\zip.dll
Event: 0.300 Loaded shared library C:\Users\yangj\Desktop\MCreator20231\jdk\bin\jimage.dll
Event: 0.814 Loaded shared library C:\Users\yangj\Desktop\MCreator20231\jdk\bin\verify.dll
Event: 3.328 Loaded shared library C:\Users\yangj\Desktop\MCreator20231\jdk\bin\management.dll
Event: 3.333 Loaded shared library C:\Users\yangj\Desktop\MCreator20231\jdk\bin\management_ext.dll
Event: 9.717 Loaded shared library C:\Users\yangj\AppData\Local\Temp\jna-114744777\jna9433796070315527952.dll
Event: 19.233 Loaded shared library C:\Users\yangj\AppData\Local\Temp\lwjglyangj\3.3.1-build-7\lwjgl.dll

Deoptimization events (20 events):
Event: 20.336 Thread 0x000001b97b1cde80 Uncommon trap: trap_request=0xffffff45 fr.pc=0x000001b90fa7b558 relative=0x00000000000002f8
Event: 20.336 Thread 0x000001b97b1cde80 Uncommon trap: reason=unstable_if action=reinterpret pc=0x000001b90fa7b558 method=com.google.gson.stream.JsonReader.doPeek()I @ 315 c2
Event: 20.336 Thread 0x000001b97b1cde80 DEOPT PACKING pc=0x000001b90fa7b558 sp=0x000000a43a8fe0c0
Event: 20.336 Thread 0x000001b97b1cde80 DEOPT UNPACKING pc=0x000001b907a723a3 sp=0x000000a43a8fe048 mode 2
Event: 20.336 Thread 0x000001b97b1cde80 Uncommon trap: trap_request=0xffffff45 fr.pc=0x000001b90fa79d40 relative=0x00000000000000a0
Event: 20.336 Thread 0x000001b97b1cde80 Uncommon trap: reason=unstable_if action=reinterpret pc=0x000001b90fa79d40 method=com.google.gson.stream.JsonReader.peek()Lcom/google/gson/stream/JsonToken; @ 15 c2
Event: 20.336 Thread 0x000001b97b1cde80 DEOPT PACKING pc=0x000001b90fa79d40 sp=0x000000a43a8fe100
Event: 20.336 Thread 0x000001b97b1cde80 DEOPT UNPACKING pc=0x000001b907a723a3 sp=0x000000a43a8fe098 mode 2
Event: 20.336 Thread 0x000001b97b1cde80 Uncommon trap: trap_request=0xffffff45 fr.pc=0x000001b90fa9a598 relative=0x0000000000003958
Event: 20.336 Thread 0x000001b97b1cde80 Uncommon trap: reason=unstable_if action=reinterpret pc=0x000001b90fa9a598 method=com.google.gson.stream.JsonReader.peek()Lcom/google/gson/stream/JsonToken; @ 6 c2
Event: 20.336 Thread 0x000001b97b1cde80 DEOPT PACKING pc=0x000001b90fa9a598 sp=0x000000a43a8fe000
Event: 20.336 Thread 0x000001b97b1cde80 DEOPT UNPACKING pc=0x000001b907a723a3 sp=0x000000a43a8fdfa8 mode 2
Event: 20.373 Thread 0x000001b97b1cde80 Uncommon trap: trap_request=0xffffff45 fr.pc=0x000001b90f7450e4 relative=0x0000000000003984
Event: 20.373 Thread 0x000001b97b1cde80 Uncommon trap: reason=unstable_if action=reinterpret pc=0x000001b90f7450e4 method=cpw.mods.jarhandling.impl.Jar.findFile(Ljava/lang/String;)Ljava/util/Optional; @ 23 c2
Event: 20.374 Thread 0x000001b97b1cde80 DEOPT PACKING pc=0x000001b90f7450e4 sp=0x000000a43a8fb0d0
Event: 20.374 Thread 0x000001b97b1cde80 DEOPT UNPACKING pc=0x000001b907a723a3 sp=0x000000a43a8fb128 mode 2
Event: 20.374 Thread 0x000001b97b1cde80 Uncommon trap: trap_request=0xffffff45 fr.pc=0x000001b90f672f14 relative=0x0000000000000ff4
Event: 20.374 Thread 0x000001b97b1cde80 Uncommon trap: reason=unstable_if action=reinterpret pc=0x000001b90f672f14 method=cpw.mods.niofs.union.UnionFileSystem.getPath(Ljava/lang/String;[Ljava/lang/String;)Ljava/nio/file/Path; @ 2 c2
Event: 20.374 Thread 0x000001b97b1cde80 DEOPT PACKING pc=0x000001b90f672f14 sp=0x000000a43a8fb0b0
Event: 20.374 Thread 0x000001b97b1cde80 DEOPT UNPACKING pc=0x000001b907a723a3 sp=0x000000a43a8fb0a8 mode 2

Classes unloaded (0 events):
No events

Classes redefined (0 events):
No events

Internal exceptions (20 events):
Event: 19.484 Thread 0x000001b97b1cde80 Exception <a 'sun/nio/fs/WindowsException'{0x00000007341a12d0}> (0x00000007341a12d0) 
thrown [s\src\hotspot\share\prims\jni.cpp, line 516]
Event: 19.713 Thread 0x000001b97b1cde80 Exception <a 'java/lang/NoSuchMethodError'{0x00000007331e5a88}: 'int java.lang.invoke.DirectMethodHandle$Holder.invokeStatic(java.lang.Object)'> (0x00000007331e5a88) 
thrown [s\src\hotspot\share\interpreter\linkResolver.cpp, line 759]
Event: 19.789 Thread 0x000001b97b1cde80 Exception <a 'java/lang/NoSuchMethodError'{0x0000000732a2caa0}: 'java.lang.Object java.lang.invoke.Invokers$Holder.linkToTargetMethod(java.lang.Object, int, java.lang.Object, java.lang.Object)'> (0x0000000732a2caa0) 
thrown [s\src\hotspot\share\interpreter\linkResolver.cpp, line 759]
Event: 19.812 Thread 0x000001b97b1cde80 Exception <a 'java/lang/NoSuchMethodError'{0x0000000732ade210}: 'int java.lang.invoke.DirectMethodHandle$Holder.invokeStaticInit(java.lang.Object)'> (0x0000000732ade210) 
thrown [s\src\hotspot\share\interpreter\linkResolver.cpp, line 759]
Event: 19.814 Thread 0x000001b97b1cde80 Exception <a 'java/lang/NoSuchMethodError'{0x0000000732ae55f8}: 'int java.lang.invoke.Invokers$Holder.invokeExact_MT(java.lang.Object, java.lang.Object)'> (0x0000000732ae55f8) 
thrown [s\src\hotspot\share\interpreter\linkResolver.cpp, line 759]
Event: 19.822 Thread 0x000001b97b1cde80 Exception <a 'sun/nio/fs/WindowsException'{0x0000000732ba7a30}> (0x0000000732ba7a30) 
thrown [s\src\hotspot\share\prims\jni.cpp, line 516]
Event: 19.822 Thread 0x000001b97b1cde80 Exception <a 'sun/nio/fs/WindowsException'{0x0000000732ba7d90}> (0x0000000732ba7d90) 
thrown [s\src\hotspot\share\prims\jni.cpp, line 516]
Event: 19.834 Thread 0x000001b97b1cde80 Exception <a 'java/lang/NoSuchMethodError'{0x0000000732894810}: 'java.lang.Object java.lang.invoke.DirectMethodHandle$Holder.invokeInterface(java.lang.Object, java.lang.Object, double)'> (0x0000000732894810) 
thrown [s\src\hotspot\share\interpreter\linkResolver.cpp, line 759]
Event: 19.834 Thread 0x000001b97b1cde80 Exception <a 'java/lang/NoSuchMethodError'{0x000000073289b058}: 'double java.lang.invoke.DirectMethodHandle$Holder.invokeInterface(java.lang.Object, java.lang.Object, java.lang.Object)'> (0x000000073289b058) 
thrown [s\src\hotspot\share\interpreter\linkResolver.cpp, line 759]
Event: 20.104 Thread 0x000001b97b1cde80 Exception <a 'java/lang/NoSuchMethodError'{0x0000000731fe65d0}: 'java.lang.Object java.lang.invoke.DirectMethodHandle$Holder.newInvokeSpecial(java.lang.Object, java.lang.Object, java.lang.Object, java.lang.Object, java.lang.Object, java.lang.Object, java.lang.Object, java.lang.Object, java.lang.Object, java.lang.Object)'> (0x0000000731fe65d0) 
thrown [s\src\hotspot\share\interpreter\linkResolver.cpp, line 759]
Event: 20.104 Thread 0x000001b97b1cde80 Exception <a 'java/lang/NoSuchMethodError'{0x0000000731feab98}: 'java.lang.Object java.lang.invoke.Invokers$Holder.linkToTargetMethod(java.lang.Object, java.lang.Object, java.lang.Object, java.lang.Object, java.lang.Object, java.lang.Object, java.lang.Object, java.lang.Object, java.lang.Object, java.lang.Object)'> (0x0000000731feab98) 
thrown [s\src\hotspot\share\interpreter\linkResolver.cpp, line 759]
Event: 20.206 Thread 0x000001b97b1cde80 Exception <a 'java/lang/NoSuchMethodError'{0x000000073193a1c8}: 'java.lang.Object java.lang.invoke.Invokers$Holder.linkToTargetMethod(java.lang.Object, java.lang.Object, java.lang.Object, java.lang.Object, java.lang.Object, java.lang.Object, java.lang.Object, java.lang.Object, java.lang.Object)'> (0x000000073193a1c8) 
thrown [s\src\hotspot\share\interpreter\linkResolver.cpp, line 759]
Event: 20.294 Thread 0x000001b97b1cde80 Exception <a 'java/lang/NoSuchMethodError'{0x00000007315f98e8}: 'java.lang.Object java.lang.invoke.DirectMethodHandle$Holder.invokeSpecial(java.lang.Object, java.lang.Object, java.lang.Object, java.lang.Object, java.lang.Object, int, java.lang.Object)'> (0x00000007315f98e8) 
thrown [s\src\hotspot\share\interpreter\linkResolver.cpp, line 759]
Event: 20.295 Thread 0x000001b97b1cde80 Exception <a 'java/lang/NoSuchMethodError'{0x0000000731202400}: 'java.lang.Object java.lang.invoke.DirectMethodHandle$Holder.invokeSpecial(java.lang.Object, java.lang.Object, java.lang.Object, java.lang.Object, java.lang.Object, java.lang.Object, int)'> (0x0000000731202400) 
thrown [s\src\hotspot\share\interpreter\linkResolver.cpp, line 759]
Event: 20.295 Thread 0x000001b97b1cde80 Exception <a 'java/lang/NoSuchMethodError'{0x0000000731205ce0}: 'java.lang.Object java.lang.invoke.Invokers$Holder.linkToTargetMethod(java.lang.Object, java.lang.Object, java.lang.Object, java.lang.Object, int, java.lang.Object)'> (0x0000000731205ce0) 
thrown [s\src\hotspot\share\interpreter\linkResolver.cpp, line 759]
Event: 20.326 Thread 0x000001b97b1cde80 Implicit null exception at 0x000001b90f9b29ec to 0x000001b90f9b3184
Event: 20.405 Thread 0x000001b97b1cde80 Exception <a 'java/lang/NoSuchMethodError'{0x0000000730f8f810}: 'long java.lang.invoke.DirectMethodHandle$Holder.invokeInterface(java.lang.Object, java.lang.Object)'> (0x0000000730f8f810) 
thrown [s\src\hotspot\share\interpreter\linkResolver.cpp, line 759]
Event: 20.410 Thread 0x000001b97b1cde80 Exception <a 'java/lang/NoSuchMethodError'{0x0000000730ffbd08}: 'java.lang.Object java.lang.invoke.DirectMethodHandle$Holder.newInvokeSpecial(java.lang.Object, long)'> (0x0000000730ffbd08) 
thrown [s\src\hotspot\share\interpreter\linkResolver.cpp, line 759]
Event: 20.436 Thread 0x000001b97b1cde80 Exception <a 'java/lang/NoSuchMethodError'{0x0000000730cb5dc0}: 'void java.lang.invoke.DirectMethodHandle$Holder.invokeSpecial(java.lang.Object, java.lang.Object, int, long)'> (0x0000000730cb5dc0) 
thrown [s\src\hotspot\share\interpreter\linkResolver.cpp, line 759]
Event: 20.437 Thread 0x000001b97b1cde80 Exception <a 'java/lang/NoSuchMethodError'{0x0000000730cbbd38}: 'void java.lang.invoke.DirectMethodHandle$Holder.invokeStatic(java.lang.Object, int, long)'> (0x0000000730cbbd38) 
thrown [s\src\hotspot\share\interpreter\linkResolver.cpp, line 759]

VM Operations (20 events):
Event: 17.531 Executing VM operation: G1Concurrent
Event: 17.531 Executing VM operation: G1Concurrent done
Event: 17.679 Executing VM operation: HandshakeAllThreads
Event: 17.679 Executing VM operation: HandshakeAllThreads done
Event: 17.766 Executing VM operation: HandshakeAllThreads
Event: 17.767 Executing VM operation: HandshakeAllThreads done
Event: 18.619 Executing VM operation: ICBufferFull
Event: 18.619 Executing VM operation: ICBufferFull done
Event: 18.943 Executing VM operation: G1CollectForAllocation
Event: 18.951 Executing VM operation: G1CollectForAllocation done
Event: 19.089 Executing VM operation: G1Concurrent
Event: 19.093 Executing VM operation: G1Concurrent done
Event: 19.144 Executing VM operation: G1Concurrent
Event: 19.145 Executing VM operation: G1Concurrent done
Event: 19.984 Executing VM operation: HandshakeAllThreads
Event: 19.984 Executing VM operation: HandshakeAllThreads done
Event: 20.293 Executing VM operation: HandshakeAllThreads
Event: 20.293 Executing VM operation: HandshakeAllThreads done
Event: 20.293 Executing VM operation: Cleanup
Event: 20.293 Executing VM operation: Cleanup done

Events (20 events):
Event: 19.238 loading class java/nio/DirectDoubleBufferU
Event: 19.238 loading class java/nio/DirectDoubleBufferU done
Event: 19.277 loading class java/nio/InvalidMarkException
Event: 19.278 loading class java/nio/InvalidMarkException done
Event: 19.278 loading class java/nio/BufferUnderflowException
Event: 19.278 loading class java/nio/BufferUnderflowException done
Event: 19.488 loading class java/util/function/IntSupplier
Event: 19.488 loading class java/util/function/IntSupplier done
Event: 19.583 loading class java/io/CharArrayWriter
Event: 19.583 loading class java/io/CharArrayWriter done
Event: 19.813 loading class java/lang/invoke/DirectMethodHandle$StaticAccessor
Event: 19.813 loading class java/lang/invoke/DirectMethodHandle$StaticAccessor done
Event: 19.830 loading class java/util/function/DoubleFunction
Event: 19.830 loading class java/util/function/DoubleFunction done
Event: 19.988 Thread 0x000001b91e413990 flushing nmethod 0x000001b90f9bba90
Event: 20.006 Thread 0x000001b91e413990 flushing nmethod 0x000001b908b1bd10
Event: 20.347 loading class java/util/EnumMap$Values
Event: 20.347 loading class java/util/EnumMap$Values done
Event: 20.347 loading class java/util/EnumMap$ValueIterator
Event: 20.347 loading class java/util/EnumMap$ValueIterator done


Dynamic libraries:
0x00007ff668ab0000 - 0x00007ff668abe000 	C:\Users\yangj\Desktop\MCreator20231\jdk\bin\java.exe
0x00007ffff5290000 - 0x00007ffff54a4000 	C:\WINDOWS\SYSTEM32\ntdll.dll
0x00007ffff48a0000 - 0x00007ffff4963000 	C:\WINDOWS\System32\KERNEL32.DLL
0x00007ffff2730000 - 0x00007ffff2ad3000 	C:\WINDOWS\System32\KERNELBASE.dll
0x00007ffff2f70000 - 0x00007ffff3081000 	C:\WINDOWS\System32\ucrtbase.dll
0x00007fffdf410000 - 0x00007fffdf427000 	C:\Users\yangj\Desktop\MCreator20231\jdk\bin\jli.dll
0x00007fffdf3f0000 - 0x00007fffdf409000 	C:\Users\yangj\Desktop\MCreator20231\jdk\bin\VCRUNTIME140.dll
0x00007ffff4560000 - 0x00007ffff470d000 	C:\WINDOWS\System32\USER32.dll
0x00007fffd7940000 - 0x00007fffd7bce000 	C:\WINDOWS\WinSxS\amd64_microsoft.windows.common-controls_6595b64144ccf1df_6.0.22621.1465_none_271271ab738361f1\COMCTL32.dll
0x00007ffff2dd0000 - 0x00007ffff2df6000 	C:\WINDOWS\System32\win32u.dll
0x00007ffff4990000 - 0x00007ffff4a37000 	C:\WINDOWS\System32\msvcrt.dll
0x00007ffff3c40000 - 0x00007ffff3c69000 	C:\WINDOWS\System32\GDI32.dll
0x00007ffff2ba0000 - 0x00007ffff2cb3000 	C:\WINDOWS\System32\gdi32full.dll
0x00007ffff2d30000 - 0x00007ffff2dca000 	C:\WINDOWS\System32\msvcp_win.dll
0x00007ffff4a40000 - 0x00007ffff4a71000 	C:\WINDOWS\System32\IMM32.DLL
0x00007fffdf3e0000 - 0x00007fffdf3ec000 	C:\Users\yangj\Desktop\MCreator20231\jdk\bin\vcruntime140_1.dll
0x00007fffdcca0000 - 0x00007fffdcd31000 	C:\Users\yangj\Desktop\MCreator20231\jdk\bin\msvcp140.dll
0x00007fff97f30000 - 0x00007fff98b74000 	C:\Users\yangj\Desktop\MCreator20231\jdk\bin\server\jvm.dll
0x00007ffff3090000 - 0x00007ffff313e000 	C:\WINDOWS\System32\ADVAPI32.dll
0x00007ffff34d0000 - 0x00007ffff3574000 	C:\WINDOWS\System32\sechost.dll
0x00007ffff4710000 - 0x00007ffff4825000 	C:\WINDOWS\System32\RPCRT4.dll
0x00007fffe9800000 - 0x00007fffe9834000 	C:\WINDOWS\SYSTEM32\WINMM.dll
0x00007fffe9690000 - 0x00007fffe969a000 	C:\WINDOWS\SYSTEM32\VERSION.dll
0x00007fffdf3d0000 - 0x00007fffdf3d9000 	C:\WINDOWS\SYSTEM32\WSOCK32.dll
0x00007ffff3580000 - 0x00007ffff35f1000 	C:\WINDOWS\System32\WS2_32.dll
0x00007ffff16a0000 - 0x00007ffff16b8000 	C:\WINDOWS\SYSTEM32\kernel.appcore.dll
0x00007fffddcf0000 - 0x00007fffddcfa000 	C:\Users\yangj\Desktop\MCreator20231\jdk\bin\jimage.dll
0x00007fffe9cb0000 - 0x00007fffe9ede000 	C:\WINDOWS\SYSTEM32\DBGHELP.DLL
0x00007ffff3140000 - 0x00007ffff34c9000 	C:\WINDOWS\System32\combase.dll
0x00007ffff5050000 - 0x00007ffff5127000 	C:\WINDOWS\System32\OLEAUT32.dll
0x00007fffe0100000 - 0x00007fffe0132000 	C:\WINDOWS\SYSTEM32\dbgcore.DLL
0x00007ffff26b0000 - 0x00007ffff272b000 	C:\WINDOWS\System32\bcryptPrimitives.dll
0x00007fffddcc0000 - 0x00007fffddce5000 	C:\Users\yangj\Desktop\MCreator20231\jdk\bin\java.dll
0x00007fffd8970000 - 0x00007fffd8a46000 	C:\Users\yangj\Desktop\MCreator20231\jdk\bin\jsvml.dll
0x00007ffff3c70000 - 0x00007ffff4469000 	C:\WINDOWS\System32\SHELL32.dll
0x00007ffff0650000 - 0x00007ffff0f1e000 	C:\WINDOWS\SYSTEM32\windows.storage.dll
0x00007ffff0510000 - 0x00007ffff064e000 	C:\WINDOWS\SYSTEM32\wintypes.dll
0x00007ffff5130000 - 0x00007ffff5221000 	C:\WINDOWS\System32\SHCORE.dll
0x00007ffff4ff0000 - 0x00007ffff504e000 	C:\WINDOWS\System32\shlwapi.dll
0x00007ffff25e0000 - 0x00007ffff2601000 	C:\WINDOWS\SYSTEM32\profapi.dll
0x00007fffddca0000 - 0x00007fffddcb9000 	C:\Users\yangj\Desktop\MCreator20231\jdk\bin\net.dll
0x00007fffeb390000 - 0x00007fffeb4bf000 	C:\WINDOWS\SYSTEM32\WINHTTP.dll
0x00007ffff1b00000 - 0x00007ffff1b69000 	C:\WINDOWS\system32\mswsock.dll
0x00007fffddc80000 - 0x00007fffddc95000 	C:\Users\yangj\Desktop\MCreator20231\jdk\bin\nio.dll
0x00007fffdd5b0000 - 0x00007fffdd5c8000 	C:\Users\yangj\Desktop\MCreator20231\jdk\bin\zip.dll
0x00007fffdcb60000 - 0x00007fffdcb70000 	C:\Users\yangj\Desktop\MCreator20231\jdk\bin\verify.dll
0x00007fffde580000 - 0x00007fffde589000 	C:\Users\yangj\Desktop\MCreator20231\jdk\bin\management.dll
0x00007fffdd310000 - 0x00007fffdd31b000 	C:\Users\yangj\Desktop\MCreator20231\jdk\bin\management_ext.dll
0x00007ffff4470000 - 0x00007ffff4478000 	C:\WINDOWS\System32\PSAPI.DLL
0x00007fffa2930000 - 0x00007fffa2947000 	C:\WINDOWS\system32\napinsp.dll
0x00007fffa2910000 - 0x00007fffa292b000 	C:\WINDOWS\system32\pnrpnsp.dll
0x00007ffff11a0000 - 0x00007ffff1293000 	C:\WINDOWS\SYSTEM32\DNSAPI.dll
0x00007ffff1170000 - 0x00007ffff119d000 	C:\WINDOWS\SYSTEM32\IPHLPAPI.DLL
0x00007ffff3c30000 - 0x00007ffff3c39000 	C:\WINDOWS\System32\NSI.dll
0x00007fffa28f0000 - 0x00007fffa2901000 	C:\WINDOWS\System32\winrnr.dll
0x00007fffeb7d0000 - 0x00007fffeb7e5000 	C:\WINDOWS\system32\wshbth.dll
0x00007fffc6ed0000 - 0x00007fffc6ef1000 	C:\WINDOWS\system32\nlansp_c.dll
0x00007fffe8370000 - 0x00007fffe837a000 	C:\Windows\System32\rasadhlp.dll
0x00007fffe9540000 - 0x00007fffe95c3000 	C:\WINDOWS\System32\fwpuclnt.dll
0x00007ffff1e20000 - 0x00007ffff1e3b000 	C:\WINDOWS\SYSTEM32\CRYPTSP.dll
0x00007ffff1610000 - 0x00007ffff1645000 	C:\WINDOWS\system32\rsaenh.dll
0x00007ffff1ba0000 - 0x00007ffff1bc8000 	C:\WINDOWS\SYSTEM32\USERENV.dll
0x00007ffff1f90000 - 0x00007ffff1fb8000 	C:\WINDOWS\SYSTEM32\bcrypt.dll
0x00007ffff1e00000 - 0x00007ffff1e0c000 	C:\WINDOWS\SYSTEM32\CRYPTBASE.dll
0x00007fffeaa00000 - 0x00007fffeaa19000 	C:\WINDOWS\SYSTEM32\dhcpcsvc6.DLL
0x00007fffea9e0000 - 0x00007fffea9ff000 	C:\WINDOWS\SYSTEM32\dhcpcsvc.DLL
0x00007fffe7010000 - 0x00007fffe7055000 	C:\Users\yangj\AppData\Local\Temp\jna-114744777\jna9433796070315527952.dll
0x00007ffff3600000 - 0x00007ffff379c000 	C:\WINDOWS\System32\Ole32.dll
0x00007ffff4dc0000 - 0x00007ffff4e70000 	C:\WINDOWS\System32\clbcatq.dll
0x00007fffcc340000 - 0x00007fffcc35d000 	C:\WINDOWS\SYSTEM32\amsi.dll
0x00007fffc77a0000 - 0x00007fffc781b000 	C:\ProgramData\Microsoft\Windows Defender\Platform\4.18.2301.6-0\MpOav.dll
0x00007fffafa60000 - 0x00007fffafab0000 	C:\WINDOWS\SYSTEM32\Pdh.dll
0x00007fffde8d0000 - 0x00007fffde8e0000 	C:\WINDOWS\System32\perfos.dll
0x00007fffefc50000 - 0x00007fffefc60000 	C:\WINDOWS\SYSTEM32\pfclient.dll
0x00007fffddb90000 - 0x00007fffddc05000 	C:\Users\yangj\AppData\Local\Temp\lwjglyangj\3.3.1-build-7\lwjgl.dll
0x00007fffd2cf0000 - 0x00007fffd2f49000 	C:\Users\yangj\AppData\Local\Temp\lwjglyangj\3.3.1-build-7\jemalloc.dll
0x00007fffe47a0000 - 0x00007fffe4801000 	C:\Users\yangj\AppData\Local\Temp\lwjglyangj\3.3.1-build-7\glfw.dll
0x00007fffe6ce0000 - 0x00007fffe6d26000 	C:\WINDOWS\SYSTEM32\dinput8.dll
0x00007fffdbb90000 - 0x00007fffdbd91000 	C:\WINDOWS\SYSTEM32\inputhost.dll
0x00007fffef840000 - 0x00007fffef973000 	C:\WINDOWS\SYSTEM32\CoreMessaging.dll
0x00007fffe6ff0000 - 0x00007fffe7001000 	C:\WINDOWS\SYSTEM32\xinput1_4.dll
0x00007ffff2280000 - 0x00007ffff22ac000 	C:\WINDOWS\SYSTEM32\DEVOBJ.dll
0x00007ffff22e0000 - 0x00007ffff232e000 	C:\WINDOWS\SYSTEM32\cfgmgr32.dll
0x00007fffefeb0000 - 0x00007fffefedb000 	C:\WINDOWS\SYSTEM32\dwmapi.dll
0x00007fffefc60000 - 0x00007fffefd0b000 	C:\WINDOWS\system32\uxtheme.dll
0x00007ffff4e70000 - 0x00007ffff4f8e000 	C:\WINDOWS\System32\MSCTF.dll
0x00007fffa4920000 - 0x00007fffa4a20000 	C:\WINDOWS\SYSTEM32\opengl32.dll
0x00007fffd5c90000 - 0x00007fffd5cbd000 	C:\WINDOWS\SYSTEM32\GLU32.dll
0x00007fffefd60000 - 0x00007fffefd96000 	C:\WINDOWS\SYSTEM32\dxcore.dll
0x00007fffed040000 - 0x00007fffed089000 	C:\WINDOWS\SYSTEM32\directxdatabasehelper.dll
0x00007fffdedd0000 - 0x00007fffdedfd000 	C:\WINDOWS\System32\DriverStore\FileRepository\u0387948.inf_amd64_849b4630364e9ceb\B387945\atig6pxx.dll
0x00007fff924b0000 - 0x00007fff960e5000 	C:\WINDOWS\System32\DriverStore\FileRepository\u0387948.inf_amd64_849b4630364e9ceb\B387945\atio6axx.dll
0x00007ffff37b0000 - 0x00007ffff3c24000 	C:\WINDOWS\System32\SETUPAPI.dll
0x00007ffff2cc0000 - 0x00007ffff2d2b000 	C:\WINDOWS\System32\WINTRUST.dll
0x00007ffff2e00000 - 0x00007ffff2f66000 	C:\WINDOWS\System32\CRYPT32.dll
0x00007ffff1e70000 - 0x00007ffff1e82000 	C:\WINDOWS\SYSTEM32\MSASN1.dll

dbghelp: loaded successfully - version: 4.0.5 - missing functions: none
symbol engine: initialized successfully - sym options: 0x614 - pdb path: .;C:\Users\yangj\Desktop\MCreator20231\jdk\bin;C:\WINDOWS\SYSTEM32;C:\WINDOWS\WinSxS\amd64_microsoft.windows.common-controls_6595b64144ccf1df_6.0.22621.1465_none_271271ab738361f1;C:\Users\yangj\Desktop\MCreator20231\jdk\bin\server;C:\Users\yangj\AppData\Local\Temp\jna-114744777;C:\ProgramData\Microsoft\Windows Defender\Platform\4.18.2301.6-0;C:\Users\yangj\AppData\Local\Temp\lwjglyangj\3.3.1-build-7;C:\WINDOWS\System32\DriverStore\FileRepository\u0387948.inf_amd64_849b4630364e9ceb\B387945

VM Arguments:
jvm_args: -Dforge.enableGameTest=true -Dforge.logging.console.level=debug -Dforge.logging.markers=REGISTRIES -DignoreList=bootstraplauncher,securejarhandler,asm-commons,asm-util,asm-analysis,asm-tree,asm,JarJarFileSystems,client-extra,fmlcore,javafmllanguage,lowcodelanguage,mclanguage,forge- -Djava.net.preferIPv6Addresses=system -DlegacyClassPath.file=C:\Users\yangj\MCreatorWorkspaces\mixed_ore\build\classpath\runClient_minecraftClasspath.txt -DmergeModules=jna-5.10.0.jar,jna-platform-5.10.0.jar -Dos.version=10.0 --module-path=C:\Users\yangj\.mcreator\gradle\caches\modules-2\files-2.1\cpw.mods\bootstraplauncher\1.1.2\c546e00443d8432cda6baa1c860346980742628\bootstraplauncher-1.1.2.jar;C:\Users\yangj\.mcreator\gradle\caches\modules-2\files-2.1\cpw.mods\securejarhandler\2.1.4\f47e3b9dd860a7b82154b8f90a650ffd0aaa5582\securejarhandler-2.1.4.jar;C:\Users\yangj\.mcreator\gradle\caches\modules-2\files-2.1\org.ow2.asm\asm-commons\9.3\1f2a432d1212f5c352ae607d7b61dcae20c20af5\asm-commons-9.3.jar;C:\Users\yangj\.mcreator\gradle\caches\modules-2\files-2.1\org.ow2.asm\asm-util\9.3\9595bc05510d0bd4b610188b77333fe4851a1975\asm-util-9.3.jar;C:\Users\yangj\.mcreator\gradle\caches\modules-2\files-2.1\org.ow2.asm\asm-analysis\9.3\4b071f211b37c38e0e9f5998550197c8593f6ad8\asm-analysis-9.3.jar;C:\Users\yangj\.mcreator\gradle\caches\modules-2\files-2.1\org.ow2.asm\asm-tree\9.3\78d2ecd61318b5a58cd04fb237636c0e86b77d97\asm-tree-9.3.jar;C:\Users\yangj\.mcreator\gradle\caches\modules-2\files-2.1\org.ow2.asm\asm\9.3\8e6300ef51c1d801a7ed62d07cd221aca3a90640\asm-9.3.jar;C:\Users\yangj\.mcreator\gradle\caches\modules-2\files-2.1\net.minecraftforge\JarJarFileSystems\0.3.16\e52afbb2599dc7c6f779efea0496d32fc01152e3\JarJarFileSystems-0.3.16.jar --add-modules=ALL-MODULE-PATH --add-opens=java.base/java.util.jar=cpw.mods.securejarhandler --add-opens=java.base/java.lang.invoke=cpw.mods.securejarhandler --add-exports=java.base/sun.security.util=cpw.mods.securejarhandler --add-exports=jdk.naming.dns/com.sun.jndi.dns=java.naming -XX:HeapDumpPath=MojangTricksIntelDriversForPerformance_javaw.exe_minecraft.exe.heapdump -Dos.name=Windows 10 -Dfile.encoding=UTF-8 -Duser.country=CN -Duser.language=zh -Duser.variant 
java_command: cpw.mods.bootstraplauncher.BootstrapLauncher --launchTarget forgeclientuserdev --version MOD_DEV --assetIndex 1.19 --assetsDir C:\Users\yangj\.mcreator\gradle\caches\forge_gradle\assets --gameDir . --fml.forgeVersion 43.2.0 --fml.mcVersion 1.19.2 --fml.forgeGroup net.minecraftforge --fml.mcpVersion 20220805.130853
java_class_path (initial): C:\Users\yangj\MCreatorWorkspaces\mixed_ore\build\classes\java\main;C:\Users\yangj\MCreatorWorkspaces\mixed_ore\build\resources\main;C:\Users\yangj\MCreatorWorkspaces\mixed_ore\build\fg_cache\net\minecraftforge\forge\1.19.2-43.2.0_mapped_official_1.19.2\forge-1.19.2-43.2.0_mapped_official_1.19.2.jar;C:\Users\yangj\.mcreator\gradle\caches\forge_gradle\minecraft_repo\versions\1.19.2\client-extra.jar;C:\Users\yangj\.mcreator\gradle\caches\modules-2\files-2.1\net.minecraftforge\javafmllanguage\1.19.2-43.2.0\5713dfd49576886a7ffc353f14f067ad42369592\javafmllanguage-1.19.2-43.2.0.jar;C:\Users\yangj\.mcreator\gradle\caches\modules-2\files-2.1\net.minecraftforge\lowcodelanguage\1.19.2-43.2.0\51c88985dd125457fb8b6c2c58a4f3b9349a6b57\lowcodelanguage-1.19.2-43.2.0.jar;C:\Users\yangj\.mcreator\gradle\caches\modules-2\files-2.1\net.minecraftforge\mclanguage\1.19.2-43.2.0\f4fa83ef8129c7f7cc5847fbafb07f7ae86c1bb\mclanguage-1.19.2-43.2.0.jar;C:\Users\yangj\.mcreator\gradle\caches\modules-2\files-2.1\net.minecraftforge\fmlcore\1.19.2-43.2.0\d4dcb5b809b7f035ac22b058941cf81f84451545\fmlcore-1.19.2-43.2.0.jar;C:\Users\yangj\.mcreator\gradle\caches\modules-2\files-2.1\net.minecraftforge\fmlloader\1.19.2-43.2.0\3e6e8b7b5e1dbc6ee01a20f74675f223b64c7847\fmlloader-1.19.2-43.2.0.jar;C:\Users\yangj\.mcreator\gradle\caches\modules-2\files-2.1\net.minecraftforge\JarJarSelector\0.3.16\2a31421fb5e267249da103a644f23afb43d158af\JarJarSelector-0.3.16.jar;C:\Users\yangj\.mcreator\gradle\caches\modules-2\files-2.1\net.minecraftforge\JarJarMetadata\0.3.16\f62c8c898dffc8666f5097a8587ed72095e8e83a\JarJarMetadata-0.3.16.jar;C:\Users\yangj\.mcreator\gradle\caches\modules-2\files-2.1\com.google.guava\guava\31.0.1-jre\119ea2b2bc205b138974d351777b20f02b92704b\guava-31.0.1-jre.jar;C:\Users\yangj\.mcreator\gradle\caches\modules-2\files-2.1\com.google.code.findbugs\jsr305\3.0.2\25ea2e8b0c338a877313bd4672d3fe056ea78f0d\jsr305-3.0.2.jar;C:\Users\yangj\.mcreator\gradle\caches\modules-2\f
Launcher Type: SUN_STANDARD

[Global flags]
     intx CICompilerCount                          = 4                                         {product} {ergonomic}
     uint ConcGCThreads                            = 2                                         {product} {ergonomic}
     uint G1ConcRefinementThreads                  = 8                                         {product} {ergonomic}
   size_t G1HeapRegionSize                         = 2097152                                   {product} {ergonomic}
    uintx GCDrainStackTargetSize                   = 64                                        {product} {ergonomic}
    ccstr HeapDumpPath                             = MojangTricksIntelDriversForPerformance_javaw.exe_minecraft.exe.heapdump         {manageable} {command line}
   size_t InitialHeapSize                          = 234881024                                 {product} {ergonomic}
   size_t MarkStackSize                            = 4194304                                   {product} {ergonomic}
   size_t MaxHeapSize                              = 3747610624                                {product} {ergonomic}
   size_t MaxNewSize                               = 2248146944                                {product} {ergonomic}
   size_t MinHeapDeltaBytes                        = 2097152                                   {product} {ergonomic}
   size_t MinHeapSize                              = 8388608                                   {product} {ergonomic}
    uintx NonNMethodCodeHeapSize                   = 5839372                                {pd product} {ergonomic}
    uintx NonProfiledCodeHeapSize                  = 122909434                              {pd product} {ergonomic}
    uintx ProfiledCodeHeapSize                     = 122909434                              {pd product} {ergonomic}
    uintx ReservedCodeCacheSize                    = 251658240                              {pd product} {ergonomic}
     bool SegmentedCodeCache                       = true                                      {product} {ergonomic}
   size_t SoftMaxHeapSize                          = 3747610624                             {manageable} {ergonomic}
     bool UseCompressedClassPointers               = true                           {product lp64_product} {ergonomic}
     bool UseCompressedOops                        = true                           {product lp64_product} {ergonomic}
     bool UseG1GC                                  = true                                      {product} {ergonomic}
     bool UseLargePagesIndividualAllocation        = false                                  {pd product} {ergonomic}

Logging:
Log output configuration:
 #0: stdout all=warning uptime,level,tags
 #1: stderr all=off uptime,level,tags

Environment Variables:
JAVA_HOME=C:\Users\yangj\Desktop\MCreator20231\jdk
PATH=C:\Program Files\Common Files\Oracle\Java\javapath;C:\Program Files (x86)\Common Files\Oracle\Java\javapath;C:\WINDOWS\system32;C:\WINDOWS;C:\WINDOWS\System32\Wbem;C:\WINDOWS\System32\WindowsPowerShell\v1.0\;C:\WINDOWS\System32\OpenSSH\;C:\Program Files\Bandizip\;C:\Program Files\Common Files\Oracle\Java\javapath;C:\Program Files (x86)\Common Files\Oracle\Java\javapath;C:\WINDOWS\system32;C:\WINDOWS;C:\WINDOWS\System32\Wbem;C:\WINDOWS\System32\WindowsPowerShell\v1.0\;C:\WINDOWS\System32\OpenSSH\;C:\Program Files\Bandizip\;C:\Users\yangj\AppData\Local\Microsoft\WindowsApps;C:\Users\yangj\Desktop\z\;C:\Users\yangj\Desktop\z\jdk\bin\;C:\Users\yangj\Desktop\z\jdk\jre\bin\;C:\Users\yangj\Desktop\z\;C:\Users\yangj\Desktop\z\jdk\bin\;C:\Users\yangj\Desktop\z\jdk\jre\bin\;C:\Users\yangj\Desktop\z\;C:\Users\yangj\Desktop\z\jdk\bin\;C:\Users\yangj\Desktop\z\jdk\jre\bin\;C:\Users\yangj\Desktop\z\;C:\Users\yangj\Desktop\z\jdk\bin\;C:\Users\yangj\Desktop\z\jdk\jre\bin\;C:\Users\yangj\Desktop\z\;C:\Users\yangj\Desktop\z\;C:\Users\yangj\Desktop\z\;C:\Users\yangj\Desktop\z\jdk\bin\;C:\Users\yangj\Desktop\z\jdk\jre\bin\;;C:\Users\yangj\Desktop\z\;C:\Users\yangj\Desktop\z\jdk\bin\;C:\Users\yangj\Desktop\z\jdk\jre\bin\;;C:\Users\yangj\AppData\Local\Programs\Microsoft VS Code\bin;C:\Users\yangj\Desktop\MCreator20231\jdk\bin
USERNAME=yangj
OS=Windows_NT
PROCESSOR_IDENTIFIER=AMD64 Family 23 Model 24 Stepping 1, AuthenticAMD
TMP=C:\Users\yangj\AppData\Local\Temp
TEMP=C:\Users\yangj\AppData\Local\Temp



---------------  S Y S T E M  ---------------

OS:
 Windows 11 , 64 bit Build 22621 (10.0.22621.1325)
OS uptime: 3 days 6:39 hours
Hyper-V role detected

CPU: total 8 (initial active 8) (8 cores per cpu, 2 threads per core) family 23 model 24 stepping 1 microcode 0x0, cx8, cmov, fxsr, ht, mmx, 3dnowpref, sse, sse2, sse3, ssse3, sse4a, sse4.1, sse4.2, popcnt, lzcnt, tsc, tscinvbit, avx, avx2, aes, clmul, bmi1, bmi2, adx, sha, fma, vzeroupper, clflush, clflushopt, hv

Memory: 4k page, system-wide physical 14293M (6531M free)
TotalPageFile size 16981M (AvailPageFile size 7241M)
current process WorkingSet (physical memory assigned to process): 543M, peak: 587M
current process commit charge ("private bytes"): 617M, peak: 663M

vm_info: OpenJDK 64-Bit Server VM (17.0.5+8) for windows-amd64 JRE (17.0.5+8), built on Oct 19 2022 04:48:13 by "temurin" with MS VC++ 16.7 (VS2019)

END.
