#
# A fatal error has been detected by the Java Runtime Environment:
#
#  EXCEPTION_ACCESS_VIOLATION (0xc0000005) at pc=0x00007ffd85a62b60, pid=13216, tid=11684
#
# JRE version: OpenJDK Runtime Environment Temurin-17.0.5+8 (17.0.5+8) (build 17.0.5+8)
# Java VM: OpenJDK 64-Bit Server VM Temurin-17.0.5+8 (17.0.5+8, mixed mode, sharing, tiered, compressed oops, compressed class ptrs, g1 gc, windows-amd64)
# Problematic frame:
# C  [atio6axx.dll+0x192b60]
#
# No core dump will be written. Minidumps are not enabled by default on client versions of Windows
#
# If you would like to submit a bug report, please visit:
#   https://github.com/adoptium/adoptium-support/issues
# The crash happened outside the Java Virtual Machine in native code.
# See problematic frame for where to report the bug.
#

---------------  S U M M A R Y ------------

Command Line: -Dforge.enableGameTest=true -Dforge.logging.console.level=debug -Dforge.logging.markers=REGISTRIES -DignoreList=bootstraplauncher,securejarhandler,asm-commons,asm-util,asm-analysis,asm-tree,asm,JarJarFileSystems,client-extra,fmlcore,javafmllanguage,lowcodelanguage,mclanguage,forge- -Djava.net.preferIPv6Addresses=system -DlegacyClassPath.file=C:\Users\yangj\MCreatorWorkspaces\mixed_ore\build\classpath\runClient_minecraftClasspath.txt -DmergeModules=jna-5.10.0.jar,jna-platform-5.10.0.jar -Dos.version=10.0 --module-path=C:\Users\yangj\.mcreator\gradle\caches\modules-2\files-2.1\cpw.mods\bootstraplauncher\1.1.2\c546e00443d8432cda6baa1c860346980742628\bootstraplauncher-1.1.2.jar;C:\Users\yangj\.mcreator\gradle\caches\modules-2\files-2.1\cpw.mods\securejarhandler\2.1.4\f47e3b9dd860a7b82154b8f90a650ffd0aaa5582\securejarhandler-2.1.4.jar;C:\Users\yangj\.mcreator\gradle\caches\modules-2\files-2.1\org.ow2.asm\asm-commons\9.3\1f2a432d1212f5c352ae607d7b61dcae20c20af5\asm-commons-9.3.jar;C:\Users\yangj\.mcreator\gradle\caches\modules-2\files-2.1\org.ow2.asm\asm-util\9.3\9595bc05510d0bd4b610188b77333fe4851a1975\asm-util-9.3.jar;C:\Users\yangj\.mcreator\gradle\caches\modules-2\files-2.1\org.ow2.asm\asm-analysis\9.3\4b071f211b37c38e0e9f5998550197c8593f6ad8\asm-analysis-9.3.jar;C:\Users\yangj\.mcreator\gradle\caches\modules-2\files-2.1\org.ow2.asm\asm-tree\9.3\78d2ecd61318b5a58cd04fb237636c0e86b77d97\asm-tree-9.3.jar;C:\Users\yangj\.mcreator\gradle\caches\modules-2\files-2.1\org.ow2.asm\asm\9.3\8e6300ef51c1d801a7ed62d07cd221aca3a90640\asm-9.3.jar;C:\Users\yangj\.mcreator\gradle\caches\modules-2\files-2.1\net.minecraftforge\JarJarFileSystems\0.3.16\e52afbb2599dc7c6f779efea0496d32fc01152e3\JarJarFileSystems-0.3.16.jar --add-modules=ALL-MODULE-PATH --add-opens=java.base/java.util.jar=cpw.mods.securejarhandler --add-opens=java.base/java.lang.invoke=cpw.mods.securejarhandler --add-exports=java.base/sun.security.util=cpw.mods.securejarhandler --add-exports=jdk.naming.dns/com.sun.jndi.dns=java.naming -XX:HeapDumpPath=MojangTricksIntelDriversForPerformance_javaw.exe_minecraft.exe.heapdump -Dos.name=Windows 10 -Dfile.encoding=UTF-8 -Duser.country=CN -Duser.language=zh -Duser.variant cpw.mods.bootstraplauncher.BootstrapLauncher --launchTarget forgeclientuserdev --version MOD_DEV --assetIndex 1.19 --assetsDir C:\Users\yangj\.mcreator\gradle\caches\forge_gradle\assets --gameDir . --fml.forgeVersion 43.2.0 --fml.mcVersion 1.19.2 --fml.forgeGroup net.minecraftforge --fml.mcpVersion 20220805.130853

Host: AMD Ryzen 7 3700U with Radeon Vega Mobile Gfx  , 8 cores, 13G,  Windows 11 , 64 bit Build 22621 (10.0.22621.1325)
Time: Fri Mar 17 21:55:00 2023  Windows 11 , 64 bit Build 22621 (10.0.22621.1325) elapsed time: 19.497252 seconds (0d 0h 0m 19s)

---------------  T H R E A D  ---------------

Current thread (0x000002c5e3b7de40):  JavaThread "Render thread" [_thread_in_native, id=11684, stack(0x000000f556200000,0x000000f556300000)]

Stack: [0x000000f556200000,0x000000f556300000],  sp=0x000000f5562fa748,  free space=1001k
Native frames: (J=compiled Java code, j=interpreted, Vv=VM code, C=native code)
C  [atio6axx.dll+0x192b60]

Java frames: (J=compiled Java code, j=interpreted, Vv=VM code)
j  org.lwjgl.system.JNI.invokePPPP(IIJJJJ)J+0 org.lwjgl@3.3.1+7
j  org.lwjgl.glfw.GLFW.nglfwCreateWindow(IIJJJ)J+14 org.lwjgl.glfw@3.3.1+7
j  org.lwjgl.glfw.GLFW.glfwCreateWindow(IILjava/lang/CharSequence;JJ)J+34 org.lwjgl.glfw@3.3.1+7
j  net.minecraftforge.client.loading.NoVizFallback.lambda$fallback$0(Ljava/util/function/IntSupplier;Ljava/util/function/IntSupplier;Ljava/util/function/Supplier;Ljava/util/function/LongSupplier;)J+28 forge@43.2.0
j  net.minecraftforge.client.loading.NoVizFallback$$Lambda$4379+0x000000080162cf88.getAsLong()J+16 forge@43.2.0
j  net.minecraftforge.fml.loading.progress.EarlyProgressVisualization$Visualization$$Lambda$4380+0x00000008016277e0.apply(Ljava/lang/Object;)Ljava/lang/Object;+4 fmlloader@1.19.2-43.2.0
J 9662 c2 java.util.Optional.map(Ljava/util/function/Function;)Ljava/util/Optional; java.base@17.0.5 (30 bytes) @ 0x000002c5f4ea5afc [0x000002c5f4ea5aa0+0x000000000000005c]
j  net.minecraftforge.fml.loading.progress.EarlyProgressVisualization$Visualization.handOffWindow(Ljava/util/function/IntSupplier;Ljava/util/function/IntSupplier;Ljava/util/function/Supplier;Ljava/util/function/LongSupplier;)J+48 fmlloader@1.19.2-43.2.0
j  net.minecraftforge.fml.loading.progress.EarlyProgressVisualization.handOffWindow(Ljava/util/function/IntSupplier;Ljava/util/function/IntSupplier;Ljava/util/function/Supplier;Ljava/util/function/LongSupplier;)J+9 fmlloader@1.19.2-43.2.0
j  com.mojang.blaze3d.platform.Window.<init>(Lcom/mojang/blaze3d/platform/WindowEventHandler;Lcom/mojang/blaze3d/platform/ScreenManager;Lcom/mojang/blaze3d/platform/DisplayData;Ljava/lang/String;Ljava/lang/String;)V+279 minecraft@1.19.2
j  net.minecraft.client.renderer.VirtualScreen.newWindow(Lcom/mojang/blaze3d/platform/DisplayData;Ljava/lang/String;Ljava/lang/String;)Lcom/mojang/blaze3d/platform/Window;+15 minecraft@1.19.2
j  net.minecraft.client.Minecraft.<init>(Lnet/minecraft/client/main/GameConfig;)V+723 minecraft@1.19.2
j  net.minecraft.client.main.Main.run([Ljava/lang/String;Z)V+1356 minecraft@1.19.2
j  net.minecraft.client.main.Main.main([Ljava/lang/String;)V+12 minecraft@1.19.2
v  ~StubRoutines::call_stub
j  jdk.internal.reflect.NativeMethodAccessorImpl.invoke0(Ljava/lang/reflect/Method;Ljava/lang/Object;[Ljava/lang/Object;)Ljava/lang/Object;+0 java.base@17.0.5
j  jdk.internal.reflect.NativeMethodAccessorImpl.invoke(Ljava/lang/Object;[Ljava/lang/Object;)Ljava/lang/Object;+133 java.base@17.0.5
j  jdk.internal.reflect.DelegatingMethodAccessorImpl.invoke(Ljava/lang/Object;[Ljava/lang/Object;)Ljava/lang/Object;+6 java.base@17.0.5
j  java.lang.reflect.Method.invoke(Ljava/lang/Object;[Ljava/lang/Object;)Ljava/lang/Object;+59 java.base@17.0.5
j  net.minecraftforge.fml.loading.targets.ForgeClientUserdevLaunchHandler.lambda$launchService$0([Ljava/lang/String;Ljava/lang/ModuleLayer;)V+47 fmlloader@1.19.2-43.2.0
j  net.minecraftforge.fml.loading.targets.ForgeClientUserdevLaunchHandler$$Lambda$856+0x0000000800fb11a0.run()V+12 fmlloader@1.19.2-43.2.0
j  cpw.mods.modlauncher.LaunchServiceHandlerDecorator.launch([Ljava/lang/String;Ljava/lang/ModuleLayer;)V+11 cpw.mods.modlauncher@10.0.8
j  cpw.mods.modlauncher.LaunchServiceHandler.launch(Ljava/lang/String;[Ljava/lang/String;Ljava/lang/ModuleLayer;Lcpw/mods/modlauncher/TransformingClassLoader;Lcpw/mods/modlauncher/LaunchPluginHandler;)V+58 cpw.mods.modlauncher@10.0.8
j  cpw.mods.modlauncher.LaunchServiceHandler.launch(Lcpw/mods/modlauncher/ArgumentHandler;Ljava/lang/ModuleLayer;Lcpw/mods/modlauncher/TransformingClassLoader;Lcpw/mods/modlauncher/LaunchPluginHandler;)V+21 cpw.mods.modlauncher@10.0.8
j  cpw.mods.modlauncher.Launcher.run([Ljava/lang/String;)V+310 cpw.mods.modlauncher@10.0.8
j  cpw.mods.modlauncher.Launcher.main([Ljava/lang/String;)V+78 cpw.mods.modlauncher@10.0.8
j  cpw.mods.modlauncher.BootstrapLaunchConsumer.accept([Ljava/lang/String;)V+1 cpw.mods.modlauncher@10.0.8
j  cpw.mods.modlauncher.BootstrapLaunchConsumer.accept(Ljava/lang/Object;)V+5 cpw.mods.modlauncher@10.0.8
j  cpw.mods.bootstraplauncher.BootstrapLauncher.main([Ljava/lang/String;)V+515 cpw.mods.bootstraplauncher@1.1.2
v  ~StubRoutines::call_stub

siginfo: EXCEPTION_ACCESS_VIOLATION (0xc0000005), reading address 0xffffffffffffffff


Register to memory mapping:

RIP=0x00007ffd85a62b60 atio6axx.dll
RAX=0x0 is NULL
RBX=0x00007ffd892a33b0 atio6axx.dll
RCX=0x6e6f6d6d6f635c73 is an unknown value
RDX=0x00000000000000d0 is an unknown value
RSP=0x000000f5562fa748 is pointing into the stack for thread: 0x000002c5e3b7de40
RBP=0x000000f5562fa8b0 is pointing into the stack for thread: 0x000002c5e3b7de40
RSI=0x00007ffd891b2d40 atio6axx.dll
RDI=0x000000f5562faba0 is pointing into the stack for thread: 0x000002c5e3b7de40
R8 =0x00000000000001a5 is an unknown value
R9 =0x6e6f6d6d6f635c73 is an unknown value
R10=0x0 is NULL
R11=0x0000000000000200 is an unknown value
R12=0x00007ffd892a3408 atio6axx.dll
R13=0x00007ffd892a5c08 atio6axx.dll
R14=0x00007ffd892a33b0 atio6axx.dll
R15=0x0 is NULL


Registers:
RAX=0x0000000000000000, RBX=0x00007ffd892a33b0, RCX=0x6e6f6d6d6f635c73, RDX=0x00000000000000d0
RSP=0x000000f5562fa748, RBP=0x000000f5562fa8b0, RSI=0x00007ffd891b2d40, RDI=0x000000f5562faba0
R8 =0x00000000000001a5, R9 =0x6e6f6d6d6f635c73, R10=0x0000000000000000, R11=0x0000000000000200
R12=0x00007ffd892a3408, R13=0x00007ffd892a5c08, R14=0x00007ffd892a33b0, R15=0x0000000000000000
RIP=0x00007ffd85a62b60, EFLAGS=0x0000000000010206

Top of Stack: (sp=0x000000f5562fa748)
0x000000f5562fa748:   00007ffd85a62e7c 00007ffd892a6020
0x000000f5562fa758:   000002c5890500b8 0000000000000000
0x000000f5562fa768:   00007ffd85a63e8d 000000f5562faba0
0x000000f5562fa778:   00007ffd85a1f484 00007ffd892a33b0
0x000000f5562fa788:   00007ffd891b2d40 0000652e6176616a
0x000000f5562fa798:   0000740f6fdf0794 000000f5562faba0
0x000000f5562fa7a8:   00007ffd85a20457 00007ffd892a33b8
0x000000f5562fa7b8:   00007ffd891b2d40 00007ffd891b2d40
0x000000f5562fa7c8:   000000f5562fa6b8 00007ffd892a33b0
0x000000f5562fa7d8:   00007ffd00000000 0000000000000009
0x000000f5562fa7e8:   000002c58941b28c 000002c58941b3e8
0x000000f5562fa7f8:   00007ffd892a33b8 000000f5562faba0
0x000000f5562fa808:   000000f5562fa95d 00007f006176616a
0x000000f5562fa818:   00007f006176616a 46676e697274535c
0x000000f5562fa828:   5c6f666e49656c69 3062343039303430
0x000000f5562fa838:   726556656c69465c 000000006e6f6973 

Instructions: (pc=0x00007ffd85a62b60)
0x00007ffd85a62a60:   74 09 33 c9 ff 15 e6 89 66 03 90 48 8b c3 48 83
0x00007ffd85a62a70:   c4 20 5b c3 cc cc cc cc cc cc cc cc cc cc cc cc
0x00007ffd85a62a80:   48 83 ec 28 48 8b 51 08 48 85 d2 74 09 33 c9 ff
0x00007ffd85a62a90:   15 bb 89 66 03 90 48 83 c4 28 c3 cc cc cc cc cc
0x00007ffd85a62aa0:   48 89 11 c3 cc cc cc cc cc cc cc cc cc cc cc cc
0x00007ffd85a62ab0:   48 8b c1 c3 cc cc cc cc cc cc cc cc cc cc cc cc
0x00007ffd85a62ac0:   48 3b ca 74 10 41 8b 00 39 01 74 09 48 83 c1 04
0x00007ffd85a62ad0:   48 3b ca 75 f3 48 8b c1 c3 cc cc cc cc cc cc cc
0x00007ffd85a62ae0:   48 8b c1 c3 cc cc cc cc cc cc cc cc cc cc cc cc
0x00007ffd85a62af0:   48 83 39 00 0f 94 c0 c3 cc cc cc cc cc cc cc cc
0x00007ffd85a62b00:   4c 8d 04 d5 00 00 00 00 33 d2 e9 c1 d0 dd 01 cc
0x00007ffd85a62b10:   4c 8b 41 08 48 8b 02 49 89 00 48 83 41 08 08 c3
0x00007ffd85a62b20:   48 8b c1 c3 cc cc cc cc cc cc cc cc cc cc cc cc
0x00007ffd85a62b30:   48 8b c1 c3 cc cc cc cc cc cc cc cc cc cc cc cc
0x00007ffd85a62b40:   49 8b 00 48 89 02 c3 cc cc cc cc cc cc cc cc cc
0x00007ffd85a62b50:   8b 81 40 39 00 00 c3 cc cc cc cc cc cc cc cc cc
0x00007ffd85a62b60:   8b 81 40 39 00 00 83 c0 f0 83 f8 67 0f 87 5a 01
0x00007ffd85a62b70:   00 00 48 8d 15 87 d4 e6 ff 0f b6 84 02 f0 2c 19
0x00007ffd85a62b80:   00 8b 8c 82 d0 2c 19 00 48 03 ca ff e1 48 8b 0d
0x00007ffd85a62b90:   6c 6f 7e 03 83 b9 b4 34 00 00 02 0f 87 2b 01 00
0x00007ffd85a62ba0:   00 48 8d 91 0c 29 00 00 c7 02 e1 00 00 00 e9 ce
0x00007ffd85a62bb0:   00 00 00 48 8b 0d 46 6f 7e 03 83 b9 b4 34 00 00
0x00007ffd85a62bc0:   02 0f 87 05 01 00 00 48 8d 91 0c 29 00 00 c7 02
0x00007ffd85a62bd0:   f0 00 00 00 e9 a8 00 00 00 48 8b 0d 20 6f 7e 03
0x00007ffd85a62be0:   83 b9 b4 34 00 00 02 0f 87 df 00 00 00 48 8d 91
0x00007ffd85a62bf0:   0c 29 00 00 c7 02 00 04 00 00 e9 82 00 00 00 48
0x00007ffd85a62c00:   8b 0d fa 6e 7e 03 83 b9 b4 34 00 00 02 0f 87 b9
0x00007ffd85a62c10:   00 00 00 48 8d 91 0c 29 00 00 c7 02 00 08 00 00
0x00007ffd85a62c20:   eb 5f 48 8b 0d d7 6e 7e 03 83 b9 b4 34 00 00 02
0x00007ffd85a62c30:   0f 87 96 00 00 00 48 8d 91 0c 29 00 00 c7 02 00
0x00007ffd85a62c40:   09 00 00 eb 3c 48 8b 0d b4 6e 7e 03 83 b9 b4 34
0x00007ffd85a62c50:   00 00 02 77 77 48 8d 91 0c 29 00 00 c7 02 3c 0f 


Stack slot to memory mapping:
stack at sp + 0 slots: 0x00007ffd85a62e7c atio6axx.dll
stack at sp + 1 slots: 0x00007ffd892a6020 atio6axx.dll
stack at sp + 2 slots: 0x000002c5890500b8 points into unknown readable memory: 0x00007ffd88aaf5f0 | f0 f5 aa 88 fd 7f 00 00
stack at sp + 3 slots: 0x0 is NULL
stack at sp + 4 slots: 0x00007ffd85a63e8d atio6axx.dll
stack at sp + 5 slots: 0x000000f5562faba0 is pointing into the stack for thread: 0x000002c5e3b7de40
stack at sp + 6 slots: 0x00007ffd85a1f484 atio6axx.dll
stack at sp + 7 slots: 0x00007ffd892a33b0 atio6axx.dll


---------------  P R O C E S S  ---------------

Threads class SMR info:
_java_thread_list=0x000002c58accf510, length=16, elements={
0x000002c5e3b7de40, 0x000002c5879047d0, 0x000002c5879062a0, 0x000002c58791eb40,
0x000002c587923610, 0x000002c587926ef0, 0x000002c58792b7d0, 0x000002c588400dc0,
0x000002c58840a6e0, 0x000002c58841bbb0, 0x000002c58850ba20, 0x000002c588565cb0,
0x000002c58adbf6e0, 0x000002c58c685a40, 0x000002c58b879030, 0x000002c58d7364f0
}

Java Threads: ( => current thread )
=>0x000002c5e3b7de40 JavaThread "Render thread" [_thread_in_native, id=11684, stack(0x000000f556200000,0x000000f556300000)]
  0x000002c5879047d0 JavaThread "Reference Handler" daemon [_thread_blocked, id=5152, stack(0x000000f556900000,0x000000f556a00000)]
  0x000002c5879062a0 JavaThread "Finalizer" daemon [_thread_blocked, id=8832, stack(0x000000f556a00000,0x000000f556b00000)]
  0x000002c58791eb40 JavaThread "Signal Dispatcher" daemon [_thread_blocked, id=12812, stack(0x000000f556b00000,0x000000f556c00000)]
  0x000002c587923610 JavaThread "Attach Listener" daemon [_thread_blocked, id=10348, stack(0x000000f556c00000,0x000000f556d00000)]
  0x000002c587926ef0 JavaThread "Service Thread" daemon [_thread_blocked, id=11372, stack(0x000000f556d00000,0x000000f556e00000)]
  0x000002c58792b7d0 JavaThread "Monitor Deflation Thread" daemon [_thread_blocked, id=8580, stack(0x000000f556e00000,0x000000f556f00000)]
  0x000002c588400dc0 JavaThread "C2 CompilerThread0" daemon [_thread_blocked, id=10368, stack(0x000000f556f00000,0x000000f557000000)]
  0x000002c58840a6e0 JavaThread "C1 CompilerThread0" daemon [_thread_blocked, id=5340, stack(0x000000f557000000,0x000000f557100000)]
  0x000002c58841bbb0 JavaThread "Sweeper thread" daemon [_thread_blocked, id=11816, stack(0x000000f557100000,0x000000f557200000)]
  0x000002c58850ba20 JavaThread "Common-Cleaner" daemon [_thread_blocked, id=9732, stack(0x000000f557200000,0x000000f557300000)]
  0x000002c588565cb0 JavaThread "Notification Thread" daemon [_thread_blocked, id=10160, stack(0x000000f557400000,0x000000f557500000)]
  0x000002c58adbf6e0 JavaThread "Thread-0" daemon [_thread_blocked, id=12420, stack(0x000000f557e00000,0x000000f557f00000)]
  0x000002c58c685a40 JavaThread "FileSystemWatchService" daemon [_thread_in_native, id=2992, stack(0x000000f557f00000,0x000000f558000000)]
  0x000002c58b879030 JavaThread "pool-2-thread-1" daemon [_thread_blocked, id=7244, stack(0x000000f558100000,0x000000f558200000)]
  0x000002c58d7364f0 JavaThread "Timer hack thread" daemon [_thread_blocked, id=11596, stack(0x000000f558500000,0x000000f558600000)]

Other Threads:
  0x000002c587900090 VMThread "VM Thread" [stack: 0x000000f556800000,0x000000f556900000] [id=2452]
  0x000002c5e3bf87e0 WatcherThread [stack: 0x000000f557500000,0x000000f557600000] [id=9548]
  0x000002c5e3be0560 GCTaskThread "GC Thread#0" [stack: 0x000000f556300000,0x000000f556400000] [id=11676]
  0x000002c588d70220 GCTaskThread "GC Thread#1" [stack: 0x000000f557700000,0x000000f557800000] [id=12336]
  0x000002c588d70a30 GCTaskThread "GC Thread#2" [stack: 0x000000f557800000,0x000000f557900000] [id=8152]
  0x000002c588d70780 GCTaskThread "GC Thread#3" [stack: 0x000000f557900000,0x000000f557a00000] [id=12052]
  0x000002c588d6fcc0 GCTaskThread "GC Thread#4" [stack: 0x000000f557a00000,0x000000f557b00000] [id=2156]
  0x000002c588d70f90 GCTaskThread "GC Thread#5" [stack: 0x000000f557b00000,0x000000f557c00000] [id=7468]
  0x000002c588d704d0 GCTaskThread "GC Thread#6" [stack: 0x000000f557c00000,0x000000f557d00000] [id=8460]
  0x000002c58a7e7340 GCTaskThread "GC Thread#7" [stack: 0x000000f557d00000,0x000000f557e00000] [id=13064]
  0x000002c5e3bf12a0 ConcurrentGCThread "G1 Main Marker" [stack: 0x000000f556400000,0x000000f556500000] [id=2284]
  0x000002c5e3bf22f0 ConcurrentGCThread "G1 Conc#0" [stack: 0x000000f556500000,0x000000f556600000] [id=7072]
  0x000002c58a7ea3a0 ConcurrentGCThread "G1 Conc#1" [stack: 0x000000f558000000,0x000000f558100000] [id=8756]
  0x000002c5e3c1e0e0 ConcurrentGCThread "G1 Refine#0" [stack: 0x000000f556600000,0x000000f556700000] [id=1972]
  0x000002c58968fcf0 ConcurrentGCThread "G1 Refine#1" [stack: 0x000000f558600000,0x000000f558700000] [id=10084]
  0x000002c590596490 ConcurrentGCThread "G1 Refine#2" [stack: 0x000000f558700000,0x000000f558800000] [id=4124]
  0x000002c58a995930 ConcurrentGCThread "G1 Refine#3" [stack: 0x000000f558800000,0x000000f558900000] [id=7116]
  0x000002c58bbbb260 ConcurrentGCThread "G1 Refine#4" [stack: 0x000000f558900000,0x000000f558a00000] [id=7184]
  0x000002c58a6740c0 ConcurrentGCThread "G1 Refine#5" [stack: 0x000000f558a00000,0x000000f558b00000] [id=5488]
  0x000002c58a673de0 ConcurrentGCThread "G1 Refine#6" [stack: 0x000000f558b00000,0x000000f558c00000] [id=5356]
  0x000002c5896902b0 ConcurrentGCThread "G1 Refine#7" [stack: 0x000000f558c00000,0x000000f558d00000] [id=12992]
  0x000002c5e3c1e9a0 ConcurrentGCThread "G1 Service" [stack: 0x000000f556700000,0x000000f556800000] [id=1536]

Threads with active compile tasks:

VM state: not at safepoint (normal execution)

VM Mutex/Monitor currently owned by a thread: None

Heap address: 0x0000000720a00000, size: 3574 MB, Compressed Oops mode: Zero based, Oop shift amount: 3

CDS archive(s) mapped at: [0x0000000800000000-0x0000000800bc0000-0x0000000800bc0000), size 12320768, SharedBaseAddress: 0x0000000800000000, ArchiveRelocationMode: 0.
Compressed class space mapped at: 0x0000000800c00000-0x0000000840c00000, reserved size: 1073741824
Narrow klass base: 0x0000000800000000, Narrow klass shift: 0, Narrow klass range: 0x100000000

GC Precious Log:
 CPUs: 8 total, 8 available
 Memory: 14293M
 Large Page Support: Disabled
 NUMA Support: Disabled
 Compressed Oops: Enabled (Zero based)
 Heap Region Size: 2M
 Heap Min Capacity: 8M
 Heap Initial Capacity: 224M
 Heap Max Capacity: 3574M
 Pre-touch: Disabled
 Parallel Workers: 8
 Concurrent Workers: 2
 Concurrent Refinement Workers: 8
 Periodic GC: Disabled

Heap:
 garbage-first heap   total 356352K, used 270900K [0x0000000720a00000, 0x0000000800000000)
  region size 2048K, 61 young (124928K), 4 survivors (8192K)
 Metaspace       used 65452K, committed 66560K, reserved 1105920K
  class space    used 9949K, committed 10432K, reserved 1048576K

Heap Regions: E=young(eden), S=young(survivor), O=old, HS=humongous(starts), HC=humongous(continues), CS=collection set, F=free, OA=open archive, CA=closed archive, TAMS=top-at-mark-start (previous, next)
|   0|0x0000000720a00000, 0x0000000720c00000, 0x0000000720c00000|100%|HS|  |TAMS 0x0000000720c00000, 0x0000000720a00000| Complete 
|   1|0x0000000720c00000, 0x0000000720e00000, 0x0000000720e00000|100%| O|  |TAMS 0x0000000720e00000, 0x0000000720c00000| Untracked 
|   2|0x0000000720e00000, 0x0000000721000000, 0x0000000721000000|100%|HS|  |TAMS 0x0000000721000000, 0x0000000720e00000| Complete 
|   3|0x0000000721000000, 0x0000000721200000, 0x0000000721200000|100%| O|  |TAMS 0x0000000721200000, 0x0000000721000000| Untracked 
|   4|0x0000000721200000, 0x0000000721400000, 0x0000000721400000|100%| O|  |TAMS 0x0000000721400000, 0x0000000721200000| Untracked 
|   5|0x0000000721400000, 0x0000000721600000, 0x0000000721600000|100%| O|  |TAMS 0x0000000721600000, 0x0000000721400000| Untracked 
|   6|0x0000000721600000, 0x0000000721800000, 0x0000000721800000|100%|HS|  |TAMS 0x0000000721800000, 0x0000000721600000| Complete 
|   7|0x0000000721800000, 0x0000000721a00000, 0x0000000721a00000|100%|HS|  |TAMS 0x0000000721a00000, 0x0000000721800000| Complete 
|   8|0x0000000721a00000, 0x0000000721c00000, 0x0000000721c00000|100%| O|  |TAMS 0x0000000721c00000, 0x0000000721a00000| Untracked 
|   9|0x0000000721c00000, 0x0000000721e00000, 0x0000000721e00000|100%| O|  |TAMS 0x0000000721e00000, 0x0000000721c00000| Untracked 
|  10|0x0000000721e00000, 0x0000000722000000, 0x0000000722000000|100%| O|  |TAMS 0x0000000722000000, 0x0000000721e00000| Untracked 
|  11|0x0000000722000000, 0x0000000722200000, 0x0000000722200000|100%| O|  |TAMS 0x0000000722200000, 0x0000000722000000| Untracked 
|  12|0x0000000722200000, 0x0000000722400000, 0x0000000722400000|100%|HS|  |TAMS 0x0000000722400000, 0x0000000722200000| Complete 
|  13|0x0000000722400000, 0x0000000722600000, 0x0000000722600000|100%| O|  |TAMS 0x0000000722600000, 0x0000000722400000| Untracked 
|  14|0x0000000722600000, 0x0000000722800000, 0x0000000722800000|100%| O|  |TAMS 0x0000000722800000, 0x0000000722600000| Untracked 
|  15|0x0000000722800000, 0x0000000722a00000, 0x0000000722a00000|100%| O|  |TAMS 0x0000000722a00000, 0x0000000722800000| Untracked 
|  16|0x0000000722a00000, 0x0000000722c00000, 0x0000000722c00000|100%| O|  |TAMS 0x0000000722c00000, 0x0000000722a00000| Untracked 
|  17|0x0000000722c00000, 0x0000000722e00000, 0x0000000722e00000|100%| O|  |TAMS 0x0000000722e00000, 0x0000000722c00000| Untracked 
|  18|0x0000000722e00000, 0x0000000723000000, 0x0000000723000000|100%| O|  |TAMS 0x0000000723000000, 0x0000000722e00000| Untracked 
|  19|0x0000000723000000, 0x0000000723200000, 0x0000000723200000|100%| O|  |TAMS 0x0000000723200000, 0x0000000723000000| Untracked 
|  20|0x0000000723200000, 0x0000000723400000, 0x0000000723400000|100%| O|  |TAMS 0x0000000723400000, 0x0000000723200000| Untracked 
|  21|0x0000000723400000, 0x0000000723600000, 0x0000000723600000|100%| O|  |TAMS 0x0000000723600000, 0x0000000723400000| Untracked 
|  22|0x0000000723600000, 0x000000072362be00, 0x0000000723800000|  8%| O|  |TAMS 0x000000072362be00, 0x0000000723600000| Untracked 
|  23|0x0000000723800000, 0x0000000723a00000, 0x0000000723a00000|100%| O|  |TAMS 0x0000000723a00000, 0x0000000723800000| Untracked 
|  24|0x0000000723a00000, 0x0000000723c00000, 0x0000000723c00000|100%| O|  |TAMS 0x0000000723c00000, 0x0000000723a00000| Untracked 
|  25|0x0000000723c00000, 0x0000000723e00000, 0x0000000723e00000|100%| O|  |TAMS 0x0000000723e00000, 0x0000000723c00000| Untracked 
|  26|0x0000000723e00000, 0x0000000724000000, 0x0000000724000000|100%| O|  |TAMS 0x0000000724000000, 0x0000000723e00000| Untracked 
|  27|0x0000000724000000, 0x0000000724200000, 0x0000000724200000|100%| O|  |TAMS 0x0000000724200000, 0x0000000724000000| Untracked 
|  28|0x0000000724200000, 0x0000000724400000, 0x0000000724400000|100%| O|  |TAMS 0x0000000724400000, 0x0000000724200000| Untracked 
|  29|0x0000000724400000, 0x0000000724600000, 0x0000000724600000|100%| O|  |TAMS 0x0000000724600000, 0x0000000724400000| Untracked 
|  30|0x0000000724600000, 0x0000000724800000, 0x0000000724800000|100%| O|  |TAMS 0x0000000724800000, 0x0000000724600000| Untracked 
|  31|0x0000000724800000, 0x0000000724a00000, 0x0000000724a00000|100%| O|  |TAMS 0x0000000724a00000, 0x0000000724800000| Untracked 
|  32|0x0000000724a00000, 0x0000000724c00000, 0x0000000724c00000|100%| O|  |TAMS 0x0000000724c00000, 0x0000000724a00000| Untracked 
|  33|0x0000000724c00000, 0x0000000724e00000, 0x0000000724e00000|100%| O|  |TAMS 0x0000000724e00000, 0x0000000724c00000| Untracked 
|  34|0x0000000724e00000, 0x0000000725000000, 0x0000000725000000|100%|HS|  |TAMS 0x0000000725000000, 0x0000000724e00000| Complete 
|  35|0x0000000725000000, 0x0000000725200000, 0x0000000725200000|100%|HC|  |TAMS 0x0000000725200000, 0x0000000725000000| Complete 
|  36|0x0000000725200000, 0x0000000725400000, 0x0000000725400000|100%|HC|  |TAMS 0x0000000725400000, 0x0000000725200000| Complete 
|  37|0x0000000725400000, 0x0000000725600000, 0x0000000725600000|100%|HC|  |TAMS 0x0000000725600000, 0x0000000725400000| Complete 
|  38|0x0000000725600000, 0x0000000725800000, 0x0000000725800000|100%|HC|  |TAMS 0x0000000725800000, 0x0000000725600000| Complete 
|  39|0x0000000725800000, 0x0000000725a00000, 0x0000000725a00000|100%|HC|  |TAMS 0x0000000725a00000, 0x0000000725800000| Complete 
|  40|0x0000000725a00000, 0x0000000725c00000, 0x0000000725c00000|100%| O|  |TAMS 0x0000000725c00000, 0x0000000725a00000| Untracked 
|  41|0x0000000725c00000, 0x0000000725e00000, 0x0000000725e00000|100%| O|  |TAMS 0x0000000725e00000, 0x0000000725c00000| Untracked 
|  42|0x0000000725e00000, 0x0000000726000000, 0x0000000726000000|100%| O|  |TAMS 0x0000000726000000, 0x0000000725e00000| Untracked 
|  43|0x0000000726000000, 0x0000000726200000, 0x0000000726200000|100%| O|  |TAMS 0x0000000726200000, 0x0000000726000000| Untracked 
|  44|0x0000000726200000, 0x0000000726400000, 0x0000000726400000|100%| O|  |TAMS 0x0000000726400000, 0x0000000726200000| Untracked 
|  45|0x0000000726400000, 0x0000000726600000, 0x0000000726600000|100%| O|  |TAMS 0x0000000726600000, 0x0000000726400000| Untracked 
|  46|0x0000000726600000, 0x0000000726800000, 0x0000000726800000|100%| O|  |TAMS 0x0000000726800000, 0x0000000726600000| Untracked 
|  47|0x0000000726800000, 0x0000000726a00000, 0x0000000726a00000|100%| O|  |TAMS 0x0000000726a00000, 0x0000000726800000| Untracked 
|  48|0x0000000726a00000, 0x0000000726c00000, 0x0000000726c00000|100%| O|  |TAMS 0x0000000726c00000, 0x0000000726a00000| Untracked 
|  49|0x0000000726c00000, 0x0000000726e00000, 0x0000000726e00000|100%| O|  |TAMS 0x0000000726e00000, 0x0000000726c00000| Untracked 
|  50|0x0000000726e00000, 0x0000000727000000, 0x0000000727000000|100%| O|  |TAMS 0x0000000727000000, 0x0000000726e00000| Untracked 
|  51|0x0000000727000000, 0x0000000727200000, 0x0000000727200000|100%| O|  |TAMS 0x0000000727200000, 0x0000000727000000| Untracked 
|  52|0x0000000727200000, 0x0000000727400000, 0x0000000727400000|100%| O|  |TAMS 0x0000000727400000, 0x0000000727200000| Untracked 
|  53|0x0000000727400000, 0x0000000727600000, 0x0000000727600000|100%| O|  |TAMS 0x0000000727600000, 0x0000000727400000| Untracked 
|  54|0x0000000727600000, 0x0000000727800000, 0x0000000727800000|100%| O|  |TAMS 0x0000000727800000, 0x0000000727600000| Untracked 
|  55|0x0000000727800000, 0x0000000727a00000, 0x0000000727a00000|100%| O|  |TAMS 0x0000000727a00000, 0x0000000727800000| Untracked 
|  56|0x0000000727a00000, 0x0000000727c00000, 0x0000000727c00000|100%| O|  |TAMS 0x0000000727c00000, 0x0000000727a00000| Untracked 
|  57|0x0000000727c00000, 0x0000000727e00000, 0x0000000727e00000|100%| O|  |TAMS 0x0000000727e00000, 0x0000000727c00000| Untracked 
|  58|0x0000000727e00000, 0x0000000728000000, 0x0000000728000000|100%| O|  |TAMS 0x0000000728000000, 0x0000000727e00000| Untracked 
|  59|0x0000000728000000, 0x0000000728200000, 0x0000000728200000|100%| O|  |TAMS 0x0000000728200000, 0x0000000728000000| Untracked 
|  60|0x0000000728200000, 0x0000000728400000, 0x0000000728400000|100%| O|  |TAMS 0x0000000728400000, 0x0000000728200000| Untracked 
|  61|0x0000000728400000, 0x0000000728600000, 0x0000000728600000|100%| O|  |TAMS 0x0000000728600000, 0x0000000728400000| Untracked 
|  62|0x0000000728600000, 0x0000000728800000, 0x0000000728800000|100%| O|  |TAMS 0x0000000728800000, 0x0000000728600000| Untracked 
|  63|0x0000000728800000, 0x0000000728a00000, 0x0000000728a00000|100%| O|  |TAMS 0x0000000728a00000, 0x0000000728800000| Untracked 
|  64|0x0000000728a00000, 0x0000000728c00000, 0x0000000728c00000|100%| O|  |TAMS 0x0000000728c00000, 0x0000000728a00000| Untracked 
|  65|0x0000000728c00000, 0x0000000728e00000, 0x0000000728e00000|100%| O|  |TAMS 0x0000000728e00000, 0x0000000728c00000| Untracked 
|  66|0x0000000728e00000, 0x0000000729000000, 0x0000000729000000|100%| O|  |TAMS 0x0000000729000000, 0x0000000728e00000| Untracked 
|  67|0x0000000729000000, 0x0000000729200000, 0x0000000729200000|100%| O|  |TAMS 0x0000000729200000, 0x0000000729000000| Untracked 
|  68|0x0000000729200000, 0x0000000729400000, 0x0000000729400000|100%| O|  |TAMS 0x0000000729400000, 0x0000000729200000| Untracked 
|  69|0x0000000729400000, 0x0000000729600000, 0x0000000729600000|100%| O|  |TAMS 0x0000000729600000, 0x0000000729400000| Untracked 
|  70|0x0000000729600000, 0x0000000729800000, 0x0000000729800000|100%| O|  |TAMS 0x0000000729800000, 0x0000000729600000| Untracked 
|  71|0x0000000729800000, 0x0000000729a00000, 0x0000000729a00000|100%| O|  |TAMS 0x0000000729a00000, 0x0000000729800000| Untracked 
|  72|0x0000000729a00000, 0x0000000729c00000, 0x0000000729c00000|100%| O|  |TAMS 0x0000000729c00000, 0x0000000729a00000| Untracked 
|  73|0x0000000729c00000, 0x0000000729e00000, 0x0000000729e00000|100%| O|  |TAMS 0x0000000729e00000, 0x0000000729c00000| Untracked 
|  74|0x0000000729e00000, 0x0000000729ebbc00, 0x000000072a000000| 36%| O|  |TAMS 0x0000000729ebbc00, 0x0000000729e00000| Untracked 
|  75|0x000000072a000000, 0x000000072a000000, 0x000000072a200000|  0%| F|  |TAMS 0x000000072a000000, 0x000000072a000000| Untracked 
|  76|0x000000072a200000, 0x000000072a200000, 0x000000072a400000|  0%| F|  |TAMS 0x000000072a200000, 0x000000072a200000| Untracked 
|  77|0x000000072a400000, 0x000000072a400000, 0x000000072a600000|  0%| F|  |TAMS 0x000000072a400000, 0x000000072a400000| Untracked 
|  78|0x000000072a600000, 0x000000072a600000, 0x000000072a800000|  0%| F|  |TAMS 0x000000072a600000, 0x000000072a600000| Untracked 
|  79|0x000000072a800000, 0x000000072a800000, 0x000000072aa00000|  0%| F|  |TAMS 0x000000072a800000, 0x000000072a800000| Untracked 
|  80|0x000000072aa00000, 0x000000072aa00000, 0x000000072ac00000|  0%| F|  |TAMS 0x000000072aa00000, 0x000000072aa00000| Untracked 
|  81|0x000000072ac00000, 0x000000072ac00000, 0x000000072ae00000|  0%| F|  |TAMS 0x000000072ac00000, 0x000000072ac00000| Untracked 
|  82|0x000000072ae00000, 0x000000072ae00000, 0x000000072b000000|  0%| F|  |TAMS 0x000000072ae00000, 0x000000072ae00000| Untracked 
|  83|0x000000072b000000, 0x000000072b000000, 0x000000072b200000|  0%| F|  |TAMS 0x000000072b000000, 0x000000072b000000| Untracked 
|  84|0x000000072b200000, 0x000000072b200000, 0x000000072b400000|  0%| F|  |TAMS 0x000000072b200000, 0x000000072b200000| Untracked 
|  85|0x000000072b400000, 0x000000072b400000, 0x000000072b600000|  0%| F|  |TAMS 0x000000072b400000, 0x000000072b400000| Untracked 
|  86|0x000000072b600000, 0x000000072b600000, 0x000000072b800000|  0%| F|  |TAMS 0x000000072b600000, 0x000000072b600000| Untracked 
|  87|0x000000072b800000, 0x000000072b800000, 0x000000072ba00000|  0%| F|  |TAMS 0x000000072b800000, 0x000000072b800000| Untracked 
|  88|0x000000072ba00000, 0x000000072ba00000, 0x000000072bc00000|  0%| F|  |TAMS 0x000000072ba00000, 0x000000072ba00000| Untracked 
|  89|0x000000072bc00000, 0x000000072bc00000, 0x000000072be00000|  0%| F|  |TAMS 0x000000072bc00000, 0x000000072bc00000| Untracked 
|  90|0x000000072be00000, 0x000000072be00000, 0x000000072c000000|  0%| F|  |TAMS 0x000000072be00000, 0x000000072be00000| Untracked 
|  91|0x000000072c000000, 0x000000072c000000, 0x000000072c200000|  0%| F|  |TAMS 0x000000072c000000, 0x000000072c000000| Untracked 
|  92|0x000000072c200000, 0x000000072c200000, 0x000000072c400000|  0%| F|  |TAMS 0x000000072c200000, 0x000000072c200000| Untracked 
|  93|0x000000072c400000, 0x000000072c400000, 0x000000072c600000|  0%| F|  |TAMS 0x000000072c400000, 0x000000072c400000| Untracked 
|  94|0x000000072c600000, 0x000000072c600000, 0x000000072c800000|  0%| F|  |TAMS 0x000000072c600000, 0x000000072c600000| Untracked 
|  95|0x000000072c800000, 0x000000072c800000, 0x000000072ca00000|  0%| F|  |TAMS 0x000000072c800000, 0x000000072c800000| Untracked 
|  96|0x000000072ca00000, 0x000000072ca00000, 0x000000072cc00000|  0%| F|  |TAMS 0x000000072ca00000, 0x000000072ca00000| Untracked 
|  97|0x000000072cc00000, 0x000000072cc00000, 0x000000072ce00000|  0%| F|  |TAMS 0x000000072cc00000, 0x000000072cc00000| Untracked 
|  98|0x000000072ce00000, 0x000000072ce00000, 0x000000072d000000|  0%| F|  |TAMS 0x000000072ce00000, 0x000000072ce00000| Untracked 
|  99|0x000000072d000000, 0x000000072d000000, 0x000000072d200000|  0%| F|  |TAMS 0x000000072d000000, 0x000000072d000000| Untracked 
| 100|0x000000072d200000, 0x000000072d200000, 0x000000072d400000|  0%| F|  |TAMS 0x000000072d200000, 0x000000072d200000| Untracked 
| 101|0x000000072d400000, 0x000000072d400000, 0x000000072d600000|  0%| F|  |TAMS 0x000000072d400000, 0x000000072d400000| Untracked 
| 102|0x000000072d600000, 0x000000072d600000, 0x000000072d800000|  0%| F|  |TAMS 0x000000072d600000, 0x000000072d600000| Untracked 
| 103|0x000000072d800000, 0x000000072d800000, 0x000000072da00000|  0%| F|  |TAMS 0x000000072d800000, 0x000000072d800000| Untracked 
| 104|0x000000072da00000, 0x000000072da00000, 0x000000072dc00000|  0%| F|  |TAMS 0x000000072da00000, 0x000000072da00000| Untracked 
| 105|0x000000072dc00000, 0x000000072dc00000, 0x000000072de00000|  0%| F|  |TAMS 0x000000072dc00000, 0x000000072dc00000| Untracked 
| 106|0x000000072de00000, 0x000000072de00000, 0x000000072e000000|  0%| F|  |TAMS 0x000000072de00000, 0x000000072de00000| Untracked 
| 107|0x000000072e000000, 0x000000072e000000, 0x000000072e200000|  0%| F|  |TAMS 0x000000072e000000, 0x000000072e000000| Untracked 
| 108|0x000000072e200000, 0x000000072e200000, 0x000000072e400000|  0%| F|  |TAMS 0x000000072e200000, 0x000000072e200000| Untracked 
| 109|0x000000072e400000, 0x000000072e400000, 0x000000072e600000|  0%| F|  |TAMS 0x000000072e400000, 0x000000072e400000| Untracked 
| 110|0x000000072e600000, 0x000000072e600000, 0x000000072e800000|  0%| F|  |TAMS 0x000000072e600000, 0x000000072e600000| Untracked 
| 111|0x000000072e800000, 0x000000072e800000, 0x000000072ea00000|  0%| F|  |TAMS 0x000000072e800000, 0x000000072e800000| Untracked 
| 112|0x000000072ea00000, 0x000000072ea00000, 0x000000072ec00000|  0%| F|  |TAMS 0x000000072ea00000, 0x000000072ea00000| Untracked 
| 113|0x000000072ec00000, 0x000000072ed75208, 0x000000072ee00000| 72%| E|  |TAMS 0x000000072ec00000, 0x000000072ec00000| Complete 
| 114|0x000000072ee00000, 0x000000072f000000, 0x000000072f000000|100%| E|CS|TAMS 0x000000072ee00000, 0x000000072ee00000| Complete 
| 115|0x000000072f000000, 0x000000072f200000, 0x000000072f200000|100%| E|CS|TAMS 0x000000072f000000, 0x000000072f000000| Complete 
| 116|0x000000072f200000, 0x000000072f400000, 0x000000072f400000|100%| E|CS|TAMS 0x000000072f200000, 0x000000072f200000| Complete 
| 117|0x000000072f400000, 0x000000072f600000, 0x000000072f600000|100%| E|CS|TAMS 0x000000072f400000, 0x000000072f400000| Complete 
| 118|0x000000072f600000, 0x000000072f800000, 0x000000072f800000|100%| E|CS|TAMS 0x000000072f600000, 0x000000072f600000| Complete 
| 119|0x000000072f800000, 0x000000072fa00000, 0x000000072fa00000|100%| E|CS|TAMS 0x000000072f800000, 0x000000072f800000| Complete 
| 120|0x000000072fa00000, 0x000000072fc00000, 0x000000072fc00000|100%| E|CS|TAMS 0x000000072fa00000, 0x000000072fa00000| Complete 
| 121|0x000000072fc00000, 0x000000072fe00000, 0x000000072fe00000|100%| E|CS|TAMS 0x000000072fc00000, 0x000000072fc00000| Complete 
| 122|0x000000072fe00000, 0x0000000730000000, 0x0000000730000000|100%| E|CS|TAMS 0x000000072fe00000, 0x000000072fe00000| Complete 
| 123|0x0000000730000000, 0x0000000730200000, 0x0000000730200000|100%| E|CS|TAMS 0x0000000730000000, 0x0000000730000000| Complete 
| 124|0x0000000730200000, 0x0000000730400000, 0x0000000730400000|100%| E|CS|TAMS 0x0000000730200000, 0x0000000730200000| Complete 
| 125|0x0000000730400000, 0x0000000730600000, 0x0000000730600000|100%| E|CS|TAMS 0x0000000730400000, 0x0000000730400000| Complete 
| 126|0x0000000730600000, 0x0000000730800000, 0x0000000730800000|100%| E|  |TAMS 0x0000000730600000, 0x0000000730600000| Complete 
| 127|0x0000000730800000, 0x0000000730a00000, 0x0000000730a00000|100%| E|CS|TAMS 0x0000000730800000, 0x0000000730800000| Complete 
| 128|0x0000000730a00000, 0x0000000730c00000, 0x0000000730c00000|100%| E|CS|TAMS 0x0000000730a00000, 0x0000000730a00000| Complete 
| 129|0x0000000730c00000, 0x0000000730e00000, 0x0000000730e00000|100%| E|CS|TAMS 0x0000000730c00000, 0x0000000730c00000| Complete 
| 130|0x0000000730e00000, 0x0000000731000000, 0x0000000731000000|100%| E|CS|TAMS 0x0000000730e00000, 0x0000000730e00000| Complete 
| 131|0x0000000731000000, 0x0000000731200000, 0x0000000731200000|100%| E|CS|TAMS 0x0000000731000000, 0x0000000731000000| Complete 
| 132|0x0000000731200000, 0x0000000731400000, 0x0000000731400000|100%| E|CS|TAMS 0x0000000731200000, 0x0000000731200000| Complete 
| 133|0x0000000731400000, 0x0000000731600000, 0x0000000731600000|100%| E|CS|TAMS 0x0000000731400000, 0x0000000731400000| Complete 
| 134|0x0000000731600000, 0x0000000731800000, 0x0000000731800000|100%| E|CS|TAMS 0x0000000731600000, 0x0000000731600000| Complete 
| 135|0x0000000731800000, 0x0000000731a00000, 0x0000000731a00000|100%| E|CS|TAMS 0x0000000731800000, 0x0000000731800000| Complete 
| 136|0x0000000731a00000, 0x0000000731c00000, 0x0000000731c00000|100%| E|CS|TAMS 0x0000000731a00000, 0x0000000731a00000| Complete 
| 137|0x0000000731c00000, 0x0000000731e00000, 0x0000000731e00000|100%| E|CS|TAMS 0x0000000731c00000, 0x0000000731c00000| Complete 
| 138|0x0000000731e00000, 0x0000000732000000, 0x0000000732000000|100%| E|CS|TAMS 0x0000000731e00000, 0x0000000731e00000| Complete 
| 139|0x0000000732000000, 0x0000000732200000, 0x0000000732200000|100%| E|CS|TAMS 0x0000000732000000, 0x0000000732000000| Complete 
| 140|0x0000000732200000, 0x0000000732400000, 0x0000000732400000|100%| E|CS|TAMS 0x0000000732200000, 0x0000000732200000| Complete 
| 141|0x0000000732400000, 0x0000000732600000, 0x0000000732600000|100%| E|CS|TAMS 0x0000000732400000, 0x0000000732400000| Complete 
| 142|0x0000000732600000, 0x0000000732800000, 0x0000000732800000|100%| E|CS|TAMS 0x0000000732600000, 0x0000000732600000| Complete 
| 143|0x0000000732800000, 0x0000000732a00000, 0x0000000732a00000|100%| E|CS|TAMS 0x0000000732800000, 0x0000000732800000| Complete 
| 144|0x0000000732a00000, 0x0000000732c00000, 0x0000000732c00000|100%| E|CS|TAMS 0x0000000732a00000, 0x0000000732a00000| Complete 
| 145|0x0000000732c00000, 0x0000000732e00000, 0x0000000732e00000|100%| E|CS|TAMS 0x0000000732c00000, 0x0000000732c00000| Complete 
| 146|0x0000000732e00000, 0x0000000733000000, 0x0000000733000000|100%| E|CS|TAMS 0x0000000732e00000, 0x0000000732e00000| Complete 
| 147|0x0000000733000000, 0x00000007331a56c0, 0x0000000733200000| 82%| S|CS|TAMS 0x0000000733000000, 0x0000000733000000| Complete 
| 148|0x0000000733200000, 0x0000000733400000, 0x0000000733400000|100%| S|CS|TAMS 0x0000000733200000, 0x0000000733200000| Complete 
| 149|0x0000000733400000, 0x0000000733600000, 0x0000000733600000|100%| S|CS|TAMS 0x0000000733400000, 0x0000000733400000| Complete 
| 150|0x0000000733600000, 0x0000000733800000, 0x0000000733800000|100%| S|CS|TAMS 0x0000000733600000, 0x0000000733600000| Complete 
| 151|0x0000000733800000, 0x0000000733a00000, 0x0000000733a00000|100%| E|CS|TAMS 0x0000000733800000, 0x0000000733800000| Complete 
| 152|0x0000000733a00000, 0x0000000733c00000, 0x0000000733c00000|100%| E|CS|TAMS 0x0000000733a00000, 0x0000000733a00000| Complete 
| 153|0x0000000733c00000, 0x0000000733e00000, 0x0000000733e00000|100%| E|CS|TAMS 0x0000000733c00000, 0x0000000733c00000| Complete 
| 154|0x0000000733e00000, 0x0000000734000000, 0x0000000734000000|100%| E|CS|TAMS 0x0000000733e00000, 0x0000000733e00000| Complete 
| 155|0x0000000734000000, 0x0000000734200000, 0x0000000734200000|100%| E|CS|TAMS 0x0000000734000000, 0x0000000734000000| Complete 
| 156|0x0000000734200000, 0x0000000734400000, 0x0000000734400000|100%| E|CS|TAMS 0x0000000734200000, 0x0000000734200000| Complete 
| 157|0x0000000734400000, 0x0000000734600000, 0x0000000734600000|100%| E|CS|TAMS 0x0000000734400000, 0x0000000734400000| Complete 
| 158|0x0000000734600000, 0x0000000734800000, 0x0000000734800000|100%| E|CS|TAMS 0x0000000734600000, 0x0000000734600000| Complete 
| 159|0x0000000734800000, 0x0000000734a00000, 0x0000000734a00000|100%| E|CS|TAMS 0x0000000734800000, 0x0000000734800000| Complete 
| 160|0x0000000734a00000, 0x0000000734c00000, 0x0000000734c00000|100%| E|CS|TAMS 0x0000000734a00000, 0x0000000734a00000| Complete 
| 161|0x0000000734c00000, 0x0000000734e00000, 0x0000000734e00000|100%| E|CS|TAMS 0x0000000734c00000, 0x0000000734c00000| Complete 
| 162|0x0000000734e00000, 0x0000000735000000, 0x0000000735000000|100%| E|CS|TAMS 0x0000000734e00000, 0x0000000734e00000| Complete 
| 163|0x0000000735000000, 0x0000000735200000, 0x0000000735200000|100%| E|CS|TAMS 0x0000000735000000, 0x0000000735000000| Complete 
| 164|0x0000000735200000, 0x0000000735400000, 0x0000000735400000|100%| E|CS|TAMS 0x0000000735200000, 0x0000000735200000| Complete 
| 165|0x0000000735400000, 0x0000000735600000, 0x0000000735600000|100%| E|CS|TAMS 0x0000000735400000, 0x0000000735400000| Complete 
| 166|0x0000000735600000, 0x0000000735800000, 0x0000000735800000|100%| E|CS|TAMS 0x0000000735600000, 0x0000000735600000| Complete 
| 167|0x0000000735800000, 0x0000000735a00000, 0x0000000735a00000|100%| E|CS|TAMS 0x0000000735800000, 0x0000000735800000| Complete 
| 168|0x0000000735a00000, 0x0000000735c00000, 0x0000000735c00000|100%| E|CS|TAMS 0x0000000735a00000, 0x0000000735a00000| Complete 
| 169|0x0000000735c00000, 0x0000000735e00000, 0x0000000735e00000|100%| E|CS|TAMS 0x0000000735c00000, 0x0000000735c00000| Complete 
| 170|0x0000000735e00000, 0x0000000736000000, 0x0000000736000000|100%| E|CS|TAMS 0x0000000735e00000, 0x0000000735e00000| Complete 
| 171|0x0000000736000000, 0x0000000736200000, 0x0000000736200000|100%| E|CS|TAMS 0x0000000736000000, 0x0000000736000000| Complete 
| 172|0x0000000736200000, 0x0000000736400000, 0x0000000736400000|100%| E|CS|TAMS 0x0000000736200000, 0x0000000736200000| Complete 
| 173|0x0000000736400000, 0x0000000736600000, 0x0000000736600000|100%| E|CS|TAMS 0x0000000736400000, 0x0000000736400000| Complete 

Card table byte_map: [0x000002c5fcf80000,0x000002c5fd680000] _byte_map_base: 0x000002c5f967b000

Marking Bits (Prev, Next): (CMBitMap*) 0x000002c5e3be0a50, (CMBitMap*) 0x000002c5e3be0a10
 Prev Bits: [0x000002c5837e0000, 0x000002c586fb8000)
 Next Bits: [0x000002c580000000, 0x000002c5837d8000)

Polling page: 0x000002c5e3c20000

Metaspace:

Usage:
  Non-class:     54.20 MB used.
      Class:      9.72 MB used.
       Both:     63.92 MB used.

Virtual space:
  Non-class space:       56.00 MB reserved,      54.81 MB ( 98%) committed,  7 nodes.
      Class space:        1.00 GB reserved,      10.19 MB ( <1%) committed,  1 nodes.
             Both:        1.05 GB reserved,      65.00 MB (  6%) committed. 

Chunk freelists:
   Non-Class:  1.09 MB
       Class:  1.82 MB
        Both:  2.92 MB

MaxMetaspaceSize: unlimited
CompressedClassSpaceSize: 1.00 GB
Initial GC threshold: 21.00 MB
Current GC threshold: 99.19 MB
CDS: on
MetaspaceReclaimPolicy: balanced
 - commit_granule_bytes: 65536.
 - commit_granule_words: 8192.
 - virtual_space_node_default_size: 1048576.
 - enlarge_chunks_in_place: 1.
 - new_chunks_are_fully_committed: 0.
 - uncommit_free_chunks: 1.
 - use_allocation_guard: 0.
 - handle_deallocations: 1.


Internal statistics:

num_allocs_failed_limit: 12.
num_arena_births: 1718.
num_arena_deaths: 0.
num_vsnodes_births: 8.
num_vsnodes_deaths: 0.
num_space_committed: 1037.
num_space_uncommitted: 0.
num_chunks_returned_to_freelist: 12.
num_chunks_taken_from_freelist: 4437.
num_chunk_merges: 12.
num_chunk_splits: 2874.
num_chunks_enlarged: 1918.
num_purges: 0.
num_inconsistent_stats: 0.

CodeHeap 'non-profiled nmethods': size=120000Kb used=6007Kb max_used=6007Kb free=113992Kb
 bounds [0x000002c5f48e0000, 0x000002c5f4ec0000, 0x000002c5fbe10000]
CodeHeap 'profiled nmethods': size=120000Kb used=11061Kb max_used=12268Kb free=108938Kb
 bounds [0x000002c5ed3b0000, 0x000002c5edfb0000, 0x000002c5f48e0000]
CodeHeap 'non-nmethods': size=5760Kb used=1956Kb max_used=2008Kb free=3803Kb
 bounds [0x000002c5ece10000, 0x000002c5ed080000, 0x000002c5ed3b0000]
 total_blobs=8596 nmethods=7117 adapters=1389
 compilation: enabled
              stopped_count=0, restarted_count=0
 full_count=0

Compilation events (20 events):
Event: 19.393 Thread 0x000002c588400dc0 9743       4       java.util.ArrayList$Itr::checkForComodification (23 bytes)
Event: 19.393 Thread 0x000002c58840a6e0 9745       3       org.objectweb.asm.ClassWriter::visit (160 bytes)
Event: 19.394 Thread 0x000002c588400dc0 nmethod 9743 0x000002c5f4ebcb90 code [0x000002c5f4ebcd00, 0x000002c5f4ebcdb8]
Event: 19.394 Thread 0x000002c58840a6e0 nmethod 9745 0x000002c5ed540190 code [0x000002c5ed5403c0, 0x000002c5ed540c38]
Event: 19.394 Thread 0x000002c58840a6e0 9744       3       org.objectweb.asm.SymbolTable::<init> (41 bytes)
Event: 19.395 Thread 0x000002c58840a6e0 nmethod 9744 0x000002c5edc65c90 code [0x000002c5edc65e60, 0x000002c5edc663f8]
Event: 19.395 Thread 0x000002c58840a6e0 9746       3       org.objectweb.asm.SymbolTable::setMajorVersionAndClassName (19 bytes)
Event: 19.395 Thread 0x000002c58840a6e0 nmethod 9746 0x000002c5edc5fd10 code [0x000002c5edc5fec0, 0x000002c5edc600c8]
Event: 19.416 Thread 0x000002c58840a6e0 9749       3       sun.misc.Unsafe::getInt (9 bytes)
Event: 19.417 Thread 0x000002c58840a6e0 nmethod 9749 0x000002c5edced690 code [0x000002c5edced820, 0x000002c5edced938]
Event: 19.417 Thread 0x000002c58840a6e0 9750       3       org.lwjgl.system.CustomBuffer::address (19 bytes)
Event: 19.417 Thread 0x000002c58840a6e0 nmethod 9750 0x000002c5ed53fb10 code [0x000002c5ed53fcc0, 0x000002c5ed53ff28]
Event: 19.417 Thread 0x000002c58840a6e0 9751       3       org.lwjgl.system.StructBuffer::sizeof (8 bytes)
Event: 19.418 Thread 0x000002c58840a6e0 nmethod 9751 0x000002c5edc65710 code [0x000002c5edc658c0, 0x000002c5edc65b18]
Event: 19.419 Thread 0x000002c58840a6e0 9752       3       net.minecraftforge.eventbus.EventAccessTransformer$$Lambda$1069/0x000000080104a800::test (8 bytes)
Event: 19.420 Thread 0x000002c58840a6e0 nmethod 9752 0x000002c5ed47c710 code [0x000002c5ed47c960, 0x000002c5ed47d548]
Event: 19.480 Thread 0x000002c58840a6e0 9756       3       java.util.concurrent.ConcurrentHashMap$BaseIterator::<init> (21 bytes)
Event: 19.480 Thread 0x000002c58840a6e0 nmethod 9756 0x000002c5edc65010 code [0x000002c5edc651c0, 0x000002c5edc653b8]
Event: 19.480 Thread 0x000002c58840a6e0 9757       3       java.util.concurrent.ConcurrentHashMap$Traverser::<init> (36 bytes)
Event: 19.481 Thread 0x000002c58840a6e0 nmethod 9757 0x000002c5ed6c1510 code [0x000002c5ed6c16a0, 0x000002c5ed6c18b8]

GC Heap History (20 events):
Event: 10.626 GC heap before
{Heap before GC invocations=14 (full 0):
 garbage-first heap   total 245760K, used 203782K [0x0000000720a00000, 0x0000000800000000)
  region size 2048K, 60 young (122880K), 3 survivors (6144K)
 Metaspace       used 31462K, committed 32320K, reserved 1081344K
  class space    used 3981K, committed 4352K, reserved 1048576K
}
Event: 10.634 GC heap after
{Heap after GC invocations=15 (full 0):
 garbage-first heap   total 245760K, used 89976K [0x0000000720a00000, 0x0000000800000000)
  region size 2048K, 5 young (10240K), 5 survivors (10240K)
 Metaspace       used 31462K, committed 32320K, reserved 1081344K
  class space    used 3981K, committed 4352K, reserved 1048576K
}
Event: 11.228 GC heap before
{Heap before GC invocations=15 (full 0):
 garbage-first heap   total 245760K, used 204664K [0x0000000720a00000, 0x0000000800000000)
  region size 2048K, 61 young (124928K), 5 survivors (10240K)
 Metaspace       used 33755K, committed 34624K, reserved 1081344K
  class space    used 4193K, committed 4608K, reserved 1048576K
}
Event: 11.234 GC heap after
{Heap after GC invocations=16 (full 0):
 garbage-first heap   total 245760K, used 91166K [0x0000000720a00000, 0x0000000800000000)
  region size 2048K, 5 young (10240K), 5 survivors (10240K)
 Metaspace       used 33755K, committed 34624K, reserved 1081344K
  class space    used 4193K, committed 4608K, reserved 1048576K
}
Event: 11.547 GC heap before
{Heap before GC invocations=16 (full 0):
 garbage-first heap   total 245760K, used 113694K [0x0000000720a00000, 0x0000000800000000)
  region size 2048K, 17 young (34816K), 5 survivors (10240K)
 Metaspace       used 35033K, committed 35968K, reserved 1081344K
  class space    used 4373K, committed 4800K, reserved 1048576K
}
Event: 11.554 GC heap after
{Heap after GC invocations=17 (full 0):
 garbage-first heap   total 245760K, used 92005K [0x0000000720a00000, 0x0000000800000000)
  region size 2048K, 5 young (10240K), 5 survivors (10240K)
 Metaspace       used 35033K, committed 35968K, reserved 1081344K
  class space    used 4373K, committed 4800K, reserved 1048576K
}
Event: 12.850 GC heap before
{Heap before GC invocations=18 (full 0):
 garbage-first heap   total 245760K, used 200549K [0x0000000720a00000, 0x0000000800000000)
  region size 2048K, 58 young (118784K), 5 survivors (10240K)
 Metaspace       used 40508K, committed 41472K, reserved 1089536K
  class space    used 5372K, committed 5824K, reserved 1048576K
}
Event: 12.864 GC heap after
{Heap after GC invocations=19 (full 0):
 garbage-first heap   total 245760K, used 98201K [0x0000000720a00000, 0x0000000800000000)
  region size 2048K, 8 young (16384K), 8 survivors (16384K)
 Metaspace       used 40508K, committed 41472K, reserved 1089536K
  class space    used 5372K, committed 5824K, reserved 1048576K
}
Event: 13.331 GC heap before
{Heap before GC invocations=19 (full 0):
 garbage-first heap   total 245760K, used 200601K [0x0000000720a00000, 0x0000000800000000)
  region size 2048K, 58 young (118784K), 8 survivors (16384K)
 Metaspace       used 41591K, committed 42624K, reserved 1089536K
  class space    used 5540K, committed 6016K, reserved 1048576K
}
Event: 13.352 GC heap after
{Heap after GC invocations=20 (full 0):
 garbage-first heap   total 245760K, used 107343K [0x0000000720a00000, 0x0000000800000000)
  region size 2048K, 8 young (16384K), 8 survivors (16384K)
 Metaspace       used 41591K, committed 42624K, reserved 1089536K
  class space    used 5540K, committed 6016K, reserved 1048576K
}
Event: 13.563 GC heap before
{Heap before GC invocations=20 (full 0):
 garbage-first heap   total 245760K, used 199503K [0x0000000720a00000, 0x0000000800000000)
  region size 2048K, 53 young (108544K), 8 survivors (16384K)
 Metaspace       used 41797K, committed 42752K, reserved 1089536K
  class space    used 5578K, committed 6016K, reserved 1048576K
}
Event: 13.590 GC heap after
{Heap after GC invocations=21 (full 0):
 garbage-first heap   total 245760K, used 118640K [0x0000000720a00000, 0x0000000800000000)
  region size 2048K, 6 young (12288K), 6 survivors (12288K)
 Metaspace       used 41797K, committed 42752K, reserved 1089536K
  class space    used 5578K, committed 6016K, reserved 1048576K
}
Event: 13.849 GC heap before
{Heap before GC invocations=21 (full 0):
 garbage-first heap   total 245760K, used 198512K [0x0000000720a00000, 0x0000000800000000)
  region size 2048K, 45 young (92160K), 6 survivors (12288K)
 Metaspace       used 42414K, committed 43392K, reserved 1089536K
  class space    used 5659K, committed 6080K, reserved 1048576K
}
Event: 13.865 GC heap after
{Heap after GC invocations=22 (full 0):
 garbage-first heap   total 356352K, used 127616K [0x0000000720a00000, 0x0000000800000000)
  region size 2048K, 5 young (10240K), 5 survivors (10240K)
 Metaspace       used 42414K, committed 43392K, reserved 1089536K
  class space    used 5659K, committed 6080K, reserved 1048576K
}
Event: 15.601 GC heap before
{Heap before GC invocations=22 (full 0):
 garbage-first heap   total 356352K, used 277120K [0x0000000720a00000, 0x0000000800000000)
  region size 2048K, 78 young (159744K), 5 survivors (10240K)
 Metaspace       used 49296K, committed 50304K, reserved 1097728K
  class space    used 6857K, committed 7296K, reserved 1048576K
}
Event: 15.620 GC heap after
{Heap after GC invocations=23 (full 0):
 garbage-first heap   total 356352K, used 149679K [0x0000000720a00000, 0x0000000800000000)
  region size 2048K, 10 young (20480K), 10 survivors (20480K)
 Metaspace       used 49296K, committed 50304K, reserved 1097728K
  class space    used 6857K, committed 7296K, reserved 1048576K
}
Event: 17.211 GC heap before
{Heap before GC invocations=23 (full 0):
 garbage-first heap   total 356352K, used 274607K [0x0000000720a00000, 0x0000000800000000)
  region size 2048K, 71 young (145408K), 10 survivors (20480K)
 Metaspace       used 57100K, committed 58240K, reserved 1105920K
  class space    used 8525K, committed 9024K, reserved 1048576K
}
Event: 17.229 GC heap after
{Heap after GC invocations=24 (full 0):
 garbage-first heap   total 356352K, used 157448K [0x0000000720a00000, 0x0000000800000000)
  region size 2048K, 4 young (8192K), 4 survivors (8192K)
 Metaspace       used 57100K, committed 58240K, reserved 1105920K
  class space    used 8525K, committed 9024K, reserved 1048576K
}
Event: 17.711 GC heap before
{Heap before GC invocations=24 (full 0):
 garbage-first heap   total 356352K, used 202504K [0x0000000720a00000, 0x0000000800000000)
  region size 2048K, 27 young (55296K), 4 survivors (8192K)
 Metaspace       used 59233K, committed 60288K, reserved 1105920K
  class space    used 8950K, committed 9408K, reserved 1048576K
}
Event: 17.718 GC heap after
{Heap after GC invocations=25 (full 0):
 garbage-first heap   total 356352K, used 158260K [0x0000000720a00000, 0x0000000800000000)
  region size 2048K, 4 young (8192K), 4 survivors (8192K)
 Metaspace       used 59233K, committed 60288K, reserved 1105920K
  class space    used 8950K, committed 9408K, reserved 1048576K
}

Dll operation events (11 events):
Event: 0.012 Loaded shared library C:\Users\yangj\Desktop\MCreator20231\jdk\bin\java.dll
Event: 0.030 Loaded shared library C:\Users\yangj\Desktop\MCreator20231\jdk\bin\jsvml.dll
Event: 0.191 Loaded shared library C:\Users\yangj\Desktop\MCreator20231\jdk\bin\net.dll
Event: 0.194 Loaded shared library C:\Users\yangj\Desktop\MCreator20231\jdk\bin\nio.dll
Event: 0.199 Loaded shared library C:\Users\yangj\Desktop\MCreator20231\jdk\bin\zip.dll
Event: 0.301 Loaded shared library C:\Users\yangj\Desktop\MCreator20231\jdk\bin\jimage.dll
Event: 0.801 Loaded shared library C:\Users\yangj\Desktop\MCreator20231\jdk\bin\verify.dll
Event: 3.269 Loaded shared library C:\Users\yangj\Desktop\MCreator20231\jdk\bin\management.dll
Event: 3.274 Loaded shared library C:\Users\yangj\Desktop\MCreator20231\jdk\bin\management_ext.dll
Event: 9.408 Loaded shared library C:\Users\yangj\AppData\Local\Temp\jna-114744777\jna2117663992365271224.dll
Event: 18.275 Loaded shared library C:\Users\yangj\AppData\Local\Temp\lwjglyangj\3.3.1-build-7\lwjgl.dll

Deoptimization events (20 events):
Event: 19.273 Thread 0x000002c5e3b7de40 Uncommon trap: trap_request=0xffffff45 fr.pc=0x000002c5f4e7b258 relative=0x00000000000002f8
Event: 19.273 Thread 0x000002c5e3b7de40 Uncommon trap: reason=unstable_if action=reinterpret pc=0x000002c5f4e7b258 method=com.google.gson.stream.JsonReader.doPeek()I @ 315 c2
Event: 19.273 Thread 0x000002c5e3b7de40 DEOPT PACKING pc=0x000002c5f4e7b258 sp=0x000000f5562fdb30
Event: 19.273 Thread 0x000002c5e3b7de40 DEOPT UNPACKING pc=0x000002c5ece623a3 sp=0x000000f5562fdab8 mode 2
Event: 19.273 Thread 0x000002c5e3b7de40 Uncommon trap: trap_request=0xffffff45 fr.pc=0x000002c5f4e77f40 relative=0x00000000000000a0
Event: 19.273 Thread 0x000002c5e3b7de40 Uncommon trap: reason=unstable_if action=reinterpret pc=0x000002c5f4e77f40 method=com.google.gson.stream.JsonReader.peek()Lcom/google/gson/stream/JsonToken; @ 15 c2
Event: 19.273 Thread 0x000002c5e3b7de40 DEOPT PACKING pc=0x000002c5f4e77f40 sp=0x000000f5562fdb70
Event: 19.273 Thread 0x000002c5e3b7de40 DEOPT UNPACKING pc=0x000002c5ece623a3 sp=0x000000f5562fdb08 mode 2
Event: 19.273 Thread 0x000002c5e3b7de40 Uncommon trap: trap_request=0xffffff45 fr.pc=0x000002c5f4e8a998 relative=0x0000000000003958
Event: 19.273 Thread 0x000002c5e3b7de40 Uncommon trap: reason=unstable_if action=reinterpret pc=0x000002c5f4e8a998 method=com.google.gson.stream.JsonReader.peek()Lcom/google/gson/stream/JsonToken; @ 6 c2
Event: 19.273 Thread 0x000002c5e3b7de40 DEOPT PACKING pc=0x000002c5f4e8a998 sp=0x000000f5562fda70
Event: 19.273 Thread 0x000002c5e3b7de40 DEOPT UNPACKING pc=0x000002c5ece623a3 sp=0x000000f5562fda18 mode 2
Event: 19.315 Thread 0x000002c5e3b7de40 Uncommon trap: trap_request=0xffffff45 fr.pc=0x000002c5f4bb4130 relative=0x0000000000001910
Event: 19.315 Thread 0x000002c5e3b7de40 Uncommon trap: reason=unstable_if action=reinterpret pc=0x000002c5f4bb4130 method=cpw.mods.jarhandling.impl.Jar.findFile(Ljava/lang/String;)Ljava/util/Optional; @ 23 c2
Event: 19.315 Thread 0x000002c5e3b7de40 DEOPT PACKING pc=0x000002c5f4bb4130 sp=0x000000f5562faac0
Event: 19.315 Thread 0x000002c5e3b7de40 DEOPT UNPACKING pc=0x000002c5ece623a3 sp=0x000000f5562fab18 mode 2
Event: 19.315 Thread 0x000002c5e3b7de40 Uncommon trap: trap_request=0xffffff45 fr.pc=0x000002c5f4de0b84 relative=0x0000000000000164
Event: 19.315 Thread 0x000002c5e3b7de40 Uncommon trap: reason=unstable_if action=reinterpret pc=0x000002c5f4de0b84 method=cpw.mods.niofs.union.UnionFileSystem.getPath(Ljava/lang/String;[Ljava/lang/String;)Ljava/nio/file/Path; @ 2 c2
Event: 19.315 Thread 0x000002c5e3b7de40 DEOPT PACKING pc=0x000002c5f4de0b84 sp=0x000000f5562faaf0
Event: 19.315 Thread 0x000002c5e3b7de40 DEOPT UNPACKING pc=0x000002c5ece623a3 sp=0x000000f5562faa98 mode 2

Classes unloaded (0 events):
No events

Classes redefined (0 events):
No events

Internal exceptions (20 events):
Event: 18.514 Thread 0x000002c5e3b7de40 Exception <a 'sun/nio/fs/WindowsException'{0x0000000731ea7d70}> (0x0000000731ea7d70) 
thrown [s\src\hotspot\share\prims\jni.cpp, line 516]
Event: 18.729 Thread 0x000002c5e3b7de40 Exception <a 'java/lang/NoSuchMethodError'{0x0000000730eafbc8}: 'int java.lang.invoke.DirectMethodHandle$Holder.invokeStatic(java.lang.Object)'> (0x0000000730eafbc8) 
thrown [s\src\hotspot\share\interpreter\linkResolver.cpp, line 759]
Event: 18.808 Thread 0x000002c5e3b7de40 Exception <a 'java/lang/NoSuchMethodError'{0x0000000730ad2090}: 'java.lang.Object java.lang.invoke.Invokers$Holder.linkToTargetMethod(java.lang.Object, int, java.lang.Object, java.lang.Object)'> (0x0000000730ad2090) 
thrown [s\src\hotspot\share\interpreter\linkResolver.cpp, line 759]
Event: 18.824 Thread 0x000002c5e3b7de40 Exception <a 'java/lang/NoSuchMethodError'{0x0000000730b83d10}: 'int java.lang.invoke.DirectMethodHandle$Holder.invokeStaticInit(java.lang.Object)'> (0x0000000730b83d10) 
thrown [s\src\hotspot\share\interpreter\linkResolver.cpp, line 759]
Event: 18.825 Thread 0x000002c5e3b7de40 Exception <a 'java/lang/NoSuchMethodError'{0x0000000730b8b0f8}: 'int java.lang.invoke.Invokers$Holder.invokeExact_MT(java.lang.Object, java.lang.Object)'> (0x0000000730b8b0f8) 
thrown [s\src\hotspot\share\interpreter\linkResolver.cpp, line 759]
Event: 18.833 Thread 0x000002c5e3b7de40 Exception <a 'sun/nio/fs/WindowsException'{0x000000073084c858}> (0x000000073084c858) 
thrown [s\src\hotspot\share\prims\jni.cpp, line 516]
Event: 18.833 Thread 0x000002c5e3b7de40 Exception <a 'sun/nio/fs/WindowsException'{0x000000073084cbb8}> (0x000000073084cbb8) 
thrown [s\src\hotspot\share\prims\jni.cpp, line 516]
Event: 18.845 Thread 0x000002c5e3b7de40 Exception <a 'java/lang/NoSuchMethodError'{0x0000000730930d28}: 'java.lang.Object java.lang.invoke.DirectMethodHandle$Holder.invokeInterface(java.lang.Object, java.lang.Object, double)'> (0x0000000730930d28) 
thrown [s\src\hotspot\share\interpreter\linkResolver.cpp, line 759]
Event: 18.845 Thread 0x000002c5e3b7de40 Exception <a 'java/lang/NoSuchMethodError'{0x0000000730937570}: 'double java.lang.invoke.DirectMethodHandle$Holder.invokeInterface(java.lang.Object, java.lang.Object, java.lang.Object)'> (0x0000000730937570) 
thrown [s\src\hotspot\share\interpreter\linkResolver.cpp, line 759]
Event: 19.027 Thread 0x000002c5e3b7de40 Exception <a 'java/lang/NoSuchMethodError'{0x000000072fc5c6c0}: 'java.lang.Object java.lang.invoke.DirectMethodHandle$Holder.newInvokeSpecial(java.lang.Object, java.lang.Object, java.lang.Object, java.lang.Object, java.lang.Object, java.lang.Object, java.lang.Object, java.lang.Object, java.lang.Object, java.lang.Object)'> (0x000000072fc5c6c0) 
thrown [s\src\hotspot\share\interpreter\linkResolver.cpp, line 759]
Event: 19.028 Thread 0x000002c5e3b7de40 Exception <a 'java/lang/NoSuchMethodError'{0x000000072fc60c88}: 'java.lang.Object java.lang.invoke.Invokers$Holder.linkToTargetMethod(java.lang.Object, java.lang.Object, java.lang.Object, java.lang.Object, java.lang.Object, java.lang.Object, java.lang.Object, java.lang.Object, java.lang.Object, java.lang.Object)'> (0x000000072fc60c88) 
thrown [s\src\hotspot\share\interpreter\linkResolver.cpp, line 759]
Event: 19.130 Thread 0x000002c5e3b7de40 Exception <a 'java/lang/NoSuchMethodError'{0x000000072f9b0238}: 'java.lang.Object java.lang.invoke.Invokers$Holder.linkToTargetMethod(java.lang.Object, java.lang.Object, java.lang.Object, java.lang.Object, java.lang.Object, java.lang.Object, java.lang.Object, java.lang.Object, java.lang.Object)'> (0x000000072f9b0238) 
thrown [s\src\hotspot\share\interpreter\linkResolver.cpp, line 759]
Event: 19.222 Thread 0x000002c5e3b7de40 Exception <a 'java/lang/NoSuchMethodError'{0x000000072f2705e8}: 'java.lang.Object java.lang.invoke.DirectMethodHandle$Holder.invokeSpecial(java.lang.Object, java.lang.Object, java.lang.Object, java.lang.Object, java.lang.Object, int, java.lang.Object)'> (0x000000072f2705e8) 
thrown [s\src\hotspot\share\interpreter\linkResolver.cpp, line 759]
Event: 19.223 Thread 0x000002c5e3b7de40 Exception <a 'java/lang/NoSuchMethodError'{0x000000072f278c70}: 'java.lang.Object java.lang.invoke.DirectMethodHandle$Holder.invokeSpecial(java.lang.Object, java.lang.Object, java.lang.Object, java.lang.Object, java.lang.Object, java.lang.Object, int)'> (0x000000072f278c70) 
thrown [s\src\hotspot\share\interpreter\linkResolver.cpp, line 759]
Event: 19.223 Thread 0x000002c5e3b7de40 Exception <a 'java/lang/NoSuchMethodError'{0x000000072f27c790}: 'java.lang.Object java.lang.invoke.Invokers$Holder.linkToTargetMethod(java.lang.Object, java.lang.Object, java.lang.Object, java.lang.Object, int, java.lang.Object)'> (0x000000072f27c790) 
thrown [s\src\hotspot\share\interpreter\linkResolver.cpp, line 759]
Event: 19.262 Thread 0x000002c5e3b7de40 Implicit null exception at 0x000002c5f4d8f768 to 0x000002c5f4d8fea8
Event: 19.391 Thread 0x000002c5e3b7de40 Exception <a 'java/lang/NoSuchMethodError'{0x000000072effacf8}: 'long java.lang.invoke.DirectMethodHandle$Holder.invokeInterface(java.lang.Object, java.lang.Object)'> (0x000000072effacf8) 
thrown [s\src\hotspot\share\interpreter\linkResolver.cpp, line 759]
Event: 19.396 Thread 0x000002c5e3b7de40 Exception <a 'java/lang/NoSuchMethodError'{0x000000072ec66670}: 'java.lang.Object java.lang.invoke.DirectMethodHandle$Holder.newInvokeSpecial(java.lang.Object, long)'> (0x000000072ec66670) 
thrown [s\src\hotspot\share\interpreter\linkResolver.cpp, line 759]
Event: 19.421 Thread 0x000002c5e3b7de40 Exception <a 'java/lang/NoSuchMethodError'{0x000000072ed1eba0}: 'void java.lang.invoke.DirectMethodHandle$Holder.invokeSpecial(java.lang.Object, java.lang.Object, int, long)'> (0x000000072ed1eba0) 
thrown [s\src\hotspot\share\interpreter\linkResolver.cpp, line 759]
Event: 19.422 Thread 0x000002c5e3b7de40 Exception <a 'java/lang/NoSuchMethodError'{0x000000072ed24b18}: 'void java.lang.invoke.DirectMethodHandle$Holder.invokeStatic(java.lang.Object, int, long)'> (0x000000072ed24b18) 
thrown [s\src\hotspot\share\interpreter\linkResolver.cpp, line 759]

VM Operations (20 events):
Event: 16.937 Executing VM operation: HandshakeAllThreads
Event: 16.937 Executing VM operation: HandshakeAllThreads done
Event: 16.968 Executing VM operation: HandshakeAllThreads
Event: 16.968 Executing VM operation: HandshakeAllThreads done
Event: 17.002 Executing VM operation: HandshakeAllThreads
Event: 17.002 Executing VM operation: HandshakeAllThreads done
Event: 17.210 Executing VM operation: G1CollectForAllocation
Event: 17.229 Executing VM operation: G1CollectForAllocation done
Event: 17.711 Executing VM operation: CollectForMetadataAllocation
Event: 17.718 Executing VM operation: CollectForMetadataAllocation done
Event: 17.789 Executing VM operation: CollectForMetadataAllocation
Event: 17.789 Executing VM operation: CollectForMetadataAllocation done
Event: 17.847 Executing VM operation: G1Concurrent
Event: 17.851 Executing VM operation: G1Concurrent done
Event: 17.903 Executing VM operation: G1Concurrent
Event: 17.903 Executing VM operation: G1Concurrent done
Event: 18.917 Executing VM operation: Cleanup
Event: 18.917 Executing VM operation: Cleanup done
Event: 19.220 Executing VM operation: HandshakeAllThreads
Event: 19.220 Executing VM operation: HandshakeAllThreads done

Events (20 events):
Event: 18.278 loading class java/nio/DirectDoubleBufferU
Event: 18.279 loading class java/nio/DirectDoubleBufferU done
Event: 18.318 loading class java/nio/InvalidMarkException
Event: 18.319 loading class java/nio/InvalidMarkException done
Event: 18.319 loading class java/nio/BufferUnderflowException
Event: 18.319 loading class java/nio/BufferUnderflowException done
Event: 18.518 loading class java/util/function/IntSupplier
Event: 18.518 loading class java/util/function/IntSupplier done
Event: 18.614 loading class java/io/CharArrayWriter
Event: 18.614 loading class java/io/CharArrayWriter done
Event: 18.824 loading class java/lang/invoke/DirectMethodHandle$StaticAccessor
Event: 18.825 loading class java/lang/invoke/DirectMethodHandle$StaticAccessor done
Event: 18.841 loading class java/util/function/DoubleFunction
Event: 18.841 loading class java/util/function/DoubleFunction done
Event: 19.067 Thread 0x000002c588d6c6d0 Thread exited: 0x000002c588d6c6d0
Event: 19.286 loading class java/util/EnumMap$Values
Event: 19.286 loading class java/util/EnumMap$Values done
Event: 19.286 loading class java/util/EnumMap$ValueIterator
Event: 19.286 loading class java/util/EnumMap$ValueIterator done
Event: 19.480 Thread 0x000002c58851dce0 Thread exited: 0x000002c58851dce0


Dynamic libraries:
0x00007ff6f14f0000 - 0x00007ff6f14fe000 	C:\Users\yangj\Desktop\MCreator20231\jdk\bin\java.exe
0x00007ffde15f0000 - 0x00007ffde1804000 	C:\WINDOWS\SYSTEM32\ntdll.dll
0x00007ffddfa70000 - 0x00007ffddfb33000 	C:\WINDOWS\System32\KERNEL32.DLL
0x00007ffddf040000 - 0x00007ffddf3e3000 	C:\WINDOWS\System32\KERNELBASE.dll
0x00007ffddebb0000 - 0x00007ffddecc1000 	C:\WINDOWS\System32\ucrtbase.dll
0x00007ffdcaff0000 - 0x00007ffdcb007000 	C:\Users\yangj\Desktop\MCreator20231\jdk\bin\jli.dll
0x00007ffdd7a00000 - 0x00007ffdd7a19000 	C:\Users\yangj\Desktop\MCreator20231\jdk\bin\VCRUNTIME140.dll
0x00007ffde1300000 - 0x00007ffde14ad000 	C:\WINDOWS\System32\USER32.dll
0x00007ffddeb80000 - 0x00007ffddeba6000 	C:\WINDOWS\System32\win32u.dll
0x00007ffdc2610000 - 0x00007ffdc289e000 	C:\WINDOWS\WinSxS\amd64_microsoft.windows.common-controls_6595b64144ccf1df_6.0.22621.1465_none_271271ab738361f1\COMCTL32.dll
0x00007ffddfc60000 - 0x00007ffddfc89000 	C:\WINDOWS\System32\GDI32.dll
0x00007ffddfc90000 - 0x00007ffddfd37000 	C:\WINDOWS\System32\msvcrt.dll
0x00007ffddef20000 - 0x00007ffddf033000 	C:\WINDOWS\System32\gdi32full.dll
0x00007ffddee80000 - 0x00007ffddef1a000 	C:\WINDOWS\System32\msvcp_win.dll
0x00007ffde0a10000 - 0x00007ffde0a41000 	C:\WINDOWS\System32\IMM32.DLL
0x00007ffdd79f0000 - 0x00007ffdd79fc000 	C:\Users\yangj\Desktop\MCreator20231\jdk\bin\vcruntime140_1.dll
0x00007ffdcab00000 - 0x00007ffdcab91000 	C:\Users\yangj\Desktop\MCreator20231\jdk\bin\msvcp140.dll
0x00007ffd8b700000 - 0x00007ffd8c344000 	C:\Users\yangj\Desktop\MCreator20231\jdk\bin\server\jvm.dll
0x00007ffde0a50000 - 0x00007ffde0afe000 	C:\WINDOWS\System32\ADVAPI32.dll
0x00007ffde05d0000 - 0x00007ffde0674000 	C:\WINDOWS\System32\sechost.dll
0x00007ffddfb40000 - 0x00007ffddfc55000 	C:\WINDOWS\System32\RPCRT4.dll
0x00007ffdd5a40000 - 0x00007ffdd5a4a000 	C:\WINDOWS\SYSTEM32\VERSION.dll
0x00007ffdd3d20000 - 0x00007ffdd3d54000 	C:\WINDOWS\SYSTEM32\WINMM.dll
0x00007ffdd76d0000 - 0x00007ffdd76d9000 	C:\WINDOWS\SYSTEM32\WSOCK32.dll
0x00007ffddfe70000 - 0x00007ffddfee1000 	C:\WINDOWS\System32\WS2_32.dll
0x00007ffddda00000 - 0x00007ffddda18000 	C:\WINDOWS\SYSTEM32\kernel.appcore.dll
0x00007ffdd5550000 - 0x00007ffdd555a000 	C:\Users\yangj\Desktop\MCreator20231\jdk\bin\jimage.dll
0x00007ffdd7da0000 - 0x00007ffdd7fce000 	C:\WINDOWS\SYSTEM32\DBGHELP.DLL
0x00007ffde0680000 - 0x00007ffde0a09000 	C:\WINDOWS\System32\combase.dll
0x00007ffddf780000 - 0x00007ffddf857000 	C:\WINDOWS\System32\OLEAUT32.dll
0x00007ffdd73e0000 - 0x00007ffdd7412000 	C:\WINDOWS\SYSTEM32\dbgcore.DLL
0x00007ffddee00000 - 0x00007ffddee7b000 	C:\WINDOWS\System32\bcryptPrimitives.dll
0x00007ffdcaad0000 - 0x00007ffdcaaf5000 	C:\Users\yangj\Desktop\MCreator20231\jdk\bin\java.dll
0x00007ffdca9f0000 - 0x00007ffdcaac6000 	C:\Users\yangj\Desktop\MCreator20231\jdk\bin\jsvml.dll
0x00007ffde0b00000 - 0x00007ffde12f9000 	C:\WINDOWS\System32\SHELL32.dll
0x00007ffddc9b0000 - 0x00007ffddd27e000 	C:\WINDOWS\SYSTEM32\windows.storage.dll
0x00007ffddc870000 - 0x00007ffddc9ae000 	C:\WINDOWS\SYSTEM32\wintypes.dll
0x00007ffde14b0000 - 0x00007ffde15a1000 	C:\WINDOWS\System32\SHCORE.dll
0x00007ffde0550000 - 0x00007ffde05ae000 	C:\WINDOWS\System32\shlwapi.dll
0x00007ffdde940000 - 0x00007ffdde961000 	C:\WINDOWS\SYSTEM32\profapi.dll
0x00007ffdca9d0000 - 0x00007ffdca9e9000 	C:\Users\yangj\Desktop\MCreator20231\jdk\bin\net.dll
0x00007ffddabf0000 - 0x00007ffddad1f000 	C:\WINDOWS\SYSTEM32\WINHTTP.dll
0x00007ffddde60000 - 0x00007ffdddec9000 	C:\WINDOWS\system32\mswsock.dll
0x00007ffdc9320000 - 0x00007ffdc9335000 	C:\Users\yangj\Desktop\MCreator20231\jdk\bin\nio.dll
0x00007ffdc9300000 - 0x00007ffdc9318000 	C:\Users\yangj\Desktop\MCreator20231\jdk\bin\zip.dll
0x00007ffdcabc0000 - 0x00007ffdcabd0000 	C:\Users\yangj\Desktop\MCreator20231\jdk\bin\verify.dll
0x00007ffdcafe0000 - 0x00007ffdcafe9000 	C:\Users\yangj\Desktop\MCreator20231\jdk\bin\management.dll
0x00007ffdca9c0000 - 0x00007ffdca9cb000 	C:\Users\yangj\Desktop\MCreator20231\jdk\bin\management_ext.dll
0x00007ffddfa60000 - 0x00007ffddfa68000 	C:\WINDOWS\System32\PSAPI.DLL
0x00007ffd8f5c0000 - 0x00007ffd8f5d7000 	C:\WINDOWS\system32\napinsp.dll
0x00007ffd8f5a0000 - 0x00007ffd8f5bb000 	C:\WINDOWS\system32\pnrpnsp.dll
0x00007ffddd500000 - 0x00007ffddd5f3000 	C:\WINDOWS\SYSTEM32\DNSAPI.dll
0x00007ffddd4d0000 - 0x00007ffddd4fd000 	C:\WINDOWS\SYSTEM32\IPHLPAPI.DLL
0x00007ffde0370000 - 0x00007ffde0379000 	C:\WINDOWS\System32\NSI.dll
0x00007ffd8f580000 - 0x00007ffd8f591000 	C:\WINDOWS\System32\winrnr.dll
0x00007ffdd9f30000 - 0x00007ffdd9f45000 	C:\WINDOWS\system32\wshbth.dll
0x00007ffdb9f20000 - 0x00007ffdb9f41000 	C:\WINDOWS\system32\nlansp_c.dll
0x00007ffdd28c0000 - 0x00007ffdd28ca000 	C:\Windows\System32\rasadhlp.dll
0x00007ffdda3e0000 - 0x00007ffdda463000 	C:\WINDOWS\System32\fwpuclnt.dll
0x00007ffdde180000 - 0x00007ffdde19b000 	C:\WINDOWS\SYSTEM32\CRYPTSP.dll
0x00007ffddd970000 - 0x00007ffddd9a5000 	C:\WINDOWS\system32\rsaenh.dll
0x00007ffdddf00000 - 0x00007ffdddf28000 	C:\WINDOWS\SYSTEM32\USERENV.dll
0x00007ffdde2f0000 - 0x00007ffdde318000 	C:\WINDOWS\SYSTEM32\bcrypt.dll
0x00007ffdde160000 - 0x00007ffdde16c000 	C:\WINDOWS\SYSTEM32\CRYPTBASE.dll
0x00007ffddab40000 - 0x00007ffddab59000 	C:\WINDOWS\SYSTEM32\dhcpcsvc6.DLL
0x00007ffddab20000 - 0x00007ffddab3f000 	C:\WINDOWS\SYSTEM32\dhcpcsvc.DLL
0x00007ffdcba40000 - 0x00007ffdcba85000 	C:\Users\yangj\AppData\Local\Temp\jna-114744777\jna2117663992365271224.dll
0x00007ffddf860000 - 0x00007ffddf9fc000 	C:\WINDOWS\System32\Ole32.dll
0x00007ffddfd40000 - 0x00007ffddfdf0000 	C:\WINDOWS\System32\clbcatq.dll
0x00007ffdd5a50000 - 0x00007ffdd5a6d000 	C:\WINDOWS\SYSTEM32\amsi.dll
0x00007ffdd4780000 - 0x00007ffdd47fb000 	C:\ProgramData\Microsoft\Windows Defender\Platform\4.18.2301.6-0\MpOav.dll
0x00007ffd999f0000 - 0x00007ffd99a40000 	C:\WINDOWS\SYSTEM32\Pdh.dll
0x00007ffd8f5e0000 - 0x00007ffd8f5f0000 	C:\WINDOWS\System32\perfos.dll
0x00007ffddc060000 - 0x00007ffddc070000 	C:\WINDOWS\SYSTEM32\pfclient.dll
0x00007ffdcb9c0000 - 0x00007ffdcba35000 	C:\Users\yangj\AppData\Local\Temp\lwjglyangj\3.3.1-build-7\lwjgl.dll
0x00007ffd9a430000 - 0x00007ffd9a689000 	C:\Users\yangj\AppData\Local\Temp\lwjglyangj\3.3.1-build-7\jemalloc.dll
0x00007ffdcac70000 - 0x00007ffdcacd1000 	C:\Users\yangj\AppData\Local\Temp\lwjglyangj\3.3.1-build-7\glfw.dll
0x00007ffdc95b0000 - 0x00007ffdc95f6000 	C:\WINDOWS\SYSTEM32\dinput8.dll
0x00007ffdcbdd0000 - 0x00007ffdcbfd1000 	C:\WINDOWS\SYSTEM32\inputhost.dll
0x00007ffdda110000 - 0x00007ffdda243000 	C:\WINDOWS\SYSTEM32\CoreMessaging.dll
0x00007ffdcbad0000 - 0x00007ffdcbae1000 	C:\WINDOWS\SYSTEM32\xinput1_4.dll
0x00007ffdde610000 - 0x00007ffdde65e000 	C:\WINDOWS\SYSTEM32\cfgmgr32.dll
0x00007ffdde5e0000 - 0x00007ffdde60c000 	C:\WINDOWS\SYSTEM32\DEVOBJ.dll
0x00007ffddc210000 - 0x00007ffddc23b000 	C:\WINDOWS\SYSTEM32\dwmapi.dll
0x00007ffddbfb0000 - 0x00007ffddc05b000 	C:\WINDOWS\system32\uxtheme.dll
0x00007ffddf3f0000 - 0x00007ffddf50e000 	C:\WINDOWS\System32\MSCTF.dll
0x00007ffd8fd90000 - 0x00007ffd8fe90000 	C:\WINDOWS\SYSTEM32\opengl32.dll
0x00007ffd8f810000 - 0x00007ffd8f83d000 	C:\WINDOWS\SYSTEM32\GLU32.dll
0x00007ffddc0c0000 - 0x00007ffddc0f6000 	C:\WINDOWS\SYSTEM32\dxcore.dll
0x00007ffdd7420000 - 0x00007ffdd7469000 	C:\WINDOWS\SYSTEM32\directxdatabasehelper.dll
0x00007ffdd5380000 - 0x00007ffdd53ad000 	C:\WINDOWS\System32\DriverStore\FileRepository\u0387948.inf_amd64_849b4630364e9ceb\B387945\atig6pxx.dll
0x00007ffd858d0000 - 0x00007ffd89505000 	C:\WINDOWS\System32\DriverStore\FileRepository\u0387948.inf_amd64_849b4630364e9ceb\B387945\atio6axx.dll
0x00007ffddfef0000 - 0x00007ffde0364000 	C:\WINDOWS\System32\SETUPAPI.dll
0x00007ffdded90000 - 0x00007ffddedfb000 	C:\WINDOWS\System32\WINTRUST.dll
0x00007ffddea10000 - 0x00007ffddeb76000 	C:\WINDOWS\System32\CRYPT32.dll
0x00007ffdde1d0000 - 0x00007ffdde1e2000 	C:\WINDOWS\SYSTEM32\MSASN1.dll

dbghelp: loaded successfully - version: 4.0.5 - missing functions: none
symbol engine: initialized successfully - sym options: 0x614 - pdb path: .;C:\Users\yangj\Desktop\MCreator20231\jdk\bin;C:\WINDOWS\SYSTEM32;C:\WINDOWS\WinSxS\amd64_microsoft.windows.common-controls_6595b64144ccf1df_6.0.22621.1465_none_271271ab738361f1;C:\Users\yangj\Desktop\MCreator20231\jdk\bin\server;C:\Users\yangj\AppData\Local\Temp\jna-114744777;C:\ProgramData\Microsoft\Windows Defender\Platform\4.18.2301.6-0;C:\Users\yangj\AppData\Local\Temp\lwjglyangj\3.3.1-build-7;C:\WINDOWS\System32\DriverStore\FileRepository\u0387948.inf_amd64_849b4630364e9ceb\B387945

VM Arguments:
jvm_args: -Dforge.enableGameTest=true -Dforge.logging.console.level=debug -Dforge.logging.markers=REGISTRIES -DignoreList=bootstraplauncher,securejarhandler,asm-commons,asm-util,asm-analysis,asm-tree,asm,JarJarFileSystems,client-extra,fmlcore,javafmllanguage,lowcodelanguage,mclanguage,forge- -Djava.net.preferIPv6Addresses=system -DlegacyClassPath.file=C:\Users\yangj\MCreatorWorkspaces\mixed_ore\build\classpath\runClient_minecraftClasspath.txt -DmergeModules=jna-5.10.0.jar,jna-platform-5.10.0.jar -Dos.version=10.0 --module-path=C:\Users\yangj\.mcreator\gradle\caches\modules-2\files-2.1\cpw.mods\bootstraplauncher\1.1.2\c546e00443d8432cda6baa1c860346980742628\bootstraplauncher-1.1.2.jar;C:\Users\yangj\.mcreator\gradle\caches\modules-2\files-2.1\cpw.mods\securejarhandler\2.1.4\f47e3b9dd860a7b82154b8f90a650ffd0aaa5582\securejarhandler-2.1.4.jar;C:\Users\yangj\.mcreator\gradle\caches\modules-2\files-2.1\org.ow2.asm\asm-commons\9.3\1f2a432d1212f5c352ae607d7b61dcae20c20af5\asm-commons-9.3.jar;C:\Users\yangj\.mcreator\gradle\caches\modules-2\files-2.1\org.ow2.asm\asm-util\9.3\9595bc05510d0bd4b610188b77333fe4851a1975\asm-util-9.3.jar;C:\Users\yangj\.mcreator\gradle\caches\modules-2\files-2.1\org.ow2.asm\asm-analysis\9.3\4b071f211b37c38e0e9f5998550197c8593f6ad8\asm-analysis-9.3.jar;C:\Users\yangj\.mcreator\gradle\caches\modules-2\files-2.1\org.ow2.asm\asm-tree\9.3\78d2ecd61318b5a58cd04fb237636c0e86b77d97\asm-tree-9.3.jar;C:\Users\yangj\.mcreator\gradle\caches\modules-2\files-2.1\org.ow2.asm\asm\9.3\8e6300ef51c1d801a7ed62d07cd221aca3a90640\asm-9.3.jar;C:\Users\yangj\.mcreator\gradle\caches\modules-2\files-2.1\net.minecraftforge\JarJarFileSystems\0.3.16\e52afbb2599dc7c6f779efea0496d32fc01152e3\JarJarFileSystems-0.3.16.jar --add-modules=ALL-MODULE-PATH --add-opens=java.base/java.util.jar=cpw.mods.securejarhandler --add-opens=java.base/java.lang.invoke=cpw.mods.securejarhandler --add-exports=java.base/sun.security.util=cpw.mods.securejarhandler --add-exports=jdk.naming.dns/com.sun.jndi.dns=java.naming -XX:HeapDumpPath=MojangTricksIntelDriversForPerformance_javaw.exe_minecraft.exe.heapdump -Dos.name=Windows 10 -Dfile.encoding=UTF-8 -Duser.country=CN -Duser.language=zh -Duser.variant 
java_command: cpw.mods.bootstraplauncher.BootstrapLauncher --launchTarget forgeclientuserdev --version MOD_DEV --assetIndex 1.19 --assetsDir C:\Users\yangj\.mcreator\gradle\caches\forge_gradle\assets --gameDir . --fml.forgeVersion 43.2.0 --fml.mcVersion 1.19.2 --fml.forgeGroup net.minecraftforge --fml.mcpVersion 20220805.130853
java_class_path (initial): C:\Users\yangj\MCreatorWorkspaces\mixed_ore\build\classes\java\main;C:\Users\yangj\MCreatorWorkspaces\mixed_ore\build\resources\main;C:\Users\yangj\MCreatorWorkspaces\mixed_ore\build\fg_cache\net\minecraftforge\forge\1.19.2-43.2.0_mapped_official_1.19.2\forge-1.19.2-43.2.0_mapped_official_1.19.2-recomp.jar;C:\Users\yangj\.mcreator\gradle\caches\forge_gradle\minecraft_repo\versions\1.19.2\client-extra.jar;C:\Users\yangj\.mcreator\gradle\caches\modules-2\files-2.1\net.minecraftforge\javafmllanguage\1.19.2-43.2.0\5713dfd49576886a7ffc353f14f067ad42369592\javafmllanguage-1.19.2-43.2.0.jar;C:\Users\yangj\.mcreator\gradle\caches\modules-2\files-2.1\net.minecraftforge\lowcodelanguage\1.19.2-43.2.0\51c88985dd125457fb8b6c2c58a4f3b9349a6b57\lowcodelanguage-1.19.2-43.2.0.jar;C:\Users\yangj\.mcreator\gradle\caches\modules-2\files-2.1\net.minecraftforge\mclanguage\1.19.2-43.2.0\f4fa83ef8129c7f7cc5847fbafb07f7ae86c1bb\mclanguage-1.19.2-43.2.0.jar;C:\Users\yangj\.mcreator\gradle\caches\modules-2\files-2.1\net.minecraftforge\fmlcore\1.19.2-43.2.0\d4dcb5b809b7f035ac22b058941cf81f84451545\fmlcore-1.19.2-43.2.0.jar;C:\Users\yangj\.mcreator\gradle\caches\modules-2\files-2.1\net.minecraftforge\fmlloader\1.19.2-43.2.0\3e6e8b7b5e1dbc6ee01a20f74675f223b64c7847\fmlloader-1.19.2-43.2.0.jar;C:\Users\yangj\.mcreator\gradle\caches\modules-2\files-2.1\net.minecraftforge\JarJarSelector\0.3.16\2a31421fb5e267249da103a644f23afb43d158af\JarJarSelector-0.3.16.jar;C:\Users\yangj\.mcreator\gradle\caches\modules-2\files-2.1\net.minecraftforge\JarJarMetadata\0.3.16\f62c8c898dffc8666f5097a8587ed72095e8e83a\JarJarMetadata-0.3.16.jar;C:\Users\yangj\.mcreator\gradle\caches\modules-2\files-2.1\com.google.guava\guava\31.0.1-jre\119ea2b2bc205b138974d351777b20f02b92704b\guava-31.0.1-jre.jar;C:\Users\yangj\.mcreator\gradle\caches\modules-2\files-2.1\com.google.code.findbugs\jsr305\3.0.2\25ea2e8b0c338a877313bd4672d3fe056ea78f0d\jsr305-3.0.2.jar;C:\Users\yangj\.mcreator\gradle\caches\modu
Launcher Type: SUN_STANDARD

[Global flags]
     intx CICompilerCount                          = 4                                         {product} {ergonomic}
     uint ConcGCThreads                            = 2                                         {product} {ergonomic}
     uint G1ConcRefinementThreads                  = 8                                         {product} {ergonomic}
   size_t G1HeapRegionSize                         = 2097152                                   {product} {ergonomic}
    uintx GCDrainStackTargetSize                   = 64                                        {product} {ergonomic}
    ccstr HeapDumpPath                             = MojangTricksIntelDriversForPerformance_javaw.exe_minecraft.exe.heapdump         {manageable} {command line}
   size_t InitialHeapSize                          = 234881024                                 {product} {ergonomic}
   size_t MarkStackSize                            = 4194304                                   {product} {ergonomic}
   size_t MaxHeapSize                              = 3747610624                                {product} {ergonomic}
   size_t MaxNewSize                               = 2248146944                                {product} {ergonomic}
   size_t MinHeapDeltaBytes                        = 2097152                                   {product} {ergonomic}
   size_t MinHeapSize                              = 8388608                                   {product} {ergonomic}
    uintx NonNMethodCodeHeapSize                   = 5839372                                {pd product} {ergonomic}
    uintx NonProfiledCodeHeapSize                  = 122909434                              {pd product} {ergonomic}
    uintx ProfiledCodeHeapSize                     = 122909434                              {pd product} {ergonomic}
    uintx ReservedCodeCacheSize                    = 251658240                              {pd product} {ergonomic}
     bool SegmentedCodeCache                       = true                                      {product} {ergonomic}
   size_t SoftMaxHeapSize                          = 3747610624                             {manageable} {ergonomic}
     bool UseCompressedClassPointers               = true                           {product lp64_product} {ergonomic}
     bool UseCompressedOops                        = true                           {product lp64_product} {ergonomic}
     bool UseG1GC                                  = true                                      {product} {ergonomic}
     bool UseLargePagesIndividualAllocation        = false                                  {pd product} {ergonomic}

Logging:
Log output configuration:
 #0: stdout all=warning uptime,level,tags
 #1: stderr all=off uptime,level,tags

Environment Variables:
JAVA_HOME=C:\Users\yangj\Desktop\MCreator20231\jdk
PATH=C:\Program Files\Common Files\Oracle\Java\javapath;C:\Program Files (x86)\Common Files\Oracle\Java\javapath;C:\WINDOWS\system32;C:\WINDOWS;C:\WINDOWS\System32\Wbem;C:\WINDOWS\System32\WindowsPowerShell\v1.0\;C:\WINDOWS\System32\OpenSSH\;C:\Program Files\Bandizip\;C:\Program Files\Common Files\Oracle\Java\javapath;C:\Program Files (x86)\Common Files\Oracle\Java\javapath;C:\WINDOWS\system32;C:\WINDOWS;C:\WINDOWS\System32\Wbem;C:\WINDOWS\System32\WindowsPowerShell\v1.0\;C:\WINDOWS\System32\OpenSSH\;C:\Program Files\Bandizip\;C:\Users\yangj\AppData\Local\Microsoft\WindowsApps;C:\Users\yangj\Desktop\z\;C:\Users\yangj\Desktop\z\jdk\bin\;C:\Users\yangj\Desktop\z\jdk\jre\bin\;C:\Users\yangj\Desktop\z\;C:\Users\yangj\Desktop\z\jdk\bin\;C:\Users\yangj\Desktop\z\jdk\jre\bin\;C:\Users\yangj\Desktop\z\;C:\Users\yangj\Desktop\z\jdk\bin\;C:\Users\yangj\Desktop\z\jdk\jre\bin\;C:\Users\yangj\Desktop\z\;C:\Users\yangj\Desktop\z\jdk\bin\;C:\Users\yangj\Desktop\z\jdk\jre\bin\;C:\Users\yangj\Desktop\z\;C:\Users\yangj\Desktop\z\;C:\Users\yangj\Desktop\z\;C:\Users\yangj\Desktop\z\jdk\bin\;C:\Users\yangj\Desktop\z\jdk\jre\bin\;;C:\Users\yangj\Desktop\z\;C:\Users\yangj\Desktop\z\jdk\bin\;C:\Users\yangj\Desktop\z\jdk\jre\bin\;;C:\Users\yangj\Desktop\MCreator20231\jdk\bin
USERNAME=yangj
OS=Windows_NT
PROCESSOR_IDENTIFIER=AMD64 Family 23 Model 24 Stepping 1, AuthenticAMD
TMP=C:\Users\yangj\AppData\Local\Temp
TEMP=C:\Users\yangj\AppData\Local\Temp



---------------  S Y S T E M  ---------------

OS:
 Windows 11 , 64 bit Build 22621 (10.0.22621.1325)
OS uptime: 0 days 0:44 hours
Hyper-V role detected

CPU: total 8 (initial active 8) (8 cores per cpu, 2 threads per core) family 23 model 24 stepping 1 microcode 0x0, cx8, cmov, fxsr, ht, mmx, 3dnowpref, sse, sse2, sse3, ssse3, sse4a, sse4.1, sse4.2, popcnt, lzcnt, tsc, tscinvbit, avx, avx2, aes, clmul, bmi1, bmi2, adx, sha, fma, vzeroupper, clflush, clflushopt, hv

Memory: 4k page, system-wide physical 14293M (7797M free)
TotalPageFile size 16981M (AvailPageFile size 8644M)
current process WorkingSet (physical memory assigned to process): 565M, peak: 567M
current process commit charge ("private bytes"): 639M, peak: 647M

vm_info: OpenJDK 64-Bit Server VM (17.0.5+8) for windows-amd64 JRE (17.0.5+8), built on Oct 19 2022 04:48:13 by "temurin" with MS VC++ 16.7 (VS2019)

END.
