#
# A fatal error has been detected by the Java Runtime Environment:
#
#  EXCEPTION_ACCESS_VIOLATION (0xc0000005) at pc=0x00007ffde3d12b60, pid=11652, tid=15036
#
# JRE version: OpenJDK Runtime Environment Temurin-17.0.5+8 (17.0.5+8) (build 17.0.5+8)
# Java VM: OpenJDK 64-Bit Server VM Temurin-17.0.5+8 (17.0.5+8, mixed mode, sharing, tiered, compressed oops, compressed class ptrs, g1 gc, windows-amd64)
# Problematic frame:
# C  [atio6axx.dll+0x192b60]
#
# No core dump will be written. Minidumps are not enabled by default on client versions of Windows
#
# If you would like to submit a bug report, please visit:
#   https://github.com/adoptium/adoptium-support/issues
# The crash happened outside the Java Virtual Machine in native code.
# See problematic frame for where to report the bug.
#

---------------  S U M M A R Y ------------

Command Line: -Dforge.enableGameTest=true -Dforge.logging.console.level=debug -Dforge.logging.markers=REGISTRIES -DignoreList=bootstraplauncher,securejarhandler,asm-commons,asm-util,asm-analysis,asm-tree,asm,JarJarFileSystems,client-extra,fmlcore,javafmllanguage,lowcodelanguage,mclanguage,forge- -Djava.net.preferIPv6Addresses=system -DlegacyClassPath.file=C:\Users\yangj\MCreatorWorkspaces\mixed_ore\build\classpath\runClient_minecraftClasspath.txt -DmergeModules=jna-5.10.0.jar,jna-platform-5.10.0.jar -Dos.version=10.0 --module-path=C:\Users\yangj\.mcreator\gradle\caches\modules-2\files-2.1\cpw.mods\bootstraplauncher\1.1.2\c546e00443d8432cda6baa1c860346980742628\bootstraplauncher-1.1.2.jar;C:\Users\yangj\.mcreator\gradle\caches\modules-2\files-2.1\cpw.mods\securejarhandler\2.1.4\f47e3b9dd860a7b82154b8f90a650ffd0aaa5582\securejarhandler-2.1.4.jar;C:\Users\yangj\.mcreator\gradle\caches\modules-2\files-2.1\org.ow2.asm\asm-commons\9.3\1f2a432d1212f5c352ae607d7b61dcae20c20af5\asm-commons-9.3.jar;C:\Users\yangj\.mcreator\gradle\caches\modules-2\files-2.1\org.ow2.asm\asm-util\9.3\9595bc05510d0bd4b610188b77333fe4851a1975\asm-util-9.3.jar;C:\Users\yangj\.mcreator\gradle\caches\modules-2\files-2.1\org.ow2.asm\asm-analysis\9.3\4b071f211b37c38e0e9f5998550197c8593f6ad8\asm-analysis-9.3.jar;C:\Users\yangj\.mcreator\gradle\caches\modules-2\files-2.1\org.ow2.asm\asm-tree\9.3\78d2ecd61318b5a58cd04fb237636c0e86b77d97\asm-tree-9.3.jar;C:\Users\yangj\.mcreator\gradle\caches\modules-2\files-2.1\org.ow2.asm\asm\9.3\8e6300ef51c1d801a7ed62d07cd221aca3a90640\asm-9.3.jar;C:\Users\yangj\.mcreator\gradle\caches\modules-2\files-2.1\net.minecraftforge\JarJarFileSystems\0.3.16\e52afbb2599dc7c6f779efea0496d32fc01152e3\JarJarFileSystems-0.3.16.jar --add-modules=ALL-MODULE-PATH --add-opens=java.base/java.util.jar=cpw.mods.securejarhandler --add-opens=java.base/java.lang.invoke=cpw.mods.securejarhandler --add-exports=java.base/sun.security.util=cpw.mods.securejarhandler --add-exports=jdk.naming.dns/com.sun.jndi.dns=java.naming -XX:HeapDumpPath=MojangTricksIntelDriversForPerformance_javaw.exe_minecraft.exe.heapdump -Dos.name=Windows 10 -Dfile.encoding=UTF-8 -Duser.country=CN -Duser.language=zh -Duser.variant cpw.mods.bootstraplauncher.BootstrapLauncher --launchTarget forgeclientuserdev --version MOD_DEV --assetIndex 1.19 --assetsDir C:\Users\yangj\.mcreator\gradle\caches\forge_gradle\assets --gameDir . --fml.forgeVersion 43.2.0 --fml.mcVersion 1.19.2 --fml.forgeGroup net.minecraftforge --fml.mcpVersion 20220805.130853

Host: AMD Ryzen 7 3700U with Radeon Vega Mobile Gfx  , 8 cores, 13G,  Windows 11 , 64 bit Build 22621 (10.0.22621.1344)
Time: Thu Mar 16 16:55:25 2023  Windows 11 , 64 bit Build 22621 (10.0.22621.1344) elapsed time: 14.364698 seconds (0d 0h 0m 14s)

---------------  T H R E A D  ---------------

Current thread (0x000002328e6ede30):  JavaThread "Render thread" [_thread_in_native, id=15036, stack(0x000000ad85200000,0x000000ad85300000)]

Stack: [0x000000ad85200000,0x000000ad85300000],  sp=0x000000ad852fadc8,  free space=1003k
Native frames: (J=compiled Java code, j=interpreted, Vv=VM code, C=native code)
C  [atio6axx.dll+0x192b60]

Java frames: (J=compiled Java code, j=interpreted, Vv=VM code)
j  org.lwjgl.system.JNI.invokePPPP(IIJJJJ)J+0 org.lwjgl@3.3.1+7
j  org.lwjgl.glfw.GLFW.nglfwCreateWindow(IIJJJ)J+14 org.lwjgl.glfw@3.3.1+7
j  org.lwjgl.glfw.GLFW.glfwCreateWindow(IILjava/lang/CharSequence;JJ)J+34 org.lwjgl.glfw@3.3.1+7
j  net.minecraftforge.client.loading.NoVizFallback.lambda$fallback$0(Ljava/util/function/IntSupplier;Ljava/util/function/IntSupplier;Ljava/util/function/Supplier;Ljava/util/function/LongSupplier;)J+28 forge@43.2.0
j  net.minecraftforge.client.loading.NoVizFallback$$Lambda$4379+0x000000080162c640.getAsLong()J+16 forge@43.2.0
j  net.minecraftforge.fml.loading.progress.EarlyProgressVisualization$Visualization$$Lambda$4380+0x0000000801626e58.apply(Ljava/lang/Object;)Ljava/lang/Object;+4 fmlloader@1.19.2-43.2.0
J 2569 c2 java.util.Optional.map(Ljava/util/function/Function;)Ljava/util/Optional; java.base@17.0.5 (30 bytes) @ 0x000002329de0b6fc [0x000002329de0b6a0+0x000000000000005c]
j  net.minecraftforge.fml.loading.progress.EarlyProgressVisualization$Visualization.handOffWindow(Ljava/util/function/IntSupplier;Ljava/util/function/IntSupplier;Ljava/util/function/Supplier;Ljava/util/function/LongSupplier;)J+48 fmlloader@1.19.2-43.2.0
j  net.minecraftforge.fml.loading.progress.EarlyProgressVisualization.handOffWindow(Ljava/util/function/IntSupplier;Ljava/util/function/IntSupplier;Ljava/util/function/Supplier;Ljava/util/function/LongSupplier;)J+9 fmlloader@1.19.2-43.2.0
j  com.mojang.blaze3d.platform.Window.<init>(Lcom/mojang/blaze3d/platform/WindowEventHandler;Lcom/mojang/blaze3d/platform/ScreenManager;Lcom/mojang/blaze3d/platform/DisplayData;Ljava/lang/String;Ljava/lang/String;)V+279 minecraft@1.19.2
j  net.minecraft.client.renderer.VirtualScreen.newWindow(Lcom/mojang/blaze3d/platform/DisplayData;Ljava/lang/String;Ljava/lang/String;)Lcom/mojang/blaze3d/platform/Window;+15 minecraft@1.19.2
j  net.minecraft.client.Minecraft.<init>(Lnet/minecraft/client/main/GameConfig;)V+723 minecraft@1.19.2
j  net.minecraft.client.main.Main.run([Ljava/lang/String;Z)V+1356 minecraft@1.19.2
j  net.minecraft.client.main.Main.main([Ljava/lang/String;)V+12 minecraft@1.19.2
v  ~StubRoutines::call_stub
j  jdk.internal.reflect.NativeMethodAccessorImpl.invoke0(Ljava/lang/reflect/Method;Ljava/lang/Object;[Ljava/lang/Object;)Ljava/lang/Object;+0 java.base@17.0.5
j  jdk.internal.reflect.NativeMethodAccessorImpl.invoke(Ljava/lang/Object;[Ljava/lang/Object;)Ljava/lang/Object;+133 java.base@17.0.5
j  jdk.internal.reflect.DelegatingMethodAccessorImpl.invoke(Ljava/lang/Object;[Ljava/lang/Object;)Ljava/lang/Object;+6 java.base@17.0.5
j  java.lang.reflect.Method.invoke(Ljava/lang/Object;[Ljava/lang/Object;)Ljava/lang/Object;+59 java.base@17.0.5
j  net.minecraftforge.fml.loading.targets.ForgeClientUserdevLaunchHandler.lambda$launchService$0([Ljava/lang/String;Ljava/lang/ModuleLayer;)V+47 fmlloader@1.19.2-43.2.0
j  net.minecraftforge.fml.loading.targets.ForgeClientUserdevLaunchHandler$$Lambda$856+0x0000000800faf470.run()V+12 fmlloader@1.19.2-43.2.0
j  cpw.mods.modlauncher.LaunchServiceHandlerDecorator.launch([Ljava/lang/String;Ljava/lang/ModuleLayer;)V+11 cpw.mods.modlauncher@10.0.8
j  cpw.mods.modlauncher.LaunchServiceHandler.launch(Ljava/lang/String;[Ljava/lang/String;Ljava/lang/ModuleLayer;Lcpw/mods/modlauncher/TransformingClassLoader;Lcpw/mods/modlauncher/LaunchPluginHandler;)V+58 cpw.mods.modlauncher@10.0.8
j  cpw.mods.modlauncher.LaunchServiceHandler.launch(Lcpw/mods/modlauncher/ArgumentHandler;Ljava/lang/ModuleLayer;Lcpw/mods/modlauncher/TransformingClassLoader;Lcpw/mods/modlauncher/LaunchPluginHandler;)V+21 cpw.mods.modlauncher@10.0.8
j  cpw.mods.modlauncher.Launcher.run([Ljava/lang/String;)V+310 cpw.mods.modlauncher@10.0.8
j  cpw.mods.modlauncher.Launcher.main([Ljava/lang/String;)V+78 cpw.mods.modlauncher@10.0.8
j  cpw.mods.modlauncher.BootstrapLaunchConsumer.accept([Ljava/lang/String;)V+1 cpw.mods.modlauncher@10.0.8
j  cpw.mods.modlauncher.BootstrapLaunchConsumer.accept(Ljava/lang/Object;)V+5 cpw.mods.modlauncher@10.0.8
j  cpw.mods.bootstraplauncher.BootstrapLauncher.main([Ljava/lang/String;)V+515 cpw.mods.bootstraplauncher@1.1.2
v  ~StubRoutines::call_stub

siginfo: EXCEPTION_ACCESS_VIOLATION (0xc0000005), reading address 0xffffffffffffffff


Register to memory mapping:

RIP=0x00007ffde3d12b60 atio6axx.dll
RAX=0x0 is NULL
RBX=0x00007ffde75533b0 atio6axx.dll
RCX=0x6e6f6d6d6f635c73 is an unknown value
RDX=0x00000000000000d0 is an unknown value
RSP=0x000000ad852fadc8 is pointing into the stack for thread: 0x000002328e6ede30
RBP=0x000000ad852faf30 is pointing into the stack for thread: 0x000002328e6ede30
RSI=0x00007ffde7462d40 atio6axx.dll
RDI=0x000000ad852fb220 is pointing into the stack for thread: 0x000002328e6ede30
R8 =0x00000000000001a5 is an unknown value
R9 =0x6e6f6d6d6f635c73 is an unknown value
R10=0x0 is NULL
R11=0x0000000000000200 is an unknown value
R12=0x00007ffde7553408 atio6axx.dll
R13=0x00007ffde7555c08 atio6axx.dll
R14=0x00007ffde75533b0 atio6axx.dll
R15=0x0 is NULL


Registers:
RAX=0x0000000000000000, RBX=0x00007ffde75533b0, RCX=0x6e6f6d6d6f635c73, RDX=0x00000000000000d0
RSP=0x000000ad852fadc8, RBP=0x000000ad852faf30, RSI=0x00007ffde7462d40, RDI=0x000000ad852fb220
R8 =0x00000000000001a5, R9 =0x6e6f6d6d6f635c73, R10=0x0000000000000000, R11=0x0000000000000200
R12=0x00007ffde7553408, R13=0x00007ffde7555c08, R14=0x00007ffde75533b0, R15=0x0000000000000000
RIP=0x00007ffde3d12b60, EFLAGS=0x0000000000010202

Top of Stack: (sp=0x000000ad852fadc8)
0x000000ad852fadc8:   00007ffde3d12e7c 00007ffde7556020
0x000000ad852fadd8:   00000232b4550018 0000000000000000
0x000000ad852fade8:   00007ffde3d13e8d 000000ad852fb220
0x000000ad852fadf8:   00007ffde3ccf484 00007ffde75533b0
0x000000ad852fae08:   00007ffde7462d40 0000652e6176616a
0x000000ad852fae18:   00007bb1f4ae9d3b 000000ad852fb220
0x000000ad852fae28:   00007ffde3cd0457 00007ffde75533b8
0x000000ad852fae38:   00007ffde7462d40 00007ffde7462d40
0x000000ad852fae48:   000000ad852fad38 00007ffde75533b0
0x000000ad852fae58:   00007ffe00000000 0000000000000009
0x000000ad852fae68:   00000232b6d5301c 00000232b6d53178
0x000000ad852fae78:   00007ffde75533b8 000000ad852fb220
0x000000ad852fae88:   000000ad852fafdd 00007f006176616a
0x000000ad852fae98:   00007f006176616a 46676e697274535c
0x000000ad852faea8:   5c6f666e49656c69 3062343039303430
0x000000ad852faeb8:   726556656c69465c 000000006e6f6973 

Instructions: (pc=0x00007ffde3d12b60)
0x00007ffde3d12a60:   74 09 33 c9 ff 15 e6 89 66 03 90 48 8b c3 48 83
0x00007ffde3d12a70:   c4 20 5b c3 cc cc cc cc cc cc cc cc cc cc cc cc
0x00007ffde3d12a80:   48 83 ec 28 48 8b 51 08 48 85 d2 74 09 33 c9 ff
0x00007ffde3d12a90:   15 bb 89 66 03 90 48 83 c4 28 c3 cc cc cc cc cc
0x00007ffde3d12aa0:   48 89 11 c3 cc cc cc cc cc cc cc cc cc cc cc cc
0x00007ffde3d12ab0:   48 8b c1 c3 cc cc cc cc cc cc cc cc cc cc cc cc
0x00007ffde3d12ac0:   48 3b ca 74 10 41 8b 00 39 01 74 09 48 83 c1 04
0x00007ffde3d12ad0:   48 3b ca 75 f3 48 8b c1 c3 cc cc cc cc cc cc cc
0x00007ffde3d12ae0:   48 8b c1 c3 cc cc cc cc cc cc cc cc cc cc cc cc
0x00007ffde3d12af0:   48 83 39 00 0f 94 c0 c3 cc cc cc cc cc cc cc cc
0x00007ffde3d12b00:   4c 8d 04 d5 00 00 00 00 33 d2 e9 c1 d0 dd 01 cc
0x00007ffde3d12b10:   4c 8b 41 08 48 8b 02 49 89 00 48 83 41 08 08 c3
0x00007ffde3d12b20:   48 8b c1 c3 cc cc cc cc cc cc cc cc cc cc cc cc
0x00007ffde3d12b30:   48 8b c1 c3 cc cc cc cc cc cc cc cc cc cc cc cc
0x00007ffde3d12b40:   49 8b 00 48 89 02 c3 cc cc cc cc cc cc cc cc cc
0x00007ffde3d12b50:   8b 81 40 39 00 00 c3 cc cc cc cc cc cc cc cc cc
0x00007ffde3d12b60:   8b 81 40 39 00 00 83 c0 f0 83 f8 67 0f 87 5a 01
0x00007ffde3d12b70:   00 00 48 8d 15 87 d4 e6 ff 0f b6 84 02 f0 2c 19
0x00007ffde3d12b80:   00 8b 8c 82 d0 2c 19 00 48 03 ca ff e1 48 8b 0d
0x00007ffde3d12b90:   6c 6f 7e 03 83 b9 b4 34 00 00 02 0f 87 2b 01 00
0x00007ffde3d12ba0:   00 48 8d 91 0c 29 00 00 c7 02 e1 00 00 00 e9 ce
0x00007ffde3d12bb0:   00 00 00 48 8b 0d 46 6f 7e 03 83 b9 b4 34 00 00
0x00007ffde3d12bc0:   02 0f 87 05 01 00 00 48 8d 91 0c 29 00 00 c7 02
0x00007ffde3d12bd0:   f0 00 00 00 e9 a8 00 00 00 48 8b 0d 20 6f 7e 03
0x00007ffde3d12be0:   83 b9 b4 34 00 00 02 0f 87 df 00 00 00 48 8d 91
0x00007ffde3d12bf0:   0c 29 00 00 c7 02 00 04 00 00 e9 82 00 00 00 48
0x00007ffde3d12c00:   8b 0d fa 6e 7e 03 83 b9 b4 34 00 00 02 0f 87 b9
0x00007ffde3d12c10:   00 00 00 48 8d 91 0c 29 00 00 c7 02 00 08 00 00
0x00007ffde3d12c20:   eb 5f 48 8b 0d d7 6e 7e 03 83 b9 b4 34 00 00 02
0x00007ffde3d12c30:   0f 87 96 00 00 00 48 8d 91 0c 29 00 00 c7 02 00
0x00007ffde3d12c40:   09 00 00 eb 3c 48 8b 0d b4 6e 7e 03 83 b9 b4 34
0x00007ffde3d12c50:   00 00 02 77 77 48 8d 91 0c 29 00 00 c7 02 3c 0f 


Stack slot to memory mapping:
stack at sp + 0 slots: 0x00007ffde3d12e7c atio6axx.dll
stack at sp + 1 slots: 0x00007ffde7556020 atio6axx.dll
stack at sp + 2 slots: 0x00000232b4550018 points into unknown readable memory: 0x00007ffde6d5f5f0 | f0 f5 d5 e6 fd 7f 00 00
stack at sp + 3 slots: 0x0 is NULL
stack at sp + 4 slots: 0x00007ffde3d13e8d atio6axx.dll
stack at sp + 5 slots: 0x000000ad852fb220 is pointing into the stack for thread: 0x000002328e6ede30
stack at sp + 6 slots: 0x00007ffde3ccf484 atio6axx.dll
stack at sp + 7 slots: 0x00007ffde75533b0 atio6axx.dll


---------------  P R O C E S S  ---------------

Threads class SMR info:
_java_thread_list=0x00000232b2cf3110, length=18, elements={
0x000002328e6ede30, 0x00000232b03f1030, 0x00000232b03f6f30, 0x00000232b04056a0,
0x00000232b0407f70, 0x00000232b0409840, 0x00000232b040a100, 0x00000232b040cd00,
0x00000232b040d600, 0x00000232b1008490, 0x00000232b11010c0, 0x00000232b112f520,
0x00000232b1225390, 0x00000232b20053c0, 0x00000232b26bbd90, 0x00000232b26bc260,
0x00000232b26baf20, 0x00000232b6c025c0
}

Java Threads: ( => current thread )
=>0x000002328e6ede30 JavaThread "Render thread" [_thread_in_native, id=15036, stack(0x000000ad85200000,0x000000ad85300000)]
  0x00000232b03f1030 JavaThread "Reference Handler" daemon [_thread_blocked, id=2804, stack(0x000000ad85900000,0x000000ad85a00000)]
  0x00000232b03f6f30 JavaThread "Finalizer" daemon [_thread_blocked, id=8932, stack(0x000000ad85a00000,0x000000ad85b00000)]
  0x00000232b04056a0 JavaThread "Signal Dispatcher" daemon [_thread_blocked, id=10808, stack(0x000000ad85b00000,0x000000ad85c00000)]
  0x00000232b0407f70 JavaThread "Attach Listener" daemon [_thread_blocked, id=24604, stack(0x000000ad85c00000,0x000000ad85d00000)]
  0x00000232b0409840 JavaThread "Service Thread" daemon [_thread_blocked, id=14500, stack(0x000000ad85d00000,0x000000ad85e00000)]
  0x00000232b040a100 JavaThread "Monitor Deflation Thread" daemon [_thread_blocked, id=2424, stack(0x000000ad85e00000,0x000000ad85f00000)]
  0x00000232b040cd00 JavaThread "C2 CompilerThread0" daemon [_thread_in_native, id=18092, stack(0x000000ad85f00000,0x000000ad86000000)]
  0x00000232b040d600 JavaThread "C1 CompilerThread0" daemon [_thread_blocked, id=6044, stack(0x000000ad86000000,0x000000ad86100000)]
  0x00000232b1008490 JavaThread "Sweeper thread" daemon [_thread_blocked, id=9196, stack(0x000000ad86100000,0x000000ad86200000)]
  0x00000232b11010c0 JavaThread "Common-Cleaner" daemon [_thread_blocked, id=8456, stack(0x000000ad86200000,0x000000ad86300000)]
  0x00000232b112f520 JavaThread "C2 CompilerThread1" daemon [_thread_blocked, id=21764, stack(0x000000ad86300000,0x000000ad86400000)]
  0x00000232b1225390 JavaThread "Notification Thread" daemon [_thread_blocked, id=10336, stack(0x000000ad86400000,0x000000ad86500000)]
  0x00000232b20053c0 JavaThread "C2 CompilerThread2" daemon [_thread_blocked, id=23400, stack(0x000000ad86d00000,0x000000ad86e00000)]
  0x00000232b26bbd90 JavaThread "Thread-0" daemon [_thread_blocked, id=12576, stack(0x000000ad86e00000,0x000000ad86f00000)]
  0x00000232b26bc260 JavaThread "FileSystemWatchService" daemon [_thread_in_native, id=21144, stack(0x000000ad86f00000,0x000000ad87000000)]
  0x00000232b26baf20 JavaThread "pool-2-thread-1" daemon [_thread_blocked, id=20948, stack(0x000000ad87100000,0x000000ad87200000)]
  0x00000232b6c025c0 JavaThread "Timer hack thread" daemon [_thread_blocked, id=6536, stack(0x000000ad87500000,0x000000ad87600000)]

Other Threads:
  0x00000232b03e98d0 VMThread "VM Thread" [stack: 0x000000ad85800000,0x000000ad85900000] [id=6112]
  0x00000232b124a5c0 WatcherThread [stack: 0x000000ad86500000,0x000000ad86600000] [id=13956]
  0x000002328e74fa20 GCTaskThread "GC Thread#0" [stack: 0x000000ad85300000,0x000000ad85400000] [id=20008]
  0x00000232b130fe20 GCTaskThread "GC Thread#1" [stack: 0x000000ad86700000,0x000000ad86800000] [id=21112]
  0x00000232b13100d0 GCTaskThread "GC Thread#2" [stack: 0x000000ad86800000,0x000000ad86900000] [id=12788]
  0x00000232b1310790 GCTaskThread "GC Thread#3" [stack: 0x000000ad86900000,0x000000ad86a00000] [id=22132]
  0x00000232b1310a40 GCTaskThread "GC Thread#4" [stack: 0x000000ad86a00000,0x000000ad86b00000] [id=9068]
  0x00000232b197b8d0 GCTaskThread "GC Thread#5" [stack: 0x000000ad86b00000,0x000000ad86c00000] [id=25988]
  0x00000232b257a420 GCTaskThread "GC Thread#6" [stack: 0x000000ad86c00000,0x000000ad86d00000] [id=8020]
  0x00000232b38c7930 GCTaskThread "GC Thread#7" [stack: 0x000000ad86600000,0x000000ad86700000] [id=23424]
  0x000002328e75ea10 ConcurrentGCThread "G1 Main Marker" [stack: 0x000000ad85400000,0x000000ad85500000] [id=20220]
  0x000002328e760a70 ConcurrentGCThread "G1 Conc#0" [stack: 0x000000ad85500000,0x000000ad85600000] [id=23060]
  0x00000232b3a52710 ConcurrentGCThread "G1 Conc#1" [stack: 0x000000ad87000000,0x000000ad87100000] [id=22620]
  0x000002328e78ec80 ConcurrentGCThread "G1 Refine#0" [stack: 0x000000ad85600000,0x000000ad85700000] [id=26216]
  0x00000232b4745df0 ConcurrentGCThread "G1 Refine#1" [stack: 0x000000ad87600000,0x000000ad87700000] [id=20088]
  0x00000232b4745550 ConcurrentGCThread "G1 Refine#2" [stack: 0x000000ad87700000,0x000000ad87800000] [id=11388]
  0x00000232b47463b0 ConcurrentGCThread "G1 Refine#3" [stack: 0x000000ad87800000,0x000000ad87900000] [id=13060]
  0x00000232b4747210 ConcurrentGCThread "G1 Refine#4" [stack: 0x000000ad87900000,0x000000ad87a00000] [id=20028]
  0x00000232b02a53c0 ConcurrentGCThread "G1 Service" [stack: 0x000000ad85700000,0x000000ad85800000] [id=24616]

Threads with active compile tasks:
C2 CompilerThread0    14446 9552 %     4       org.objectweb.asm.ClassReader::readCode @ 1561 (5109 bytes)

VM state: not at safepoint (normal execution)

VM Mutex/Monitor currently owned by a thread: None

Heap address: 0x0000000720a00000, size: 3574 MB, Compressed Oops mode: Zero based, Oop shift amount: 3

CDS archive(s) mapped at: [0x0000000800000000-0x0000000800bc0000-0x0000000800bc0000), size 12320768, SharedBaseAddress: 0x0000000800000000, ArchiveRelocationMode: 0.
Compressed class space mapped at: 0x0000000800c00000-0x0000000840c00000, reserved size: 1073741824
Narrow klass base: 0x0000000800000000, Narrow klass shift: 0, Narrow klass range: 0x100000000

GC Precious Log:
 CPUs: 8 total, 8 available
 Memory: 14293M
 Large Page Support: Disabled
 NUMA Support: Disabled
 Compressed Oops: Enabled (Zero based)
 Heap Region Size: 2M
 Heap Min Capacity: 8M
 Heap Initial Capacity: 224M
 Heap Max Capacity: 3574M
 Pre-touch: Disabled
 Parallel Workers: 8
 Concurrent Workers: 2
 Concurrent Refinement Workers: 8
 Periodic GC: Disabled

Heap:
 garbage-first heap   total 382976K, used 226467K [0x0000000720a00000, 0x0000000800000000)
  region size 2048K, 39 young (79872K), 6 survivors (12288K)
 Metaspace       used 65587K, committed 66752K, reserved 1105920K
  class space    used 9944K, committed 10432K, reserved 1048576K

Heap Regions: E=young(eden), S=young(survivor), O=old, HS=humongous(starts), HC=humongous(continues), CS=collection set, F=free, OA=open archive, CA=closed archive, TAMS=top-at-mark-start (previous, next)
|   0|0x0000000720a00000, 0x0000000720c00000, 0x0000000720c00000|100%|HS|  |TAMS 0x0000000720c00000, 0x0000000720a00000| Complete 
|   1|0x0000000720c00000, 0x0000000720e00000, 0x0000000720e00000|100%| O|  |TAMS 0x0000000720e00000, 0x0000000720c00000| Untracked 
|   2|0x0000000720e00000, 0x0000000721000000, 0x0000000721000000|100%|HS|  |TAMS 0x0000000721000000, 0x0000000720e00000| Complete 
|   3|0x0000000721000000, 0x0000000721200000, 0x0000000721200000|100%| O|  |TAMS 0x0000000721200000, 0x0000000721000000| Untracked 
|   4|0x0000000721200000, 0x0000000721400000, 0x0000000721400000|100%| O|  |TAMS 0x0000000721400000, 0x0000000721200000| Untracked 
|   5|0x0000000721400000, 0x0000000721600000, 0x0000000721600000|100%| O|  |TAMS 0x0000000721600000, 0x0000000721400000| Untracked 
|   6|0x0000000721600000, 0x0000000721800000, 0x0000000721800000|100%|HS|  |TAMS 0x0000000721800000, 0x0000000721600000| Complete 
|   7|0x0000000721800000, 0x0000000721a00000, 0x0000000721a00000|100%|HS|  |TAMS 0x0000000721a00000, 0x0000000721800000| Complete 
|   8|0x0000000721a00000, 0x0000000721c00000, 0x0000000721c00000|100%| O|  |TAMS 0x0000000721c00000, 0x0000000721a00000| Untracked 
|   9|0x0000000721c00000, 0x0000000721e00000, 0x0000000721e00000|100%| O|  |TAMS 0x0000000721e00000, 0x0000000721c00000| Untracked 
|  10|0x0000000721e00000, 0x0000000722000000, 0x0000000722000000|100%| O|  |TAMS 0x0000000722000000, 0x0000000721e00000| Untracked 
|  11|0x0000000722000000, 0x0000000722200000, 0x0000000722200000|100%| O|  |TAMS 0x0000000722200000, 0x0000000722000000| Untracked 
|  12|0x0000000722200000, 0x0000000722400000, 0x0000000722400000|100%| O|  |TAMS 0x0000000722400000, 0x0000000722200000| Untracked 
|  13|0x0000000722400000, 0x0000000722600000, 0x0000000722600000|100%| O|  |TAMS 0x0000000722600000, 0x0000000722400000| Untracked 
|  14|0x0000000722600000, 0x0000000722800000, 0x0000000722800000|100%|HS|  |TAMS 0x0000000722800000, 0x0000000722600000| Complete 
|  15|0x0000000722800000, 0x0000000722a00000, 0x0000000722a00000|100%| O|  |TAMS 0x0000000722a00000, 0x0000000722800000| Untracked 
|  16|0x0000000722a00000, 0x0000000722c00000, 0x0000000722c00000|100%| O|  |TAMS 0x0000000722c00000, 0x0000000722a00000| Untracked 
|  17|0x0000000722c00000, 0x0000000722e00000, 0x0000000722e00000|100%| O|  |TAMS 0x0000000722e00000, 0x0000000722c00000| Untracked 
|  18|0x0000000722e00000, 0x0000000723000000, 0x0000000723000000|100%| O|  |TAMS 0x0000000723000000, 0x0000000722e00000| Untracked 
|  19|0x0000000723000000, 0x0000000723200000, 0x0000000723200000|100%| O|  |TAMS 0x0000000723200000, 0x0000000723000000| Untracked 
|  20|0x0000000723200000, 0x0000000723400000, 0x0000000723400000|100%| O|  |TAMS 0x0000000723400000, 0x0000000723200000| Untracked 
|  21|0x0000000723400000, 0x0000000723600000, 0x0000000723600000|100%| O|  |TAMS 0x0000000723600000, 0x0000000723400000| Untracked 
|  22|0x0000000723600000, 0x00000007236e1800, 0x0000000723800000| 44%| O|  |TAMS 0x00000007236e1800, 0x0000000723600000| Untracked 
|  23|0x0000000723800000, 0x0000000723a00000, 0x0000000723a00000|100%| O|  |TAMS 0x0000000723a00000, 0x0000000723800000| Untracked 
|  24|0x0000000723a00000, 0x0000000723c00000, 0x0000000723c00000|100%| O|  |TAMS 0x0000000723c00000, 0x0000000723a00000| Untracked 
|  25|0x0000000723c00000, 0x0000000723e00000, 0x0000000723e00000|100%| O|  |TAMS 0x0000000723e00000, 0x0000000723c00000| Untracked 
|  26|0x0000000723e00000, 0x0000000724000000, 0x0000000724000000|100%| O|  |TAMS 0x0000000724000000, 0x0000000723e00000| Untracked 
|  27|0x0000000724000000, 0x0000000724200000, 0x0000000724200000|100%| O|  |TAMS 0x0000000724200000, 0x0000000724000000| Untracked 
|  28|0x0000000724200000, 0x0000000724400000, 0x0000000724400000|100%| O|  |TAMS 0x0000000724400000, 0x0000000724200000| Untracked 
|  29|0x0000000724400000, 0x0000000724600000, 0x0000000724600000|100%| O|  |TAMS 0x0000000724600000, 0x0000000724400000| Untracked 
|  30|0x0000000724600000, 0x0000000724800000, 0x0000000724800000|100%| O|  |TAMS 0x0000000724800000, 0x0000000724600000| Untracked 
|  31|0x0000000724800000, 0x0000000724a00000, 0x0000000724a00000|100%| O|  |TAMS 0x0000000724a00000, 0x0000000724800000| Untracked 
|  32|0x0000000724a00000, 0x0000000724c00000, 0x0000000724c00000|100%| O|  |TAMS 0x0000000724c00000, 0x0000000724a00000| Untracked 
|  33|0x0000000724c00000, 0x0000000724e00000, 0x0000000724e00000|100%| O|  |TAMS 0x0000000724e00000, 0x0000000724c00000| Untracked 
|  34|0x0000000724e00000, 0x0000000725000000, 0x0000000725000000|100%|HS|  |TAMS 0x0000000725000000, 0x0000000724e00000| Complete 
|  35|0x0000000725000000, 0x0000000725200000, 0x0000000725200000|100%|HC|  |TAMS 0x0000000725200000, 0x0000000725000000| Complete 
|  36|0x0000000725200000, 0x0000000725400000, 0x0000000725400000|100%|HC|  |TAMS 0x0000000725400000, 0x0000000725200000| Complete 
|  37|0x0000000725400000, 0x0000000725600000, 0x0000000725600000|100%|HC|  |TAMS 0x0000000725600000, 0x0000000725400000| Complete 
|  38|0x0000000725600000, 0x0000000725800000, 0x0000000725800000|100%|HC|  |TAMS 0x0000000725800000, 0x0000000725600000| Complete 
|  39|0x0000000725800000, 0x0000000725a00000, 0x0000000725a00000|100%|HC|  |TAMS 0x0000000725a00000, 0x0000000725800000| Complete 
|  40|0x0000000725a00000, 0x0000000725c00000, 0x0000000725c00000|100%| O|  |TAMS 0x0000000725c00000, 0x0000000725a00000| Untracked 
|  41|0x0000000725c00000, 0x0000000725e00000, 0x0000000725e00000|100%| O|  |TAMS 0x0000000725e00000, 0x0000000725c00000| Untracked 
|  42|0x0000000725e00000, 0x0000000726000000, 0x0000000726000000|100%| O|  |TAMS 0x0000000726000000, 0x0000000725e00000| Untracked 
|  43|0x0000000726000000, 0x0000000726200000, 0x0000000726200000|100%| O|  |TAMS 0x0000000726200000, 0x0000000726000000| Untracked 
|  44|0x0000000726200000, 0x0000000726400000, 0x0000000726400000|100%| O|  |TAMS 0x0000000726400000, 0x0000000726200000| Untracked 
|  45|0x0000000726400000, 0x0000000726600000, 0x0000000726600000|100%| O|  |TAMS 0x0000000726600000, 0x0000000726400000| Untracked 
|  46|0x0000000726600000, 0x0000000726800000, 0x0000000726800000|100%| O|  |TAMS 0x0000000726800000, 0x0000000726600000| Untracked 
|  47|0x0000000726800000, 0x0000000726a00000, 0x0000000726a00000|100%| O|  |TAMS 0x0000000726a00000, 0x0000000726800000| Untracked 
|  48|0x0000000726a00000, 0x0000000726c00000, 0x0000000726c00000|100%| O|  |TAMS 0x0000000726c00000, 0x0000000726a00000| Untracked 
|  49|0x0000000726c00000, 0x0000000726e00000, 0x0000000726e00000|100%| O|  |TAMS 0x0000000726e00000, 0x0000000726c00000| Untracked 
|  50|0x0000000726e00000, 0x0000000727000000, 0x0000000727000000|100%| O|  |TAMS 0x0000000727000000, 0x0000000726e00000| Untracked 
|  51|0x0000000727000000, 0x0000000727200000, 0x0000000727200000|100%| O|  |TAMS 0x0000000727200000, 0x0000000727000000| Untracked 
|  52|0x0000000727200000, 0x0000000727400000, 0x0000000727400000|100%| O|  |TAMS 0x0000000727400000, 0x0000000727200000| Untracked 
|  53|0x0000000727400000, 0x0000000727600000, 0x0000000727600000|100%| O|  |TAMS 0x0000000727600000, 0x0000000727400000| Untracked 
|  54|0x0000000727600000, 0x0000000727800000, 0x0000000727800000|100%| O|  |TAMS 0x0000000727800000, 0x0000000727600000| Untracked 
|  55|0x0000000727800000, 0x0000000727a00000, 0x0000000727a00000|100%| O|  |TAMS 0x0000000727a00000, 0x0000000727800000| Untracked 
|  56|0x0000000727a00000, 0x0000000727c00000, 0x0000000727c00000|100%| O|  |TAMS 0x0000000727c00000, 0x0000000727a00000| Untracked 
|  57|0x0000000727c00000, 0x0000000727e00000, 0x0000000727e00000|100%| O|  |TAMS 0x0000000727e00000, 0x0000000727c00000| Untracked 
|  58|0x0000000727e00000, 0x0000000728000000, 0x0000000728000000|100%| O|  |TAMS 0x0000000728000000, 0x0000000727e00000| Untracked 
|  59|0x0000000728000000, 0x0000000728200000, 0x0000000728200000|100%| O|  |TAMS 0x0000000728200000, 0x0000000728000000| Untracked 
|  60|0x0000000728200000, 0x0000000728400000, 0x0000000728400000|100%| O|  |TAMS 0x0000000728400000, 0x0000000728200000| Untracked 
|  61|0x0000000728400000, 0x0000000728600000, 0x0000000728600000|100%| O|  |TAMS 0x0000000728600000, 0x0000000728400000| Untracked 
|  62|0x0000000728600000, 0x0000000728800000, 0x0000000728800000|100%| O|  |TAMS 0x0000000728800000, 0x0000000728600000| Untracked 
|  63|0x0000000728800000, 0x0000000728a00000, 0x0000000728a00000|100%| O|  |TAMS 0x0000000728a00000, 0x0000000728800000| Untracked 
|  64|0x0000000728a00000, 0x0000000728c00000, 0x0000000728c00000|100%| O|  |TAMS 0x0000000728c00000, 0x0000000728a00000| Untracked 
|  65|0x0000000728c00000, 0x0000000728e00000, 0x0000000728e00000|100%| O|  |TAMS 0x0000000728cecc00, 0x0000000728c00000| Untracked 
|  66|0x0000000728e00000, 0x0000000729000000, 0x0000000729000000|100%| O|  |TAMS 0x0000000728e00000, 0x0000000728e00000| Untracked 
|  67|0x0000000729000000, 0x0000000729200000, 0x0000000729200000|100%| O|  |TAMS 0x0000000729000000, 0x0000000729000000| Untracked 
|  68|0x0000000729200000, 0x0000000729400000, 0x0000000729400000|100%| O|  |TAMS 0x0000000729200000, 0x0000000729200000| Untracked 
|  69|0x0000000729400000, 0x0000000729600000, 0x0000000729600000|100%| O|  |TAMS 0x0000000729400000, 0x0000000729400000| Untracked 
|  70|0x0000000729600000, 0x0000000729800000, 0x0000000729800000|100%| O|  |TAMS 0x0000000729600000, 0x0000000729600000| Untracked 
|  71|0x0000000729800000, 0x0000000729a00000, 0x0000000729a00000|100%| O|  |TAMS 0x0000000729800000, 0x0000000729800000| Untracked 
|  72|0x0000000729a00000, 0x0000000729c00000, 0x0000000729c00000|100%| O|  |TAMS 0x0000000729a00000, 0x0000000729a00000| Untracked 
|  73|0x0000000729c00000, 0x0000000729de0600, 0x0000000729e00000| 93%| O|  |TAMS 0x0000000729c00000, 0x0000000729c00000| Untracked 
|  74|0x0000000729e00000, 0x0000000729e00000, 0x000000072a000000|  0%| F|  |TAMS 0x0000000729e00000, 0x0000000729e00000| Untracked 
|  75|0x000000072a000000, 0x000000072a000000, 0x000000072a200000|  0%| F|  |TAMS 0x000000072a000000, 0x000000072a000000| Untracked 
|  76|0x000000072a200000, 0x000000072a200000, 0x000000072a400000|  0%| F|  |TAMS 0x000000072a200000, 0x000000072a200000| Untracked 
|  77|0x000000072a400000, 0x000000072a400000, 0x000000072a600000|  0%| F|  |TAMS 0x000000072a400000, 0x000000072a400000| Untracked 
|  78|0x000000072a600000, 0x000000072a600000, 0x000000072a800000|  0%| F|  |TAMS 0x000000072a600000, 0x000000072a600000| Untracked 
|  79|0x000000072a800000, 0x000000072a800000, 0x000000072aa00000|  0%| F|  |TAMS 0x000000072a800000, 0x000000072a800000| Untracked 
|  80|0x000000072aa00000, 0x000000072aa00000, 0x000000072ac00000|  0%| F|  |TAMS 0x000000072aa00000, 0x000000072aa00000| Untracked 
|  81|0x000000072ac00000, 0x000000072ac00000, 0x000000072ae00000|  0%| F|  |TAMS 0x000000072ac00000, 0x000000072ac00000| Untracked 
|  82|0x000000072ae00000, 0x000000072ae00000, 0x000000072b000000|  0%| F|  |TAMS 0x000000072ae00000, 0x000000072ae00000| Untracked 
|  83|0x000000072b000000, 0x000000072b000000, 0x000000072b200000|  0%| F|  |TAMS 0x000000072b000000, 0x000000072b000000| Untracked 
|  84|0x000000072b200000, 0x000000072b200000, 0x000000072b400000|  0%| F|  |TAMS 0x000000072b200000, 0x000000072b200000| Untracked 
|  85|0x000000072b400000, 0x000000072b400000, 0x000000072b600000|  0%| F|  |TAMS 0x000000072b400000, 0x000000072b400000| Untracked 
|  86|0x000000072b600000, 0x000000072b600000, 0x000000072b800000|  0%| F|  |TAMS 0x000000072b600000, 0x000000072b600000| Untracked 
|  87|0x000000072b800000, 0x000000072b800000, 0x000000072ba00000|  0%| F|  |TAMS 0x000000072b800000, 0x000000072b800000| Untracked 
|  88|0x000000072ba00000, 0x000000072ba00000, 0x000000072bc00000|  0%| F|  |TAMS 0x000000072ba00000, 0x000000072ba00000| Untracked 
|  89|0x000000072bc00000, 0x000000072bc00000, 0x000000072be00000|  0%| F|  |TAMS 0x000000072bc00000, 0x000000072bc00000| Untracked 
|  90|0x000000072be00000, 0x000000072be00000, 0x000000072c000000|  0%| F|  |TAMS 0x000000072be00000, 0x000000072be00000| Untracked 
|  91|0x000000072c000000, 0x000000072c000000, 0x000000072c200000|  0%| F|  |TAMS 0x000000072c000000, 0x000000072c000000| Untracked 
|  92|0x000000072c200000, 0x000000072c200000, 0x000000072c400000|  0%| F|  |TAMS 0x000000072c200000, 0x000000072c200000| Untracked 
|  93|0x000000072c400000, 0x000000072c400000, 0x000000072c600000|  0%| F|  |TAMS 0x000000072c400000, 0x000000072c400000| Untracked 
|  94|0x000000072c600000, 0x000000072c600000, 0x000000072c800000|  0%| F|  |TAMS 0x000000072c600000, 0x000000072c600000| Untracked 
|  95|0x000000072c800000, 0x000000072c800000, 0x000000072ca00000|  0%| F|  |TAMS 0x000000072c800000, 0x000000072c800000| Untracked 
|  96|0x000000072ca00000, 0x000000072ca00000, 0x000000072cc00000|  0%| F|  |TAMS 0x000000072ca00000, 0x000000072ca00000| Untracked 
|  97|0x000000072cc00000, 0x000000072cc00000, 0x000000072ce00000|  0%| F|  |TAMS 0x000000072cc00000, 0x000000072cc00000| Untracked 
|  98|0x000000072ce00000, 0x000000072ce00000, 0x000000072d000000|  0%| F|  |TAMS 0x000000072ce00000, 0x000000072ce00000| Untracked 
|  99|0x000000072d000000, 0x000000072d000000, 0x000000072d200000|  0%| F|  |TAMS 0x000000072d000000, 0x000000072d000000| Untracked 
| 100|0x000000072d200000, 0x000000072d200000, 0x000000072d400000|  0%| F|  |TAMS 0x000000072d200000, 0x000000072d200000| Untracked 
| 101|0x000000072d400000, 0x000000072d400000, 0x000000072d600000|  0%| F|  |TAMS 0x000000072d400000, 0x000000072d400000| Untracked 
| 102|0x000000072d600000, 0x000000072d600000, 0x000000072d800000|  0%| F|  |TAMS 0x000000072d600000, 0x000000072d600000| Untracked 
| 103|0x000000072d800000, 0x000000072d800000, 0x000000072da00000|  0%| F|  |TAMS 0x000000072d800000, 0x000000072d800000| Untracked 
| 104|0x000000072da00000, 0x000000072da00000, 0x000000072dc00000|  0%| F|  |TAMS 0x000000072da00000, 0x000000072da00000| Untracked 
| 105|0x000000072dc00000, 0x000000072dc00000, 0x000000072de00000|  0%| F|  |TAMS 0x000000072dc00000, 0x000000072dc00000| Untracked 
| 106|0x000000072de00000, 0x000000072de66ed0, 0x000000072e000000| 20%| S|CS|TAMS 0x000000072de00000, 0x000000072de00000| Complete 
| 107|0x000000072e000000, 0x000000072e200000, 0x000000072e200000|100%| S|CS|TAMS 0x000000072e000000, 0x000000072e000000| Complete 
| 108|0x000000072e200000, 0x000000072e400000, 0x000000072e400000|100%| S|CS|TAMS 0x000000072e200000, 0x000000072e200000| Complete 
| 109|0x000000072e400000, 0x000000072e600000, 0x000000072e600000|100%| S|CS|TAMS 0x000000072e400000, 0x000000072e400000| Complete 
| 110|0x000000072e600000, 0x000000072e800000, 0x000000072e800000|100%| S|CS|TAMS 0x000000072e600000, 0x000000072e600000| Complete 
| 111|0x000000072e800000, 0x000000072ea00000, 0x000000072ea00000|100%| S|CS|TAMS 0x000000072e800000, 0x000000072e800000| Complete 
| 112|0x000000072ea00000, 0x000000072ea00000, 0x000000072ec00000|  0%| F|  |TAMS 0x000000072ea00000, 0x000000072ea00000| Untracked 
| 113|0x000000072ec00000, 0x000000072ec00000, 0x000000072ee00000|  0%| F|  |TAMS 0x000000072ec00000, 0x000000072ec00000| Untracked 
| 114|0x000000072ee00000, 0x000000072ee00000, 0x000000072f000000|  0%| F|  |TAMS 0x000000072ee00000, 0x000000072ee00000| Untracked 
| 115|0x000000072f000000, 0x000000072f000000, 0x000000072f200000|  0%| F|  |TAMS 0x000000072f000000, 0x000000072f000000| Untracked 
| 116|0x000000072f200000, 0x000000072f200000, 0x000000072f400000|  0%| F|  |TAMS 0x000000072f200000, 0x000000072f200000| Untracked 
| 117|0x000000072f400000, 0x000000072f400000, 0x000000072f600000|  0%| F|  |TAMS 0x000000072f400000, 0x000000072f400000| Untracked 
| 118|0x000000072f600000, 0x000000072f600000, 0x000000072f800000|  0%| F|  |TAMS 0x000000072f600000, 0x000000072f600000| Untracked 
| 119|0x000000072f800000, 0x000000072f800000, 0x000000072fa00000|  0%| F|  |TAMS 0x000000072f800000, 0x000000072f800000| Untracked 
| 120|0x000000072fa00000, 0x000000072fa00000, 0x000000072fc00000|  0%| F|  |TAMS 0x000000072fa00000, 0x000000072fa00000| Untracked 
| 121|0x000000072fc00000, 0x000000072fc00000, 0x000000072fe00000|  0%| F|  |TAMS 0x000000072fc00000, 0x000000072fc00000| Untracked 
| 122|0x000000072fe00000, 0x000000072fe00000, 0x0000000730000000|  0%| F|  |TAMS 0x000000072fe00000, 0x000000072fe00000| Untracked 
| 123|0x0000000730000000, 0x0000000730000000, 0x0000000730200000|  0%| F|  |TAMS 0x0000000730000000, 0x0000000730000000| Untracked 
| 124|0x0000000730200000, 0x0000000730200000, 0x0000000730400000|  0%| F|  |TAMS 0x0000000730200000, 0x0000000730200000| Untracked 
| 125|0x0000000730400000, 0x0000000730400000, 0x0000000730600000|  0%| F|  |TAMS 0x0000000730400000, 0x0000000730400000| Untracked 
| 126|0x0000000730600000, 0x0000000730600000, 0x0000000730800000|  0%| F|  |TAMS 0x0000000730600000, 0x0000000730600000| Untracked 
| 127|0x0000000730800000, 0x0000000730800000, 0x0000000730a00000|  0%| F|  |TAMS 0x0000000730800000, 0x0000000730800000| Untracked 
| 128|0x0000000730a00000, 0x0000000730a00000, 0x0000000730c00000|  0%| F|  |TAMS 0x0000000730a00000, 0x0000000730a00000| Untracked 
| 129|0x0000000730c00000, 0x0000000730c00000, 0x0000000730e00000|  0%| F|  |TAMS 0x0000000730c00000, 0x0000000730c00000| Untracked 
| 130|0x0000000730e00000, 0x0000000730e00000, 0x0000000731000000|  0%| F|  |TAMS 0x0000000730e00000, 0x0000000730e00000| Untracked 
| 131|0x0000000731000000, 0x0000000731000000, 0x0000000731200000|  0%| F|  |TAMS 0x0000000731000000, 0x0000000731000000| Untracked 
| 132|0x0000000731200000, 0x0000000731200000, 0x0000000731400000|  0%| F|  |TAMS 0x0000000731200000, 0x0000000731200000| Untracked 
| 133|0x0000000731400000, 0x0000000731400000, 0x0000000731600000|  0%| F|  |TAMS 0x0000000731400000, 0x0000000731400000| Untracked 
| 134|0x0000000731600000, 0x0000000731600000, 0x0000000731800000|  0%| F|  |TAMS 0x0000000731600000, 0x0000000731600000| Untracked 
| 135|0x0000000731800000, 0x0000000731800000, 0x0000000731a00000|  0%| F|  |TAMS 0x0000000731800000, 0x0000000731800000| Untracked 
| 136|0x0000000731a00000, 0x0000000731a00000, 0x0000000731c00000|  0%| F|  |TAMS 0x0000000731a00000, 0x0000000731a00000| Untracked 
| 137|0x0000000731c00000, 0x0000000731c00000, 0x0000000731e00000|  0%| F|  |TAMS 0x0000000731c00000, 0x0000000731c00000| Untracked 
| 138|0x0000000731e00000, 0x0000000731e00000, 0x0000000732000000|  0%| F|  |TAMS 0x0000000731e00000, 0x0000000731e00000| Untracked 
| 139|0x0000000732000000, 0x0000000732000000, 0x0000000732200000|  0%| F|  |TAMS 0x0000000732000000, 0x0000000732000000| Untracked 
| 140|0x0000000732200000, 0x0000000732200000, 0x0000000732400000|  0%| F|  |TAMS 0x0000000732200000, 0x0000000732200000| Untracked 
| 141|0x0000000732400000, 0x0000000732400000, 0x0000000732600000|  0%| F|  |TAMS 0x0000000732400000, 0x0000000732400000| Untracked 
| 142|0x0000000732600000, 0x0000000732600000, 0x0000000732800000|  0%| F|  |TAMS 0x0000000732600000, 0x0000000732600000| Untracked 
| 143|0x0000000732800000, 0x0000000732800000, 0x0000000732a00000|  0%| F|  |TAMS 0x0000000732800000, 0x0000000732800000| Untracked 
| 144|0x0000000732a00000, 0x0000000732a00000, 0x0000000732c00000|  0%| F|  |TAMS 0x0000000732a00000, 0x0000000732a00000| Untracked 
| 145|0x0000000732c00000, 0x0000000732c00000, 0x0000000732e00000|  0%| F|  |TAMS 0x0000000732c00000, 0x0000000732c00000| Untracked 
| 146|0x0000000732e00000, 0x0000000732e00000, 0x0000000733000000|  0%| F|  |TAMS 0x0000000732e00000, 0x0000000732e00000| Untracked 
| 147|0x0000000733000000, 0x0000000733000000, 0x0000000733200000|  0%| F|  |TAMS 0x0000000733000000, 0x0000000733000000| Untracked 
| 148|0x0000000733200000, 0x0000000733200000, 0x0000000733400000|  0%| F|  |TAMS 0x0000000733200000, 0x0000000733200000| Untracked 
| 149|0x0000000733400000, 0x0000000733400000, 0x0000000733600000|  0%| F|  |TAMS 0x0000000733400000, 0x0000000733400000| Untracked 
| 150|0x0000000733600000, 0x0000000733600000, 0x0000000733800000|  0%| F|  |TAMS 0x0000000733600000, 0x0000000733600000| Untracked 
| 151|0x0000000733800000, 0x0000000733800000, 0x0000000733a00000|  0%| F|  |TAMS 0x0000000733800000, 0x0000000733800000| Untracked 
| 152|0x0000000733a00000, 0x0000000733a00000, 0x0000000733c00000|  0%| F|  |TAMS 0x0000000733a00000, 0x0000000733a00000| Untracked 
| 153|0x0000000733c00000, 0x0000000733c00000, 0x0000000733e00000|  0%| F|  |TAMS 0x0000000733c00000, 0x0000000733c00000| Untracked 
| 154|0x0000000733e00000, 0x0000000733fc9008, 0x0000000734000000| 89%| E|  |TAMS 0x0000000733e00000, 0x0000000733e00000| Complete 
| 155|0x0000000734000000, 0x0000000734200000, 0x0000000734200000|100%| E|CS|TAMS 0x0000000734000000, 0x0000000734000000| Complete 
| 156|0x0000000734200000, 0x0000000734400000, 0x0000000734400000|100%| E|CS|TAMS 0x0000000734200000, 0x0000000734200000| Complete 
| 157|0x0000000734400000, 0x0000000734600000, 0x0000000734600000|100%| E|CS|TAMS 0x0000000734400000, 0x0000000734400000| Complete 
| 158|0x0000000734600000, 0x0000000734800000, 0x0000000734800000|100%| E|CS|TAMS 0x0000000734600000, 0x0000000734600000| Complete 
| 159|0x0000000734800000, 0x0000000734a00000, 0x0000000734a00000|100%| E|CS|TAMS 0x0000000734800000, 0x0000000734800000| Complete 
| 160|0x0000000734a00000, 0x0000000734c00000, 0x0000000734c00000|100%| E|CS|TAMS 0x0000000734a00000, 0x0000000734a00000| Complete 
| 161|0x0000000734c00000, 0x0000000734e00000, 0x0000000734e00000|100%| E|CS|TAMS 0x0000000734c00000, 0x0000000734c00000| Complete 
| 162|0x0000000734e00000, 0x0000000735000000, 0x0000000735000000|100%| E|CS|TAMS 0x0000000734e00000, 0x0000000734e00000| Complete 
| 163|0x0000000735000000, 0x0000000735200000, 0x0000000735200000|100%| E|CS|TAMS 0x0000000735000000, 0x0000000735000000| Complete 
| 164|0x0000000735200000, 0x0000000735400000, 0x0000000735400000|100%| E|CS|TAMS 0x0000000735200000, 0x0000000735200000| Complete 
| 165|0x0000000735400000, 0x0000000735600000, 0x0000000735600000|100%| E|CS|TAMS 0x0000000735400000, 0x0000000735400000| Complete 
| 166|0x0000000735600000, 0x0000000735800000, 0x0000000735800000|100%| E|CS|TAMS 0x0000000735600000, 0x0000000735600000| Complete 
| 167|0x0000000735800000, 0x0000000735a00000, 0x0000000735a00000|100%| E|CS|TAMS 0x0000000735800000, 0x0000000735800000| Complete 
| 168|0x0000000735a00000, 0x0000000735c00000, 0x0000000735c00000|100%| E|CS|TAMS 0x0000000735a00000, 0x0000000735a00000| Complete 
| 169|0x0000000735c00000, 0x0000000735e00000, 0x0000000735e00000|100%| E|CS|TAMS 0x0000000735c00000, 0x0000000735c00000| Complete 
| 170|0x0000000735e00000, 0x0000000736000000, 0x0000000736000000|100%| E|CS|TAMS 0x0000000735e00000, 0x0000000735e00000| Complete 
| 171|0x0000000736000000, 0x0000000736200000, 0x0000000736200000|100%| E|CS|TAMS 0x0000000736000000, 0x0000000736000000| Complete 
| 172|0x0000000736200000, 0x0000000736400000, 0x0000000736400000|100%| E|CS|TAMS 0x0000000736200000, 0x0000000736200000| Complete 
| 173|0x0000000736400000, 0x0000000736600000, 0x0000000736600000|100%| E|CS|TAMS 0x0000000736400000, 0x0000000736400000| Complete 
| 174|0x0000000736600000, 0x0000000736800000, 0x0000000736800000|100%| E|CS|TAMS 0x0000000736600000, 0x0000000736600000| Complete 
| 175|0x0000000736800000, 0x0000000736a00000, 0x0000000736a00000|100%| E|CS|TAMS 0x0000000736800000, 0x0000000736800000| Complete 
| 176|0x0000000736a00000, 0x0000000736c00000, 0x0000000736c00000|100%| E|CS|TAMS 0x0000000736a00000, 0x0000000736a00000| Complete 
| 177|0x0000000736c00000, 0x0000000736e00000, 0x0000000736e00000|100%| E|CS|TAMS 0x0000000736c00000, 0x0000000736c00000| Complete 
| 178|0x0000000736e00000, 0x0000000737000000, 0x0000000737000000|100%| E|CS|TAMS 0x0000000736e00000, 0x0000000736e00000| Complete 
| 179|0x0000000737000000, 0x0000000737200000, 0x0000000737200000|100%| E|CS|TAMS 0x0000000737000000, 0x0000000737000000| Complete 
| 180|0x0000000737200000, 0x0000000737400000, 0x0000000737400000|100%| E|CS|TAMS 0x0000000737200000, 0x0000000737200000| Complete 
| 181|0x0000000737400000, 0x0000000737600000, 0x0000000737600000|100%| E|CS|TAMS 0x0000000737400000, 0x0000000737400000| Complete 
| 182|0x0000000737600000, 0x0000000737800000, 0x0000000737800000|100%| E|CS|TAMS 0x0000000737600000, 0x0000000737600000| Complete 
| 183|0x0000000737800000, 0x0000000737a00000, 0x0000000737a00000|100%| E|CS|TAMS 0x0000000737800000, 0x0000000737800000| Complete 
| 184|0x0000000737a00000, 0x0000000737c00000, 0x0000000737c00000|100%| E|CS|TAMS 0x0000000737a00000, 0x0000000737a00000| Complete 
| 185|0x0000000737c00000, 0x0000000737e00000, 0x0000000737e00000|100%| E|CS|TAMS 0x0000000737c00000, 0x0000000737c00000| Complete 
| 186|0x0000000737e00000, 0x0000000738000000, 0x0000000738000000|100%| E|CS|TAMS 0x0000000737e00000, 0x0000000737e00000| Complete 

Card table byte_map: [0x00000232a5be0000,0x00000232a62e0000] _byte_map_base: 0x00000232a22db000

Marking Bits (Prev, Next): (CMBitMap*) 0x000002328e750070, (CMBitMap*) 0x000002328e750030
 Prev Bits: [0x00000232aa1c0000, 0x00000232ad998000)
 Next Bits: [0x00000232a69e0000, 0x00000232aa1b8000)

Polling page: 0x000002328de90000

Metaspace:

Usage:
  Non-class:     54.34 MB used.
      Class:      9.71 MB used.
       Both:     64.05 MB used.

Virtual space:
  Non-class space:       56.00 MB reserved,      55.00 MB ( 98%) committed,  7 nodes.
      Class space:        1.00 GB reserved,      10.19 MB ( <1%) committed,  1 nodes.
             Both:        1.05 GB reserved,      65.19 MB (  6%) committed. 

Chunk freelists:
   Non-Class:  1018.00 KB
       Class:  1.83 MB
        Both:  2.82 MB

MaxMetaspaceSize: unlimited
CompressedClassSpaceSize: 1.00 GB
Initial GC threshold: 21.00 MB
Current GC threshold: 92.00 MB
CDS: on
MetaspaceReclaimPolicy: balanced
 - commit_granule_bytes: 65536.
 - commit_granule_words: 8192.
 - virtual_space_node_default_size: 1048576.
 - enlarge_chunks_in_place: 1.
 - new_chunks_are_fully_committed: 0.
 - uncommit_free_chunks: 1.
 - use_allocation_guard: 0.
 - handle_deallocations: 1.


Internal statistics:

num_allocs_failed_limit: 6.
num_arena_births: 1718.
num_arena_deaths: 0.
num_vsnodes_births: 8.
num_vsnodes_deaths: 0.
num_space_committed: 1040.
num_space_uncommitted: 0.
num_chunks_returned_to_freelist: 6.
num_chunks_taken_from_freelist: 4416.
num_chunk_merges: 6.
num_chunk_splits: 2884.
num_chunks_enlarged: 1961.
num_purges: 0.
num_inconsistent_stats: 0.

CodeHeap 'non-profiled nmethods': size=120000Kb used=6228Kb max_used=6642Kb free=113772Kb
 bounds [0x000002329dc80000, 0x000002329e300000, 0x00000232a51b0000]
CodeHeap 'profiled nmethods': size=120000Kb used=11513Kb max_used=13332Kb free=108486Kb
 bounds [0x0000023296750000, 0x0000023297460000, 0x000002329dc80000]
CodeHeap 'non-nmethods': size=5760Kb used=1954Kb max_used=2006Kb free=3805Kb
 bounds [0x00000232961b0000, 0x0000023296420000, 0x0000023296750000]
 total_blobs=8658 nmethods=7181 adapters=1389
 compilation: enabled
              stopped_count=0, restarted_count=0
 full_count=0

Compilation events (20 events):
Event: 14.249 Thread 0x00000232b20053c0 nmethod 9551 0x000002329e1cd190 code [0x000002329e1cd4c0, 0x000002329e1cefa8]
Event: 14.262 Thread 0x00000232b040d600 9564       3       java.util.concurrent.ConcurrentHashMap::isEmpty (15 bytes)
Event: 14.263 Thread 0x00000232b040d600 nmethod 9564 0x0000023297045a90 code [0x0000023297045c40, 0x0000023297045de8]
Event: 14.264 Thread 0x00000232b040d600 9566       3       org.objectweb.asm.SymbolTable::<init> (41 bytes)
Event: 14.264 Thread 0x00000232b112f520 9569       4       org.objectweb.asm.SymbolTable::addConstantUtf8Reference (101 bytes)
Event: 14.264 Thread 0x00000232b040d600 nmethod 9566 0x0000023296883210 code [0x00000232968833e0, 0x0000023296883978]
Event: 14.264 Thread 0x00000232b040d600 9567       3       org.objectweb.asm.ClassWriter::visit (160 bytes)
Event: 14.265 Thread 0x00000232b040d600 nmethod 9567 0x0000023296b48090 code [0x0000023296b482c0, 0x0000023296b48b38]
Event: 14.265 Thread 0x00000232b040d600 9568       3       org.objectweb.asm.SymbolTable::setMajorVersionAndClassName (19 bytes)
Event: 14.265 Thread 0x00000232b040d600 nmethod 9568 0x0000023296e01810 code [0x0000023296e019c0, 0x0000023296e01bc8]
Event: 14.266 Thread 0x00000232b20053c0 9570       4       org.objectweb.asm.MethodWriter::<init> (232 bytes)
Event: 14.283 Thread 0x00000232b040d600 9573       3       sun.misc.Unsafe::getInt (9 bytes)
Event: 14.284 Thread 0x00000232b040d600 nmethod 9573 0x0000023296a37290 code [0x0000023296a37420, 0x0000023296a37538]
Event: 14.284 Thread 0x00000232b040d600 9574       3       org.lwjgl.system.CustomBuffer::address (19 bytes)
Event: 14.284 Thread 0x00000232b040d600 nmethod 9574 0x0000023296e4fb90 code [0x0000023296e4fd40, 0x0000023296e4ffa8]
Event: 14.284 Thread 0x00000232b040d600 9575       3       org.lwjgl.system.StructBuffer::sizeof (8 bytes)
Event: 14.284 Thread 0x00000232b040d600 nmethod 9575 0x00000232968d8890 code [0x00000232968d8a40, 0x00000232968d8c98]
Event: 14.296 Thread 0x00000232b112f520 nmethod 9569 0x000002329e06c310 code [0x000002329e06c500, 0x000002329e06d858]
Event: 14.296 Thread 0x00000232b112f520 9578       4       java.util.concurrent.ConcurrentHashMap$Traverser::advance (188 bytes)
Event: 14.300 Thread 0x00000232b112f520 nmethod 9578 0x000002329e06bc90 code [0x000002329e06be20, 0x000002329e06c138]

GC Heap History (20 events):
Event: 6.858 GC heap before
{Heap before GC invocations=13 (full 0):
 garbage-first heap   total 245760K, used 209918K [0x0000000720a00000, 0x0000000800000000)
  region size 2048K, 63 young (129024K), 2 survivors (4096K)
 Metaspace       used 31002K, committed 31808K, reserved 1081344K
  class space    used 3888K, committed 4224K, reserved 1048576K
}
Event: 6.864 GC heap after
{Heap after GC invocations=14 (full 0):
 garbage-first heap   total 245760K, used 86891K [0x0000000720a00000, 0x0000000800000000)
  region size 2048K, 3 young (6144K), 3 survivors (6144K)
 Metaspace       used 31002K, committed 31808K, reserved 1081344K
  class space    used 3888K, committed 4224K, reserved 1048576K
}
Event: 7.386 GC heap before
{Heap before GC invocations=14 (full 0):
 garbage-first heap   total 245760K, used 201579K [0x0000000720a00000, 0x0000000800000000)
  region size 2048K, 59 young (120832K), 3 survivors (6144K)
 Metaspace       used 31528K, committed 32384K, reserved 1081344K
  class space    used 3975K, committed 4352K, reserved 1048576K
}
Event: 7.393 GC heap after
{Heap after GC invocations=15 (full 0):
 garbage-first heap   total 245760K, used 89886K [0x0000000720a00000, 0x0000000800000000)
  region size 2048K, 5 young (10240K), 5 survivors (10240K)
 Metaspace       used 31528K, committed 32384K, reserved 1081344K
  class space    used 3975K, committed 4352K, reserved 1048576K
}
Event: 7.754 GC heap before
{Heap before GC invocations=15 (full 0):
 garbage-first heap   total 245760K, used 202526K [0x0000000720a00000, 0x0000000800000000)
  region size 2048K, 60 young (122880K), 5 survivors (10240K)
 Metaspace       used 33722K, committed 34624K, reserved 1081344K
  class space    used 4178K, committed 4608K, reserved 1048576K
}
Event: 7.761 GC heap after
{Heap after GC invocations=16 (full 0):
 garbage-first heap   total 245760K, used 91051K [0x0000000720a00000, 0x0000000800000000)
  region size 2048K, 5 young (10240K), 5 survivors (10240K)
 Metaspace       used 33722K, committed 34624K, reserved 1081344K
  class space    used 4178K, committed 4608K, reserved 1048576K
}
Event: 8.034 GC heap before
{Heap before GC invocations=16 (full 0):
 garbage-first heap   total 245760K, used 115627K [0x0000000720a00000, 0x0000000800000000)
  region size 2048K, 18 young (36864K), 5 survivors (10240K)
 Metaspace       used 35209K, committed 36160K, reserved 1081344K
  class space    used 4383K, committed 4800K, reserved 1048576K
}
Event: 8.042 GC heap after
{Heap after GC invocations=17 (full 0):
 garbage-first heap   total 294912K, used 92118K [0x0000000720a00000, 0x0000000800000000)
  region size 2048K, 5 young (10240K), 5 survivors (10240K)
 Metaspace       used 35209K, committed 36160K, reserved 1081344K
  class space    used 4383K, committed 4800K, reserved 1048576K
}
Event: 9.250 GC heap before
{Heap before GC invocations=18 (full 0):
 garbage-first heap   total 294912K, used 245718K [0x0000000720a00000, 0x0000000800000000)
  region size 2048K, 80 young (163840K), 5 survivors (10240K)
 Metaspace       used 40981K, committed 41920K, reserved 1089536K
  class space    used 5410K, committed 5824K, reserved 1048576K
}
Event: 9.267 GC heap after
{Heap after GC invocations=19 (full 0):
 garbage-first heap   total 294912K, used 102754K [0x0000000720a00000, 0x0000000800000000)
  region size 2048K, 10 young (20480K), 10 survivors (20480K)
 Metaspace       used 40981K, committed 41920K, reserved 1089536K
  class space    used 5410K, committed 5824K, reserved 1048576K
}
Event: 9.731 GC heap before
{Heap before GC invocations=19 (full 0):
 garbage-first heap   total 294912K, used 242018K [0x0000000720a00000, 0x0000000800000000)
  region size 2048K, 78 young (159744K), 10 survivors (20480K)
 Metaspace       used 41899K, committed 42880K, reserved 1089536K
  class space    used 5579K, committed 6016K, reserved 1048576K
}
Event: 9.755 GC heap after
{Heap after GC invocations=20 (full 0):
 garbage-first heap   total 294912K, used 117366K [0x0000000720a00000, 0x0000000800000000)
  region size 2048K, 8 young (16384K), 8 survivors (16384K)
 Metaspace       used 41899K, committed 42880K, reserved 1089536K
  class space    used 5579K, committed 6016K, reserved 1048576K
}
Event: 10.065 GC heap before
{Heap before GC invocations=20 (full 0):
 garbage-first heap   total 294912K, used 236150K [0x0000000720a00000, 0x0000000800000000)
  region size 2048K, 66 young (135168K), 8 survivors (16384K)
 Metaspace       used 42536K, committed 43456K, reserved 1089536K
  class space    used 5661K, committed 6080K, reserved 1048576K
}
Event: 10.084 GC heap after
{Heap after GC invocations=21 (full 0):
 garbage-first heap   total 294912K, used 129161K [0x0000000720a00000, 0x0000000800000000)
  region size 2048K, 6 young (12288K), 6 survivors (12288K)
 Metaspace       used 42536K, committed 43456K, reserved 1089536K
  class space    used 5661K, committed 6080K, reserved 1048576K
}
Event: 11.119 GC heap before
{Heap before GC invocations=21 (full 0):
 garbage-first heap   total 294912K, used 237705K [0x0000000720a00000, 0x0000000800000000)
  region size 2048K, 59 young (120832K), 6 survivors (12288K)
 Metaspace       used 48396K, committed 49408K, reserved 1097728K
  class space    used 6604K, committed 7040K, reserved 1048576K
}
Event: 11.136 GC heap after
{Heap after GC invocations=22 (full 0):
 garbage-first heap   total 294912K, used 149305K [0x0000000720a00000, 0x0000000800000000)
  region size 2048K, 8 young (16384K), 8 survivors (16384K)
 Metaspace       used 48396K, committed 49408K, reserved 1097728K
  class space    used 6604K, committed 7040K, reserved 1048576K
}
Event: 11.961 GC heap before
{Heap before GC invocations=22 (full 0):
 garbage-first heap   total 294912K, used 229177K [0x0000000720a00000, 0x0000000800000000)
  region size 2048K, 47 young (96256K), 8 survivors (16384K)
 Metaspace       used 54841K, committed 55936K, reserved 1097728K
  class space    used 8104K, committed 8576K, reserved 1048576K
}
Event: 11.973 GC heap after
{Heap after GC invocations=23 (full 0):
 garbage-first heap   total 382976K, used 153856K [0x0000000720a00000, 0x0000000800000000)
  region size 2048K, 2 young (4096K), 2 survivors (4096K)
 Metaspace       used 54841K, committed 55936K, reserved 1097728K
  class space    used 8104K, committed 8576K, reserved 1048576K
}
Event: 13.468 GC heap before
{Heap before GC invocations=24 (full 0):
 garbage-first heap   total 382976K, used 307456K [0x0000000720a00000, 0x0000000800000000)
  region size 2048K, 77 young (157696K), 2 survivors (4096K)
 Metaspace       used 62287K, committed 63424K, reserved 1105920K
  class space    used 9385K, committed 9856K, reserved 1048576K
}
Event: 13.478 GC heap after
{Heap after GC invocations=25 (full 0):
 garbage-first heap   total 382976K, used 160931K [0x0000000720a00000, 0x0000000800000000)
  region size 2048K, 6 young (12288K), 6 survivors (12288K)
 Metaspace       used 62287K, committed 63424K, reserved 1105920K
  class space    used 9385K, committed 9856K, reserved 1048576K
}

Dll operation events (11 events):
Event: 0.007 Loaded shared library C:\Users\yangj\Desktop\MCreator20231\jdk\bin\java.dll
Event: 0.015 Loaded shared library C:\Users\yangj\Desktop\MCreator20231\jdk\bin\jsvml.dll
Event: 0.147 Loaded shared library C:\Users\yangj\Desktop\MCreator20231\jdk\bin\net.dll
Event: 0.149 Loaded shared library C:\Users\yangj\Desktop\MCreator20231\jdk\bin\nio.dll
Event: 0.152 Loaded shared library C:\Users\yangj\Desktop\MCreator20231\jdk\bin\zip.dll
Event: 0.244 Loaded shared library C:\Users\yangj\Desktop\MCreator20231\jdk\bin\jimage.dll
Event: 0.590 Loaded shared library C:\Users\yangj\Desktop\MCreator20231\jdk\bin\verify.dll
Event: 2.342 Loaded shared library C:\Users\yangj\Desktop\MCreator20231\jdk\bin\management.dll
Event: 2.345 Loaded shared library C:\Users\yangj\Desktop\MCreator20231\jdk\bin\management_ext.dll
Event: 6.645 Loaded shared library C:\Users\yangj\AppData\Local\Temp\jna-114744777\jna1323668238573594161.dll
Event: 13.405 Loaded shared library C:\Users\yangj\AppData\Local\Temp\lwjglyangj\3.3.1-build-7\lwjgl.dll

Deoptimization events (20 events):
Event: 14.055 Thread 0x000002328e6ede30 DEOPT PACKING pc=0x000002329dcd84c0 sp=0x000000ad852fcc10
Event: 14.055 Thread 0x000002328e6ede30 DEOPT UNPACKING pc=0x00000232962023a3 sp=0x000000ad852fcbb8 mode 2
Event: 14.158 Thread 0x000002328e6ede30 Uncommon trap: trap_request=0xffffff45 fr.pc=0x000002329dcd7c5c relative=0x000000000000005c
Event: 14.158 Thread 0x000002328e6ede30 Uncommon trap: reason=unstable_if action=reinterpret pc=0x000002329dcd7c5c method=com.mojang.datafixers.types.constant.EmptyPartPassthrough.equals(Ljava/lang/Object;ZZ)Z @ 2 c2
Event: 14.158 Thread 0x000002328e6ede30 DEOPT PACKING pc=0x000002329dcd7c5c sp=0x000000ad852fd850
Event: 14.158 Thread 0x000002328e6ede30 DEOPT UNPACKING pc=0x00000232962023a3 sp=0x000000ad852fd7e8 mode 2
Event: 14.177 Thread 0x000002328e6ede30 Uncommon trap: trap_request=0xffffff45 fr.pc=0x000002329e242710 relative=0x0000000000000070
Event: 14.177 Thread 0x000002328e6ede30 Uncommon trap: reason=unstable_if action=reinterpret pc=0x000002329e242710 method=com.mojang.datafixers.functions.PointFreeRule$CompRewrite.rewrite(Lcom/mojang/datafixers/types/Type;Lcom/mojang/datafixers/functions/PointFree;)Ljava/util/Optional; @ 4 c2
Event: 14.177 Thread 0x000002328e6ede30 DEOPT PACKING pc=0x000002329e242710 sp=0x000000ad852fdac0
Event: 14.177 Thread 0x000002328e6ede30 DEOPT UNPACKING pc=0x00000232962023a3 sp=0x000000ad852fda28 mode 2
Event: 14.178 Thread 0x000002328e6ede30 Uncommon trap: trap_request=0xffffff45 fr.pc=0x000002329de529f0 relative=0x00000000000002b0
Event: 14.178 Thread 0x000002328e6ede30 Uncommon trap: reason=unstable_if action=reinterpret pc=0x000002329de529f0 method=com.mojang.datafixers.functions.PointFreeRule$OrElse.rewrite(Lcom/mojang/datafixers/types/Type;Lcom/mojang/datafixers/functions/PointFree;)Ljava/util/Optional; @ 16 c2
Event: 14.178 Thread 0x000002328e6ede30 DEOPT PACKING pc=0x000002329de529f0 sp=0x000000ad852fdbe0
Event: 14.178 Thread 0x000002328e6ede30 DEOPT UNPACKING pc=0x00000232962023a3 sp=0x000000ad852fdb80 mode 2
Event: 14.214 Thread 0x000002328e6ede30 DEOPT PACKING pc=0x00000232970ec594 sp=0x000000ad852fe0e0
Event: 14.214 Thread 0x000002328e6ede30 DEOPT UNPACKING pc=0x0000023296202b43 sp=0x000000ad852fd5b8 mode 0
Event: 14.218 Thread 0x000002328e6ede30 Uncommon trap: trap_request=0xffffff45 fr.pc=0x000002329e03fd6c relative=0x000000000000028c
Event: 14.218 Thread 0x000002328e6ede30 Uncommon trap: reason=unstable_if action=reinterpret pc=0x000002329e03fd6c method=com.google.gson.stream.JsonReader.doPeek()I @ 315 c2
Event: 14.218 Thread 0x000002328e6ede30 DEOPT PACKING pc=0x000002329e03fd6c sp=0x000000ad852fe1a0
Event: 14.218 Thread 0x000002328e6ede30 DEOPT UNPACKING pc=0x00000232962023a3 sp=0x000000ad852fe128 mode 2

Classes unloaded (0 events):
No events

Classes redefined (0 events):
No events

Internal exceptions (20 events):
Event: 13.589 Thread 0x000002328e6ede30 Exception <a 'sun/nio/fs/WindowsException'{0x00000007370b4028}> (0x00000007370b4028) 
thrown [s\src\hotspot\share\prims\jni.cpp, line 516]
Event: 13.589 Thread 0x000002328e6ede30 Exception <a 'sun/nio/fs/WindowsException'{0x00000007370b5808}> (0x00000007370b5808) 
thrown [s\src\hotspot\share\prims\jni.cpp, line 516]
Event: 13.745 Thread 0x000002328e6ede30 Exception <a 'java/lang/NoSuchMethodError'{0x00000007360c2748}: 'int java.lang.invoke.DirectMethodHandle$Holder.invokeStatic(java.lang.Object)'> (0x00000007360c2748) 
thrown [s\src\hotspot\share\interpreter\linkResolver.cpp, line 759]
Event: 13.796 Thread 0x000002328e6ede30 Exception <a 'java/lang/NoSuchMethodError'{0x0000000735ce52f0}: 'java.lang.Object java.lang.invoke.Invokers$Holder.linkToTargetMethod(java.lang.Object, int, java.lang.Object, java.lang.Object)'> (0x0000000735ce52f0) 
thrown [s\src\hotspot\share\interpreter\linkResolver.cpp, line 759]
Event: 13.807 Thread 0x000002328e6ede30 Exception <a 'java/lang/NoSuchMethodError'{0x0000000735d98810}: 'int java.lang.invoke.DirectMethodHandle$Holder.invokeStaticInit(java.lang.Object)'> (0x0000000735d98810) 
thrown [s\src\hotspot\share\interpreter\linkResolver.cpp, line 759]
Event: 13.808 Thread 0x000002328e6ede30 Exception <a 'java/lang/NoSuchMethodError'{0x0000000735d9fbf8}: 'int java.lang.invoke.Invokers$Holder.invokeExact_MT(java.lang.Object, java.lang.Object)'> (0x0000000735d9fbf8) 
thrown [s\src\hotspot\share\interpreter\linkResolver.cpp, line 759]
Event: 13.815 Thread 0x000002328e6ede30 Exception <a 'sun/nio/fs/WindowsException'{0x0000000735a62940}> (0x0000000735a62940) 
thrown [s\src\hotspot\share\prims\jni.cpp, line 516]
Event: 13.815 Thread 0x000002328e6ede30 Exception <a 'sun/nio/fs/WindowsException'{0x0000000735a62ca0}> (0x0000000735a62ca0) 
thrown [s\src\hotspot\share\prims\jni.cpp, line 516]
Event: 13.825 Thread 0x000002328e6ede30 Exception <a 'java/lang/NoSuchMethodError'{0x0000000735b48e58}: 'java.lang.Object java.lang.invoke.DirectMethodHandle$Holder.invokeInterface(java.lang.Object, java.lang.Object, double)'> (0x0000000735b48e58) 
thrown [s\src\hotspot\share\interpreter\linkResolver.cpp, line 759]
Event: 13.826 Thread 0x000002328e6ede30 Exception <a 'java/lang/NoSuchMethodError'{0x0000000735b50380}: 'double java.lang.invoke.DirectMethodHandle$Holder.invokeInterface(java.lang.Object, java.lang.Object, java.lang.Object)'> (0x0000000735b50380) 
thrown [s\src\hotspot\share\interpreter\linkResolver.cpp, line 759]
Event: 13.991 Thread 0x000002328e6ede30 Exception <a 'java/lang/NoSuchMethodError'{0x0000000734e735e0}: 'java.lang.Object java.lang.invoke.DirectMethodHandle$Holder.newInvokeSpecial(java.lang.Object, java.lang.Object, java.lang.Object, java.lang.Object, java.lang.Object, java.lang.Object, java.lang.Object, java.lang.Object, java.lang.Object, java.lang.Object)'> (0x0000000734e735e0) 
thrown [s\src\hotspot\share\interpreter\linkResolver.cpp, line 759]
Event: 13.992 Thread 0x000002328e6ede30 Exception <a 'java/lang/NoSuchMethodError'{0x0000000734e77ba8}: 'java.lang.Object java.lang.invoke.Invokers$Holder.linkToTargetMethod(java.lang.Object, java.lang.Object, java.lang.Object, java.lang.Object, java.lang.Object, java.lang.Object, java.lang.Object, java.lang.Object, java.lang.Object, java.lang.Object)'> (0x0000000734e77ba8) 
thrown [s\src\hotspot\share\interpreter\linkResolver.cpp, line 759]
Event: 14.101 Thread 0x000002328e6ede30 Exception <a 'java/lang/NoSuchMethodError'{0x0000000734bc7560}: 'java.lang.Object java.lang.invoke.Invokers$Holder.linkToTargetMethod(java.lang.Object, java.lang.Object, java.lang.Object, java.lang.Object, java.lang.Object, java.lang.Object, java.lang.Object, java.lang.Object, java.lang.Object)'> (0x0000000734bc7560) 
thrown [s\src\hotspot\share\interpreter\linkResolver.cpp, line 759]
Event: 14.188 Thread 0x000002328e6ede30 Exception <a 'java/lang/NoSuchMethodError'{0x00000007344888d8}: 'java.lang.Object java.lang.invoke.DirectMethodHandle$Holder.invokeSpecial(java.lang.Object, java.lang.Object, java.lang.Object, java.lang.Object, java.lang.Object, int, java.lang.Object)'> (0x00000007344888d8) 
thrown [s\src\hotspot\share\interpreter\linkResolver.cpp, line 759]
Event: 14.188 Thread 0x000002328e6ede30 Exception <a 'java/lang/NoSuchMethodError'{0x0000000734490f60}: 'java.lang.Object java.lang.invoke.DirectMethodHandle$Holder.invokeSpecial(java.lang.Object, java.lang.Object, java.lang.Object, java.lang.Object, java.lang.Object, java.lang.Object, int)'> (0x0000000734490f60) 
thrown [s\src\hotspot\share\interpreter\linkResolver.cpp, line 759]
Event: 14.188 Thread 0x000002328e6ede30 Exception <a 'java/lang/NoSuchMethodError'{0x0000000734494840}: 'java.lang.Object java.lang.invoke.Invokers$Holder.linkToTargetMethod(java.lang.Object, java.lang.Object, java.lang.Object, java.lang.Object, int, java.lang.Object)'> (0x0000000734494840) 
thrown [s\src\hotspot\share\interpreter\linkResolver.cpp, line 759]
Event: 14.262 Thread 0x000002328e6ede30 Exception <a 'java/lang/NoSuchMethodError'{0x0000000733e12a20}: 'long java.lang.invoke.DirectMethodHandle$Holder.invokeInterface(java.lang.Object, java.lang.Object)'> (0x0000000733e12a20) 
thrown [s\src\hotspot\share\interpreter\linkResolver.cpp, line 759]
Event: 14.267 Thread 0x000002328e6ede30 Exception <a 'java/lang/NoSuchMethodError'{0x0000000733e7d3d8}: 'java.lang.Object java.lang.invoke.DirectMethodHandle$Holder.newInvokeSpecial(java.lang.Object, long)'> (0x0000000733e7d3d8) 
thrown [s\src\hotspot\share\interpreter\linkResolver.cpp, line 759]
Event: 14.288 Thread 0x000002328e6ede30 Exception <a 'java/lang/NoSuchMethodError'{0x0000000733f35800}: 'void java.lang.invoke.DirectMethodHandle$Holder.invokeSpecial(java.lang.Object, java.lang.Object, int, long)'> (0x0000000733f35800) 
thrown [s\src\hotspot\share\interpreter\linkResolver.cpp, line 759]
Event: 14.289 Thread 0x000002328e6ede30 Exception <a 'java/lang/NoSuchMethodError'{0x0000000733f3b778}: 'void java.lang.invoke.DirectMethodHandle$Holder.invokeStatic(java.lang.Object, int, long)'> (0x0000000733f3b778) 
thrown [s\src\hotspot\share\interpreter\linkResolver.cpp, line 759]

VM Operations (20 events):
Event: 12.165 Executing VM operation: G1Concurrent
Event: 12.166 Executing VM operation: G1Concurrent done
Event: 12.286 Executing VM operation: HandshakeAllThreads
Event: 12.286 Executing VM operation: HandshakeAllThreads done
Event: 12.350 Executing VM operation: HandshakeAllThreads
Event: 12.350 Executing VM operation: HandshakeAllThreads done
Event: 12.660 Executing VM operation: ICBufferFull
Event: 12.660 Executing VM operation: ICBufferFull done
Event: 13.468 Executing VM operation: G1CollectForAllocation
Event: 13.478 Executing VM operation: G1CollectForAllocation done
Event: 13.645 Executing VM operation: HandshakeAllThreads
Event: 13.645 Executing VM operation: HandshakeAllThreads done
Event: 13.664 Executing VM operation: HandshakeAllThreads
Event: 13.664 Executing VM operation: HandshakeAllThreads done
Event: 13.732 Executing VM operation: HandshakeAllThreads
Event: 13.732 Executing VM operation: HandshakeAllThreads done
Event: 14.160 Executing VM operation: ICBufferFull
Event: 14.160 Executing VM operation: ICBufferFull done
Event: 14.187 Executing VM operation: HandshakeAllThreads
Event: 14.187 Executing VM operation: HandshakeAllThreads done

Events (20 events):
Event: 13.742 Thread 0x00000232b1008490 flushing nmethod 0x0000023297376590
Event: 13.742 Thread 0x00000232b1008490 flushing nmethod 0x0000023297379610
Event: 13.742 Thread 0x00000232b1008490 flushing nmethod 0x0000023297379e10
Event: 13.742 Thread 0x00000232b1008490 flushing nmethod 0x000002329737a410
Event: 13.742 Thread 0x00000232b1008490 flushing nmethod 0x000002329737a910
Event: 13.742 Thread 0x00000232b1008490 flushing nmethod 0x000002329737cb90
Event: 13.742 Thread 0x00000232b1008490 flushing nmethod 0x000002329737e290
Event: 13.742 Thread 0x00000232b1008490 flushing nmethod 0x0000023297382490
Event: 13.742 Thread 0x00000232b1008490 flushing nmethod 0x00000232973f2d90
Event: 13.742 Thread 0x00000232b1008490 flushing nmethod 0x0000023297404190
Event: 13.742 Thread 0x00000232b1008490 flushing nmethod 0x0000023297413290
Event: 13.742 Thread 0x00000232b1008490 flushing nmethod 0x0000023297421b90
Event: 13.807 loading class java/lang/invoke/DirectMethodHandle$StaticAccessor
Event: 13.808 loading class java/lang/invoke/DirectMethodHandle$StaticAccessor done
Event: 13.822 loading class java/util/function/DoubleFunction
Event: 13.822 loading class java/util/function/DoubleFunction done
Event: 14.225 loading class java/util/EnumMap$Values
Event: 14.225 loading class java/util/EnumMap$Values done
Event: 14.226 loading class java/util/EnumMap$ValueIterator
Event: 14.226 loading class java/util/EnumMap$ValueIterator done


Dynamic libraries:
0x00007ff704410000 - 0x00007ff70441e000 	C:\Users\yangj\Desktop\MCreator20231\jdk\bin\java.exe
0x00007ffe3d910000 - 0x00007ffe3db24000 	C:\WINDOWS\SYSTEM32\ntdll.dll
0x00007ffe3c930000 - 0x00007ffe3c9f3000 	C:\WINDOWS\System32\KERNEL32.DLL
0x00007ffe3ae80000 - 0x00007ffe3b21c000 	C:\WINDOWS\System32\KERNELBASE.dll
0x00007ffe3b3f0000 - 0x00007ffe3b501000 	C:\WINDOWS\System32\ucrtbase.dll
0x00007ffdf6dc0000 - 0x00007ffdf6dd7000 	C:\Users\yangj\Desktop\MCreator20231\jdk\bin\jli.dll
0x00007ffdf93c0000 - 0x00007ffdf93d9000 	C:\Users\yangj\Desktop\MCreator20231\jdk\bin\VCRUNTIME140.dll
0x00007ffe3cbb0000 - 0x00007ffe3cd5d000 	C:\WINDOWS\System32\USER32.dll
0x00007ffe3b340000 - 0x00007ffe3b366000 	C:\WINDOWS\System32\win32u.dll
0x00007ffe21650000 - 0x00007ffe218de000 	C:\WINDOWS\WinSxS\amd64_microsoft.windows.common-controls_6595b64144ccf1df_6.0.22621.608_none_a9444ca7c10bb01d\COMCTL32.dll
0x00007ffe3ba80000 - 0x00007ffe3baa9000 	C:\WINDOWS\System32\GDI32.dll
0x00007ffe3c810000 - 0x00007ffe3c8b7000 	C:\WINDOWS\System32\msvcrt.dll
0x00007ffe3b220000 - 0x00007ffe3b333000 	C:\WINDOWS\System32\gdi32full.dll
0x00007ffe3b680000 - 0x00007ffe3b71a000 	C:\WINDOWS\System32\msvcp_win.dll
0x00007ffe3d790000 - 0x00007ffe3d7c1000 	C:\WINDOWS\System32\IMM32.DLL
0x00007ffe1def0000 - 0x00007ffe1defc000 	C:\Users\yangj\Desktop\MCreator20231\jdk\bin\vcruntime140_1.dll
0x00007ffdef740000 - 0x00007ffdef7d1000 	C:\Users\yangj\Desktop\MCreator20231\jdk\bin\msvcp140.dll
0x00007ffddbcb0000 - 0x00007ffddc8f4000 	C:\Users\yangj\Desktop\MCreator20231\jdk\bin\server\jvm.dll
0x00007ffe3c3a0000 - 0x00007ffe3c44e000 	C:\WINDOWS\System32\ADVAPI32.dll
0x00007ffe3b9d0000 - 0x00007ffe3ba74000 	C:\WINDOWS\System32\sechost.dll
0x00007ffe3ca00000 - 0x00007ffe3cb15000 	C:\WINDOWS\System32\RPCRT4.dll
0x00007ffe23000000 - 0x00007ffe23009000 	C:\WINDOWS\SYSTEM32\WSOCK32.dll
0x00007ffe319a0000 - 0x00007ffe319d4000 	C:\WINDOWS\SYSTEM32\WINMM.dll
0x00007ffe31f90000 - 0x00007ffe31f9a000 	C:\WINDOWS\SYSTEM32\VERSION.dll
0x00007ffe3cd90000 - 0x00007ffe3ce01000 	C:\WINDOWS\System32\WS2_32.dll
0x00007ffe39d80000 - 0x00007ffe39d98000 	C:\WINDOWS\SYSTEM32\kernel.appcore.dll
0x00007ffe1ddf0000 - 0x00007ffe1ddfa000 	C:\Users\yangj\Desktop\MCreator20231\jdk\bin\jimage.dll
0x00007ffe32dd0000 - 0x00007ffe32ffe000 	C:\WINDOWS\SYSTEM32\DBGHELP.DLL
0x00007ffe3c450000 - 0x00007ffe3c7d9000 	C:\WINDOWS\System32\combase.dll
0x00007ffe3b840000 - 0x00007ffe3b917000 	C:\WINDOWS\System32\OLEAUT32.dll
0x00007ffe283c0000 - 0x00007ffe283f2000 	C:\WINDOWS\SYSTEM32\dbgcore.DLL
0x00007ffe3b370000 - 0x00007ffe3b3eb000 	C:\WINDOWS\System32\bcryptPrimitives.dll
0x00007ffdf64b0000 - 0x00007ffdf64d5000 	C:\Users\yangj\Desktop\MCreator20231\jdk\bin\java.dll
0x00007ffddbbd0000 - 0x00007ffddbca6000 	C:\Users\yangj\Desktop\MCreator20231\jdk\bin\jsvml.dll
0x00007ffe3bab0000 - 0x00007ffe3c2a0000 	C:\WINDOWS\System32\SHELL32.dll
0x00007ffe38d40000 - 0x00007ffe3960e000 	C:\WINDOWS\SYSTEM32\windows.storage.dll
0x00007ffe38c00000 - 0x00007ffe38d3e000 	C:\WINDOWS\SYSTEM32\wintypes.dll
0x00007ffe3c2a0000 - 0x00007ffe3c391000 	C:\WINDOWS\System32\SHCORE.dll
0x00007ffe3d050000 - 0x00007ffe3d0ae000 	C:\WINDOWS\System32\shlwapi.dll
0x00007ffe3ac80000 - 0x00007ffe3aca1000 	C:\WINDOWS\SYSTEM32\profapi.dll
0x00007ffdf6490000 - 0x00007ffdf64a9000 	C:\Users\yangj\Desktop\MCreator20231\jdk\bin\net.dll
0x00007ffe34520000 - 0x00007ffe3464f000 	C:\WINDOWS\SYSTEM32\WINHTTP.dll
0x00007ffe3a1f0000 - 0x00007ffe3a259000 	C:\WINDOWS\system32\mswsock.dll
0x00007ffdf6430000 - 0x00007ffdf6445000 	C:\Users\yangj\Desktop\MCreator20231\jdk\bin\nio.dll
0x00007ffdf6410000 - 0x00007ffdf6428000 	C:\Users\yangj\Desktop\MCreator20231\jdk\bin\zip.dll
0x00007ffe18fa0000 - 0x00007ffe18fb0000 	C:\Users\yangj\Desktop\MCreator20231\jdk\bin\verify.dll
0x00007ffe1d050000 - 0x00007ffe1d059000 	C:\Users\yangj\Desktop\MCreator20231\jdk\bin\management.dll
0x00007ffe1bd10000 - 0x00007ffe1bd1b000 	C:\Users\yangj\Desktop\MCreator20231\jdk\bin\management_ext.dll
0x00007ffe3cd70000 - 0x00007ffe3cd78000 	C:\WINDOWS\System32\PSAPI.DLL
0x00007ffe16e80000 - 0x00007ffe16e97000 	C:\WINDOWS\system32\napinsp.dll
0x00007ffe133d0000 - 0x00007ffe133eb000 	C:\WINDOWS\system32\pnrpnsp.dll
0x00007ffe398d0000 - 0x00007ffe399c3000 	C:\WINDOWS\SYSTEM32\DNSAPI.dll
0x00007ffe39860000 - 0x00007ffe3988d000 	C:\WINDOWS\SYSTEM32\IPHLPAPI.DLL
0x00007ffe3cd60000 - 0x00007ffe3cd69000 	C:\WINDOWS\System32\NSI.dll
0x00007ffe13140000 - 0x00007ffe13151000 	C:\WINDOWS\System32\winrnr.dll
0x00007ffe34300000 - 0x00007ffe34315000 	C:\WINDOWS\system32\wshbth.dll
0x00007ffe2bab0000 - 0x00007ffe2bad1000 	C:\WINDOWS\system32\nlansp_c.dll
0x00007ffe30540000 - 0x00007ffe3054a000 	C:\Windows\System32\rasadhlp.dll
0x00007ffe32ae0000 - 0x00007ffe32b63000 	C:\WINDOWS\System32\fwpuclnt.dll
0x00007ffe3a460000 - 0x00007ffe3a47b000 	C:\WINDOWS\SYSTEM32\CRYPTSP.dll
0x00007ffe39cf0000 - 0x00007ffe39d25000 	C:\WINDOWS\system32\rsaenh.dll
0x00007ffe3a2f0000 - 0x00007ffe3a318000 	C:\WINDOWS\SYSTEM32\USERENV.dll
0x00007ffe3a630000 - 0x00007ffe3a658000 	C:\WINDOWS\SYSTEM32\bcrypt.dll
0x00007ffe3a450000 - 0x00007ffe3a45c000 	C:\WINDOWS\SYSTEM32\CRYPTBASE.dll
0x00007ffe33bc0000 - 0x00007ffe33bd9000 	C:\WINDOWS\SYSTEM32\dhcpcsvc6.DLL
0x00007ffe33ba0000 - 0x00007ffe33bbf000 	C:\WINDOWS\SYSTEM32\dhcpcsvc.DLL
0x00007ffe0ecb0000 - 0x00007ffe0ecf5000 	C:\Users\yangj\AppData\Local\Temp\jna-114744777\jna1323668238573594161.dll
0x00007ffe3d5f0000 - 0x00007ffe3d78c000 	C:\WINDOWS\System32\Ole32.dll
0x00007ffe3b920000 - 0x00007ffe3b9d0000 	C:\WINDOWS\System32\clbcatq.dll
0x00007ffe22bb0000 - 0x00007ffe22bcd000 	C:\WINDOWS\SYSTEM32\amsi.dll
0x00007ffe21390000 - 0x00007ffe2140b000 	C:\ProgramData\Microsoft\Windows Defender\Platform\4.18.2301.6-0\MpOav.dll
0x00007ffe25de0000 - 0x00007ffe25e30000 	C:\WINDOWS\SYSTEM32\Pdh.dll
0x00007ffe356e0000 - 0x00007ffe356f0000 	C:\WINDOWS\System32\perfos.dll
0x00007ffe383f0000 - 0x00007ffe38400000 	C:\WINDOWS\SYSTEM32\pfclient.dll
0x00007ffe0ec30000 - 0x00007ffe0eca5000 	C:\Users\yangj\AppData\Local\Temp\lwjglyangj\3.3.1-build-7\lwjgl.dll
0x00007ffddcf50000 - 0x00007ffddd1a9000 	C:\Users\yangj\AppData\Local\Temp\lwjglyangj\3.3.1-build-7\jemalloc.dll
0x00007ffe0ebc0000 - 0x00007ffe0ec21000 	C:\Users\yangj\AppData\Local\Temp\lwjglyangj\3.3.1-build-7\glfw.dll
0x00007ffdf9760000 - 0x00007ffdf97a6000 	C:\WINDOWS\SYSTEM32\dinput8.dll
0x00007ffe2fe60000 - 0x00007ffe2fe71000 	C:\WINDOWS\SYSTEM32\xinput1_4.dll
0x00007ffe3a950000 - 0x00007ffe3a99e000 	C:\WINDOWS\SYSTEM32\cfgmgr32.dll
0x00007ffe3a920000 - 0x00007ffe3a94c000 	C:\WINDOWS\SYSTEM32\DEVOBJ.dll
0x00007ffe29e10000 - 0x00007ffe2a011000 	C:\WINDOWS\SYSTEM32\inputhost.dll
0x00007ffe37f30000 - 0x00007ffe38063000 	C:\WINDOWS\SYSTEM32\CoreMessaging.dll
0x00007ffe385a0000 - 0x00007ffe385cb000 	C:\WINDOWS\SYSTEM32\dwmapi.dll
0x00007ffe38340000 - 0x00007ffe383eb000 	C:\WINDOWS\system32\uxtheme.dll
0x00007ffe3b720000 - 0x00007ffe3b83e000 	C:\WINDOWS\System32\MSCTF.dll
0x00007ffe219a0000 - 0x00007ffe21aa0000 	C:\WINDOWS\SYSTEM32\opengl32.dll
0x00007ffe0f540000 - 0x00007ffe0f56d000 	C:\WINDOWS\SYSTEM32\GLU32.dll
0x00007ffe38450000 - 0x00007ffe38486000 	C:\WINDOWS\SYSTEM32\dxcore.dll
0x00007ffe351a0000 - 0x00007ffe351e9000 	C:\WINDOWS\SYSTEM32\directxdatabasehelper.dll
0x00007ffe23330000 - 0x00007ffe2335d000 	C:\WINDOWS\System32\DriverStore\FileRepository\u0387948.inf_amd64_849b4630364e9ceb\B387945\atig6pxx.dll
0x00007ffde3b80000 - 0x00007ffde77b5000 	C:\WINDOWS\System32\DriverStore\FileRepository\u0387948.inf_amd64_849b4630364e9ceb\B387945\atio6axx.dll
0x00007ffe3d170000 - 0x00007ffe3d5e4000 	C:\WINDOWS\System32\SETUPAPI.dll
0x00007ffe3ad50000 - 0x00007ffe3adbb000 	C:\WINDOWS\System32\WINTRUST.dll
0x00007ffe3b510000 - 0x00007ffe3b676000 	C:\WINDOWS\System32\CRYPT32.dll
0x00007ffe3a4b0000 - 0x00007ffe3a4c2000 	C:\WINDOWS\SYSTEM32\MSASN1.dll

dbghelp: loaded successfully - version: 4.0.5 - missing functions: none
symbol engine: initialized successfully - sym options: 0x614 - pdb path: .;C:\Users\yangj\Desktop\MCreator20231\jdk\bin;C:\WINDOWS\SYSTEM32;C:\WINDOWS\WinSxS\amd64_microsoft.windows.common-controls_6595b64144ccf1df_6.0.22621.608_none_a9444ca7c10bb01d;C:\Users\yangj\Desktop\MCreator20231\jdk\bin\server;C:\Users\yangj\AppData\Local\Temp\jna-114744777;C:\ProgramData\Microsoft\Windows Defender\Platform\4.18.2301.6-0;C:\Users\yangj\AppData\Local\Temp\lwjglyangj\3.3.1-build-7;C:\WINDOWS\System32\DriverStore\FileRepository\u0387948.inf_amd64_849b4630364e9ceb\B387945

VM Arguments:
jvm_args: -Dforge.enableGameTest=true -Dforge.logging.console.level=debug -Dforge.logging.markers=REGISTRIES -DignoreList=bootstraplauncher,securejarhandler,asm-commons,asm-util,asm-analysis,asm-tree,asm,JarJarFileSystems,client-extra,fmlcore,javafmllanguage,lowcodelanguage,mclanguage,forge- -Djava.net.preferIPv6Addresses=system -DlegacyClassPath.file=C:\Users\yangj\MCreatorWorkspaces\mixed_ore\build\classpath\runClient_minecraftClasspath.txt -DmergeModules=jna-5.10.0.jar,jna-platform-5.10.0.jar -Dos.version=10.0 --module-path=C:\Users\yangj\.mcreator\gradle\caches\modules-2\files-2.1\cpw.mods\bootstraplauncher\1.1.2\c546e00443d8432cda6baa1c860346980742628\bootstraplauncher-1.1.2.jar;C:\Users\yangj\.mcreator\gradle\caches\modules-2\files-2.1\cpw.mods\securejarhandler\2.1.4\f47e3b9dd860a7b82154b8f90a650ffd0aaa5582\securejarhandler-2.1.4.jar;C:\Users\yangj\.mcreator\gradle\caches\modules-2\files-2.1\org.ow2.asm\asm-commons\9.3\1f2a432d1212f5c352ae607d7b61dcae20c20af5\asm-commons-9.3.jar;C:\Users\yangj\.mcreator\gradle\caches\modules-2\files-2.1\org.ow2.asm\asm-util\9.3\9595bc05510d0bd4b610188b77333fe4851a1975\asm-util-9.3.jar;C:\Users\yangj\.mcreator\gradle\caches\modules-2\files-2.1\org.ow2.asm\asm-analysis\9.3\4b071f211b37c38e0e9f5998550197c8593f6ad8\asm-analysis-9.3.jar;C:\Users\yangj\.mcreator\gradle\caches\modules-2\files-2.1\org.ow2.asm\asm-tree\9.3\78d2ecd61318b5a58cd04fb237636c0e86b77d97\asm-tree-9.3.jar;C:\Users\yangj\.mcreator\gradle\caches\modules-2\files-2.1\org.ow2.asm\asm\9.3\8e6300ef51c1d801a7ed62d07cd221aca3a90640\asm-9.3.jar;C:\Users\yangj\.mcreator\gradle\caches\modules-2\files-2.1\net.minecraftforge\JarJarFileSystems\0.3.16\e52afbb2599dc7c6f779efea0496d32fc01152e3\JarJarFileSystems-0.3.16.jar --add-modules=ALL-MODULE-PATH --add-opens=java.base/java.util.jar=cpw.mods.securejarhandler --add-opens=java.base/java.lang.invoke=cpw.mods.securejarhandler --add-exports=java.base/sun.security.util=cpw.mods.securejarhandler --add-exports=jdk.naming.dns/com.sun.jndi.dns=java.naming -XX:HeapDumpPath=MojangTricksIntelDriversForPerformance_javaw.exe_minecraft.exe.heapdump -Dos.name=Windows 10 -Dfile.encoding=UTF-8 -Duser.country=CN -Duser.language=zh -Duser.variant 
java_command: cpw.mods.bootstraplauncher.BootstrapLauncher --launchTarget forgeclientuserdev --version MOD_DEV --assetIndex 1.19 --assetsDir C:\Users\yangj\.mcreator\gradle\caches\forge_gradle\assets --gameDir . --fml.forgeVersion 43.2.0 --fml.mcVersion 1.19.2 --fml.forgeGroup net.minecraftforge --fml.mcpVersion 20220805.130853
java_class_path (initial): C:\Users\yangj\MCreatorWorkspaces\mixed_ore\build\classes\java\main;C:\Users\yangj\MCreatorWorkspaces\mixed_ore\build\resources\main;C:\Users\yangj\MCreatorWorkspaces\mixed_ore\build\fg_cache\net\minecraftforge\forge\1.19.2-43.2.0_mapped_official_1.19.2\forge-1.19.2-43.2.0_mapped_official_1.19.2-recomp.jar;C:\Users\yangj\.mcreator\gradle\caches\forge_gradle\minecraft_repo\versions\1.19.2\client-extra.jar;C:\Users\yangj\.mcreator\gradle\caches\modules-2\files-2.1\net.minecraftforge\javafmllanguage\1.19.2-43.2.0\5713dfd49576886a7ffc353f14f067ad42369592\javafmllanguage-1.19.2-43.2.0.jar;C:\Users\yangj\.mcreator\gradle\caches\modules-2\files-2.1\net.minecraftforge\lowcodelanguage\1.19.2-43.2.0\51c88985dd125457fb8b6c2c58a4f3b9349a6b57\lowcodelanguage-1.19.2-43.2.0.jar;C:\Users\yangj\.mcreator\gradle\caches\modules-2\files-2.1\net.minecraftforge\mclanguage\1.19.2-43.2.0\f4fa83ef8129c7f7cc5847fbafb07f7ae86c1bb\mclanguage-1.19.2-43.2.0.jar;C:\Users\yangj\.mcreator\gradle\caches\modules-2\files-2.1\net.minecraftforge\fmlcore\1.19.2-43.2.0\d4dcb5b809b7f035ac22b058941cf81f84451545\fmlcore-1.19.2-43.2.0.jar;C:\Users\yangj\.mcreator\gradle\caches\modules-2\files-2.1\net.minecraftforge\fmlloader\1.19.2-43.2.0\3e6e8b7b5e1dbc6ee01a20f74675f223b64c7847\fmlloader-1.19.2-43.2.0.jar;C:\Users\yangj\.mcreator\gradle\caches\modules-2\files-2.1\net.minecraftforge\JarJarSelector\0.3.16\2a31421fb5e267249da103a644f23afb43d158af\JarJarSelector-0.3.16.jar;C:\Users\yangj\.mcreator\gradle\caches\modules-2\files-2.1\net.minecraftforge\JarJarMetadata\0.3.16\f62c8c898dffc8666f5097a8587ed72095e8e83a\JarJarMetadata-0.3.16.jar;C:\Users\yangj\.mcreator\gradle\caches\modules-2\files-2.1\com.google.guava\guava\31.0.1-jre\119ea2b2bc205b138974d351777b20f02b92704b\guava-31.0.1-jre.jar;C:\Users\yangj\.mcreator\gradle\caches\modules-2\files-2.1\com.google.code.findbugs\jsr305\3.0.2\25ea2e8b0c338a877313bd4672d3fe056ea78f0d\jsr305-3.0.2.jar;C:\Users\yangj\.mcreator\gradle\caches\modu
Launcher Type: SUN_STANDARD

[Global flags]
     intx CICompilerCount                          = 4                                         {product} {ergonomic}
     uint ConcGCThreads                            = 2                                         {product} {ergonomic}
     uint G1ConcRefinementThreads                  = 8                                         {product} {ergonomic}
   size_t G1HeapRegionSize                         = 2097152                                   {product} {ergonomic}
    uintx GCDrainStackTargetSize                   = 64                                        {product} {ergonomic}
    ccstr HeapDumpPath                             = MojangTricksIntelDriversForPerformance_javaw.exe_minecraft.exe.heapdump         {manageable} {command line}
   size_t InitialHeapSize                          = 234881024                                 {product} {ergonomic}
   size_t MarkStackSize                            = 4194304                                   {product} {ergonomic}
   size_t MaxHeapSize                              = 3747610624                                {product} {ergonomic}
   size_t MaxNewSize                               = 2248146944                                {product} {ergonomic}
   size_t MinHeapDeltaBytes                        = 2097152                                   {product} {ergonomic}
   size_t MinHeapSize                              = 8388608                                   {product} {ergonomic}
    uintx NonNMethodCodeHeapSize                   = 5839372                                {pd product} {ergonomic}
    uintx NonProfiledCodeHeapSize                  = 122909434                              {pd product} {ergonomic}
    uintx ProfiledCodeHeapSize                     = 122909434                              {pd product} {ergonomic}
    uintx ReservedCodeCacheSize                    = 251658240                              {pd product} {ergonomic}
     bool SegmentedCodeCache                       = true                                      {product} {ergonomic}
   size_t SoftMaxHeapSize                          = 3747610624                             {manageable} {ergonomic}
     bool UseCompressedClassPointers               = true                           {product lp64_product} {ergonomic}
     bool UseCompressedOops                        = true                           {product lp64_product} {ergonomic}
     bool UseG1GC                                  = true                                      {product} {ergonomic}
     bool UseLargePagesIndividualAllocation        = false                                  {pd product} {ergonomic}

Logging:
Log output configuration:
 #0: stdout all=warning uptime,level,tags
 #1: stderr all=off uptime,level,tags

Environment Variables:
JAVA_HOME=C:\Users\yangj\Desktop\MCreator20231\jdk
PATH=C:\Program Files\Common Files\Oracle\Java\javapath;C:\Program Files (x86)\Common Files\Oracle\Java\javapath;C:\WINDOWS\system32;C:\WINDOWS;C:\WINDOWS\System32\Wbem;C:\WINDOWS\System32\WindowsPowerShell\v1.0\;C:\WINDOWS\System32\OpenSSH\;C:\Program Files\Bandizip\;C:\Users\yangj\AppData\Local\Microsoft\WindowsApps;;C:\Users\yangj\Desktop\MCreator20231\jdk\bin
USERNAME=yangj
OS=Windows_NT
PROCESSOR_IDENTIFIER=AMD64 Family 23 Model 24 Stepping 1, AuthenticAMD
TMP=C:\Users\yangj\AppData\Local\Temp
TEMP=C:\Users\yangj\AppData\Local\Temp



---------------  S Y S T E M  ---------------

OS:
 Windows 11 , 64 bit Build 22621 (10.0.22621.1344)
OS uptime: 0 days 4:53 hours

CPU: total 8 (initial active 8) (8 cores per cpu, 2 threads per core) family 23 model 24 stepping 1 microcode 0x0, cx8, cmov, fxsr, ht, mmx, 3dnowpref, sse, sse2, sse3, ssse3, sse4a, sse4.1, sse4.2, popcnt, lzcnt, tsc, tscinvbit, avx, avx2, aes, clmul, bmi1, bmi2, adx, sha, fma, vzeroupper, clflush, clflushopt

Memory: 4k page, system-wide physical 14293M (8050M free)
TotalPageFile size 16981M (AvailPageFile size 8825M)
current process WorkingSet (physical memory assigned to process): 619M, peak: 620M
current process commit charge ("private bytes"): 695M, peak: 696M

vm_info: OpenJDK 64-Bit Server VM (17.0.5+8) for windows-amd64 JRE (17.0.5+8), built on Oct 19 2022 04:48:13 by "temurin" with MS VC++ 16.7 (VS2019)

END.
