#
# A fatal error has been detected by the Java Runtime Environment:
#
#  EXCEPTION_ACCESS_VIOLATION (0xc0000005) at pc=0x00007ffade182b60, pid=10900, tid=12772
#
# JRE version: OpenJDK Runtime Environment Temurin-17.0.6+10 (17.0.6+10) (build 17.0.6+10)
# Java VM: OpenJDK 64-Bit Server VM Temurin-17.0.6+10 (17.0.6+10, mixed mode, sharing, tiered, compressed oops, compressed class ptrs, g1 gc, windows-amd64)
# Problematic frame:
# C  [atio6axx.dll+0x192b60]
#
# No core dump will be written. Minidumps are not enabled by default on client versions of Windows
#
# If you would like to submit a bug report, please visit:
#   https://github.com/adoptium/adoptium-support/issues
# The crash happened outside the Java Virtual Machine in native code.
# See problematic frame for where to report the bug.
#

---------------  S U M M A R Y ------------

Command Line: -Dforge.enableGameTest=true -Dforge.logging.console.level=debug -Dforge.logging.markers=REGISTRIES -DignoreList=bootstraplauncher,securejarhandler,asm-commons,asm-util,asm-analysis,asm-tree,asm,JarJarFileSystems,client-extra,fmlcore,javafmllanguage,lowcodelanguage,mclanguage,forge- -Djava.net.preferIPv6Addresses=system -DlegacyClassPath.file=C:\Users\yangj\MCreatorWorkspaces\mixed_ore\build\classpath\runClient_minecraftClasspath.txt -DmergeModules=jna-5.10.0.jar,jna-platform-5.10.0.jar -Dos.version=10.0 --module-path=C:\Users\yangj\.mcreator\gradle\caches\modules-2\files-2.1\cpw.mods\bootstraplauncher\1.1.2\c546e00443d8432cda6baa1c860346980742628\bootstraplauncher-1.1.2.jar;C:\Users\yangj\.mcreator\gradle\caches\modules-2\files-2.1\cpw.mods\securejarhandler\2.1.4\f47e3b9dd860a7b82154b8f90a650ffd0aaa5582\securejarhandler-2.1.4.jar;C:\Users\yangj\.mcreator\gradle\caches\modules-2\files-2.1\org.ow2.asm\asm-commons\9.3\1f2a432d1212f5c352ae607d7b61dcae20c20af5\asm-commons-9.3.jar;C:\Users\yangj\.mcreator\gradle\caches\modules-2\files-2.1\org.ow2.asm\asm-util\9.3\9595bc05510d0bd4b610188b77333fe4851a1975\asm-util-9.3.jar;C:\Users\yangj\.mcreator\gradle\caches\modules-2\files-2.1\org.ow2.asm\asm-analysis\9.3\4b071f211b37c38e0e9f5998550197c8593f6ad8\asm-analysis-9.3.jar;C:\Users\yangj\.mcreator\gradle\caches\modules-2\files-2.1\org.ow2.asm\asm-tree\9.3\78d2ecd61318b5a58cd04fb237636c0e86b77d97\asm-tree-9.3.jar;C:\Users\yangj\.mcreator\gradle\caches\modules-2\files-2.1\org.ow2.asm\asm\9.3\8e6300ef51c1d801a7ed62d07cd221aca3a90640\asm-9.3.jar;C:\Users\yangj\.mcreator\gradle\caches\modules-2\files-2.1\net.minecraftforge\JarJarFileSystems\0.3.16\e52afbb2599dc7c6f779efea0496d32fc01152e3\JarJarFileSystems-0.3.16.jar --add-modules=ALL-MODULE-PATH --add-opens=java.base/java.util.jar=cpw.mods.securejarhandler --add-opens=java.base/java.lang.invoke=cpw.mods.securejarhandler --add-exports=java.base/sun.security.util=cpw.mods.securejarhandler --add-exports=jdk.naming.dns/com.sun.jndi.dns=java.naming -XX:HeapDumpPath=MojangTricksIntelDriversForPerformance_javaw.exe_minecraft.exe.heapdump -Dos.name=Windows 10 -Dfile.encoding=UTF-8 -Duser.country=CN -Duser.language=zh -Duser.variant cpw.mods.bootstraplauncher.BootstrapLauncher --launchTarget forgeclientuserdev --version MOD_DEV --assetIndex 1.19 --assetsDir C:\Users\yangj\.mcreator\gradle\caches\forge_gradle\assets --gameDir . --fml.forgeVersion 43.2.0 --fml.mcVersion 1.19.2 --fml.forgeGroup net.minecraftforge --fml.mcpVersion 20220805.130853

Host: AMD Ryzen 7 3700U with Radeon Vega Mobile Gfx  , 8 cores, 13G,  Windows 11 , 64 bit Build 22621 (10.0.22621.1325)
Time: Sat Mar 25 11:16:32 2023  Windows 11 , 64 bit Build 22621 (10.0.22621.1325) elapsed time: 35.802634 seconds (0d 0h 0m 35s)

---------------  T H R E A D  ---------------

Current thread (0x00000258a5ce0830):  JavaThread "Render thread" [_thread_in_native, id=12772, stack(0x0000009596d00000,0x0000009596e00000)]

Stack: [0x0000009596d00000,0x0000009596e00000],  sp=0x0000009596dfabc8,  free space=1002k
Native frames: (J=compiled Java code, j=interpreted, Vv=VM code, C=native code)
C  [atio6axx.dll+0x192b60]

Java frames: (J=compiled Java code, j=interpreted, Vv=VM code)
j  org.lwjgl.system.JNI.invokePPPP(IIJJJJ)J+0 org.lwjgl@3.3.1+7
j  org.lwjgl.glfw.GLFW.nglfwCreateWindow(IIJJJ)J+14 org.lwjgl.glfw@3.3.1+7
j  org.lwjgl.glfw.GLFW.glfwCreateWindow(IILjava/lang/CharSequence;JJ)J+34 org.lwjgl.glfw@3.3.1+7
j  net.minecraftforge.client.loading.NoVizFallback.lambda$fallback$0(Ljava/util/function/IntSupplier;Ljava/util/function/IntSupplier;Ljava/util/function/Supplier;Ljava/util/function/LongSupplier;)J+28 forge@43.2.0
j  net.minecraftforge.client.loading.NoVizFallback$$Lambda$4374+0x0000000801625800.getAsLong()J+16 forge@43.2.0
j  net.minecraftforge.fml.loading.progress.EarlyProgressVisualization$Visualization$$Lambda$4375+0x00000008016273b8.apply(Ljava/lang/Object;)Ljava/lang/Object;+4 fmlloader@1.19.2-43.2.0
J 7688 c2 java.util.Optional.map(Ljava/util/function/Function;)Ljava/util/Optional; java.base@17.0.6 (30 bytes) @ 0x00000258b6b9d188 [0x00000258b6b9d120+0x0000000000000068]
j  net.minecraftforge.fml.loading.progress.EarlyProgressVisualization$Visualization.handOffWindow(Ljava/util/function/IntSupplier;Ljava/util/function/IntSupplier;Ljava/util/function/Supplier;Ljava/util/function/LongSupplier;)J+48 fmlloader@1.19.2-43.2.0
j  net.minecraftforge.fml.loading.progress.EarlyProgressVisualization.handOffWindow(Ljava/util/function/IntSupplier;Ljava/util/function/IntSupplier;Ljava/util/function/Supplier;Ljava/util/function/LongSupplier;)J+9 fmlloader@1.19.2-43.2.0
j  com.mojang.blaze3d.platform.Window.<init>(Lcom/mojang/blaze3d/platform/WindowEventHandler;Lcom/mojang/blaze3d/platform/ScreenManager;Lcom/mojang/blaze3d/platform/DisplayData;Ljava/lang/String;Ljava/lang/String;)V+279 minecraft@1.19.2
j  net.minecraft.client.renderer.VirtualScreen.newWindow(Lcom/mojang/blaze3d/platform/DisplayData;Ljava/lang/String;Ljava/lang/String;)Lcom/mojang/blaze3d/platform/Window;+15 minecraft@1.19.2
j  net.minecraft.client.Minecraft.<init>(Lnet/minecraft/client/main/GameConfig;)V+723 minecraft@1.19.2
j  net.minecraft.client.main.Main.run([Ljava/lang/String;Z)V+1356 minecraft@1.19.2
j  net.minecraft.client.main.Main.main([Ljava/lang/String;)V+12 minecraft@1.19.2
v  ~StubRoutines::call_stub
j  jdk.internal.reflect.NativeMethodAccessorImpl.invoke0(Ljava/lang/reflect/Method;Ljava/lang/Object;[Ljava/lang/Object;)Ljava/lang/Object;+0 java.base@17.0.6
j  jdk.internal.reflect.NativeMethodAccessorImpl.invoke(Ljava/lang/Object;[Ljava/lang/Object;)Ljava/lang/Object;+133 java.base@17.0.6
j  jdk.internal.reflect.DelegatingMethodAccessorImpl.invoke(Ljava/lang/Object;[Ljava/lang/Object;)Ljava/lang/Object;+6 java.base@17.0.6
j  java.lang.reflect.Method.invoke(Ljava/lang/Object;[Ljava/lang/Object;)Ljava/lang/Object;+59 java.base@17.0.6
j  net.minecraftforge.fml.loading.targets.ForgeClientUserdevLaunchHandler.lambda$launchService$0([Ljava/lang/String;Ljava/lang/ModuleLayer;)V+47 fmlloader@1.19.2-43.2.0
j  net.minecraftforge.fml.loading.targets.ForgeClientUserdevLaunchHandler$$Lambda$856+0x0000000800faf280.run()V+12 fmlloader@1.19.2-43.2.0
j  cpw.mods.modlauncher.LaunchServiceHandlerDecorator.launch([Ljava/lang/String;Ljava/lang/ModuleLayer;)V+11 cpw.mods.modlauncher@10.0.8
j  cpw.mods.modlauncher.LaunchServiceHandler.launch(Ljava/lang/String;[Ljava/lang/String;Ljava/lang/ModuleLayer;Lcpw/mods/modlauncher/TransformingClassLoader;Lcpw/mods/modlauncher/LaunchPluginHandler;)V+58 cpw.mods.modlauncher@10.0.8
j  cpw.mods.modlauncher.LaunchServiceHandler.launch(Lcpw/mods/modlauncher/ArgumentHandler;Ljava/lang/ModuleLayer;Lcpw/mods/modlauncher/TransformingClassLoader;Lcpw/mods/modlauncher/LaunchPluginHandler;)V+21 cpw.mods.modlauncher@10.0.8
j  cpw.mods.modlauncher.Launcher.run([Ljava/lang/String;)V+310 cpw.mods.modlauncher@10.0.8
j  cpw.mods.modlauncher.Launcher.main([Ljava/lang/String;)V+78 cpw.mods.modlauncher@10.0.8
j  cpw.mods.modlauncher.BootstrapLaunchConsumer.accept([Ljava/lang/String;)V+1 cpw.mods.modlauncher@10.0.8
j  cpw.mods.modlauncher.BootstrapLaunchConsumer.accept(Ljava/lang/Object;)V+5 cpw.mods.modlauncher@10.0.8
j  cpw.mods.bootstraplauncher.BootstrapLauncher.main([Ljava/lang/String;)V+515 cpw.mods.bootstraplauncher@1.1.2
v  ~StubRoutines::call_stub

siginfo: EXCEPTION_ACCESS_VIOLATION (0xc0000005), reading address 0xffffffffffffffff


Register to memory mapping:

RIP=0x00007ffade182b60 atio6axx.dll
RAX=0x0 is NULL
RBX=0x00007ffae19c33b0 atio6axx.dll
RCX=0x5c322d73656c7564 is an unknown value
RDX=0x00000000000000d0 is an unknown value
RSP=0x0000009596dfabc8 is pointing into the stack for thread: 0x00000258a5ce0830
RBP=0x0000009596dfad30 is pointing into the stack for thread: 0x00000258a5ce0830
RSI=0x00007ffae18d2d40 atio6axx.dll
RDI=0x0000009596dfb020 is pointing into the stack for thread: 0x00000258a5ce0830
R8 =0x00000000000001a5 is an unknown value
R9 =0x5c322d73656c7564 is an unknown value
R10=0x0 is NULL
R11=0x0000000000000200 is an unknown value
R12=0x00007ffae19c3408 atio6axx.dll
R13=0x00007ffae19c5c08 atio6axx.dll
R14=0x00007ffae19c33b0 atio6axx.dll
R15=0x0 is NULL


Registers:
RAX=0x0000000000000000, RBX=0x00007ffae19c33b0, RCX=0x5c322d73656c7564, RDX=0x00000000000000d0
RSP=0x0000009596dfabc8, RBP=0x0000009596dfad30, RSI=0x00007ffae18d2d40, RDI=0x0000009596dfb020
R8 =0x00000000000001a5, R9 =0x5c322d73656c7564, R10=0x0000000000000000, R11=0x0000000000000200
R12=0x00007ffae19c3408, R13=0x00007ffae19c5c08, R14=0x00007ffae19c33b0, R15=0x0000000000000000
RIP=0x00007ffade182b60, EFLAGS=0x0000000000010202

Top of Stack: (sp=0x0000009596dfabc8)
0x0000009596dfabc8:   00007ffade182e7c 00007ffae19c6020
0x0000009596dfabd8:   00000258d19afa38 0000000000000000
0x0000009596dfabe8:   00007ffade183e8d 0000009596dfb020
0x0000009596dfabf8:   00007ffade13f484 00007ffae19c33b0
0x0000009596dfac08:   00007ffae18d2d40 0000652e6176616a
0x0000009596dfac18:   00003cc37a959ed2 0000009596dfb020
0x0000009596dfac28:   00007ffade140457 00007ffae19c33b8
0x0000009596dfac38:   00007ffae18d2d40 00007ffae18d2d40
0x0000009596dfac48:   0000009596dfab38 00007ffae19c33b0
0x0000009596dfac58:   00007ffb00000000 0000000000000009
0x0000009596dfac68:   00000258cb13e93c 00000258cb13ea98
0x0000009596dfac78:   00007ffae19c33b8 0000009596dfb020
0x0000009596dfac88:   0000009596dfae07 00007f006176616a
0x0000009596dfac98:   00007f006176616a 46676e697274535c
0x0000009596dfaca8:   5c6f666e49656c69 3062343039303430
0x0000009596dfacb8:   726556656c69465c 000000006e6f6973 

Instructions: (pc=0x00007ffade182b60)
0x00007ffade182a60:   74 09 33 c9 ff 15 e6 89 66 03 90 48 8b c3 48 83
0x00007ffade182a70:   c4 20 5b c3 cc cc cc cc cc cc cc cc cc cc cc cc
0x00007ffade182a80:   48 83 ec 28 48 8b 51 08 48 85 d2 74 09 33 c9 ff
0x00007ffade182a90:   15 bb 89 66 03 90 48 83 c4 28 c3 cc cc cc cc cc
0x00007ffade182aa0:   48 89 11 c3 cc cc cc cc cc cc cc cc cc cc cc cc
0x00007ffade182ab0:   48 8b c1 c3 cc cc cc cc cc cc cc cc cc cc cc cc
0x00007ffade182ac0:   48 3b ca 74 10 41 8b 00 39 01 74 09 48 83 c1 04
0x00007ffade182ad0:   48 3b ca 75 f3 48 8b c1 c3 cc cc cc cc cc cc cc
0x00007ffade182ae0:   48 8b c1 c3 cc cc cc cc cc cc cc cc cc cc cc cc
0x00007ffade182af0:   48 83 39 00 0f 94 c0 c3 cc cc cc cc cc cc cc cc
0x00007ffade182b00:   4c 8d 04 d5 00 00 00 00 33 d2 e9 c1 d0 dd 01 cc
0x00007ffade182b10:   4c 8b 41 08 48 8b 02 49 89 00 48 83 41 08 08 c3
0x00007ffade182b20:   48 8b c1 c3 cc cc cc cc cc cc cc cc cc cc cc cc
0x00007ffade182b30:   48 8b c1 c3 cc cc cc cc cc cc cc cc cc cc cc cc
0x00007ffade182b40:   49 8b 00 48 89 02 c3 cc cc cc cc cc cc cc cc cc
0x00007ffade182b50:   8b 81 40 39 00 00 c3 cc cc cc cc cc cc cc cc cc
0x00007ffade182b60:   8b 81 40 39 00 00 83 c0 f0 83 f8 67 0f 87 5a 01
0x00007ffade182b70:   00 00 48 8d 15 87 d4 e6 ff 0f b6 84 02 f0 2c 19
0x00007ffade182b80:   00 8b 8c 82 d0 2c 19 00 48 03 ca ff e1 48 8b 0d
0x00007ffade182b90:   6c 6f 7e 03 83 b9 b4 34 00 00 02 0f 87 2b 01 00
0x00007ffade182ba0:   00 48 8d 91 0c 29 00 00 c7 02 e1 00 00 00 e9 ce
0x00007ffade182bb0:   00 00 00 48 8b 0d 46 6f 7e 03 83 b9 b4 34 00 00
0x00007ffade182bc0:   02 0f 87 05 01 00 00 48 8d 91 0c 29 00 00 c7 02
0x00007ffade182bd0:   f0 00 00 00 e9 a8 00 00 00 48 8b 0d 20 6f 7e 03
0x00007ffade182be0:   83 b9 b4 34 00 00 02 0f 87 df 00 00 00 48 8d 91
0x00007ffade182bf0:   0c 29 00 00 c7 02 00 04 00 00 e9 82 00 00 00 48
0x00007ffade182c00:   8b 0d fa 6e 7e 03 83 b9 b4 34 00 00 02 0f 87 b9
0x00007ffade182c10:   00 00 00 48 8d 91 0c 29 00 00 c7 02 00 08 00 00
0x00007ffade182c20:   eb 5f 48 8b 0d d7 6e 7e 03 83 b9 b4 34 00 00 02
0x00007ffade182c30:   0f 87 96 00 00 00 48 8d 91 0c 29 00 00 c7 02 00
0x00007ffade182c40:   09 00 00 eb 3c 48 8b 0d b4 6e 7e 03 83 b9 b4 34
0x00007ffade182c50:   00 00 02 77 77 48 8d 91 0c 29 00 00 c7 02 3c 0f 


Stack slot to memory mapping:
stack at sp + 0 slots: 0x00007ffade182e7c atio6axx.dll
stack at sp + 1 slots: 0x00007ffae19c6020 atio6axx.dll
stack at sp + 2 slots: 0x00000258d19afa38 points into unknown readable memory: 0x00007ffae11cf5f0 | f0 f5 1c e1 fa 7f 00 00
stack at sp + 3 slots: 0x0 is NULL
stack at sp + 4 slots: 0x00007ffade183e8d atio6axx.dll
stack at sp + 5 slots: 0x0000009596dfb020 is pointing into the stack for thread: 0x00000258a5ce0830
stack at sp + 6 slots: 0x00007ffade13f484 atio6axx.dll
stack at sp + 7 slots: 0x00007ffae19c33b0 atio6axx.dll


---------------  P R O C E S S  ---------------

Threads class SMR info:
_java_thread_list=0x00000258cde4f4f0, length=17, elements={
0x00000258a5ce0830, 0x00000258c99910b0, 0x00000258c9992b80, 0x00000258c99ab7a0,
0x00000258c99b0070, 0x00000258c99b3950, 0x00000258c99b6220, 0x00000258c99b8e20,
0x00000258c99b9720, 0x00000258c99bbaa0, 0x00000258ca4e2210, 0x00000258ca599710,
0x00000258cc806030, 0x00000258ccbca810, 0x00000258cb3d5840, 0x00000258ca5119b0,
0x00000258cfdd8be0
}

Java Threads: ( => current thread )
=>0x00000258a5ce0830 JavaThread "Render thread" [_thread_in_native, id=12772, stack(0x0000009596d00000,0x0000009596e00000)]
  0x00000258c99910b0 JavaThread "Reference Handler" daemon [_thread_blocked, id=6632, stack(0x0000009597400000,0x0000009597500000)]
  0x00000258c9992b80 JavaThread "Finalizer" daemon [_thread_blocked, id=3412, stack(0x0000009597500000,0x0000009597600000)]
  0x00000258c99ab7a0 JavaThread "Signal Dispatcher" daemon [_thread_blocked, id=7104, stack(0x0000009597600000,0x0000009597700000)]
  0x00000258c99b0070 JavaThread "Attach Listener" daemon [_thread_blocked, id=4320, stack(0x0000009597700000,0x0000009597800000)]
  0x00000258c99b3950 JavaThread "Service Thread" daemon [_thread_blocked, id=1616, stack(0x0000009597800000,0x0000009597900000)]
  0x00000258c99b6220 JavaThread "Monitor Deflation Thread" daemon [_thread_blocked, id=7328, stack(0x0000009597900000,0x0000009597a00000)]
  0x00000258c99b8e20 JavaThread "C2 CompilerThread0" daemon [_thread_blocked, id=11468, stack(0x0000009597a00000,0x0000009597b00000)]
  0x00000258c99b9720 JavaThread "C1 CompilerThread0" daemon [_thread_blocked, id=11352, stack(0x0000009597b00000,0x0000009597c00000)]
  0x00000258c99bbaa0 JavaThread "Sweeper thread" daemon [_thread_blocked, id=7372, stack(0x0000009597c00000,0x0000009597d00000)]
  0x00000258ca4e2210 JavaThread "Common-Cleaner" daemon [_thread_blocked, id=2264, stack(0x0000009597d00000,0x0000009597e00000)]
  0x00000258ca599710 JavaThread "Notification Thread" daemon [_thread_blocked, id=8896, stack(0x0000009597f00000,0x0000009598000000)]
  0x00000258cc806030 JavaThread "Thread-0" daemon [_thread_blocked, id=12888, stack(0x0000009598900000,0x0000009598a00000)]
  0x00000258ccbca810 JavaThread "FileSystemWatchService" daemon [_thread_in_native, id=9440, stack(0x0000009598a00000,0x0000009598b00000)]
  0x00000258cb3d5840 JavaThread "pool-2-thread-1" daemon [_thread_blocked, id=12476, stack(0x0000009598c00000,0x0000009598d00000)]
  0x00000258ca5119b0 JavaThread "C2 CompilerThread1" daemon [_thread_blocked, id=3252, stack(0x0000009597e00000,0x0000009597f00000)]
  0x00000258cfdd8be0 JavaThread "Timer hack thread" daemon [_thread_blocked, id=1956, stack(0x0000009598b00000,0x0000009598c00000)]

Other Threads:
  0x00000258c998cb60 VMThread "VM Thread" [stack: 0x0000009597300000,0x0000009597400000] [id=268]
  0x00000258ca5b0d90 WatcherThread [stack: 0x0000009598000000,0x0000009598100000] [id=6184]
  0x00000258a5d41f60 GCTaskThread "GC Thread#0" [stack: 0x0000009596e00000,0x0000009596f00000] [id=7500]
  0x00000258ca71eeb0 GCTaskThread "GC Thread#1" [stack: 0x0000009598200000,0x0000009598300000] [id=8016]
  0x00000258cad1e7d0 GCTaskThread "GC Thread#2" [stack: 0x0000009598300000,0x0000009598400000] [id=11880]
  0x00000258cac74a30 GCTaskThread "GC Thread#3" [stack: 0x0000009598400000,0x0000009598500000] [id=5208]
  0x00000258cac75d00 GCTaskThread "GC Thread#4" [stack: 0x0000009598500000,0x0000009598600000] [id=11760]
  0x00000258cb1b1ea0 GCTaskThread "GC Thread#5" [stack: 0x0000009598600000,0x0000009598700000] [id=8080]
  0x00000258cb2ff630 GCTaskThread "GC Thread#6" [stack: 0x0000009598700000,0x0000009598800000] [id=10372]
  0x00000258cd0c1580 GCTaskThread "GC Thread#7" [stack: 0x0000009598800000,0x0000009598900000] [id=1984]
  0x00000258a5d52ca0 ConcurrentGCThread "G1 Main Marker" [stack: 0x0000009596f00000,0x0000009597000000] [id=1148]
  0x00000258a5d53cf0 ConcurrentGCThread "G1 Conc#0" [stack: 0x0000009597000000,0x0000009597100000] [id=8924]
  0x00000258cd024420 ConcurrentGCThread "G1 Conc#1" [stack: 0x0000009598100000,0x0000009598200000] [id=11956]
  0x00000258c98471b0 ConcurrentGCThread "G1 Refine#0" [stack: 0x0000009597100000,0x0000009597200000] [id=5508]
  0x00000258d1579f60 ConcurrentGCThread "G1 Refine#1" [stack: 0x0000009599100000,0x0000009599200000] [id=11088]
  0x00000258d157b660 ConcurrentGCThread "G1 Refine#2" [stack: 0x0000009599200000,0x0000009599300000] [id=13060]
  0x00000258d1579c80 ConcurrentGCThread "G1 Refine#3" [stack: 0x0000009599300000,0x0000009599400000] [id=4912]
  0x00000258d157a800 ConcurrentGCThread "G1 Refine#4" [stack: 0x0000009599400000,0x0000009599500000] [id=9212]
  0x00000258c9847a70 ConcurrentGCThread "G1 Service" [stack: 0x0000009597200000,0x0000009597300000] [id=10860]

Threads with active compile tasks:

VM state: not at safepoint (normal execution)

VM Mutex/Monitor currently owned by a thread: None

Heap address: 0x0000000720a00000, size: 3574 MB, Compressed Oops mode: Zero based, Oop shift amount: 3

CDS archive(s) mapped at: [0x0000000800000000-0x0000000800bc0000-0x0000000800bc0000), size 12320768, SharedBaseAddress: 0x0000000800000000, ArchiveRelocationMode: 0.
Compressed class space mapped at: 0x0000000800c00000-0x0000000840c00000, reserved size: 1073741824
Narrow klass base: 0x0000000800000000, Narrow klass shift: 0, Narrow klass range: 0x100000000

GC Precious Log:
 CPUs: 8 total, 8 available
 Memory: 14293M
 Large Page Support: Disabled
 NUMA Support: Disabled
 Compressed Oops: Enabled (Zero based)
 Heap Region Size: 2M
 Heap Min Capacity: 8M
 Heap Initial Capacity: 224M
 Heap Max Capacity: 3574M
 Pre-touch: Disabled
 Parallel Workers: 8
 Concurrent Workers: 2
 Concurrent Refinement Workers: 8
 Periodic GC: Disabled

Heap:
 garbage-first heap   total 327680K, used 211894K [0x0000000720a00000, 0x0000000800000000)
  region size 2048K, 28 young (57344K), 4 survivors (8192K)
 Metaspace       used 71169K, committed 72320K, reserved 1114112K
  class space    used 9940K, committed 10432K, reserved 1048576K

Heap Regions: E=young(eden), S=young(survivor), O=old, HS=humongous(starts), HC=humongous(continues), CS=collection set, F=free, OA=open archive, CA=closed archive, TAMS=top-at-mark-start (previous, next)
|   0|0x0000000720a00000, 0x0000000720c00000, 0x0000000720c00000|100%|HS|  |TAMS 0x0000000720c00000, 0x0000000720a00000| Complete 
|   1|0x0000000720c00000, 0x0000000720e00000, 0x0000000720e00000|100%| O|  |TAMS 0x0000000720e00000, 0x0000000720c00000| Untracked 
|   2|0x0000000720e00000, 0x0000000721000000, 0x0000000721000000|100%|HS|  |TAMS 0x0000000721000000, 0x0000000720e00000| Complete 
|   3|0x0000000721000000, 0x0000000721200000, 0x0000000721200000|100%| O|  |TAMS 0x0000000721200000, 0x0000000721000000| Untracked 
|   4|0x0000000721200000, 0x0000000721400000, 0x0000000721400000|100%| O|  |TAMS 0x0000000721400000, 0x0000000721200000| Untracked 
|   5|0x0000000721400000, 0x0000000721600000, 0x0000000721600000|100%| O|  |TAMS 0x0000000721600000, 0x0000000721400000| Untracked 
|   6|0x0000000721600000, 0x0000000721800000, 0x0000000721800000|100%|HS|  |TAMS 0x0000000721800000, 0x0000000721600000| Complete 
|   7|0x0000000721800000, 0x0000000721a00000, 0x0000000721a00000|100%|HS|  |TAMS 0x0000000721a00000, 0x0000000721800000| Complete 
|   8|0x0000000721a00000, 0x0000000721c00000, 0x0000000721c00000|100%| O|  |TAMS 0x0000000721c00000, 0x0000000721a00000| Untracked 
|   9|0x0000000721c00000, 0x0000000721e00000, 0x0000000721e00000|100%| O|  |TAMS 0x0000000721e00000, 0x0000000721c00000| Untracked 
|  10|0x0000000721e00000, 0x0000000722000000, 0x0000000722000000|100%| O|  |TAMS 0x0000000722000000, 0x0000000721e00000| Untracked 
|  11|0x0000000722000000, 0x0000000722200000, 0x0000000722200000|100%| O|  |TAMS 0x0000000722200000, 0x0000000722000000| Untracked 
|  12|0x0000000722200000, 0x0000000722400000, 0x0000000722400000|100%| O|  |TAMS 0x0000000722400000, 0x0000000722200000| Untracked 
|  13|0x0000000722400000, 0x0000000722600000, 0x0000000722600000|100%| O|  |TAMS 0x0000000722600000, 0x0000000722400000| Untracked 
|  14|0x0000000722600000, 0x0000000722800000, 0x0000000722800000|100%|HS|  |TAMS 0x0000000722800000, 0x0000000722600000| Complete 
|  15|0x0000000722800000, 0x0000000722a00000, 0x0000000722a00000|100%| O|  |TAMS 0x0000000722a00000, 0x0000000722800000| Untracked 
|  16|0x0000000722a00000, 0x0000000722c00000, 0x0000000722c00000|100%| O|  |TAMS 0x0000000722c00000, 0x0000000722a00000| Untracked 
|  17|0x0000000722c00000, 0x0000000722e00000, 0x0000000722e00000|100%| O|  |TAMS 0x0000000722e00000, 0x0000000722c00000| Untracked 
|  18|0x0000000722e00000, 0x0000000723000000, 0x0000000723000000|100%| O|  |TAMS 0x0000000723000000, 0x0000000722e00000| Untracked 
|  19|0x0000000723000000, 0x0000000723200000, 0x0000000723200000|100%| O|  |TAMS 0x0000000723200000, 0x0000000723000000| Untracked 
|  20|0x0000000723200000, 0x0000000723400000, 0x0000000723400000|100%| O|  |TAMS 0x0000000723400000, 0x0000000723200000| Untracked 
|  21|0x0000000723400000, 0x0000000723400000, 0x0000000723600000|  0%| F|  |TAMS 0x0000000723400000, 0x0000000723400000| Untracked 
|  22|0x0000000723600000, 0x0000000723800000, 0x0000000723800000|100%| O|  |TAMS 0x0000000723800000, 0x0000000723600000| Untracked 
|  23|0x0000000723800000, 0x0000000723a00000, 0x0000000723a00000|100%| O|  |TAMS 0x0000000723a00000, 0x0000000723800000| Untracked 
|  24|0x0000000723a00000, 0x0000000723c00000, 0x0000000723c00000|100%| O|  |TAMS 0x0000000723c00000, 0x0000000723a00000| Untracked 
|  25|0x0000000723c00000, 0x0000000723e00000, 0x0000000723e00000|100%| O|  |TAMS 0x0000000723e00000, 0x0000000723c00000| Untracked 
|  26|0x0000000723e00000, 0x0000000724000000, 0x0000000724000000|100%| O|  |TAMS 0x0000000724000000, 0x0000000723e00000| Untracked 
|  27|0x0000000724000000, 0x0000000724200000, 0x0000000724200000|100%| O|  |TAMS 0x0000000724200000, 0x0000000724000000| Untracked 
|  28|0x0000000724200000, 0x0000000724400000, 0x0000000724400000|100%| O|  |TAMS 0x0000000724400000, 0x0000000724200000| Untracked 
|  29|0x0000000724400000, 0x0000000724600000, 0x0000000724600000|100%| O|  |TAMS 0x0000000724600000, 0x0000000724400000| Untracked 
|  30|0x0000000724600000, 0x0000000724800000, 0x0000000724800000|100%| O|  |TAMS 0x0000000724800000, 0x0000000724600000| Untracked 
|  31|0x0000000724800000, 0x0000000724a00000, 0x0000000724a00000|100%| O|  |TAMS 0x0000000724a00000, 0x0000000724800000| Untracked 
|  32|0x0000000724a00000, 0x0000000724c00000, 0x0000000724c00000|100%| O|  |TAMS 0x0000000724c00000, 0x0000000724a00000| Untracked 
|  33|0x0000000724c00000, 0x0000000724e00000, 0x0000000724e00000|100%| O|  |TAMS 0x0000000724e00000, 0x0000000724c00000| Untracked 
|  34|0x0000000724e00000, 0x0000000725000000, 0x0000000725000000|100%|HS|  |TAMS 0x0000000725000000, 0x0000000724e00000| Complete 
|  35|0x0000000725000000, 0x0000000725200000, 0x0000000725200000|100%|HC|  |TAMS 0x0000000725200000, 0x0000000725000000| Complete 
|  36|0x0000000725200000, 0x0000000725400000, 0x0000000725400000|100%|HC|  |TAMS 0x0000000725400000, 0x0000000725200000| Complete 
|  37|0x0000000725400000, 0x0000000725600000, 0x0000000725600000|100%|HC|  |TAMS 0x0000000725600000, 0x0000000725400000| Complete 
|  38|0x0000000725600000, 0x0000000725800000, 0x0000000725800000|100%|HC|  |TAMS 0x0000000725800000, 0x0000000725600000| Complete 
|  39|0x0000000725800000, 0x0000000725a00000, 0x0000000725a00000|100%|HC|  |TAMS 0x0000000725a00000, 0x0000000725800000| Complete 
|  40|0x0000000725a00000, 0x0000000725c00000, 0x0000000725c00000|100%| O|  |TAMS 0x0000000725c00000, 0x0000000725a00000| Complete 
|  41|0x0000000725c00000, 0x0000000725e00000, 0x0000000725e00000|100%| O|  |TAMS 0x0000000725e00000, 0x0000000725c00000| Untracked 
|  42|0x0000000725e00000, 0x0000000726000000, 0x0000000726000000|100%| O|  |TAMS 0x0000000726000000, 0x0000000725e00000| Untracked 
|  43|0x0000000726000000, 0x0000000726200000, 0x0000000726200000|100%| O|  |TAMS 0x0000000726200000, 0x0000000726000000| Untracked 
|  44|0x0000000726200000, 0x0000000726400000, 0x0000000726400000|100%| O|  |TAMS 0x0000000726400000, 0x0000000726200000| Untracked 
|  45|0x0000000726400000, 0x0000000726600000, 0x0000000726600000|100%| O|  |TAMS 0x0000000726600000, 0x0000000726400000| Untracked 
|  46|0x0000000726600000, 0x0000000726800000, 0x0000000726800000|100%| O|  |TAMS 0x0000000726800000, 0x0000000726600000| Untracked 
|  47|0x0000000726800000, 0x0000000726a00000, 0x0000000726a00000|100%| O|  |TAMS 0x0000000726a00000, 0x0000000726800000| Untracked 
|  48|0x0000000726a00000, 0x0000000726c00000, 0x0000000726c00000|100%| O|  |TAMS 0x0000000726c00000, 0x0000000726a00000| Untracked 
|  49|0x0000000726c00000, 0x0000000726e00000, 0x0000000726e00000|100%| O|  |TAMS 0x0000000726e00000, 0x0000000726c00000| Untracked 
|  50|0x0000000726e00000, 0x0000000727000000, 0x0000000727000000|100%| O|  |TAMS 0x0000000727000000, 0x0000000726e00000| Untracked 
|  51|0x0000000727000000, 0x0000000727200000, 0x0000000727200000|100%| O|  |TAMS 0x0000000727200000, 0x0000000727000000| Untracked 
|  52|0x0000000727200000, 0x0000000727400000, 0x0000000727400000|100%| O|  |TAMS 0x0000000727400000, 0x0000000727200000| Untracked 
|  53|0x0000000727400000, 0x0000000727600000, 0x0000000727600000|100%| O|  |TAMS 0x0000000727600000, 0x0000000727400000| Untracked 
|  54|0x0000000727600000, 0x0000000727800000, 0x0000000727800000|100%| O|  |TAMS 0x0000000727800000, 0x0000000727600000| Untracked 
|  55|0x0000000727800000, 0x0000000727a00000, 0x0000000727a00000|100%| O|  |TAMS 0x0000000727a00000, 0x0000000727800000| Untracked 
|  56|0x0000000727a00000, 0x0000000727c00000, 0x0000000727c00000|100%| O|  |TAMS 0x0000000727c00000, 0x0000000727a00000| Untracked 
|  57|0x0000000727c00000, 0x0000000727e00000, 0x0000000727e00000|100%| O|  |TAMS 0x0000000727e00000, 0x0000000727c00000| Untracked 
|  58|0x0000000727e00000, 0x0000000728000000, 0x0000000728000000|100%| O|  |TAMS 0x0000000728000000, 0x0000000727e00000| Untracked 
|  59|0x0000000728000000, 0x0000000728200000, 0x0000000728200000|100%| O|  |TAMS 0x0000000728200000, 0x0000000728000000| Untracked 
|  60|0x0000000728200000, 0x0000000728400000, 0x0000000728400000|100%| O|  |TAMS 0x0000000728400000, 0x0000000728200000| Untracked 
|  61|0x0000000728400000, 0x0000000728600000, 0x0000000728600000|100%| O|  |TAMS 0x0000000728600000, 0x0000000728400000| Untracked 
|  62|0x0000000728600000, 0x0000000728800000, 0x0000000728800000|100%| O|  |TAMS 0x0000000728800000, 0x0000000728600000| Untracked 
|  63|0x0000000728800000, 0x0000000728a00000, 0x0000000728a00000|100%| O|  |TAMS 0x0000000728a00000, 0x0000000728800000| Untracked 
|  64|0x0000000728a00000, 0x0000000728c00000, 0x0000000728c00000|100%| O|  |TAMS 0x0000000728c00000, 0x0000000728a00000| Untracked 
|  65|0x0000000728c00000, 0x0000000728e00000, 0x0000000728e00000|100%| O|  |TAMS 0x0000000728e00000, 0x0000000728c00000| Untracked 
|  66|0x0000000728e00000, 0x0000000729000000, 0x0000000729000000|100%| O|  |TAMS 0x0000000729000000, 0x0000000728e00000| Untracked 
|  67|0x0000000729000000, 0x0000000729200000, 0x0000000729200000|100%| O|  |TAMS 0x0000000729200000, 0x0000000729000000| Untracked 
|  68|0x0000000729200000, 0x0000000729400000, 0x0000000729400000|100%| O|  |TAMS 0x0000000729400000, 0x0000000729200000| Untracked 
|  69|0x0000000729400000, 0x0000000729600000, 0x0000000729600000|100%| O|  |TAMS 0x0000000729600000, 0x0000000729400000| Untracked 
|  70|0x0000000729600000, 0x0000000729800000, 0x0000000729800000|100%| O|  |TAMS 0x0000000729800000, 0x0000000729600000| Untracked 
|  71|0x0000000729800000, 0x0000000729a00000, 0x0000000729a00000|100%| O|  |TAMS 0x0000000729a00000, 0x0000000729800000| Untracked 
|  72|0x0000000729a00000, 0x0000000729c00000, 0x0000000729c00000|100%| O|  |TAMS 0x0000000729c00000, 0x0000000729a00000| Untracked 
|  73|0x0000000729c00000, 0x0000000729e00000, 0x0000000729e00000|100%| O|  |TAMS 0x0000000729e00000, 0x0000000729c00000| Untracked 
|  74|0x0000000729e00000, 0x000000072a000000, 0x000000072a000000|100%| O|  |TAMS 0x000000072a000000, 0x0000000729e00000| Untracked 
|  75|0x000000072a000000, 0x000000072a200000, 0x000000072a200000|100%| O|  |TAMS 0x000000072a200000, 0x000000072a000000| Untracked 
|  76|0x000000072a200000, 0x000000072a400000, 0x000000072a400000|100%| O|  |TAMS 0x000000072a400000, 0x000000072a200000| Untracked 
|  77|0x000000072a400000, 0x000000072a586a00, 0x000000072a600000| 76%| O|  |TAMS 0x000000072a586a00, 0x000000072a400000| Untracked 
|  78|0x000000072a600000, 0x000000072a600000, 0x000000072a800000|  0%| F|  |TAMS 0x000000072a600000, 0x000000072a600000| Untracked 
|  79|0x000000072a800000, 0x000000072a800000, 0x000000072aa00000|  0%| F|  |TAMS 0x000000072a800000, 0x000000072a800000| Untracked 
|  80|0x000000072aa00000, 0x000000072aa00000, 0x000000072ac00000|  0%| F|  |TAMS 0x000000072aa00000, 0x000000072aa00000| Untracked 
|  81|0x000000072ac00000, 0x000000072ac00000, 0x000000072ae00000|  0%| F|  |TAMS 0x000000072ac00000, 0x000000072ac00000| Untracked 
|  82|0x000000072ae00000, 0x000000072ae00000, 0x000000072b000000|  0%| F|  |TAMS 0x000000072ae00000, 0x000000072ae00000| Untracked 
|  83|0x000000072b000000, 0x000000072b000000, 0x000000072b200000|  0%| F|  |TAMS 0x000000072b000000, 0x000000072b000000| Untracked 
|  84|0x000000072b200000, 0x000000072b200000, 0x000000072b400000|  0%| F|  |TAMS 0x000000072b200000, 0x000000072b200000| Untracked 
|  85|0x000000072b400000, 0x000000072b400000, 0x000000072b600000|  0%| F|  |TAMS 0x000000072b400000, 0x000000072b400000| Untracked 
|  86|0x000000072b600000, 0x000000072b600000, 0x000000072b800000|  0%| F|  |TAMS 0x000000072b600000, 0x000000072b600000| Untracked 
|  87|0x000000072b800000, 0x000000072b800000, 0x000000072ba00000|  0%| F|  |TAMS 0x000000072b800000, 0x000000072b800000| Untracked 
|  88|0x000000072ba00000, 0x000000072ba00000, 0x000000072bc00000|  0%| F|  |TAMS 0x000000072ba00000, 0x000000072ba00000| Untracked 
|  89|0x000000072bc00000, 0x000000072bc00000, 0x000000072be00000|  0%| F|  |TAMS 0x000000072bc00000, 0x000000072bc00000| Untracked 
|  90|0x000000072be00000, 0x000000072be00000, 0x000000072c000000|  0%| F|  |TAMS 0x000000072be00000, 0x000000072be00000| Untracked 
|  91|0x000000072c000000, 0x000000072c000000, 0x000000072c200000|  0%| F|  |TAMS 0x000000072c000000, 0x000000072c000000| Untracked 
|  92|0x000000072c200000, 0x000000072c200000, 0x000000072c400000|  0%| F|  |TAMS 0x000000072c200000, 0x000000072c200000| Untracked 
|  93|0x000000072c400000, 0x000000072c400000, 0x000000072c600000|  0%| F|  |TAMS 0x000000072c400000, 0x000000072c400000| Untracked 
|  94|0x000000072c600000, 0x000000072c600000, 0x000000072c800000|  0%| F|  |TAMS 0x000000072c600000, 0x000000072c600000| Untracked 
|  95|0x000000072c800000, 0x000000072c800000, 0x000000072ca00000|  0%| F|  |TAMS 0x000000072c800000, 0x000000072c800000| Untracked 
|  96|0x000000072ca00000, 0x000000072ca00000, 0x000000072cc00000|  0%| F|  |TAMS 0x000000072ca00000, 0x000000072ca00000| Untracked 
|  97|0x000000072cc00000, 0x000000072cc00000, 0x000000072ce00000|  0%| F|  |TAMS 0x000000072cc00000, 0x000000072cc00000| Untracked 
|  98|0x000000072ce00000, 0x000000072ce00000, 0x000000072d000000|  0%| F|  |TAMS 0x000000072ce00000, 0x000000072ce00000| Untracked 
|  99|0x000000072d000000, 0x000000072d000000, 0x000000072d200000|  0%| F|  |TAMS 0x000000072d000000, 0x000000072d000000| Untracked 
| 100|0x000000072d200000, 0x000000072d200000, 0x000000072d400000|  0%| F|  |TAMS 0x000000072d200000, 0x000000072d200000| Untracked 
| 101|0x000000072d400000, 0x000000072d400000, 0x000000072d600000|  0%| F|  |TAMS 0x000000072d400000, 0x000000072d400000| Untracked 
| 102|0x000000072d600000, 0x000000072d600000, 0x000000072d800000|  0%| F|  |TAMS 0x000000072d600000, 0x000000072d600000| Untracked 
| 103|0x000000072d800000, 0x000000072d967058, 0x000000072da00000| 70%| S|CS|TAMS 0x000000072d800000, 0x000000072d800000| Complete 
| 104|0x000000072da00000, 0x000000072dc00000, 0x000000072dc00000|100%| S|CS|TAMS 0x000000072da00000, 0x000000072da00000| Complete 
| 105|0x000000072dc00000, 0x000000072de00000, 0x000000072de00000|100%| S|CS|TAMS 0x000000072dc00000, 0x000000072dc00000| Complete 
| 106|0x000000072de00000, 0x000000072e000000, 0x000000072e000000|100%| S|CS|TAMS 0x000000072de00000, 0x000000072de00000| Complete 
| 107|0x000000072e000000, 0x000000072e000000, 0x000000072e200000|  0%| F|  |TAMS 0x000000072e000000, 0x000000072e000000| Untracked 
| 108|0x000000072e200000, 0x000000072e200000, 0x000000072e400000|  0%| F|  |TAMS 0x000000072e200000, 0x000000072e200000| Untracked 
| 109|0x000000072e400000, 0x000000072e400000, 0x000000072e600000|  0%| F|  |TAMS 0x000000072e400000, 0x000000072e400000| Untracked 
| 110|0x000000072e600000, 0x000000072e600000, 0x000000072e800000|  0%| F|  |TAMS 0x000000072e600000, 0x000000072e600000| Untracked 
| 111|0x000000072e800000, 0x000000072e800000, 0x000000072ea00000|  0%| F|  |TAMS 0x000000072e800000, 0x000000072e800000| Untracked 
| 112|0x000000072ea00000, 0x000000072ea00000, 0x000000072ec00000|  0%| F|  |TAMS 0x000000072ea00000, 0x000000072ea00000| Untracked 
| 113|0x000000072ec00000, 0x000000072ec00000, 0x000000072ee00000|  0%| F|  |TAMS 0x000000072ec00000, 0x000000072ec00000| Untracked 
| 114|0x000000072ee00000, 0x000000072ee00000, 0x000000072f000000|  0%| F|  |TAMS 0x000000072ee00000, 0x000000072ee00000| Untracked 
| 115|0x000000072f000000, 0x000000072f000000, 0x000000072f200000|  0%| F|  |TAMS 0x000000072f000000, 0x000000072f000000| Untracked 
| 116|0x000000072f200000, 0x000000072f200000, 0x000000072f400000|  0%| F|  |TAMS 0x000000072f200000, 0x000000072f200000| Untracked 
| 117|0x000000072f400000, 0x000000072f400000, 0x000000072f600000|  0%| F|  |TAMS 0x000000072f400000, 0x000000072f400000| Untracked 
| 118|0x000000072f600000, 0x000000072f600000, 0x000000072f800000|  0%| F|  |TAMS 0x000000072f600000, 0x000000072f600000| Untracked 
| 119|0x000000072f800000, 0x000000072f800000, 0x000000072fa00000|  0%| F|  |TAMS 0x000000072f800000, 0x000000072f800000| Untracked 
| 120|0x000000072fa00000, 0x000000072fa00000, 0x000000072fc00000|  0%| F|  |TAMS 0x000000072fa00000, 0x000000072fa00000| Untracked 
| 121|0x000000072fc00000, 0x000000072fc00000, 0x000000072fe00000|  0%| F|  |TAMS 0x000000072fc00000, 0x000000072fc00000| Untracked 
| 122|0x000000072fe00000, 0x000000072fe00000, 0x0000000730000000|  0%| F|  |TAMS 0x000000072fe00000, 0x000000072fe00000| Untracked 
| 123|0x0000000730000000, 0x0000000730000000, 0x0000000730200000|  0%| F|  |TAMS 0x0000000730000000, 0x0000000730000000| Untracked 
| 124|0x0000000730200000, 0x0000000730200000, 0x0000000730400000|  0%| F|  |TAMS 0x0000000730200000, 0x0000000730200000| Untracked 
| 125|0x0000000730400000, 0x0000000730400000, 0x0000000730600000|  0%| F|  |TAMS 0x0000000730400000, 0x0000000730400000| Untracked 
| 126|0x0000000730600000, 0x0000000730600000, 0x0000000730800000|  0%| F|  |TAMS 0x0000000730600000, 0x0000000730600000| Untracked 
| 127|0x0000000730800000, 0x0000000730800000, 0x0000000730a00000|  0%| F|  |TAMS 0x0000000730800000, 0x0000000730800000| Untracked 
| 128|0x0000000730a00000, 0x0000000730a00000, 0x0000000730c00000|  0%| F|  |TAMS 0x0000000730a00000, 0x0000000730a00000| Untracked 
| 129|0x0000000730c00000, 0x0000000730c00000, 0x0000000730e00000|  0%| F|  |TAMS 0x0000000730c00000, 0x0000000730c00000| Untracked 
| 130|0x0000000730e00000, 0x0000000730e00000, 0x0000000731000000|  0%| F|  |TAMS 0x0000000730e00000, 0x0000000730e00000| Untracked 
| 131|0x0000000731000000, 0x0000000731000000, 0x0000000731200000|  0%| F|  |TAMS 0x0000000731000000, 0x0000000731000000| Untracked 
| 132|0x0000000731200000, 0x0000000731200000, 0x0000000731400000|  0%| F|  |TAMS 0x0000000731200000, 0x0000000731200000| Untracked 
| 133|0x0000000731400000, 0x0000000731400000, 0x0000000731600000|  0%| F|  |TAMS 0x0000000731400000, 0x0000000731400000| Untracked 
| 134|0x0000000731600000, 0x0000000731600000, 0x0000000731800000|  0%| F|  |TAMS 0x0000000731600000, 0x0000000731600000| Untracked 
| 135|0x0000000731800000, 0x0000000731800000, 0x0000000731a00000|  0%| F|  |TAMS 0x0000000731800000, 0x0000000731800000| Untracked 
| 136|0x0000000731a00000, 0x0000000731a05148, 0x0000000731c00000|  0%| E|  |TAMS 0x0000000731a00000, 0x0000000731a00000| Complete 
| 137|0x0000000731c00000, 0x0000000731e00000, 0x0000000731e00000|100%| E|CS|TAMS 0x0000000731c00000, 0x0000000731c00000| Complete 
| 138|0x0000000731e00000, 0x0000000732000000, 0x0000000732000000|100%| E|CS|TAMS 0x0000000731e00000, 0x0000000731e00000| Complete 
| 139|0x0000000732000000, 0x0000000732200000, 0x0000000732200000|100%| E|CS|TAMS 0x0000000732000000, 0x0000000732000000| Complete 
| 140|0x0000000732200000, 0x0000000732400000, 0x0000000732400000|100%| E|CS|TAMS 0x0000000732200000, 0x0000000732200000| Complete 
| 141|0x0000000732400000, 0x0000000732600000, 0x0000000732600000|100%| E|CS|TAMS 0x0000000732400000, 0x0000000732400000| Complete 
| 142|0x0000000732600000, 0x0000000732800000, 0x0000000732800000|100%| E|CS|TAMS 0x0000000732600000, 0x0000000732600000| Complete 
| 143|0x0000000732800000, 0x0000000732a00000, 0x0000000732a00000|100%| E|CS|TAMS 0x0000000732800000, 0x0000000732800000| Complete 
| 144|0x0000000732a00000, 0x0000000732c00000, 0x0000000732c00000|100%| E|CS|TAMS 0x0000000732a00000, 0x0000000732a00000| Complete 
| 145|0x0000000732c00000, 0x0000000732e00000, 0x0000000732e00000|100%| E|CS|TAMS 0x0000000732c00000, 0x0000000732c00000| Complete 
| 146|0x0000000732e00000, 0x0000000733000000, 0x0000000733000000|100%| E|CS|TAMS 0x0000000732e00000, 0x0000000732e00000| Complete 
| 147|0x0000000733000000, 0x0000000733200000, 0x0000000733200000|100%| E|CS|TAMS 0x0000000733000000, 0x0000000733000000| Complete 
| 148|0x0000000733200000, 0x0000000733400000, 0x0000000733400000|100%| E|CS|TAMS 0x0000000733200000, 0x0000000733200000| Complete 
| 149|0x0000000733400000, 0x0000000733600000, 0x0000000733600000|100%| E|CS|TAMS 0x0000000733400000, 0x0000000733400000| Complete 
| 150|0x0000000733600000, 0x0000000733800000, 0x0000000733800000|100%| E|CS|TAMS 0x0000000733600000, 0x0000000733600000| Complete 
| 151|0x0000000733800000, 0x0000000733a00000, 0x0000000733a00000|100%| E|CS|TAMS 0x0000000733800000, 0x0000000733800000| Complete 
| 152|0x0000000733a00000, 0x0000000733c00000, 0x0000000733c00000|100%| E|CS|TAMS 0x0000000733a00000, 0x0000000733a00000| Complete 
| 153|0x0000000733c00000, 0x0000000733e00000, 0x0000000733e00000|100%| E|CS|TAMS 0x0000000733c00000, 0x0000000733c00000| Complete 
| 154|0x0000000733e00000, 0x0000000734000000, 0x0000000734000000|100%| E|CS|TAMS 0x0000000733e00000, 0x0000000733e00000| Complete 
| 155|0x0000000734000000, 0x0000000734200000, 0x0000000734200000|100%| E|CS|TAMS 0x0000000734000000, 0x0000000734000000| Complete 
| 156|0x0000000734200000, 0x0000000734400000, 0x0000000734400000|100%| E|CS|TAMS 0x0000000734200000, 0x0000000734200000| Complete 
| 157|0x0000000734400000, 0x0000000734600000, 0x0000000734600000|100%| E|CS|TAMS 0x0000000734400000, 0x0000000734400000| Complete 
| 158|0x0000000734600000, 0x0000000734800000, 0x0000000734800000|100%| E|CS|TAMS 0x0000000734600000, 0x0000000734600000| Complete 
| 159|0x0000000734800000, 0x0000000734a00000, 0x0000000734a00000|100%| E|CS|TAMS 0x0000000734800000, 0x0000000734800000| Complete 

Card table byte_map: [0x00000258bf0f0000,0x00000258bf7f0000] _byte_map_base: 0x00000258bb7eb000

Marking Bits (Prev, Next): (CMBitMap*) 0x00000258a5d42450, (CMBitMap*) 0x00000258a5d42410
 Prev Bits: [0x00000258c36d0000, 0x00000258c6ea8000)
 Next Bits: [0x00000258bfef0000, 0x00000258c36c8000)

Polling page: 0x00000258aef50000

Metaspace:

Usage:
  Non-class:     59.79 MB used.
      Class:      9.71 MB used.
       Both:     69.50 MB used.

Virtual space:
  Non-class space:       64.00 MB reserved,      60.44 MB ( 94%) committed,  8 nodes.
      Class space:        1.00 GB reserved,      10.19 MB ( <1%) committed,  1 nodes.
             Both:        1.06 GB reserved,      70.62 MB (  6%) committed. 

Chunk freelists:
   Non-Class:  3.16 MB
       Class:  1.84 MB
        Both:  5.00 MB

MaxMetaspaceSize: unlimited
CompressedClassSpaceSize: 1.00 GB
Initial GC threshold: 21.00 MB
Current GC threshold: 114.19 MB
CDS: on
MetaspaceReclaimPolicy: balanced
 - commit_granule_bytes: 65536.
 - commit_granule_words: 8192.
 - virtual_space_node_default_size: 1048576.
 - enlarge_chunks_in_place: 1.
 - new_chunks_are_fully_committed: 0.
 - uncommit_free_chunks: 1.
 - use_allocation_guard: 0.
 - handle_deallocations: 1.


Internal statistics:

num_allocs_failed_limit: 6.
num_arena_births: 1726.
num_arena_deaths: 0.
num_vsnodes_births: 9.
num_vsnodes_deaths: 0.
num_space_committed: 1127.
num_space_uncommitted: 0.
num_chunks_returned_to_freelist: 6.
num_chunks_taken_from_freelist: 4625.
num_chunk_merges: 6.
num_chunk_splits: 3023.
num_chunks_enlarged: 2074.
num_purges: 0.
num_inconsistent_stats: 0.

CodeHeap 'non-profiled nmethods': size=120000Kb used=6121Kb max_used=6525Kb free=113879Kb
 bounds [0x00000258b6a40000, 0x00000258b70a0000, 0x00000258bdf70000]
CodeHeap 'profiled nmethods': size=120000Kb used=9941Kb max_used=12705Kb free=110058Kb
 bounds [0x00000258aef70000, 0x00000258afbe0000, 0x00000258b64a0000]
CodeHeap 'non-nmethods': size=5760Kb used=1951Kb max_used=2006Kb free=3808Kb
 bounds [0x00000258b64a0000, 0x00000258b6710000, 0x00000258b6a40000]
 total_blobs=8191 nmethods=6713 adapters=1390
 compilation: enabled
              stopped_count=0, restarted_count=0
 full_count=0

Compilation events (20 events):
Event: 35.420 Thread 0x00000258c99b9720 9768       1       org.lwjgl.system.Pointer$Default::address (5 bytes)
Event: 35.420 Thread 0x00000258c99b9720 nmethod 9768 0x00000258b7097e90 code [0x00000258b7098020, 0x00000258b70980f8]
Event: 35.448 Thread 0x00000258ca5119b0 nmethod 9685 0x00000258b7098190 code [0x00000258b70985e0, 0x00000258b709c4e0]
Event: 35.461 Thread 0x00000258ca5119b0 9763       4       java.util.concurrent.locks.ReentrantReadWriteLock$ReadLock::lock (9 bytes)
Event: 35.466 Thread 0x00000258ca5119b0 nmethod 9763 0x00000258b6b70710 code [0x00000258b6b708a0, 0x00000258b6b70968]
Event: 35.466 Thread 0x00000258ca5119b0 9756       4       org.objectweb.asm.tree.LdcInsnNode::accept (14 bytes)
Event: 35.473 Thread 0x00000258ca5119b0 nmethod 9756 0x00000258b6e47f90 code [0x00000258b6e48120, 0x00000258b6e48248]
Event: 35.474 Thread 0x00000258ca5119b0 9752       4       java.lang.StringLatin1::getChars (12 bytes)
Event: 35.480 Thread 0x00000258ca5119b0 nmethod 9752 0x00000258b6b8cc10 code [0x00000258b6b8cd80, 0x00000258b6b8cef8]
Event: 35.480 Thread 0x00000258ca5119b0 9751       4       java.lang.String::getChars (54 bytes)
Event: 35.487 Thread 0x00000258ca5119b0 nmethod 9751 0x00000258b6b92b10 code [0x00000258b6b92ca0, 0x00000258b6b92ff8]
Event: 35.509 Thread 0x00000258c99b9720 9769       3       java.util.concurrent.ConcurrentHashMap::isEmpty (15 bytes)
Event: 35.510 Thread 0x00000258c99b9720 nmethod 9769 0x00000258aefac890 code [0x00000258aefaca40, 0x00000258aefacbe8]
Event: 35.524 Thread 0x00000258c99b8e20 nmethod 9749 0x00000258b6ae3510 code [0x00000258b6ae3880, 0x00000258b6ae5800]
Event: 35.550 Thread 0x00000258c99b9720 9773       3       sun.misc.Unsafe::getInt (9 bytes)
Event: 35.550 Thread 0x00000258c99b9720 nmethod 9773 0x00000258aef90d10 code [0x00000258aef90ea0, 0x00000258aef90fb8]
Event: 35.551 Thread 0x00000258c99b9720 9774       3       org.lwjgl.system.CustomBuffer::address (19 bytes)
Event: 35.551 Thread 0x00000258c99b9720 nmethod 9774 0x00000258aef84890 code [0x00000258aef84a40, 0x00000258aef84ca8]
Event: 35.552 Thread 0x00000258ca5119b0 9775       4       java.net.URL::equals (27 bytes)
Event: 35.557 Thread 0x00000258ca5119b0 nmethod 9775 0x00000258b6dfe510 code [0x00000258b6dfe6a0, 0x00000258b6dfe948]

GC Heap History (20 events):
Event: 22.128 GC heap before
{Heap before GC invocations=18 (full 0):
 garbage-first heap   total 245760K, used 205323K [0x0000000720a00000, 0x0000000800000000)
  region size 2048K, 61 young (124928K), 6 survivors (12288K)
 Metaspace       used 41562K, committed 42560K, reserved 1089536K
  class space    used 5359K, committed 5824K, reserved 1048576K
}
Event: 22.146 GC heap after
{Heap after GC invocations=19 (full 0):
 garbage-first heap   total 245760K, used 98201K [0x0000000720a00000, 0x0000000800000000)
  region size 2048K, 7 young (14336K), 7 survivors (14336K)
 Metaspace       used 41562K, committed 42560K, reserved 1089536K
  class space    used 5359K, committed 5824K, reserved 1048576K
}
Event: 22.944 GC heap before
{Heap before GC invocations=19 (full 0):
 garbage-first heap   total 245760K, used 204697K [0x0000000720a00000, 0x0000000800000000)
  region size 2048K, 59 young (120832K), 7 survivors (14336K)
 Metaspace       used 42871K, committed 43776K, reserved 1089536K
  class space    used 5530K, committed 5952K, reserved 1048576K
}
Event: 22.969 GC heap after
{Heap after GC invocations=20 (full 0):
 garbage-first heap   total 245760K, used 108185K [0x0000000720a00000, 0x0000000800000000)
  region size 2048K, 8 young (16384K), 8 survivors (16384K)
 Metaspace       used 42871K, committed 43776K, reserved 1089536K
  class space    used 5530K, committed 5952K, reserved 1048576K
}
Event: 23.322 GC heap before
{Heap before GC invocations=20 (full 0):
 garbage-first heap   total 245760K, used 200345K [0x0000000720a00000, 0x0000000800000000)
  region size 2048K, 53 young (108544K), 8 survivors (16384K)
 Metaspace       used 43150K, committed 44096K, reserved 1089536K
  class space    used 5568K, committed 6016K, reserved 1048576K
}
Event: 23.348 GC heap after
{Heap after GC invocations=21 (full 0):
 garbage-first heap   total 245760K, used 119634K [0x0000000720a00000, 0x0000000800000000)
  region size 2048K, 6 young (12288K), 6 survivors (12288K)
 Metaspace       used 43150K, committed 44096K, reserved 1089536K
  class space    used 5568K, committed 6016K, reserved 1048576K
}
Event: 23.782 GC heap before
{Heap before GC invocations=21 (full 0):
 garbage-first heap   total 245760K, used 199506K [0x0000000720a00000, 0x0000000800000000)
  region size 2048K, 45 young (92160K), 6 survivors (12288K)
 Metaspace       used 43902K, committed 44864K, reserved 1089536K
  class space    used 5647K, committed 6080K, reserved 1048576K
}
Event: 23.797 GC heap after
{Heap after GC invocations=22 (full 0):
 garbage-first heap   total 245760K, used 128506K [0x0000000720a00000, 0x0000000800000000)
  region size 2048K, 5 young (10240K), 5 survivors (10240K)
 Metaspace       used 43902K, committed 44864K, reserved 1089536K
  class space    used 5647K, committed 6080K, reserved 1048576K
}
Event: 25.144 GC heap before
{Heap before GC invocations=22 (full 0):
 garbage-first heap   total 245760K, used 200186K [0x0000000720a00000, 0x0000000800000000)
  region size 2048K, 40 young (81920K), 5 survivors (10240K)
 Metaspace       used 47219K, committed 48192K, reserved 1097728K
  class space    used 6095K, committed 6528K, reserved 1048576K
}
Event: 25.156 GC heap after
{Heap after GC invocations=23 (full 0):
 garbage-first heap   total 245760K, used 132829K [0x0000000720a00000, 0x0000000800000000)
  region size 2048K, 3 young (6144K), 3 survivors (6144K)
 Metaspace       used 47219K, committed 48192K, reserved 1097728K
  class space    used 6095K, committed 6528K, reserved 1048576K
}
Event: 27.248 GC heap before
{Heap before GC invocations=24 (full 0):
 garbage-first heap   total 245760K, used 200413K [0x0000000720a00000, 0x0000000800000000)
  region size 2048K, 36 young (73728K), 3 survivors (6144K)
 Metaspace       used 50490K, committed 51520K, reserved 1097728K
  class space    used 6582K, committed 7040K, reserved 1048576K
}
Event: 27.268 GC heap after
{Heap after GC invocations=25 (full 0):
 garbage-first heap   total 245760K, used 151169K [0x0000000720a00000, 0x0000000800000000)
  region size 2048K, 5 young (10240K), 5 survivors (10240K)
 Metaspace       used 50490K, committed 51520K, reserved 1097728K
  class space    used 6582K, committed 7040K, reserved 1048576K
}
Event: 28.454 GC heap before
{Heap before GC invocations=25 (full 0):
 garbage-first heap   total 245760K, used 194177K [0x0000000720a00000, 0x0000000800000000)
  region size 2048K, 26 young (53248K), 5 survivors (10240K)
 Metaspace       used 54758K, committed 55744K, reserved 1097728K
  class space    used 7437K, committed 7872K, reserved 1048576K
}
Event: 28.469 GC heap after
{Heap after GC invocations=26 (full 0):
 garbage-first heap   total 327680K, used 153736K [0x0000000720a00000, 0x0000000800000000)
  region size 2048K, 1 young (2048K), 1 survivors (2048K)
 Metaspace       used 54758K, committed 55744K, reserved 1097728K
  class space    used 7437K, committed 7872K, reserved 1048576K
}
Event: 31.538 GC heap before
{Heap before GC invocations=27 (full 0):
 garbage-first heap   total 327680K, used 260232K [0x0000000720a00000, 0x0000000800000000)
  region size 2048K, 53 young (108544K), 1 survivors (2048K)
 Metaspace       used 61572K, committed 62720K, reserved 1105920K
  class space    used 8517K, committed 9024K, reserved 1048576K
}
Event: 31.545 GC heap after
{Heap after GC invocations=28 (full 0):
 garbage-first heap   total 327680K, used 157891K [0x0000000720a00000, 0x0000000800000000)
  region size 2048K, 3 young (6144K), 3 survivors (6144K)
 Metaspace       used 61572K, committed 62720K, reserved 1105920K
  class space    used 8517K, committed 9024K, reserved 1048576K
}
Event: 31.635 GC heap before
{Heap before GC invocations=28 (full 0):
 garbage-first heap   total 327680K, used 168131K [0x0000000720a00000, 0x0000000800000000)
  region size 2048K, 8 young (16384K), 3 survivors (6144K)
 Metaspace       used 61602K, committed 62720K, reserved 1105920K
  class space    used 8522K, committed 9024K, reserved 1048576K
}
Event: 31.640 GC heap after
{Heap after GC invocations=29 (full 0):
 garbage-first heap   total 327680K, used 158160K [0x0000000720a00000, 0x0000000800000000)
  region size 2048K, 1 young (2048K), 1 survivors (2048K)
 Metaspace       used 61602K, committed 62720K, reserved 1105920K
  class space    used 8522K, committed 9024K, reserved 1048576K
}
Event: 33.943 GC heap before
{Heap before GC invocations=29 (full 0):
 garbage-first heap   total 327680K, used 264656K [0x0000000720a00000, 0x0000000800000000)
  region size 2048K, 53 young (108544K), 1 survivors (2048K)
 Metaspace       used 68821K, committed 69952K, reserved 1114112K
  class space    used 9489K, committed 9984K, reserved 1048576K
}
Event: 33.951 GC heap after
{Heap after GC invocations=30 (full 0):
 garbage-first heap   total 327680K, used 164790K [0x0000000720a00000, 0x0000000800000000)
  region size 2048K, 4 young (8192K), 4 survivors (8192K)
 Metaspace       used 68821K, committed 69952K, reserved 1114112K
  class space    used 9489K, committed 9984K, reserved 1048576K
}

Dll operation events (11 events):
Event: 0.015 Loaded shared library C:\Users\yangj\.mcreator\gradle\jdks\adoptium-17-x64-hotspot-windows\jdk-17.0.6+10\bin\java.dll
Event: 0.035 Loaded shared library C:\Users\yangj\.mcreator\gradle\jdks\adoptium-17-x64-hotspot-windows\jdk-17.0.6+10\bin\jsvml.dll
Event: 0.245 Loaded shared library C:\Users\yangj\.mcreator\gradle\jdks\adoptium-17-x64-hotspot-windows\jdk-17.0.6+10\bin\net.dll
Event: 0.249 Loaded shared library C:\Users\yangj\.mcreator\gradle\jdks\adoptium-17-x64-hotspot-windows\jdk-17.0.6+10\bin\nio.dll
Event: 0.256 Loaded shared library C:\Users\yangj\.mcreator\gradle\jdks\adoptium-17-x64-hotspot-windows\jdk-17.0.6+10\bin\zip.dll
Event: 0.385 Loaded shared library C:\Users\yangj\.mcreator\gradle\jdks\adoptium-17-x64-hotspot-windows\jdk-17.0.6+10\bin\jimage.dll
Event: 1.230 Loaded shared library C:\Users\yangj\.mcreator\gradle\jdks\adoptium-17-x64-hotspot-windows\jdk-17.0.6+10\bin\verify.dll
Event: 5.199 Loaded shared library C:\Users\yangj\.mcreator\gradle\jdks\adoptium-17-x64-hotspot-windows\jdk-17.0.6+10\bin\management.dll
Event: 5.233 Loaded shared library C:\Users\yangj\.mcreator\gradle\jdks\adoptium-17-x64-hotspot-windows\jdk-17.0.6+10\bin\management_ext.dll
Event: 16.962 Loaded shared library C:\Users\yangj\AppData\Local\Temp\jna-114744777\jna10608104188809903094.dll
Event: 33.449 Loaded shared library C:\Users\yangj\AppData\Local\Temp\lwjglyangj\3.3.1-build-7\lwjgl.dll

Deoptimization events (20 events):
Event: 35.268 Thread 0x00000258a5ce0830 DEOPT PACKING pc=0x00000258b6fc080c sp=0x0000009596dfd450
Event: 35.268 Thread 0x00000258a5ce0830 DEOPT UNPACKING pc=0x00000258b64f69a3 sp=0x0000009596dfd438 mode 2
Event: 35.325 Thread 0x00000258a5ce0830 Uncommon trap: trap_request=0xffffffc6 fr.pc=0x00000258b6fc080c relative=0x0000000000000f0c
Event: 35.325 Thread 0x00000258a5ce0830 Uncommon trap: reason=bimorphic_or_optimized_type_check action=maybe_recompile pc=0x00000258b6fc080c method=com.mojang.datafixers.util.Either$Left.map(Ljava/util/function/Function;Ljava/util/function/Function;)Ljava/lang/Object; @ 5 c2
Event: 35.325 Thread 0x00000258a5ce0830 DEOPT PACKING pc=0x00000258b6fc080c sp=0x0000009596dfd0e0
Event: 35.325 Thread 0x00000258a5ce0830 DEOPT UNPACKING pc=0x00000258b64f69a3 sp=0x0000009596dfd0c8 mode 2
Event: 35.341 Thread 0x00000258a5ce0830 DEOPT PACKING pc=0x00000258af6add14 sp=0x0000009596dfdee0
Event: 35.341 Thread 0x00000258a5ce0830 DEOPT UNPACKING pc=0x00000258b64f7143 sp=0x0000009596dfd3b8 mode 0
Event: 35.348 Thread 0x00000258a5ce0830 Uncommon trap: trap_request=0xffffff45 fr.pc=0x00000258b708db34 relative=0x0000000000007ef4
Event: 35.348 Thread 0x00000258a5ce0830 Uncommon trap: reason=unstable_if action=reinterpret pc=0x00000258b708db34 method=com.google.gson.stream.JsonReader.peek()Lcom/google/gson/stream/JsonToken; @ 6 c2
Event: 35.348 Thread 0x00000258a5ce0830 DEOPT PACKING pc=0x00000258b708db34 sp=0x0000009596dfdec0
Event: 35.348 Thread 0x00000258a5ce0830 DEOPT UNPACKING pc=0x00000258b64f69a3 sp=0x0000009596dfde98 mode 2
Event: 35.443 Thread 0x00000258a5ce0830 Uncommon trap: trap_request=0xffffff45 fr.pc=0x00000258b7014f88 relative=0x0000000000000f28
Event: 35.443 Thread 0x00000258a5ce0830 Uncommon trap: reason=unstable_if action=reinterpret pc=0x00000258b7014f88 method=cpw.mods.jarhandling.impl.Jar.findFile(Ljava/lang/String;)Ljava/util/Optional; @ 23 c2
Event: 35.443 Thread 0x00000258a5ce0830 DEOPT PACKING pc=0x00000258b7014f88 sp=0x0000009596dfb0c0
Event: 35.443 Thread 0x00000258a5ce0830 DEOPT UNPACKING pc=0x00000258b64f69a3 sp=0x0000009596dfaf18 mode 2
Event: 35.444 Thread 0x00000258a5ce0830 Uncommon trap: trap_request=0xffffff45 fr.pc=0x00000258b6e94e04 relative=0x0000000000000164
Event: 35.444 Thread 0x00000258a5ce0830 Uncommon trap: reason=unstable_if action=reinterpret pc=0x00000258b6e94e04 method=cpw.mods.niofs.union.UnionFileSystem.getPath(Ljava/lang/String;[Ljava/lang/String;)Ljava/nio/file/Path; @ 2 c2
Event: 35.444 Thread 0x00000258a5ce0830 DEOPT PACKING pc=0x00000258b6e94e04 sp=0x0000009596dfaef0
Event: 35.444 Thread 0x00000258a5ce0830 DEOPT UNPACKING pc=0x00000258b64f69a3 sp=0x0000009596dfae98 mode 2

Classes unloaded (0 events):
No events

Classes redefined (0 events):
No events

Internal exceptions (20 events):
Event: 33.817 Thread 0x00000258a5ce0830 Exception <a 'sun/nio/fs/WindowsException'{0x000000072e49ba00}> (0x000000072e49ba00) 
thrown [s\src\hotspot\share\prims\jni.cpp, line 516]
Event: 33.817 Thread 0x00000258a5ce0830 Exception <a 'sun/nio/fs/WindowsException'{0x000000072e49d1c8}> (0x000000072e49d1c8) 
thrown [s\src\hotspot\share\prims\jni.cpp, line 516]
Event: 34.379 Thread 0x00000258a5ce0830 Exception <a 'java/lang/NoSuchMethodError'{0x0000000733ee5b98}: 'int java.lang.invoke.DirectMethodHandle$Holder.invokeStatic(java.lang.Object)'> (0x0000000733ee5b98) 
thrown [s\src\hotspot\share\interpreter\linkResolver.cpp, line 759]
Event: 34.503 Thread 0x00000258a5ce0830 Exception <a 'java/lang/NoSuchMethodError'{0x0000000733b2d5f0}: 'java.lang.Object java.lang.invoke.Invokers$Holder.linkToTargetMethod(java.lang.Object, int, java.lang.Object, java.lang.Object)'> (0x0000000733b2d5f0) 
thrown [s\src\hotspot\share\interpreter\linkResolver.cpp, line 759]
Event: 34.533 Thread 0x00000258a5ce0830 Exception <a 'java/lang/NoSuchMethodError'{0x0000000733be1b10}: 'int java.lang.invoke.DirectMethodHandle$Holder.invokeStaticInit(java.lang.Object)'> (0x0000000733be1b10) 
thrown [s\src\hotspot\share\interpreter\linkResolver.cpp, line 759]
Event: 34.535 Thread 0x00000258a5ce0830 Exception <a 'java/lang/NoSuchMethodError'{0x0000000733be8ef8}: 'int java.lang.invoke.Invokers$Holder.invokeExact_MT(java.lang.Object, java.lang.Object)'> (0x0000000733be8ef8) 
thrown [s\src\hotspot\share\interpreter\linkResolver.cpp, line 759]
Event: 34.544 Thread 0x00000258a5ce0830 Exception <a 'sun/nio/fs/WindowsException'{0x00000007339036e0}> (0x00000007339036e0) 
thrown [s\src\hotspot\share\prims\jni.cpp, line 516]
Event: 34.544 Thread 0x00000258a5ce0830 Exception <a 'sun/nio/fs/WindowsException'{0x0000000733903a40}> (0x0000000733903a40) 
thrown [s\src\hotspot\share\prims\jni.cpp, line 516]
Event: 34.561 Thread 0x00000258a5ce0830 Exception <a 'java/lang/NoSuchMethodError'{0x0000000733996470}: 'java.lang.Object java.lang.invoke.DirectMethodHandle$Holder.invokeInterface(java.lang.Object, java.lang.Object, double)'> (0x0000000733996470) 
thrown [s\src\hotspot\share\interpreter\linkResolver.cpp, line 759]
Event: 34.563 Thread 0x00000258a5ce0830 Exception <a 'java/lang/NoSuchMethodError'{0x000000073399ccb8}: 'double java.lang.invoke.DirectMethodHandle$Holder.invokeInterface(java.lang.Object, java.lang.Object, java.lang.Object)'> (0x000000073399ccb8) 
thrown [s\src\hotspot\share\interpreter\linkResolver.cpp, line 759]
Event: 34.954 Thread 0x00000258a5ce0830 Exception <a 'java/lang/NoSuchMethodError'{0x0000000732ced430}: 'java.lang.Object java.lang.invoke.DirectMethodHandle$Holder.newInvokeSpecial(java.lang.Object, java.lang.Object, java.lang.Object, java.lang.Object, java.lang.Object, java.lang.Object, java.lang.Object, java.lang.Object, java.lang.Object, java.lang.Object)'> (0x0000000732ced430) 
thrown [s\src\hotspot\share\interpreter\linkResolver.cpp, line 759]
Event: 34.955 Thread 0x00000258a5ce0830 Exception <a 'java/lang/NoSuchMethodError'{0x0000000732cf19f8}: 'java.lang.Object java.lang.invoke.Invokers$Holder.linkToTargetMethod(java.lang.Object, java.lang.Object, java.lang.Object, java.lang.Object, java.lang.Object, java.lang.Object, java.lang.Object, java.lang.Object, java.lang.Object, java.lang.Object)'> (0x0000000732cf19f8) 
thrown [s\src\hotspot\share\interpreter\linkResolver.cpp, line 759]
Event: 35.108 Thread 0x00000258a5ce0830 Exception <a 'java/lang/NoSuchMethodError'{0x0000000732641900}: 'java.lang.Object java.lang.invoke.Invokers$Holder.linkToTargetMethod(java.lang.Object, java.lang.Object, java.lang.Object, java.lang.Object, java.lang.Object, java.lang.Object, java.lang.Object, java.lang.Object, java.lang.Object)'> (0x0000000732641900) 
thrown [s\src\hotspot\share\interpreter\linkResolver.cpp, line 759]
Event: 35.233 Thread 0x00000258a5ce0830 Exception <a 'java/lang/NoSuchMethodError'{0x0000000732301268}: 'java.lang.Object java.lang.invoke.DirectMethodHandle$Holder.invokeSpecial(java.lang.Object, java.lang.Object, java.lang.Object, java.lang.Object, java.lang.Object, int, java.lang.Object)'> (0x0000000732301268) 
thrown [s\src\hotspot\share\interpreter\linkResolver.cpp, line 759]
Event: 35.235 Thread 0x00000258a5ce0830 Exception <a 'java/lang/NoSuchMethodError'{0x00000007323098f0}: 'java.lang.Object java.lang.invoke.DirectMethodHandle$Holder.invokeSpecial(java.lang.Object, java.lang.Object, java.lang.Object, java.lang.Object, java.lang.Object, java.lang.Object, int)'> (0x00000007323098f0) 
thrown [s\src\hotspot\share\interpreter\linkResolver.cpp, line 759]
Event: 35.235 Thread 0x00000258a5ce0830 Exception <a 'java/lang/NoSuchMethodError'{0x000000073230d1d0}: 'java.lang.Object java.lang.invoke.Invokers$Holder.linkToTargetMethod(java.lang.Object, java.lang.Object, java.lang.Object, java.lang.Object, int, java.lang.Object)'> (0x000000073230d1d0) 
thrown [s\src\hotspot\share\interpreter\linkResolver.cpp, line 759]
Event: 35.509 Thread 0x00000258a5ce0830 Exception <a 'java/lang/NoSuchMethodError'{0x0000000731c96740}: 'long java.lang.invoke.DirectMethodHandle$Holder.invokeInterface(java.lang.Object, java.lang.Object)'> (0x0000000731c96740) 
thrown [s\src\hotspot\share\interpreter\linkResolver.cpp, line 759]
Event: 35.515 Thread 0x00000258a5ce0830 Exception <a 'java/lang/NoSuchMethodError'{0x0000000731d02940}: 'java.lang.Object java.lang.invoke.DirectMethodHandle$Holder.newInvokeSpecial(java.lang.Object, long)'> (0x0000000731d02940) 
thrown [s\src\hotspot\share\interpreter\linkResolver.cpp, line 759]
Event: 35.559 Thread 0x00000258a5ce0830 Exception <a 'java/lang/NoSuchMethodError'{0x0000000731dbbb20}: 'void java.lang.invoke.DirectMethodHandle$Holder.invokeSpecial(java.lang.Object, java.lang.Object, int, long)'> (0x0000000731dbbb20) 
thrown [s\src\hotspot\share\interpreter\linkResolver.cpp, line 759]
Event: 35.559 Thread 0x00000258a5ce0830 Exception <a 'java/lang/NoSuchMethodError'{0x0000000731dc1a98}: 'void java.lang.invoke.DirectMethodHandle$Holder.invokeStatic(java.lang.Object, int, long)'> (0x0000000731dc1a98) 
thrown [s\src\hotspot\share\interpreter\linkResolver.cpp, line 759]

VM Operations (20 events):
Event: 32.644 Executing VM operation: Cleanup
Event: 32.645 Executing VM operation: Cleanup done
Event: 33.647 Executing VM operation: Cleanup
Event: 33.647 Executing VM operation: Cleanup done
Event: 33.943 Executing VM operation: G1CollectForAllocation
Event: 33.951 Executing VM operation: G1CollectForAllocation done
Event: 34.128 Executing VM operation: G1Concurrent
Event: 34.146 Executing VM operation: G1Concurrent done
Event: 34.226 Executing VM operation: G1Concurrent
Event: 34.227 Executing VM operation: G1Concurrent done
Event: 35.229 Executing VM operation: HandshakeAllThreads
Event: 35.229 Executing VM operation: HandshakeAllThreads done
Event: 35.229 Executing VM operation: Cleanup
Event: 35.230 Executing VM operation: Cleanup done
Event: 35.348 Executing VM operation: HandshakeAllThreads
Event: 35.348 Executing VM operation: HandshakeAllThreads done
Event: 35.438 Executing VM operation: HandshakeAllThreads
Event: 35.438 Executing VM operation: HandshakeAllThreads done
Event: 35.480 Executing VM operation: HandshakeAllThreads
Event: 35.480 Executing VM operation: HandshakeAllThreads done

Events (20 events):
Event: 35.498 Thread 0x00000258c99bbaa0 flushing nmethod 0x00000258afb57c10
Event: 35.498 Thread 0x00000258c99bbaa0 flushing nmethod 0x00000258afb5aa90
Event: 35.498 Thread 0x00000258c99bbaa0 flushing nmethod 0x00000258afb5d210
Event: 35.498 Thread 0x00000258c99bbaa0 flushing nmethod 0x00000258afb60890
Event: 35.499 Thread 0x00000258c99bbaa0 flushing nmethod 0x00000258afb9a590
Event: 35.499 Thread 0x00000258c99bbaa0 flushing nmethod 0x00000258afb9af10
Event: 35.499 Thread 0x00000258c99bbaa0 flushing nmethod 0x00000258afb9bb10
Event: 35.499 Thread 0x00000258c99bbaa0 flushing nmethod 0x00000258afb9c110
Event: 35.499 Thread 0x00000258c99bbaa0 flushing nmethod 0x00000258afb9cd10
Event: 35.499 Thread 0x00000258c99bbaa0 flushing nmethod 0x00000258afb9d310
Event: 35.499 Thread 0x00000258c99bbaa0 flushing nmethod 0x00000258afb9d910
Event: 35.499 Thread 0x00000258c99bbaa0 flushing nmethod 0x00000258afb9dd10
Event: 35.499 Thread 0x00000258c99bbaa0 flushing nmethod 0x00000258afb9e210
Event: 35.499 Thread 0x00000258c99bbaa0 flushing nmethod 0x00000258afb9fa90
Event: 35.499 Thread 0x00000258c99bbaa0 flushing nmethod 0x00000258afba0990
Event: 35.499 Thread 0x00000258c99bbaa0 flushing nmethod 0x00000258afba9010
Event: 35.499 Thread 0x00000258c99bbaa0 flushing nmethod 0x00000258afbb0790
Event: 35.499 Thread 0x00000258c99bbaa0 flushing nmethod 0x00000258afbb2a10
Event: 35.499 Thread 0x00000258c99bbaa0 flushing nmethod 0x00000258afbb3390
Event: 35.499 Thread 0x00000258c99bbaa0 flushing nmethod 0x00000258afbb6510


Dynamic libraries:
0x00007ff6787e0000 - 0x00007ff6787ee000 	C:\Users\yangj\.mcreator\gradle\jdks\adoptium-17-x64-hotspot-windows\jdk-17.0.6+10\bin\java.exe
0x00007ffb3a810000 - 0x00007ffb3aa24000 	C:\WINDOWS\SYSTEM32\ntdll.dll
0x00007ffb39cc0000 - 0x00007ffb39d83000 	C:\WINDOWS\System32\KERNEL32.DLL
0x00007ffb37d50000 - 0x00007ffb380f3000 	C:\WINDOWS\System32\KERNELBASE.dll
0x00007ffb37c30000 - 0x00007ffb37d41000 	C:\WINDOWS\System32\ucrtbase.dll
0x00007ffb201d0000 - 0x00007ffb201e7000 	C:\Users\yangj\.mcreator\gradle\jdks\adoptium-17-x64-hotspot-windows\jdk-17.0.6+10\bin\jli.dll
0x00007ffb20020000 - 0x00007ffb20039000 	C:\Users\yangj\.mcreator\gradle\jdks\adoptium-17-x64-hotspot-windows\jdk-17.0.6+10\bin\VCRUNTIME140.dll
0x00007ffb39300000 - 0x00007ffb394ad000 	C:\WINDOWS\System32\USER32.dll
0x00007ffb19460000 - 0x00007ffb196ee000 	C:\WINDOWS\WinSxS\amd64_microsoft.windows.common-controls_6595b64144ccf1df_6.0.22621.1465_none_271271ab738361f1\COMCTL32.dll
0x00007ffb38270000 - 0x00007ffb38296000 	C:\WINDOWS\System32\win32u.dll
0x00007ffb3a300000 - 0x00007ffb3a3a7000 	C:\WINDOWS\System32\msvcrt.dll
0x00007ffb392d0000 - 0x00007ffb392f9000 	C:\WINDOWS\System32\GDI32.dll
0x00007ffb38470000 - 0x00007ffb38583000 	C:\WINDOWS\System32\gdi32full.dll
0x00007ffb383d0000 - 0x00007ffb3846a000 	C:\WINDOWS\System32\msvcp_win.dll
0x00007ffb39d90000 - 0x00007ffb39dc1000 	C:\WINDOWS\System32\IMM32.DLL
0x00007ffb20ca0000 - 0x00007ffb20cac000 	C:\Users\yangj\.mcreator\gradle\jdks\adoptium-17-x64-hotspot-windows\jdk-17.0.6+10\bin\vcruntime140_1.dll
0x00007ffae5cf0000 - 0x00007ffae5d81000 	C:\Users\yangj\.mcreator\gradle\jdks\adoptium-17-x64-hotspot-windows\jdk-17.0.6+10\bin\msvcp140.dll
0x00007ffad64c0000 - 0x00007ffad7107000 	C:\Users\yangj\.mcreator\gradle\jdks\adoptium-17-x64-hotspot-windows\jdk-17.0.6+10\bin\server\jvm.dll
0x00007ffb38e70000 - 0x00007ffb38f1e000 	C:\WINDOWS\System32\ADVAPI32.dll
0x00007ffb39b90000 - 0x00007ffb39c34000 	C:\WINDOWS\System32\sechost.dll
0x00007ffb3a170000 - 0x00007ffb3a285000 	C:\WINDOWS\System32\RPCRT4.dll
0x00007ffb30b00000 - 0x00007ffb30b0a000 	C:\WINDOWS\SYSTEM32\VERSION.dll
0x00007ffb2ba50000 - 0x00007ffb2ba84000 	C:\WINDOWS\SYSTEM32\WINMM.dll
0x00007ffb33000000 - 0x00007ffb33009000 	C:\WINDOWS\SYSTEM32\WSOCK32.dll
0x00007ffb39c40000 - 0x00007ffb39cb1000 	C:\WINDOWS\System32\WS2_32.dll
0x00007ffb36c20000 - 0x00007ffb36c38000 	C:\WINDOWS\SYSTEM32\kernel.appcore.dll
0x00007ffb20aa0000 - 0x00007ffb20aaa000 	C:\Users\yangj\.mcreator\gradle\jdks\adoptium-17-x64-hotspot-windows\jdk-17.0.6+10\bin\jimage.dll
0x00007ffb2ebe0000 - 0x00007ffb2ee0e000 	C:\WINDOWS\SYSTEM32\DBGHELP.DLL
0x00007ffb3a440000 - 0x00007ffb3a7c9000 	C:\WINDOWS\System32\combase.dll
0x00007ffb39030000 - 0x00007ffb39107000 	C:\WINDOWS\System32\OLEAUT32.dll
0x00007ffb2bb80000 - 0x00007ffb2bbb2000 	C:\WINDOWS\SYSTEM32\dbgcore.DLL
0x00007ffb38590000 - 0x00007ffb3860b000 	C:\WINDOWS\System32\bcryptPrimitives.dll
0x00007ffb1fee0000 - 0x00007ffb1ff05000 	C:\Users\yangj\.mcreator\gradle\jdks\adoptium-17-x64-hotspot-windows\jdk-17.0.6+10\bin\java.dll
0x00007ffaddb40000 - 0x00007ffaddc16000 	C:\Users\yangj\.mcreator\gradle\jdks\adoptium-17-x64-hotspot-windows\jdk-17.0.6+10\bin\jsvml.dll
0x00007ffb38610000 - 0x00007ffb38e09000 	C:\WINDOWS\System32\SHELL32.dll
0x00007ffb35bd0000 - 0x00007ffb3649e000 	C:\WINDOWS\SYSTEM32\windows.storage.dll
0x00007ffb35a90000 - 0x00007ffb35bce000 	C:\WINDOWS\SYSTEM32\wintypes.dll
0x00007ffb39510000 - 0x00007ffb39601000 	C:\WINDOWS\System32\SHCORE.dll
0x00007ffb38e10000 - 0x00007ffb38e6e000 	C:\WINDOWS\System32\shlwapi.dll
0x00007ffb37b60000 - 0x00007ffb37b81000 	C:\WINDOWS\SYSTEM32\profapi.dll
0x00007ffb15c20000 - 0x00007ffb15c39000 	C:\Users\yangj\.mcreator\gradle\jdks\adoptium-17-x64-hotspot-windows\jdk-17.0.6+10\bin\net.dll
0x00007ffb301a0000 - 0x00007ffb302cf000 	C:\WINDOWS\SYSTEM32\WINHTTP.dll
0x00007ffb37080000 - 0x00007ffb370e9000 	C:\WINDOWS\system32\mswsock.dll
0x00007ffb10ab0000 - 0x00007ffb10ac5000 	C:\Users\yangj\.mcreator\gradle\jdks\adoptium-17-x64-hotspot-windows\jdk-17.0.6+10\bin\nio.dll
0x00007ffb10a90000 - 0x00007ffb10aa8000 	C:\Users\yangj\.mcreator\gradle\jdks\adoptium-17-x64-hotspot-windows\jdk-17.0.6+10\bin\zip.dll
0x00007ffb201c0000 - 0x00007ffb201d0000 	C:\Users\yangj\.mcreator\gradle\jdks\adoptium-17-x64-hotspot-windows\jdk-17.0.6+10\bin\verify.dll
0x00007ffb23cb0000 - 0x00007ffb23cb9000 	C:\Users\yangj\.mcreator\gradle\jdks\adoptium-17-x64-hotspot-windows\jdk-17.0.6+10\bin\management.dll
0x00007ffb23ca0000 - 0x00007ffb23cab000 	C:\Users\yangj\.mcreator\gradle\jdks\adoptium-17-x64-hotspot-windows\jdk-17.0.6+10\bin\management_ext.dll
0x00007ffb39e00000 - 0x00007ffb39e08000 	C:\WINDOWS\System32\PSAPI.DLL
0x00007ffaea880000 - 0x00007ffaea897000 	C:\WINDOWS\system32\napinsp.dll
0x00007ffaea6e0000 - 0x00007ffaea6fb000 	C:\WINDOWS\system32\pnrpnsp.dll
0x00007ffb36760000 - 0x00007ffb36853000 	C:\WINDOWS\SYSTEM32\DNSAPI.dll
0x00007ffb366f0000 - 0x00007ffb3671d000 	C:\WINDOWS\SYSTEM32\IPHLPAPI.DLL
0x00007ffb38f20000 - 0x00007ffb38f29000 	C:\WINDOWS\System32\NSI.dll
0x00007ffaea6c0000 - 0x00007ffaea6d1000 	C:\WINDOWS\System32\winrnr.dll
0x00007ffb30180000 - 0x00007ffb30195000 	C:\WINDOWS\system32\wshbth.dll
0x00007ffb25190000 - 0x00007ffb251b1000 	C:\WINDOWS\system32\nlansp_c.dll
0x00007ffb27390000 - 0x00007ffb2739a000 	C:\Windows\System32\rasadhlp.dll
0x00007ffb2ea20000 - 0x00007ffb2eaa3000 	C:\WINDOWS\System32\fwpuclnt.dll
0x00007ffb373a0000 - 0x00007ffb373bb000 	C:\WINDOWS\SYSTEM32\CRYPTSP.dll
0x00007ffb36b90000 - 0x00007ffb36bc5000 	C:\WINDOWS\system32\rsaenh.dll
0x00007ffb37120000 - 0x00007ffb37148000 	C:\WINDOWS\SYSTEM32\USERENV.dll
0x00007ffb37510000 - 0x00007ffb37538000 	C:\WINDOWS\SYSTEM32\bcrypt.dll
0x00007ffb37380000 - 0x00007ffb3738c000 	C:\WINDOWS\SYSTEM32\CRYPTBASE.dll
0x00007ffb2fb40000 - 0x00007ffb2fb59000 	C:\WINDOWS\SYSTEM32\dhcpcsvc6.DLL
0x00007ffb2fb20000 - 0x00007ffb2fb3f000 	C:\WINDOWS\SYSTEM32\dhcpcsvc.DLL
0x00007ffaf65f0000 - 0x00007ffaf6635000 	C:\Users\yangj\AppData\Local\Temp\jna-114744777\jna10608104188809903094.dll
0x00007ffb39130000 - 0x00007ffb392cc000 	C:\WINDOWS\System32\Ole32.dll
0x00007ffb39610000 - 0x00007ffb396c0000 	C:\WINDOWS\System32\clbcatq.dll
0x00007ffb1e470000 - 0x00007ffb1e48d000 	C:\WINDOWS\SYSTEM32\amsi.dll
0x00007ffb1e3f0000 - 0x00007ffb1e46b000 	C:\ProgramData\Microsoft\Windows Defender\Platform\4.18.2301.6-0\MpOav.dll
0x00007ffaf4460000 - 0x00007ffaf44b0000 	C:\WINDOWS\SYSTEM32\Pdh.dll
0x00007ffaea8e0000 - 0x00007ffaea8f0000 	C:\WINDOWS\System32\perfos.dll
0x00007ffb351d0000 - 0x00007ffb351e0000 	C:\WINDOWS\SYSTEM32\pfclient.dll
0x00007ffae7170000 - 0x00007ffae71e5000 	C:\Users\yangj\AppData\Local\Temp\lwjglyangj\3.3.1-build-7\lwjgl.dll
0x00007ffadd700000 - 0x00007ffadd959000 	C:\Users\yangj\AppData\Local\Temp\lwjglyangj\3.3.1-build-7\jemalloc.dll
0x00007ffae8d20000 - 0x00007ffae8d81000 	C:\Users\yangj\AppData\Local\Temp\lwjglyangj\3.3.1-build-7\glfw.dll
0x00007ffaf5670000 - 0x00007ffaf56b6000 	C:\WINDOWS\SYSTEM32\dinput8.dll
0x00007ffb23c80000 - 0x00007ffb23c91000 	C:\WINDOWS\SYSTEM32\xinput1_4.dll
0x00007ffb37830000 - 0x00007ffb3787e000 	C:\WINDOWS\SYSTEM32\cfgmgr32.dll
0x00007ffb37800000 - 0x00007ffb3782c000 	C:\WINDOWS\SYSTEM32\DEVOBJ.dll
0x00007ffb27670000 - 0x00007ffb27871000 	C:\WINDOWS\SYSTEM32\inputhost.dll
0x00007ffb34e10000 - 0x00007ffb34f43000 	C:\WINDOWS\SYSTEM32\CoreMessaging.dll
0x00007ffb35430000 - 0x00007ffb3545b000 	C:\WINDOWS\SYSTEM32\dwmapi.dll
0x00007ffb351e0000 - 0x00007ffb3528b000 	C:\WINDOWS\system32\uxtheme.dll
0x00007ffb39e90000 - 0x00007ffb39fae000 	C:\WINDOWS\System32\MSCTF.dll
0x00007ffaeb3e0000 - 0x00007ffaeb4e0000 	C:\WINDOWS\SYSTEM32\opengl32.dll
0x00007ffaeab30000 - 0x00007ffaeab5d000 	C:\WINDOWS\SYSTEM32\GLU32.dll
0x00007ffb352e0000 - 0x00007ffb35316000 	C:\WINDOWS\SYSTEM32\dxcore.dll
0x00007ffb329b0000 - 0x00007ffb329f9000 	C:\WINDOWS\SYSTEM32\directxdatabasehelper.dll
0x00007ffaf5d00000 - 0x00007ffaf5d2d000 	C:\WINDOWS\System32\DriverStore\FileRepository\u0387948.inf_amd64_849b4630364e9ceb\B387945\atig6pxx.dll
0x00007ffaddff0000 - 0x00007ffae1c25000 	C:\WINDOWS\System32\DriverStore\FileRepository\u0387948.inf_amd64_849b4630364e9ceb\B387945\atio6axx.dll
0x00007ffb396c0000 - 0x00007ffb39b34000 	C:\WINDOWS\System32\SETUPAPI.dll
0x00007ffb38360000 - 0x00007ffb383cb000 	C:\WINDOWS\System32\WINTRUST.dll
0x00007ffb38100000 - 0x00007ffb38266000 	C:\WINDOWS\System32\CRYPT32.dll
0x00007ffb373f0000 - 0x00007ffb37402000 	C:\WINDOWS\SYSTEM32\MSASN1.dll

dbghelp: loaded successfully - version: 4.0.5 - missing functions: none
symbol engine: initialized successfully - sym options: 0x614 - pdb path: .;C:\Users\yangj\.mcreator\gradle\jdks\adoptium-17-x64-hotspot-windows\jdk-17.0.6+10\bin;C:\WINDOWS\SYSTEM32;C:\WINDOWS\WinSxS\amd64_microsoft.windows.common-controls_6595b64144ccf1df_6.0.22621.1465_none_271271ab738361f1;C:\Users\yangj\.mcreator\gradle\jdks\adoptium-17-x64-hotspot-windows\jdk-17.0.6+10\bin\server;C:\Users\yangj\AppData\Local\Temp\jna-114744777;C:\ProgramData\Microsoft\Windows Defender\Platform\4.18.2301.6-0;C:\Users\yangj\AppData\Local\Temp\lwjglyangj\3.3.1-build-7;C:\WINDOWS\System32\DriverStore\FileRepository\u0387948.inf_amd64_849b4630364e9ceb\B387945

VM Arguments:
jvm_args: -Dforge.enableGameTest=true -Dforge.logging.console.level=debug -Dforge.logging.markers=REGISTRIES -DignoreList=bootstraplauncher,securejarhandler,asm-commons,asm-util,asm-analysis,asm-tree,asm,JarJarFileSystems,client-extra,fmlcore,javafmllanguage,lowcodelanguage,mclanguage,forge- -Djava.net.preferIPv6Addresses=system -DlegacyClassPath.file=C:\Users\yangj\MCreatorWorkspaces\mixed_ore\build\classpath\runClient_minecraftClasspath.txt -DmergeModules=jna-5.10.0.jar,jna-platform-5.10.0.jar -Dos.version=10.0 --module-path=C:\Users\yangj\.mcreator\gradle\caches\modules-2\files-2.1\cpw.mods\bootstraplauncher\1.1.2\c546e00443d8432cda6baa1c860346980742628\bootstraplauncher-1.1.2.jar;C:\Users\yangj\.mcreator\gradle\caches\modules-2\files-2.1\cpw.mods\securejarhandler\2.1.4\f47e3b9dd860a7b82154b8f90a650ffd0aaa5582\securejarhandler-2.1.4.jar;C:\Users\yangj\.mcreator\gradle\caches\modules-2\files-2.1\org.ow2.asm\asm-commons\9.3\1f2a432d1212f5c352ae607d7b61dcae20c20af5\asm-commons-9.3.jar;C:\Users\yangj\.mcreator\gradle\caches\modules-2\files-2.1\org.ow2.asm\asm-util\9.3\9595bc05510d0bd4b610188b77333fe4851a1975\asm-util-9.3.jar;C:\Users\yangj\.mcreator\gradle\caches\modules-2\files-2.1\org.ow2.asm\asm-analysis\9.3\4b071f211b37c38e0e9f5998550197c8593f6ad8\asm-analysis-9.3.jar;C:\Users\yangj\.mcreator\gradle\caches\modules-2\files-2.1\org.ow2.asm\asm-tree\9.3\78d2ecd61318b5a58cd04fb237636c0e86b77d97\asm-tree-9.3.jar;C:\Users\yangj\.mcreator\gradle\caches\modules-2\files-2.1\org.ow2.asm\asm\9.3\8e6300ef51c1d801a7ed62d07cd221aca3a90640\asm-9.3.jar;C:\Users\yangj\.mcreator\gradle\caches\modules-2\files-2.1\net.minecraftforge\JarJarFileSystems\0.3.16\e52afbb2599dc7c6f779efea0496d32fc01152e3\JarJarFileSystems-0.3.16.jar --add-modules=ALL-MODULE-PATH --add-opens=java.base/java.util.jar=cpw.mods.securejarhandler --add-opens=java.base/java.lang.invoke=cpw.mods.securejarhandler --add-exports=java.base/sun.security.util=cpw.mods.securejarhandler --add-exports=jdk.naming.dns/com.sun.jndi.dns=java.naming -XX:HeapDumpPath=MojangTricksIntelDriversForPerformance_javaw.exe_minecraft.exe.heapdump -Dos.name=Windows 10 -Dfile.encoding=UTF-8 -Duser.country=CN -Duser.language=zh -Duser.variant 
java_command: cpw.mods.bootstraplauncher.BootstrapLauncher --launchTarget forgeclientuserdev --version MOD_DEV --assetIndex 1.19 --assetsDir C:\Users\yangj\.mcreator\gradle\caches\forge_gradle\assets --gameDir . --fml.forgeVersion 43.2.0 --fml.mcVersion 1.19.2 --fml.forgeGroup net.minecraftforge --fml.mcpVersion 20220805.130853
java_class_path (initial): C:\Users\yangj\MCreatorWorkspaces\mixed_ore\build\classes\java\main;C:\Users\yangj\MCreatorWorkspaces\mixed_ore\build\resources\main;C:\Users\yangj\MCreatorWorkspaces\mixed_ore\build\fg_cache\net\minecraftforge\forge\1.19.2-43.2.0_mapped_official_1.19.2\forge-1.19.2-43.2.0_mapped_official_1.19.2.jar;C:\Users\yangj\.mcreator\gradle\caches\forge_gradle\minecraft_repo\versions\1.19.2\client-extra.jar;C:\Users\yangj\.mcreator\gradle\caches\modules-2\files-2.1\net.minecraftforge\javafmllanguage\1.19.2-43.2.0\5713dfd49576886a7ffc353f14f067ad42369592\javafmllanguage-1.19.2-43.2.0.jar;C:\Users\yangj\.mcreator\gradle\caches\modules-2\files-2.1\net.minecraftforge\lowcodelanguage\1.19.2-43.2.0\51c88985dd125457fb8b6c2c58a4f3b9349a6b57\lowcodelanguage-1.19.2-43.2.0.jar;C:\Users\yangj\.mcreator\gradle\caches\modules-2\files-2.1\net.minecraftforge\mclanguage\1.19.2-43.2.0\f4fa83ef8129c7f7cc5847fbafb07f7ae86c1bb\mclanguage-1.19.2-43.2.0.jar;C:\Users\yangj\.mcreator\gradle\caches\modules-2\files-2.1\net.minecraftforge\fmlcore\1.19.2-43.2.0\d4dcb5b809b7f035ac22b058941cf81f84451545\fmlcore-1.19.2-43.2.0.jar;C:\Users\yangj\.mcreator\gradle\caches\modules-2\files-2.1\net.minecraftforge\fmlloader\1.19.2-43.2.0\3e6e8b7b5e1dbc6ee01a20f74675f223b64c7847\fmlloader-1.19.2-43.2.0.jar;C:\Users\yangj\.mcreator\gradle\caches\modules-2\files-2.1\net.minecraftforge\JarJarSelector\0.3.16\2a31421fb5e267249da103a644f23afb43d158af\JarJarSelector-0.3.16.jar;C:\Users\yangj\.mcreator\gradle\caches\modules-2\files-2.1\net.minecraftforge\JarJarMetadata\0.3.16\f62c8c898dffc8666f5097a8587ed72095e8e83a\JarJarMetadata-0.3.16.jar;C:\Users\yangj\.mcreator\gradle\caches\modules-2\files-2.1\com.google.guava\guava\31.0.1-jre\119ea2b2bc205b138974d351777b20f02b92704b\guava-31.0.1-jre.jar;C:\Users\yangj\.mcreator\gradle\caches\modules-2\files-2.1\com.google.code.findbugs\jsr305\3.0.2\25ea2e8b0c338a877313bd4672d3fe056ea78f0d\jsr305-3.0.2.jar;C:\Users\yangj\.mcreator\gradle\caches\modules-2\f
Launcher Type: SUN_STANDARD

[Global flags]
     intx CICompilerCount                          = 4                                         {product} {ergonomic}
     uint ConcGCThreads                            = 2                                         {product} {ergonomic}
     uint G1ConcRefinementThreads                  = 8                                         {product} {ergonomic}
   size_t G1HeapRegionSize                         = 2097152                                   {product} {ergonomic}
    uintx GCDrainStackTargetSize                   = 64                                        {product} {ergonomic}
    ccstr HeapDumpPath                             = MojangTricksIntelDriversForPerformance_javaw.exe_minecraft.exe.heapdump         {manageable} {command line}
   size_t InitialHeapSize                          = 234881024                                 {product} {ergonomic}
   size_t MarkStackSize                            = 4194304                                   {product} {ergonomic}
   size_t MaxHeapSize                              = 3747610624                                {product} {ergonomic}
   size_t MaxNewSize                               = 2248146944                                {product} {ergonomic}
   size_t MinHeapDeltaBytes                        = 2097152                                   {product} {ergonomic}
   size_t MinHeapSize                              = 8388608                                   {product} {ergonomic}
    uintx NonNMethodCodeHeapSize                   = 5839372                                {pd product} {ergonomic}
    uintx NonProfiledCodeHeapSize                  = 122909434                              {pd product} {ergonomic}
    uintx ProfiledCodeHeapSize                     = 122909434                              {pd product} {ergonomic}
    uintx ReservedCodeCacheSize                    = 251658240                              {pd product} {ergonomic}
     bool SegmentedCodeCache                       = true                                      {product} {ergonomic}
   size_t SoftMaxHeapSize                          = 3747610624                             {manageable} {ergonomic}
     bool UseCompressedClassPointers               = true                           {product lp64_product} {ergonomic}
     bool UseCompressedOops                        = true                           {product lp64_product} {ergonomic}
     bool UseG1GC                                  = true                                      {product} {ergonomic}
     bool UseLargePagesIndividualAllocation        = false                                  {pd product} {ergonomic}

Logging:
Log output configuration:
 #0: stdout all=warning uptime,level,tags
 #1: stderr all=off uptime,level,tags

Environment Variables:
JAVA_HOME=C:\Users\yangj\Desktop\MCreator20231\jdk
PATH=C:\Program Files\Common Files\Oracle\Java\javapath;C:\Program Files (x86)\Common Files\Oracle\Java\javapath;C:\WINDOWS\system32;C:\WINDOWS;C:\WINDOWS\System32\Wbem;C:\WINDOWS\System32\WindowsPowerShell\v1.0\;C:\WINDOWS\System32\OpenSSH\;C:\Program Files\Bandizip\;C:\Program Files\Common Files\Oracle\Java\javapath;C:\Program Files (x86)\Common Files\Oracle\Java\javapath;C:\WINDOWS\system32;C:\WINDOWS;C:\WINDOWS\System32\Wbem;C:\WINDOWS\System32\WindowsPowerShell\v1.0\;C:\WINDOWS\System32\OpenSSH\;C:\Program Files\Bandizip\;C:\Users\yangj\AppData\Local\Microsoft\WindowsApps;C:\Users\yangj\Desktop\z\;C:\Users\yangj\Desktop\z\jdk\bin\;C:\Users\yangj\Desktop\z\jdk\jre\bin\;C:\Users\yangj\Desktop\z\;C:\Users\yangj\Desktop\z\jdk\bin\;C:\Users\yangj\Desktop\z\jdk\jre\bin\;C:\Users\yangj\Desktop\z\;C:\Users\yangj\Desktop\z\jdk\bin\;C:\Users\yangj\Desktop\z\jdk\jre\bin\;C:\Users\yangj\Desktop\z\;C:\Users\yangj\Desktop\z\jdk\bin\;C:\Users\yangj\Desktop\z\jdk\jre\bin\;C:\Users\yangj\Desktop\z\;C:\Users\yangj\Desktop\z\;C:\Users\yangj\Desktop\z\;C:\Users\yangj\Desktop\z\jdk\bin\;C:\Users\yangj\Desktop\z\jdk\jre\bin\;;C:\Users\yangj\Desktop\z\;C:\Users\yangj\Desktop\z\jdk\bin\;C:\Users\yangj\Desktop\z\jdk\jre\bin\;;C:\Users\yangj\AppData\Local\Programs\Microsoft VS Code\bin;C:\Users\yangj\Desktop\MCreator20231\jdk\bin
USERNAME=yangj
OS=Windows_NT
PROCESSOR_IDENTIFIER=AMD64 Family 23 Model 24 Stepping 1, AuthenticAMD
TMP=C:\Users\yangj\AppData\Local\Temp
TEMP=C:\Users\yangj\AppData\Local\Temp



---------------  S Y S T E M  ---------------

OS:
 Windows 11 , 64 bit Build 22621 (10.0.22621.1325)
OS uptime: 0 days 2:03 hours
Hyper-V role detected

CPU: total 8 (initial active 8) (8 cores per cpu, 2 threads per core) family 23 model 24 stepping 1 microcode 0x0, cx8, cmov, fxsr, ht, mmx, 3dnowpref, sse, sse2, sse3, ssse3, sse4a, sse4.1, sse4.2, popcnt, lzcnt, tsc, tscinvbit, avx, avx2, aes, clmul, bmi1, bmi2, adx, sha, fma, vzeroupper, clflush, clflushopt, hv

Memory: 4k page, system-wide physical 14293M (7035M free)
TotalPageFile size 26069M (AvailPageFile size 16372M)
current process WorkingSet (physical memory assigned to process): 516M, peak: 550M
current process commit charge ("private bytes"): 590M, peak: 625M

vm_info: OpenJDK 64-Bit Server VM (17.0.6+10) for windows-amd64 JRE (17.0.6+10), built on Jan 18 2023 10:08:59 by "temurin" with MS VC++ 16.7 (VS2019)

END.
