#
# A fatal error has been detected by the Java Runtime Environment:
#
#  EXCEPTION_ACCESS_VIOLATION (0xc0000005) at pc=0x00007ffdd5882b60, pid=22924, tid=22592
#
# JRE version: OpenJDK Runtime Environment Temurin-17.0.5+8 (17.0.5+8) (build 17.0.5+8)
# Java VM: OpenJDK 64-Bit Server VM Temurin-17.0.5+8 (17.0.5+8, mixed mode, sharing, tiered, compressed oops, compressed class ptrs, g1 gc, windows-amd64)
# Problematic frame:
# C  [atio6axx.dll+0x192b60]
#
# No core dump will be written. Minidumps are not enabled by default on client versions of Windows
#
# If you would like to submit a bug report, please visit:
#   https://github.com/adoptium/adoptium-support/issues
# The crash happened outside the Java Virtual Machine in native code.
# See problematic frame for where to report the bug.
#

---------------  S U M M A R Y ------------

Command Line: -Dforge.enableGameTest=true -Dforge.logging.console.level=debug -Dforge.logging.markers=REGISTRIES -DignoreList=bootstraplauncher,securejarhandler,asm-commons,asm-util,asm-analysis,asm-tree,asm,JarJarFileSystems,client-extra,fmlcore,javafmllanguage,lowcodelanguage,mclanguage,forge- -Djava.net.preferIPv6Addresses=system -DlegacyClassPath.file=C:\Users\yangj\MCreatorWorkspaces\mixed_ore\build\classpath\runClient_minecraftClasspath.txt -DmergeModules=jna-5.10.0.jar,jna-platform-5.10.0.jar -Dos.version=10.0 --module-path=C:\Users\yangj\.mcreator\gradle\caches\modules-2\files-2.1\cpw.mods\bootstraplauncher\1.1.2\c546e00443d8432cda6baa1c860346980742628\bootstraplauncher-1.1.2.jar;C:\Users\yangj\.mcreator\gradle\caches\modules-2\files-2.1\cpw.mods\securejarhandler\2.1.4\f47e3b9dd860a7b82154b8f90a650ffd0aaa5582\securejarhandler-2.1.4.jar;C:\Users\yangj\.mcreator\gradle\caches\modules-2\files-2.1\org.ow2.asm\asm-commons\9.3\1f2a432d1212f5c352ae607d7b61dcae20c20af5\asm-commons-9.3.jar;C:\Users\yangj\.mcreator\gradle\caches\modules-2\files-2.1\org.ow2.asm\asm-util\9.3\9595bc05510d0bd4b610188b77333fe4851a1975\asm-util-9.3.jar;C:\Users\yangj\.mcreator\gradle\caches\modules-2\files-2.1\org.ow2.asm\asm-analysis\9.3\4b071f211b37c38e0e9f5998550197c8593f6ad8\asm-analysis-9.3.jar;C:\Users\yangj\.mcreator\gradle\caches\modules-2\files-2.1\org.ow2.asm\asm-tree\9.3\78d2ecd61318b5a58cd04fb237636c0e86b77d97\asm-tree-9.3.jar;C:\Users\yangj\.mcreator\gradle\caches\modules-2\files-2.1\org.ow2.asm\asm\9.3\8e6300ef51c1d801a7ed62d07cd221aca3a90640\asm-9.3.jar;C:\Users\yangj\.mcreator\gradle\caches\modules-2\files-2.1\net.minecraftforge\JarJarFileSystems\0.3.16\e52afbb2599dc7c6f779efea0496d32fc01152e3\JarJarFileSystems-0.3.16.jar --add-modules=ALL-MODULE-PATH --add-opens=java.base/java.util.jar=cpw.mods.securejarhandler --add-opens=java.base/java.lang.invoke=cpw.mods.securejarhandler --add-exports=java.base/sun.security.util=cpw.mods.securejarhandler --add-exports=jdk.naming.dns/com.sun.jndi.dns=java.naming -XX:HeapDumpPath=MojangTricksIntelDriversForPerformance_javaw.exe_minecraft.exe.heapdump -Dos.name=Windows 10 -Dfile.encoding=UTF-8 -Duser.country=CN -Duser.language=zh -Duser.variant cpw.mods.bootstraplauncher.BootstrapLauncher --launchTarget forgeclientuserdev --version MOD_DEV --assetIndex 1.19 --assetsDir C:\Users\yangj\.mcreator\gradle\caches\forge_gradle\assets --gameDir . --fml.forgeVersion 43.2.0 --fml.mcVersion 1.19.2 --fml.forgeGroup net.minecraftforge --fml.mcpVersion 20220805.130853

Host: AMD Ryzen 7 3700U with Radeon Vega Mobile Gfx  , 8 cores, 13G,  Windows 11 , 64 bit Build 22621 (10.0.22621.1344)
Time: Thu Mar 16 13:13:58 2023  Windows 11 , 64 bit Build 22621 (10.0.22621.1344) elapsed time: 14.414325 seconds (0d 0h 0m 14s)

---------------  T H R E A D  ---------------

Current thread (0x0000015d456ddbd0):  JavaThread "Render thread" [_thread_in_native, id=22592, stack(0x00000039b7f00000,0x00000039b8000000)]

Stack: [0x00000039b7f00000,0x00000039b8000000],  sp=0x00000039b7ffadd8,  free space=1003k
Native frames: (J=compiled Java code, j=interpreted, Vv=VM code, C=native code)
C  [atio6axx.dll+0x192b60]

Java frames: (J=compiled Java code, j=interpreted, Vv=VM code)
j  org.lwjgl.system.JNI.invokePPPP(IIJJJJ)J+0 org.lwjgl@3.3.1+7
j  org.lwjgl.glfw.GLFW.nglfwCreateWindow(IIJJJ)J+14 org.lwjgl.glfw@3.3.1+7
j  org.lwjgl.glfw.GLFW.glfwCreateWindow(IILjava/lang/CharSequence;JJ)J+34 org.lwjgl.glfw@3.3.1+7
j  net.minecraftforge.client.loading.NoVizFallback.lambda$fallback$0(Ljava/util/function/IntSupplier;Ljava/util/function/IntSupplier;Ljava/util/function/Supplier;Ljava/util/function/LongSupplier;)J+28 forge@43.2.0
j  net.minecraftforge.client.loading.NoVizFallback$$Lambda$4379+0x00000008016275c0.getAsLong()J+16 forge@43.2.0
j  net.minecraftforge.fml.loading.progress.EarlyProgressVisualization$Visualization$$Lambda$4380+0x0000000801625800.apply(Ljava/lang/Object;)Ljava/lang/Object;+4 fmlloader@1.19.2-43.2.0
J 2619 c2 java.util.Optional.map(Ljava/util/function/Function;)Ljava/util/Optional; java.base@17.0.5 (30 bytes) @ 0x0000015d565f357c [0x0000015d565f3520+0x000000000000005c]
j  net.minecraftforge.fml.loading.progress.EarlyProgressVisualization$Visualization.handOffWindow(Ljava/util/function/IntSupplier;Ljava/util/function/IntSupplier;Ljava/util/function/Supplier;Ljava/util/function/LongSupplier;)J+48 fmlloader@1.19.2-43.2.0
j  net.minecraftforge.fml.loading.progress.EarlyProgressVisualization.handOffWindow(Ljava/util/function/IntSupplier;Ljava/util/function/IntSupplier;Ljava/util/function/Supplier;Ljava/util/function/LongSupplier;)J+9 fmlloader@1.19.2-43.2.0
j  com.mojang.blaze3d.platform.Window.<init>(Lcom/mojang/blaze3d/platform/WindowEventHandler;Lcom/mojang/blaze3d/platform/ScreenManager;Lcom/mojang/blaze3d/platform/DisplayData;Ljava/lang/String;Ljava/lang/String;)V+279 minecraft@1.19.2
j  net.minecraft.client.renderer.VirtualScreen.newWindow(Lcom/mojang/blaze3d/platform/DisplayData;Ljava/lang/String;Ljava/lang/String;)Lcom/mojang/blaze3d/platform/Window;+15 minecraft@1.19.2
j  net.minecraft.client.Minecraft.<init>(Lnet/minecraft/client/main/GameConfig;)V+723 minecraft@1.19.2
j  net.minecraft.client.main.Main.run([Ljava/lang/String;Z)V+1356 minecraft@1.19.2
j  net.minecraft.client.main.Main.main([Ljava/lang/String;)V+12 minecraft@1.19.2
v  ~StubRoutines::call_stub
j  jdk.internal.reflect.NativeMethodAccessorImpl.invoke0(Ljava/lang/reflect/Method;Ljava/lang/Object;[Ljava/lang/Object;)Ljava/lang/Object;+0 java.base@17.0.5
j  jdk.internal.reflect.NativeMethodAccessorImpl.invoke(Ljava/lang/Object;[Ljava/lang/Object;)Ljava/lang/Object;+133 java.base@17.0.5
j  jdk.internal.reflect.DelegatingMethodAccessorImpl.invoke(Ljava/lang/Object;[Ljava/lang/Object;)Ljava/lang/Object;+6 java.base@17.0.5
j  java.lang.reflect.Method.invoke(Ljava/lang/Object;[Ljava/lang/Object;)Ljava/lang/Object;+59 java.base@17.0.5
j  net.minecraftforge.fml.loading.targets.ForgeClientUserdevLaunchHandler.lambda$launchService$0([Ljava/lang/String;Ljava/lang/ModuleLayer;)V+47 fmlloader@1.19.2-43.2.0
j  net.minecraftforge.fml.loading.targets.ForgeClientUserdevLaunchHandler$$Lambda$856+0x0000000800fae7a8.run()V+12 fmlloader@1.19.2-43.2.0
j  cpw.mods.modlauncher.LaunchServiceHandlerDecorator.launch([Ljava/lang/String;Ljava/lang/ModuleLayer;)V+11 cpw.mods.modlauncher@10.0.8
j  cpw.mods.modlauncher.LaunchServiceHandler.launch(Ljava/lang/String;[Ljava/lang/String;Ljava/lang/ModuleLayer;Lcpw/mods/modlauncher/TransformingClassLoader;Lcpw/mods/modlauncher/LaunchPluginHandler;)V+58 cpw.mods.modlauncher@10.0.8
j  cpw.mods.modlauncher.LaunchServiceHandler.launch(Lcpw/mods/modlauncher/ArgumentHandler;Ljava/lang/ModuleLayer;Lcpw/mods/modlauncher/TransformingClassLoader;Lcpw/mods/modlauncher/LaunchPluginHandler;)V+21 cpw.mods.modlauncher@10.0.8
j  cpw.mods.modlauncher.Launcher.run([Ljava/lang/String;)V+310 cpw.mods.modlauncher@10.0.8
j  cpw.mods.modlauncher.Launcher.main([Ljava/lang/String;)V+78 cpw.mods.modlauncher@10.0.8
j  cpw.mods.modlauncher.BootstrapLaunchConsumer.accept([Ljava/lang/String;)V+1 cpw.mods.modlauncher@10.0.8
j  cpw.mods.modlauncher.BootstrapLaunchConsumer.accept(Ljava/lang/Object;)V+5 cpw.mods.modlauncher@10.0.8
j  cpw.mods.bootstraplauncher.BootstrapLauncher.main([Ljava/lang/String;)V+515 cpw.mods.bootstraplauncher@1.1.2
v  ~StubRoutines::call_stub

siginfo: EXCEPTION_ACCESS_VIOLATION (0xc0000005), reading address 0xffffffffffffffff


Register to memory mapping:

RIP=0x00007ffdd5882b60 atio6axx.dll
RAX=0x0 is NULL
RBX=0x00007ffdd90c33b0 atio6axx.dll
RCX=0x6e6f6d6d6f635c73 is an unknown value
RDX=0x00000000000000d0 is an unknown value
RSP=0x00000039b7ffadd8 is pointing into the stack for thread: 0x0000015d456ddbd0
RBP=0x00000039b7ffaf40 is pointing into the stack for thread: 0x0000015d456ddbd0
RSI=0x00007ffdd8fd2d40 atio6axx.dll
RDI=0x00000039b7ffb230 is pointing into the stack for thread: 0x0000015d456ddbd0
R8 =0x00000000000001a5 is an unknown value
R9 =0x6e6f6d6d6f635c73 is an unknown value
R10=0x0 is NULL
R11=0x0000000000000200 is an unknown value
R12=0x00007ffdd90c3408 atio6axx.dll
R13=0x00007ffdd90c5c08 atio6axx.dll
R14=0x00007ffdd90c33b0 atio6axx.dll
R15=0x0 is NULL


Registers:
RAX=0x0000000000000000, RBX=0x00007ffdd90c33b0, RCX=0x6e6f6d6d6f635c73, RDX=0x00000000000000d0
RSP=0x00000039b7ffadd8, RBP=0x00000039b7ffaf40, RSI=0x00007ffdd8fd2d40, RDI=0x00000039b7ffb230
R8 =0x00000000000001a5, R9 =0x6e6f6d6d6f635c73, R10=0x0000000000000000, R11=0x0000000000000200
R12=0x00007ffdd90c3408, R13=0x00007ffdd90c5c08, R14=0x00007ffdd90c33b0, R15=0x0000000000000000
RIP=0x00007ffdd5882b60, EFLAGS=0x0000000000010202

Top of Stack: (sp=0x00000039b7ffadd8)
0x00000039b7ffadd8:   00007ffdd5882e7c 00007ffdd90c6020
0x00000039b7ffade8:   0000015d72c12018 0000000000000000
0x00000039b7ffadf8:   00007ffdd5883e8d 00000039b7ffb230
0x00000039b7ffae08:   00007ffdd583f484 00007ffdd90c33b0
0x00000039b7ffae18:   00007ffdd8fd2d40 0000652e6176616a
0x00000039b7ffae28:   0000b1ef408275aa 00000039b7ffb230
0x00000039b7ffae38:   00007ffdd5840457 00007ffdd90c33b8
0x00000039b7ffae48:   00007ffdd8fd2d40 00007ffdd8fd2d40
0x00000039b7ffae58:   00000039b7ffad48 00007ffdd90c33b0
0x00000039b7ffae68:   00007ffe00000000 0000000000000009
0x00000039b7ffae78:   0000015d6a855fac 0000015d6a856108
0x00000039b7ffae88:   00007ffdd90c33b8 00000039b7ffb230
0x00000039b7ffae98:   00000039b7ffafed 00007f006176616a
0x00000039b7ffaea8:   00007f006176616a 46676e697274535c
0x00000039b7ffaeb8:   5c6f666e49656c69 3062343039303430
0x00000039b7ffaec8:   726556656c69465c 000000006e6f6973 

Instructions: (pc=0x00007ffdd5882b60)
0x00007ffdd5882a60:   74 09 33 c9 ff 15 e6 89 66 03 90 48 8b c3 48 83
0x00007ffdd5882a70:   c4 20 5b c3 cc cc cc cc cc cc cc cc cc cc cc cc
0x00007ffdd5882a80:   48 83 ec 28 48 8b 51 08 48 85 d2 74 09 33 c9 ff
0x00007ffdd5882a90:   15 bb 89 66 03 90 48 83 c4 28 c3 cc cc cc cc cc
0x00007ffdd5882aa0:   48 89 11 c3 cc cc cc cc cc cc cc cc cc cc cc cc
0x00007ffdd5882ab0:   48 8b c1 c3 cc cc cc cc cc cc cc cc cc cc cc cc
0x00007ffdd5882ac0:   48 3b ca 74 10 41 8b 00 39 01 74 09 48 83 c1 04
0x00007ffdd5882ad0:   48 3b ca 75 f3 48 8b c1 c3 cc cc cc cc cc cc cc
0x00007ffdd5882ae0:   48 8b c1 c3 cc cc cc cc cc cc cc cc cc cc cc cc
0x00007ffdd5882af0:   48 83 39 00 0f 94 c0 c3 cc cc cc cc cc cc cc cc
0x00007ffdd5882b00:   4c 8d 04 d5 00 00 00 00 33 d2 e9 c1 d0 dd 01 cc
0x00007ffdd5882b10:   4c 8b 41 08 48 8b 02 49 89 00 48 83 41 08 08 c3
0x00007ffdd5882b20:   48 8b c1 c3 cc cc cc cc cc cc cc cc cc cc cc cc
0x00007ffdd5882b30:   48 8b c1 c3 cc cc cc cc cc cc cc cc cc cc cc cc
0x00007ffdd5882b40:   49 8b 00 48 89 02 c3 cc cc cc cc cc cc cc cc cc
0x00007ffdd5882b50:   8b 81 40 39 00 00 c3 cc cc cc cc cc cc cc cc cc
0x00007ffdd5882b60:   8b 81 40 39 00 00 83 c0 f0 83 f8 67 0f 87 5a 01
0x00007ffdd5882b70:   00 00 48 8d 15 87 d4 e6 ff 0f b6 84 02 f0 2c 19
0x00007ffdd5882b80:   00 8b 8c 82 d0 2c 19 00 48 03 ca ff e1 48 8b 0d
0x00007ffdd5882b90:   6c 6f 7e 03 83 b9 b4 34 00 00 02 0f 87 2b 01 00
0x00007ffdd5882ba0:   00 48 8d 91 0c 29 00 00 c7 02 e1 00 00 00 e9 ce
0x00007ffdd5882bb0:   00 00 00 48 8b 0d 46 6f 7e 03 83 b9 b4 34 00 00
0x00007ffdd5882bc0:   02 0f 87 05 01 00 00 48 8d 91 0c 29 00 00 c7 02
0x00007ffdd5882bd0:   f0 00 00 00 e9 a8 00 00 00 48 8b 0d 20 6f 7e 03
0x00007ffdd5882be0:   83 b9 b4 34 00 00 02 0f 87 df 00 00 00 48 8d 91
0x00007ffdd5882bf0:   0c 29 00 00 c7 02 00 04 00 00 e9 82 00 00 00 48
0x00007ffdd5882c00:   8b 0d fa 6e 7e 03 83 b9 b4 34 00 00 02 0f 87 b9
0x00007ffdd5882c10:   00 00 00 48 8d 91 0c 29 00 00 c7 02 00 08 00 00
0x00007ffdd5882c20:   eb 5f 48 8b 0d d7 6e 7e 03 83 b9 b4 34 00 00 02
0x00007ffdd5882c30:   0f 87 96 00 00 00 48 8d 91 0c 29 00 00 c7 02 00
0x00007ffdd5882c40:   09 00 00 eb 3c 48 8b 0d b4 6e 7e 03 83 b9 b4 34
0x00007ffdd5882c50:   00 00 02 77 77 48 8d 91 0c 29 00 00 c7 02 3c 0f 


Stack slot to memory mapping:
stack at sp + 0 slots: 0x00007ffdd5882e7c atio6axx.dll
stack at sp + 1 slots: 0x00007ffdd90c6020 atio6axx.dll
stack at sp + 2 slots: 0x0000015d72c12018 points into unknown readable memory: 0x00007ffdd88cf5f0 | f0 f5 8c d8 fd 7f 00 00
stack at sp + 3 slots: 0x0 is NULL
stack at sp + 4 slots: 0x00007ffdd5883e8d atio6axx.dll
stack at sp + 5 slots: 0x00000039b7ffb230 is pointing into the stack for thread: 0x0000015d456ddbd0
stack at sp + 6 slots: 0x00007ffdd583f484 atio6axx.dll
stack at sp + 7 slots: 0x00007ffdd90c33b0 atio6axx.dll


---------------  P R O C E S S  ---------------

Threads class SMR info:
_java_thread_list=0x0000015d72c4b4e0, length=18, elements={
0x0000015d456ddbd0, 0x0000015d68f6f860, 0x0000015d68f74150, 0x0000015d69c689f0,
0x0000015d69c6d2c0, 0x0000015d69c6eb90, 0x0000015d69c71460, 0x0000015d69c72d90,
0x0000015d69c73690, 0x0000015d69c870f0, 0x0000015d69d7cf40, 0x0000015d69d97ec0,
0x0000015d69e482d0, 0x0000015d6a16f4b0, 0x0000015d6b1a6ae0, 0x0000015d6c4c92f0,
0x0000015d6ab1e290, 0x0000015d6b1ce2d0
}

Java Threads: ( => current thread )
=>0x0000015d456ddbd0 JavaThread "Render thread" [_thread_in_native, id=22592, stack(0x00000039b7f00000,0x00000039b8000000)]
  0x0000015d68f6f860 JavaThread "Reference Handler" daemon [_thread_blocked, id=16140, stack(0x00000039b8600000,0x00000039b8700000)]
  0x0000015d68f74150 JavaThread "Finalizer" daemon [_thread_blocked, id=6728, stack(0x00000039b8700000,0x00000039b8800000)]
  0x0000015d69c689f0 JavaThread "Signal Dispatcher" daemon [_thread_blocked, id=22808, stack(0x00000039b8800000,0x00000039b8900000)]
  0x0000015d69c6d2c0 JavaThread "Attach Listener" daemon [_thread_blocked, id=18348, stack(0x00000039b8900000,0x00000039b8a00000)]
  0x0000015d69c6eb90 JavaThread "Service Thread" daemon [_thread_blocked, id=17688, stack(0x00000039b8a00000,0x00000039b8b00000)]
  0x0000015d69c71460 JavaThread "Monitor Deflation Thread" daemon [_thread_blocked, id=20180, stack(0x00000039b8b00000,0x00000039b8c00000)]
  0x0000015d69c72d90 JavaThread "C2 CompilerThread0" daemon [_thread_blocked, id=21428, stack(0x00000039b8c00000,0x00000039b8d00000)]
  0x0000015d69c73690 JavaThread "C1 CompilerThread0" daemon [_thread_blocked, id=15156, stack(0x00000039b8d00000,0x00000039b8e00000)]
  0x0000015d69c870f0 JavaThread "Sweeper thread" daemon [_thread_blocked, id=3764, stack(0x00000039b8e00000,0x00000039b8f00000)]
  0x0000015d69d7cf40 JavaThread "Common-Cleaner" daemon [_thread_blocked, id=3512, stack(0x00000039b8f00000,0x00000039b9000000)]
  0x0000015d69d97ec0 JavaThread "C2 CompilerThread1" daemon [_thread_blocked, id=17748, stack(0x00000039b9000000,0x00000039b9100000)]
  0x0000015d69e482d0 JavaThread "Notification Thread" daemon [_thread_blocked, id=19752, stack(0x00000039b9100000,0x00000039b9200000)]
  0x0000015d6a16f4b0 JavaThread "C2 CompilerThread2" daemon [_thread_blocked, id=20792, stack(0x00000039b9300000,0x00000039b9400000)]
  0x0000015d6b1a6ae0 JavaThread "Thread-0" daemon [_thread_blocked, id=18884, stack(0x00000039b9a00000,0x00000039b9b00000)]
  0x0000015d6c4c92f0 JavaThread "FileSystemWatchService" daemon [_thread_in_native, id=21580, stack(0x00000039b9b00000,0x00000039b9c00000)]
  0x0000015d6ab1e290 JavaThread "pool-2-thread-1" daemon [_thread_blocked, id=20568, stack(0x00000039b9e00000,0x00000039b9f00000)]
  0x0000015d6b1ce2d0 JavaThread "Timer hack thread" daemon [_thread_blocked, id=21492, stack(0x00000039ba200000,0x00000039ba300000)]

Other Threads:
  0x0000015d68f662e0 VMThread "VM Thread" [stack: 0x00000039b8500000,0x00000039b8600000] [id=15896]
  0x0000015d456de840 WatcherThread [stack: 0x00000039b9200000,0x00000039b9300000] [id=26196]
  0x0000015d45740790 GCTaskThread "GC Thread#0" [stack: 0x00000039b8000000,0x00000039b8100000] [id=13308]
  0x0000015d6a16fd70 GCTaskThread "GC Thread#1" [stack: 0x00000039b9400000,0x00000039b9500000] [id=11232]
  0x0000015d6a170020 GCTaskThread "GC Thread#2" [stack: 0x00000039b9500000,0x00000039b9600000] [id=4364]
  0x0000015d6a1702d0 GCTaskThread "GC Thread#3" [stack: 0x00000039b9600000,0x00000039b9700000] [id=20956]
  0x0000015d6a170580 GCTaskThread "GC Thread#4" [stack: 0x00000039b9700000,0x00000039b9800000] [id=18980]
  0x0000015d6ca67ad0 GCTaskThread "GC Thread#5" [stack: 0x00000039b9800000,0x00000039b9900000] [id=21588]
  0x0000015d6c53f6f0 GCTaskThread "GC Thread#6" [stack: 0x00000039b9900000,0x00000039b9a00000] [id=21064]
  0x0000015d6cecda40 GCTaskThread "GC Thread#7" [stack: 0x00000039b9c00000,0x00000039b9d00000] [id=22264]
  0x0000015d4576beb0 ConcurrentGCThread "G1 Main Marker" [stack: 0x00000039b8100000,0x00000039b8200000] [id=11108]
  0x0000015d4576de10 ConcurrentGCThread "G1 Conc#0" [stack: 0x00000039b8200000,0x00000039b8300000] [id=13848]
  0x0000015d6d2130a0 ConcurrentGCThread "G1 Conc#1" [stack: 0x00000039b9d00000,0x00000039b9e00000] [id=20408]
  0x0000015d4577e840 ConcurrentGCThread "G1 Refine#0" [stack: 0x00000039b8300000,0x00000039b8400000] [id=18860]
  0x0000015d6b1e3c30 ConcurrentGCThread "G1 Refine#1" [stack: 0x00000039ba300000,0x00000039ba400000] [id=24920]
  0x0000015d6b1e3950 ConcurrentGCThread "G1 Refine#2" [stack: 0x00000039ba400000,0x00000039ba500000] [id=18120]
  0x0000015d6b1e41f0 ConcurrentGCThread "G1 Refine#3" [stack: 0x00000039ba500000,0x00000039ba600000] [id=5712]
  0x0000015d68e21f00 ConcurrentGCThread "G1 Service" [stack: 0x00000039b8400000,0x00000039b8500000] [id=10484]

Threads with active compile tasks:

VM state: not at safepoint (normal execution)

VM Mutex/Monitor currently owned by a thread: None

Heap address: 0x0000000720a00000, size: 3574 MB, Compressed Oops mode: Zero based, Oop shift amount: 3

CDS archive(s) mapped at: [0x0000000800000000-0x0000000800bc0000-0x0000000800bc0000), size 12320768, SharedBaseAddress: 0x0000000800000000, ArchiveRelocationMode: 0.
Compressed class space mapped at: 0x0000000800c00000-0x0000000840c00000, reserved size: 1073741824
Narrow klass base: 0x0000000800000000, Narrow klass shift: 0, Narrow klass range: 0x100000000

GC Precious Log:
 CPUs: 8 total, 8 available
 Memory: 14293M
 Large Page Support: Disabled
 NUMA Support: Disabled
 Compressed Oops: Enabled (Zero based)
 Heap Region Size: 2M
 Heap Min Capacity: 8M
 Heap Initial Capacity: 224M
 Heap Max Capacity: 3574M
 Pre-touch: Disabled
 Parallel Workers: 8
 Concurrent Workers: 2
 Concurrent Refinement Workers: 8
 Periodic GC: Disabled

Heap:
 garbage-first heap   total 425984K, used 300294K [0x0000000720a00000, 0x0000000800000000)
  region size 2048K, 73 young (149504K), 3 survivors (6144K)
 Metaspace       used 65580K, committed 66752K, reserved 1105920K
  class space    used 9950K, committed 10432K, reserved 1048576K

Heap Regions: E=young(eden), S=young(survivor), O=old, HS=humongous(starts), HC=humongous(continues), CS=collection set, F=free, OA=open archive, CA=closed archive, TAMS=top-at-mark-start (previous, next)
|   0|0x0000000720a00000, 0x0000000720c00000, 0x0000000720c00000|100%|HS|  |TAMS 0x0000000720c00000, 0x0000000720a00000| Complete 
|   1|0x0000000720c00000, 0x0000000720e00000, 0x0000000720e00000|100%| O|  |TAMS 0x0000000720e00000, 0x0000000720c00000| Untracked 
|   2|0x0000000720e00000, 0x0000000721000000, 0x0000000721000000|100%|HS|  |TAMS 0x0000000721000000, 0x0000000720e00000| Complete 
|   3|0x0000000721000000, 0x0000000721200000, 0x0000000721200000|100%| O|  |TAMS 0x0000000721200000, 0x0000000721000000| Untracked 
|   4|0x0000000721200000, 0x0000000721400000, 0x0000000721400000|100%| O|  |TAMS 0x0000000721400000, 0x0000000721200000| Untracked 
|   5|0x0000000721400000, 0x0000000721600000, 0x0000000721600000|100%| O|  |TAMS 0x0000000721600000, 0x0000000721400000| Untracked 
|   6|0x0000000721600000, 0x0000000721800000, 0x0000000721800000|100%|HS|  |TAMS 0x0000000721800000, 0x0000000721600000| Complete 
|   7|0x0000000721800000, 0x0000000721a00000, 0x0000000721a00000|100%|HS|  |TAMS 0x0000000721a00000, 0x0000000721800000| Complete 
|   8|0x0000000721a00000, 0x0000000721c00000, 0x0000000721c00000|100%| O|  |TAMS 0x0000000721c00000, 0x0000000721a00000| Untracked 
|   9|0x0000000721c00000, 0x0000000721e00000, 0x0000000721e00000|100%| O|  |TAMS 0x0000000721e00000, 0x0000000721c00000| Untracked 
|  10|0x0000000721e00000, 0x0000000722000000, 0x0000000722000000|100%| O|  |TAMS 0x0000000722000000, 0x0000000721e00000| Untracked 
|  11|0x0000000722000000, 0x0000000722200000, 0x0000000722200000|100%| O|  |TAMS 0x0000000722200000, 0x0000000722000000| Untracked 
|  12|0x0000000722200000, 0x0000000722400000, 0x0000000722400000|100%|HS|  |TAMS 0x0000000722400000, 0x0000000722200000| Complete 
|  13|0x0000000722400000, 0x0000000722600000, 0x0000000722600000|100%| O|  |TAMS 0x0000000722600000, 0x0000000722400000| Untracked 
|  14|0x0000000722600000, 0x0000000722800000, 0x0000000722800000|100%| O|  |TAMS 0x0000000722800000, 0x0000000722600000| Untracked 
|  15|0x0000000722800000, 0x0000000722a00000, 0x0000000722a00000|100%| O|  |TAMS 0x0000000722a00000, 0x0000000722800000| Untracked 
|  16|0x0000000722a00000, 0x0000000722c00000, 0x0000000722c00000|100%| O|  |TAMS 0x0000000722c00000, 0x0000000722a00000| Untracked 
|  17|0x0000000722c00000, 0x0000000722e00000, 0x0000000722e00000|100%| O|  |TAMS 0x0000000722e00000, 0x0000000722c00000| Untracked 
|  18|0x0000000722e00000, 0x0000000723000000, 0x0000000723000000|100%| O|  |TAMS 0x0000000723000000, 0x0000000722e00000| Untracked 
|  19|0x0000000723000000, 0x0000000723200000, 0x0000000723200000|100%| O|  |TAMS 0x0000000723200000, 0x0000000723000000| Untracked 
|  20|0x0000000723200000, 0x0000000723400000, 0x0000000723400000|100%| O|  |TAMS 0x0000000723400000, 0x0000000723200000| Untracked 
|  21|0x0000000723400000, 0x0000000723600000, 0x0000000723600000|100%| O|  |TAMS 0x0000000723600000, 0x0000000723400000| Untracked 
|  22|0x0000000723600000, 0x0000000723623000, 0x0000000723800000|  6%| O|  |TAMS 0x0000000723623000, 0x0000000723600000| Complete 
|  23|0x0000000723800000, 0x0000000723a00000, 0x0000000723a00000|100%| O|  |TAMS 0x0000000723a00000, 0x0000000723800000| Untracked 
|  24|0x0000000723a00000, 0x0000000723c00000, 0x0000000723c00000|100%| O|  |TAMS 0x0000000723c00000, 0x0000000723a00000| Untracked 
|  25|0x0000000723c00000, 0x0000000723e00000, 0x0000000723e00000|100%| O|  |TAMS 0x0000000723e00000, 0x0000000723c00000| Untracked 
|  26|0x0000000723e00000, 0x0000000724000000, 0x0000000724000000|100%| O|  |TAMS 0x0000000724000000, 0x0000000723e00000| Untracked 
|  27|0x0000000724000000, 0x0000000724200000, 0x0000000724200000|100%| O|  |TAMS 0x0000000724200000, 0x0000000724000000| Untracked 
|  28|0x0000000724200000, 0x0000000724400000, 0x0000000724400000|100%| O|  |TAMS 0x0000000724400000, 0x0000000724200000| Untracked 
|  29|0x0000000724400000, 0x0000000724600000, 0x0000000724600000|100%| O|  |TAMS 0x0000000724600000, 0x0000000724400000| Untracked 
|  30|0x0000000724600000, 0x0000000724800000, 0x0000000724800000|100%| O|  |TAMS 0x0000000724800000, 0x0000000724600000| Untracked 
|  31|0x0000000724800000, 0x0000000724a00000, 0x0000000724a00000|100%| O|  |TAMS 0x0000000724a00000, 0x0000000724800000| Untracked 
|  32|0x0000000724a00000, 0x0000000724c00000, 0x0000000724c00000|100%| O|  |TAMS 0x0000000724c00000, 0x0000000724a00000| Untracked 
|  33|0x0000000724c00000, 0x0000000724e00000, 0x0000000724e00000|100%|HS|  |TAMS 0x0000000724e00000, 0x0000000724c00000| Complete 
|  34|0x0000000724e00000, 0x0000000725000000, 0x0000000725000000|100%|HC|  |TAMS 0x0000000725000000, 0x0000000724e00000| Complete 
|  35|0x0000000725000000, 0x0000000725200000, 0x0000000725200000|100%|HC|  |TAMS 0x0000000725200000, 0x0000000725000000| Complete 
|  36|0x0000000725200000, 0x0000000725400000, 0x0000000725400000|100%|HC|  |TAMS 0x0000000725400000, 0x0000000725200000| Complete 
|  37|0x0000000725400000, 0x0000000725600000, 0x0000000725600000|100%|HC|  |TAMS 0x0000000725600000, 0x0000000725400000| Complete 
|  38|0x0000000725600000, 0x0000000725800000, 0x0000000725800000|100%|HC|  |TAMS 0x0000000725800000, 0x0000000725600000| Complete 
|  39|0x0000000725800000, 0x0000000725a00000, 0x0000000725a00000|100%| O|  |TAMS 0x0000000725a00000, 0x0000000725800000| Untracked 
|  40|0x0000000725a00000, 0x0000000725c00000, 0x0000000725c00000|100%| O|  |TAMS 0x0000000725c00000, 0x0000000725a00000| Untracked 
|  41|0x0000000725c00000, 0x0000000725e00000, 0x0000000725e00000|100%| O|  |TAMS 0x0000000725e00000, 0x0000000725c00000| Untracked 
|  42|0x0000000725e00000, 0x0000000726000000, 0x0000000726000000|100%| O|  |TAMS 0x0000000726000000, 0x0000000725e00000| Untracked 
|  43|0x0000000726000000, 0x0000000726200000, 0x0000000726200000|100%| O|  |TAMS 0x0000000726200000, 0x0000000726000000| Untracked 
|  44|0x0000000726200000, 0x0000000726400000, 0x0000000726400000|100%| O|  |TAMS 0x0000000726400000, 0x0000000726200000| Untracked 
|  45|0x0000000726400000, 0x0000000726600000, 0x0000000726600000|100%| O|  |TAMS 0x0000000726600000, 0x0000000726400000| Untracked 
|  46|0x0000000726600000, 0x0000000726800000, 0x0000000726800000|100%| O|  |TAMS 0x0000000726800000, 0x0000000726600000| Untracked 
|  47|0x0000000726800000, 0x0000000726a00000, 0x0000000726a00000|100%| O|  |TAMS 0x0000000726a00000, 0x0000000726800000| Untracked 
|  48|0x0000000726a00000, 0x0000000726c00000, 0x0000000726c00000|100%| O|  |TAMS 0x0000000726c00000, 0x0000000726a00000| Untracked 
|  49|0x0000000726c00000, 0x0000000726e00000, 0x0000000726e00000|100%| O|  |TAMS 0x0000000726e00000, 0x0000000726c00000| Untracked 
|  50|0x0000000726e00000, 0x0000000727000000, 0x0000000727000000|100%| O|  |TAMS 0x0000000727000000, 0x0000000726e00000| Untracked 
|  51|0x0000000727000000, 0x0000000727200000, 0x0000000727200000|100%| O|  |TAMS 0x0000000727200000, 0x0000000727000000| Untracked 
|  52|0x0000000727200000, 0x0000000727400000, 0x0000000727400000|100%| O|  |TAMS 0x0000000727400000, 0x0000000727200000| Untracked 
|  53|0x0000000727400000, 0x0000000727600000, 0x0000000727600000|100%| O|  |TAMS 0x0000000727600000, 0x0000000727400000| Untracked 
|  54|0x0000000727600000, 0x0000000727800000, 0x0000000727800000|100%| O|  |TAMS 0x0000000727800000, 0x0000000727600000| Untracked 
|  55|0x0000000727800000, 0x0000000727a00000, 0x0000000727a00000|100%| O|  |TAMS 0x0000000727a00000, 0x0000000727800000| Untracked 
|  56|0x0000000727a00000, 0x0000000727c00000, 0x0000000727c00000|100%| O|  |TAMS 0x0000000727c00000, 0x0000000727a00000| Untracked 
|  57|0x0000000727c00000, 0x0000000727e00000, 0x0000000727e00000|100%| O|  |TAMS 0x0000000727e00000, 0x0000000727c00000| Untracked 
|  58|0x0000000727e00000, 0x0000000728000000, 0x0000000728000000|100%| O|  |TAMS 0x0000000728000000, 0x0000000727e00000| Untracked 
|  59|0x0000000728000000, 0x0000000728200000, 0x0000000728200000|100%| O|  |TAMS 0x0000000728200000, 0x0000000728000000| Untracked 
|  60|0x0000000728200000, 0x0000000728400000, 0x0000000728400000|100%| O|  |TAMS 0x0000000728400000, 0x0000000728200000| Untracked 
|  61|0x0000000728400000, 0x0000000728600000, 0x0000000728600000|100%| O|  |TAMS 0x0000000728600000, 0x0000000728400000| Untracked 
|  62|0x0000000728600000, 0x0000000728800000, 0x0000000728800000|100%| O|  |TAMS 0x0000000728800000, 0x0000000728600000| Untracked 
|  63|0x0000000728800000, 0x0000000728a00000, 0x0000000728a00000|100%| O|  |TAMS 0x0000000728a00000, 0x0000000728800000| Untracked 
|  64|0x0000000728a00000, 0x0000000728c00000, 0x0000000728c00000|100%| O|  |TAMS 0x0000000728c00000, 0x0000000728a00000| Untracked 
|  65|0x0000000728c00000, 0x0000000728e00000, 0x0000000728e00000|100%| O|  |TAMS 0x0000000728e00000, 0x0000000728c00000| Untracked 
|  66|0x0000000728e00000, 0x0000000729000000, 0x0000000729000000|100%| O|  |TAMS 0x0000000729000000, 0x0000000728e00000| Untracked 
|  67|0x0000000729000000, 0x0000000729200000, 0x0000000729200000|100%| O|  |TAMS 0x0000000729200000, 0x0000000729000000| Untracked 
|  68|0x0000000729200000, 0x0000000729400000, 0x0000000729400000|100%| O|  |TAMS 0x0000000729400000, 0x0000000729200000| Untracked 
|  69|0x0000000729400000, 0x0000000729600000, 0x0000000729600000|100%| O|  |TAMS 0x0000000729600000, 0x0000000729400000| Untracked 
|  70|0x0000000729600000, 0x0000000729800000, 0x0000000729800000|100%| O|  |TAMS 0x0000000729600000, 0x0000000729600000| Untracked 
|  71|0x0000000729800000, 0x0000000729a00000, 0x0000000729a00000|100%| O|  |TAMS 0x0000000729977e00, 0x0000000729800000| Untracked 
|  72|0x0000000729a00000, 0x0000000729c00000, 0x0000000729c00000|100%| O|  |TAMS 0x0000000729a00000, 0x0000000729a00000| Untracked 
|  73|0x0000000729c00000, 0x0000000729e00000, 0x0000000729e00000|100%| O|  |TAMS 0x0000000729c00000, 0x0000000729c00000| Untracked 
|  74|0x0000000729e00000, 0x000000072a000000, 0x000000072a000000|100%| O|  |TAMS 0x0000000729e00000, 0x0000000729e00000| Untracked 
|  75|0x000000072a000000, 0x000000072a1e0800, 0x000000072a200000| 93%| O|  |TAMS 0x000000072a000000, 0x000000072a000000| Untracked 
|  76|0x000000072a200000, 0x000000072a200000, 0x000000072a400000|  0%| F|  |TAMS 0x000000072a200000, 0x000000072a200000| Untracked 
|  77|0x000000072a400000, 0x000000072a400000, 0x000000072a600000|  0%| F|  |TAMS 0x000000072a400000, 0x000000072a400000| Untracked 
|  78|0x000000072a600000, 0x000000072a600000, 0x000000072a800000|  0%| F|  |TAMS 0x000000072a600000, 0x000000072a600000| Untracked 
|  79|0x000000072a800000, 0x000000072a800000, 0x000000072aa00000|  0%| F|  |TAMS 0x000000072a800000, 0x000000072a800000| Untracked 
|  80|0x000000072aa00000, 0x000000072aa00000, 0x000000072ac00000|  0%| F|  |TAMS 0x000000072aa00000, 0x000000072aa00000| Untracked 
|  81|0x000000072ac00000, 0x000000072ac00000, 0x000000072ae00000|  0%| F|  |TAMS 0x000000072ac00000, 0x000000072ac00000| Untracked 
|  82|0x000000072ae00000, 0x000000072ae00000, 0x000000072b000000|  0%| F|  |TAMS 0x000000072ae00000, 0x000000072ae00000| Untracked 
|  83|0x000000072b000000, 0x000000072b000000, 0x000000072b200000|  0%| F|  |TAMS 0x000000072b000000, 0x000000072b000000| Untracked 
|  84|0x000000072b200000, 0x000000072b200000, 0x000000072b400000|  0%| F|  |TAMS 0x000000072b200000, 0x000000072b200000| Untracked 
|  85|0x000000072b400000, 0x000000072b400000, 0x000000072b600000|  0%| F|  |TAMS 0x000000072b400000, 0x000000072b400000| Untracked 
|  86|0x000000072b600000, 0x000000072b600000, 0x000000072b800000|  0%| F|  |TAMS 0x000000072b600000, 0x000000072b600000| Untracked 
|  87|0x000000072b800000, 0x000000072b800000, 0x000000072ba00000|  0%| F|  |TAMS 0x000000072b800000, 0x000000072b800000| Untracked 
|  88|0x000000072ba00000, 0x000000072ba00000, 0x000000072bc00000|  0%| F|  |TAMS 0x000000072ba00000, 0x000000072ba00000| Untracked 
|  89|0x000000072bc00000, 0x000000072bc00000, 0x000000072be00000|  0%| F|  |TAMS 0x000000072bc00000, 0x000000072bc00000| Untracked 
|  90|0x000000072be00000, 0x000000072be00000, 0x000000072c000000|  0%| F|  |TAMS 0x000000072be00000, 0x000000072be00000| Untracked 
|  91|0x000000072c000000, 0x000000072c000000, 0x000000072c200000|  0%| F|  |TAMS 0x000000072c000000, 0x000000072c000000| Untracked 
|  92|0x000000072c200000, 0x000000072c200000, 0x000000072c400000|  0%| F|  |TAMS 0x000000072c200000, 0x000000072c200000| Untracked 
|  93|0x000000072c400000, 0x000000072c400000, 0x000000072c600000|  0%| F|  |TAMS 0x000000072c400000, 0x000000072c400000| Untracked 
|  94|0x000000072c600000, 0x000000072c600000, 0x000000072c800000|  0%| F|  |TAMS 0x000000072c600000, 0x000000072c600000| Untracked 
|  95|0x000000072c800000, 0x000000072c800000, 0x000000072ca00000|  0%| F|  |TAMS 0x000000072c800000, 0x000000072c800000| Untracked 
|  96|0x000000072ca00000, 0x000000072ca00000, 0x000000072cc00000|  0%| F|  |TAMS 0x000000072ca00000, 0x000000072ca00000| Untracked 
|  97|0x000000072cc00000, 0x000000072cc00000, 0x000000072ce00000|  0%| F|  |TAMS 0x000000072cc00000, 0x000000072cc00000| Untracked 
|  98|0x000000072ce00000, 0x000000072ce00000, 0x000000072d000000|  0%| F|  |TAMS 0x000000072ce00000, 0x000000072ce00000| Untracked 
|  99|0x000000072d000000, 0x000000072d000000, 0x000000072d200000|  0%| F|  |TAMS 0x000000072d000000, 0x000000072d000000| Untracked 
| 100|0x000000072d200000, 0x000000072d200000, 0x000000072d400000|  0%| F|  |TAMS 0x000000072d200000, 0x000000072d200000| Untracked 
| 101|0x000000072d400000, 0x000000072d400000, 0x000000072d600000|  0%| F|  |TAMS 0x000000072d400000, 0x000000072d400000| Untracked 
| 102|0x000000072d600000, 0x000000072d600000, 0x000000072d800000|  0%| F|  |TAMS 0x000000072d600000, 0x000000072d600000| Untracked 
| 103|0x000000072d800000, 0x000000072d93e360, 0x000000072da00000| 62%| S|CS|TAMS 0x000000072d800000, 0x000000072d800000| Complete 
| 104|0x000000072da00000, 0x000000072dc00000, 0x000000072dc00000|100%| S|CS|TAMS 0x000000072da00000, 0x000000072da00000| Complete 
| 105|0x000000072dc00000, 0x000000072de00000, 0x000000072de00000|100%| S|CS|TAMS 0x000000072dc00000, 0x000000072dc00000| Complete 
| 106|0x000000072de00000, 0x000000072de00000, 0x000000072e000000|  0%| F|  |TAMS 0x000000072de00000, 0x000000072de00000| Untracked 
| 107|0x000000072e000000, 0x000000072e000000, 0x000000072e200000|  0%| F|  |TAMS 0x000000072e000000, 0x000000072e000000| Untracked 
| 108|0x000000072e200000, 0x000000072e200000, 0x000000072e400000|  0%| F|  |TAMS 0x000000072e200000, 0x000000072e200000| Untracked 
| 109|0x000000072e400000, 0x000000072e400000, 0x000000072e600000|  0%| F|  |TAMS 0x000000072e400000, 0x000000072e400000| Untracked 
| 110|0x000000072e600000, 0x000000072e600000, 0x000000072e800000|  0%| F|  |TAMS 0x000000072e600000, 0x000000072e600000| Untracked 
| 111|0x000000072e800000, 0x000000072e800000, 0x000000072ea00000|  0%| F|  |TAMS 0x000000072e800000, 0x000000072e800000| Untracked 
| 112|0x000000072ea00000, 0x000000072ea00000, 0x000000072ec00000|  0%| F|  |TAMS 0x000000072ea00000, 0x000000072ea00000| Untracked 
| 113|0x000000072ec00000, 0x000000072ec00000, 0x000000072ee00000|  0%| F|  |TAMS 0x000000072ec00000, 0x000000072ec00000| Untracked 
| 114|0x000000072ee00000, 0x000000072ee00000, 0x000000072f000000|  0%| F|  |TAMS 0x000000072ee00000, 0x000000072ee00000| Untracked 
| 115|0x000000072f000000, 0x000000072f000000, 0x000000072f200000|  0%| F|  |TAMS 0x000000072f000000, 0x000000072f000000| Untracked 
| 116|0x000000072f200000, 0x000000072f200000, 0x000000072f400000|  0%| F|  |TAMS 0x000000072f200000, 0x000000072f200000| Untracked 
| 117|0x000000072f400000, 0x000000072f400000, 0x000000072f600000|  0%| F|  |TAMS 0x000000072f400000, 0x000000072f400000| Untracked 
| 118|0x000000072f600000, 0x000000072f600000, 0x000000072f800000|  0%| F|  |TAMS 0x000000072f600000, 0x000000072f600000| Untracked 
| 119|0x000000072f800000, 0x000000072f800000, 0x000000072fa00000|  0%| F|  |TAMS 0x000000072f800000, 0x000000072f800000| Untracked 
| 120|0x000000072fa00000, 0x000000072fa00000, 0x000000072fc00000|  0%| F|  |TAMS 0x000000072fa00000, 0x000000072fa00000| Untracked 
| 121|0x000000072fc00000, 0x000000072fc00000, 0x000000072fe00000|  0%| F|  |TAMS 0x000000072fc00000, 0x000000072fc00000| Untracked 
| 122|0x000000072fe00000, 0x000000072fe00000, 0x0000000730000000|  0%| F|  |TAMS 0x000000072fe00000, 0x000000072fe00000| Untracked 
| 123|0x0000000730000000, 0x0000000730000000, 0x0000000730200000|  0%| F|  |TAMS 0x0000000730000000, 0x0000000730000000| Untracked 
| 124|0x0000000730200000, 0x0000000730200000, 0x0000000730400000|  0%| F|  |TAMS 0x0000000730200000, 0x0000000730200000| Untracked 
| 125|0x0000000730400000, 0x0000000730400000, 0x0000000730600000|  0%| F|  |TAMS 0x0000000730400000, 0x0000000730400000| Untracked 
| 126|0x0000000730600000, 0x0000000730600000, 0x0000000730800000|  0%| F|  |TAMS 0x0000000730600000, 0x0000000730600000| Untracked 
| 127|0x0000000730800000, 0x0000000730800000, 0x0000000730a00000|  0%| F|  |TAMS 0x0000000730800000, 0x0000000730800000| Untracked 
| 128|0x0000000730a00000, 0x0000000730a00000, 0x0000000730c00000|  0%| F|  |TAMS 0x0000000730a00000, 0x0000000730a00000| Untracked 
| 129|0x0000000730c00000, 0x0000000730c00000, 0x0000000730e00000|  0%| F|  |TAMS 0x0000000730c00000, 0x0000000730c00000| Untracked 
| 130|0x0000000730e00000, 0x0000000730e00000, 0x0000000731000000|  0%| F|  |TAMS 0x0000000730e00000, 0x0000000730e00000| Untracked 
| 131|0x0000000731000000, 0x0000000731000000, 0x0000000731200000|  0%| F|  |TAMS 0x0000000731000000, 0x0000000731000000| Untracked 
| 132|0x0000000731200000, 0x0000000731200000, 0x0000000731400000|  0%| F|  |TAMS 0x0000000731200000, 0x0000000731200000| Untracked 
| 133|0x0000000731400000, 0x0000000731400000, 0x0000000731600000|  0%| F|  |TAMS 0x0000000731400000, 0x0000000731400000| Untracked 
| 134|0x0000000731600000, 0x0000000731600000, 0x0000000731800000|  0%| F|  |TAMS 0x0000000731600000, 0x0000000731600000| Untracked 
| 135|0x0000000731800000, 0x0000000731800000, 0x0000000731a00000|  0%| F|  |TAMS 0x0000000731800000, 0x0000000731800000| Untracked 
| 136|0x0000000731a00000, 0x0000000731a00000, 0x0000000731c00000|  0%| F|  |TAMS 0x0000000731a00000, 0x0000000731a00000| Untracked 
| 137|0x0000000731c00000, 0x0000000731c00000, 0x0000000731e00000|  0%| F|  |TAMS 0x0000000731c00000, 0x0000000731c00000| Untracked 
| 138|0x0000000731e00000, 0x0000000731e01278, 0x0000000732000000|  0%| E|  |TAMS 0x0000000731e00000, 0x0000000731e00000| Complete 
| 139|0x0000000732000000, 0x0000000732200000, 0x0000000732200000|100%| E|CS|TAMS 0x0000000732000000, 0x0000000732000000| Complete 
| 140|0x0000000732200000, 0x0000000732400000, 0x0000000732400000|100%| E|CS|TAMS 0x0000000732200000, 0x0000000732200000| Complete 
| 141|0x0000000732400000, 0x0000000732600000, 0x0000000732600000|100%| E|CS|TAMS 0x0000000732400000, 0x0000000732400000| Complete 
| 142|0x0000000732600000, 0x0000000732800000, 0x0000000732800000|100%| E|CS|TAMS 0x0000000732600000, 0x0000000732600000| Complete 
| 143|0x0000000732800000, 0x0000000732a00000, 0x0000000732a00000|100%| E|CS|TAMS 0x0000000732800000, 0x0000000732800000| Complete 
| 144|0x0000000732a00000, 0x0000000732c00000, 0x0000000732c00000|100%| E|CS|TAMS 0x0000000732a00000, 0x0000000732a00000| Complete 
| 145|0x0000000732c00000, 0x0000000732e00000, 0x0000000732e00000|100%| E|CS|TAMS 0x0000000732c00000, 0x0000000732c00000| Complete 
| 146|0x0000000732e00000, 0x0000000733000000, 0x0000000733000000|100%| E|CS|TAMS 0x0000000732e00000, 0x0000000732e00000| Complete 
| 147|0x0000000733000000, 0x0000000733200000, 0x0000000733200000|100%| E|CS|TAMS 0x0000000733000000, 0x0000000733000000| Complete 
| 148|0x0000000733200000, 0x0000000733400000, 0x0000000733400000|100%| E|CS|TAMS 0x0000000733200000, 0x0000000733200000| Complete 
| 149|0x0000000733400000, 0x0000000733600000, 0x0000000733600000|100%| E|CS|TAMS 0x0000000733400000, 0x0000000733400000| Complete 
| 150|0x0000000733600000, 0x0000000733800000, 0x0000000733800000|100%| E|CS|TAMS 0x0000000733600000, 0x0000000733600000| Complete 
| 151|0x0000000733800000, 0x0000000733a00000, 0x0000000733a00000|100%| E|CS|TAMS 0x0000000733800000, 0x0000000733800000| Complete 
| 152|0x0000000733a00000, 0x0000000733c00000, 0x0000000733c00000|100%| E|CS|TAMS 0x0000000733a00000, 0x0000000733a00000| Complete 
| 153|0x0000000733c00000, 0x0000000733e00000, 0x0000000733e00000|100%| E|CS|TAMS 0x0000000733c00000, 0x0000000733c00000| Complete 
| 154|0x0000000733e00000, 0x0000000734000000, 0x0000000734000000|100%| E|CS|TAMS 0x0000000733e00000, 0x0000000733e00000| Complete 
| 155|0x0000000734000000, 0x0000000734200000, 0x0000000734200000|100%| E|CS|TAMS 0x0000000734000000, 0x0000000734000000| Complete 
| 156|0x0000000734200000, 0x0000000734400000, 0x0000000734400000|100%| E|CS|TAMS 0x0000000734200000, 0x0000000734200000| Complete 
| 157|0x0000000734400000, 0x0000000734600000, 0x0000000734600000|100%| E|CS|TAMS 0x0000000734400000, 0x0000000734400000| Complete 
| 158|0x0000000734600000, 0x0000000734800000, 0x0000000734800000|100%| E|CS|TAMS 0x0000000734600000, 0x0000000734600000| Complete 
| 159|0x0000000734800000, 0x0000000734a00000, 0x0000000734a00000|100%| E|CS|TAMS 0x0000000734800000, 0x0000000734800000| Complete 
| 160|0x0000000734a00000, 0x0000000734c00000, 0x0000000734c00000|100%| E|CS|TAMS 0x0000000734a00000, 0x0000000734a00000| Complete 
| 161|0x0000000734c00000, 0x0000000734e00000, 0x0000000734e00000|100%| E|CS|TAMS 0x0000000734c00000, 0x0000000734c00000| Complete 
| 162|0x0000000734e00000, 0x0000000735000000, 0x0000000735000000|100%| E|CS|TAMS 0x0000000734e00000, 0x0000000734e00000| Complete 
| 163|0x0000000735000000, 0x0000000735200000, 0x0000000735200000|100%| E|CS|TAMS 0x0000000735000000, 0x0000000735000000| Complete 
| 164|0x0000000735200000, 0x0000000735400000, 0x0000000735400000|100%| E|CS|TAMS 0x0000000735200000, 0x0000000735200000| Complete 
| 165|0x0000000735400000, 0x0000000735600000, 0x0000000735600000|100%| E|CS|TAMS 0x0000000735400000, 0x0000000735400000| Complete 
| 166|0x0000000735600000, 0x0000000735800000, 0x0000000735800000|100%| E|CS|TAMS 0x0000000735600000, 0x0000000735600000| Complete 
| 167|0x0000000735800000, 0x0000000735a00000, 0x0000000735a00000|100%| E|CS|TAMS 0x0000000735800000, 0x0000000735800000| Complete 
| 168|0x0000000735a00000, 0x0000000735c00000, 0x0000000735c00000|100%| E|CS|TAMS 0x0000000735a00000, 0x0000000735a00000| Complete 
| 169|0x0000000735c00000, 0x0000000735e00000, 0x0000000735e00000|100%| E|CS|TAMS 0x0000000735c00000, 0x0000000735c00000| Complete 
| 170|0x0000000735e00000, 0x0000000736000000, 0x0000000736000000|100%| E|CS|TAMS 0x0000000735e00000, 0x0000000735e00000| Complete 
| 171|0x0000000736000000, 0x0000000736200000, 0x0000000736200000|100%| E|CS|TAMS 0x0000000736000000, 0x0000000736000000| Complete 
| 172|0x0000000736200000, 0x0000000736400000, 0x0000000736400000|100%| E|CS|TAMS 0x0000000736200000, 0x0000000736200000| Complete 
| 173|0x0000000736400000, 0x0000000736600000, 0x0000000736600000|100%| E|CS|TAMS 0x0000000736400000, 0x0000000736400000| Complete 
| 174|0x0000000736600000, 0x0000000736800000, 0x0000000736800000|100%| E|CS|TAMS 0x0000000736600000, 0x0000000736600000| Complete 
| 175|0x0000000736800000, 0x0000000736a00000, 0x0000000736a00000|100%| E|CS|TAMS 0x0000000736800000, 0x0000000736800000| Complete 
| 176|0x0000000736a00000, 0x0000000736c00000, 0x0000000736c00000|100%| E|CS|TAMS 0x0000000736a00000, 0x0000000736a00000| Complete 
| 177|0x0000000736c00000, 0x0000000736e00000, 0x0000000736e00000|100%| E|CS|TAMS 0x0000000736c00000, 0x0000000736c00000| Complete 
| 178|0x0000000736e00000, 0x0000000737000000, 0x0000000737000000|100%| E|CS|TAMS 0x0000000736e00000, 0x0000000736e00000| Complete 
| 179|0x0000000737000000, 0x0000000737200000, 0x0000000737200000|100%| E|CS|TAMS 0x0000000737000000, 0x0000000737000000| Complete 
| 180|0x0000000737200000, 0x0000000737400000, 0x0000000737400000|100%| E|CS|TAMS 0x0000000737200000, 0x0000000737200000| Complete 
| 181|0x0000000737400000, 0x0000000737600000, 0x0000000737600000|100%| E|CS|TAMS 0x0000000737400000, 0x0000000737400000| Complete 
| 182|0x0000000737600000, 0x0000000737800000, 0x0000000737800000|100%| E|CS|TAMS 0x0000000737600000, 0x0000000737600000| Complete 
| 183|0x0000000737800000, 0x0000000737a00000, 0x0000000737a00000|100%| E|CS|TAMS 0x0000000737800000, 0x0000000737800000| Complete 
| 184|0x0000000737a00000, 0x0000000737c00000, 0x0000000737c00000|100%| E|CS|TAMS 0x0000000737a00000, 0x0000000737a00000| Complete 
| 185|0x0000000737c00000, 0x0000000737e00000, 0x0000000737e00000|100%| E|CS|TAMS 0x0000000737c00000, 0x0000000737c00000| Complete 
| 186|0x0000000737e00000, 0x0000000738000000, 0x0000000738000000|100%| E|CS|TAMS 0x0000000737e00000, 0x0000000737e00000| Complete 
| 187|0x0000000738000000, 0x0000000738200000, 0x0000000738200000|100%| E|CS|TAMS 0x0000000738000000, 0x0000000738000000| Complete 
| 188|0x0000000738200000, 0x0000000738400000, 0x0000000738400000|100%| E|CS|TAMS 0x0000000738200000, 0x0000000738200000| Complete 
| 189|0x0000000738400000, 0x0000000738600000, 0x0000000738600000|100%| E|CS|TAMS 0x0000000738400000, 0x0000000738400000| Complete 
| 190|0x0000000738600000, 0x0000000738800000, 0x0000000738800000|100%| E|CS|TAMS 0x0000000738600000, 0x0000000738600000| Complete 
| 191|0x0000000738800000, 0x0000000738a00000, 0x0000000738a00000|100%| E|CS|TAMS 0x0000000738800000, 0x0000000738800000| Complete 
| 192|0x0000000738a00000, 0x0000000738c00000, 0x0000000738c00000|100%| E|CS|TAMS 0x0000000738a00000, 0x0000000738a00000| Complete 
| 193|0x0000000738c00000, 0x0000000738e00000, 0x0000000738e00000|100%| E|CS|TAMS 0x0000000738c00000, 0x0000000738c00000| Complete 
| 194|0x0000000738e00000, 0x0000000739000000, 0x0000000739000000|100%| E|CS|TAMS 0x0000000738e00000, 0x0000000738e00000| Complete 
| 195|0x0000000739000000, 0x0000000739200000, 0x0000000739200000|100%| E|CS|TAMS 0x0000000739000000, 0x0000000739000000| Complete 
| 196|0x0000000739200000, 0x0000000739400000, 0x0000000739400000|100%| E|CS|TAMS 0x0000000739200000, 0x0000000739200000| Complete 
| 197|0x0000000739400000, 0x0000000739600000, 0x0000000739600000|100%| E|CS|TAMS 0x0000000739400000, 0x0000000739400000| Complete 
| 198|0x0000000739600000, 0x0000000739800000, 0x0000000739800000|100%| E|CS|TAMS 0x0000000739600000, 0x0000000739600000| Complete 
| 199|0x0000000739800000, 0x0000000739a00000, 0x0000000739a00000|100%| E|CS|TAMS 0x0000000739800000, 0x0000000739800000| Complete 
| 200|0x0000000739a00000, 0x0000000739c00000, 0x0000000739c00000|100%| E|CS|TAMS 0x0000000739a00000, 0x0000000739a00000| Complete 
| 201|0x0000000739c00000, 0x0000000739e00000, 0x0000000739e00000|100%| E|CS|TAMS 0x0000000739c00000, 0x0000000739c00000| Complete 
| 202|0x0000000739e00000, 0x000000073a000000, 0x000000073a000000|100%| E|CS|TAMS 0x0000000739e00000, 0x0000000739e00000| Complete 
| 203|0x000000073a000000, 0x000000073a200000, 0x000000073a200000|100%| E|CS|TAMS 0x000000073a000000, 0x000000073a000000| Complete 
| 204|0x000000073a200000, 0x000000073a400000, 0x000000073a400000|100%| E|CS|TAMS 0x000000073a200000, 0x000000073a200000| Complete 
| 205|0x000000073a400000, 0x000000073a600000, 0x000000073a600000|100%| E|CS|TAMS 0x000000073a400000, 0x000000073a400000| Complete 
| 206|0x000000073a600000, 0x000000073a800000, 0x000000073a800000|100%| E|CS|TAMS 0x000000073a600000, 0x000000073a600000| Complete 
| 207|0x000000073a800000, 0x000000073aa00000, 0x000000073aa00000|100%| E|CS|TAMS 0x000000073a800000, 0x000000073a800000| Complete 

Card table byte_map: [0x0000015d5eb00000,0x0000015d5f200000] _byte_map_base: 0x0000015d5b1fb000

Marking Bits (Prev, Next): (CMBitMap*) 0x0000015d45740ce0, (CMBitMap*) 0x0000015d45740ca0
 Prev Bits: [0x0000015d630e0000, 0x0000015d668b8000)
 Next Bits: [0x0000015d5f900000, 0x0000015d630d8000)

Polling page: 0x0000015d45780000

Metaspace:

Usage:
  Non-class:     54.33 MB used.
      Class:      9.72 MB used.
       Both:     64.04 MB used.

Virtual space:
  Non-class space:       56.00 MB reserved,      55.00 MB ( 98%) committed,  7 nodes.
      Class space:        1.00 GB reserved,      10.19 MB ( <1%) committed,  1 nodes.
             Both:        1.05 GB reserved,      65.19 MB (  6%) committed. 

Chunk freelists:
   Non-Class:  1002.00 KB
       Class:  1.84 MB
        Both:  2.82 MB

MaxMetaspaceSize: unlimited
CompressedClassSpaceSize: 1.00 GB
Initial GC threshold: 21.00 MB
Current GC threshold: 96.56 MB
CDS: on
MetaspaceReclaimPolicy: balanced
 - commit_granule_bytes: 65536.
 - commit_granule_words: 8192.
 - virtual_space_node_default_size: 1048576.
 - enlarge_chunks_in_place: 1.
 - new_chunks_are_fully_committed: 0.
 - uncommit_free_chunks: 1.
 - use_allocation_guard: 0.
 - handle_deallocations: 1.


Internal statistics:

num_allocs_failed_limit: 6.
num_arena_births: 1718.
num_arena_deaths: 0.
num_vsnodes_births: 8.
num_vsnodes_deaths: 0.
num_space_committed: 1040.
num_space_uncommitted: 0.
num_chunks_returned_to_freelist: 6.
num_chunks_taken_from_freelist: 4420.
num_chunk_merges: 6.
num_chunk_splits: 2873.
num_chunks_enlarged: 1941.
num_purges: 0.
num_inconsistent_stats: 0.

CodeHeap 'non-profiled nmethods': size=120000Kb used=6158Kb max_used=6513Kb free=113842Kb
 bounds [0x0000015d56460000, 0x0000015d56ac0000, 0x0000015d5d990000]
CodeHeap 'profiled nmethods': size=120000Kb used=11560Kb max_used=13762Kb free=108439Kb
 bounds [0x0000015d4ef30000, 0x0000015d4fcb0000, 0x0000015d56460000]
CodeHeap 'non-nmethods': size=5760Kb used=1954Kb max_used=2023Kb free=3805Kb
 bounds [0x0000015d4e990000, 0x0000015d4ec00000, 0x0000015d4ef30000]
 total_blobs=8634 nmethods=7157 adapters=1389
 compilation: enabled
              stopped_count=0, restarted_count=0
 full_count=0

Compilation events (20 events):
Event: 14.326 Thread 0x0000015d69c73690 9628       3       org.lwjgl.system.MemoryUtil::encodeASCIIUnsafe (53 bytes)
Event: 14.327 Thread 0x0000015d69c73690 nmethod 9628 0x0000015d4efc9c10 code [0x0000015d4efc9de0, 0x0000015d4efca1f8]
Event: 14.327 Thread 0x0000015d69c73690 9629       3       java.nio.ByteBuffer::order (48 bytes)
Event: 14.327 Thread 0x0000015d69c73690 nmethod 9629 0x0000015d4f315390 code [0x0000015d4f315540, 0x0000015d4f315778]
Event: 14.327 Thread 0x0000015d69c73690 9630       1       org.lwjgl.system.Pointer$Default::address (5 bytes)
Event: 14.327 Thread 0x0000015d69c73690 nmethod 9630 0x0000015d5666c810 code [0x0000015d5666c9a0, 0x0000015d5666ca78]
Event: 14.344 Thread 0x0000015d69c73690 9631       3       java.util.concurrent.ConcurrentHashMap::isEmpty (15 bytes)
Event: 14.344 Thread 0x0000015d69c73690 nmethod 9631 0x0000015d4f448e10 code [0x0000015d4f448fc0, 0x0000015d4f449168]
Event: 14.346 Thread 0x0000015d69c73690 9633       3       org.objectweb.asm.SymbolTable::<init> (41 bytes)
Event: 14.346 Thread 0x0000015d69c73690 nmethod 9633 0x0000015d4f2b7690 code [0x0000015d4f2b7860, 0x0000015d4f2b7df8]
Event: 14.346 Thread 0x0000015d69c73690 9634       3       org.objectweb.asm.ClassWriter::visitEnd (1 bytes)
Event: 14.346 Thread 0x0000015d69c73690 nmethod 9634 0x0000015d4f083090 code [0x0000015d4f083220, 0x0000015d4f083338]
Event: 14.348 Thread 0x0000015d69d97ec0 9637       4       java.util.Objects::checkIndex (7 bytes)
Event: 14.349 Thread 0x0000015d69d97ec0 nmethod 9637 0x0000015d56a63e90 code [0x0000015d56a64000, 0x0000015d56a64098]
Event: 14.360 Thread 0x0000015d69c73690 9638       3       sun.misc.Unsafe::getInt (9 bytes)
Event: 14.361 Thread 0x0000015d69c73690 nmethod 9638 0x0000015d4f1a3710 code [0x0000015d4f1a38a0, 0x0000015d4f1a39b8]
Event: 14.361 Thread 0x0000015d69c73690 9639       3       org.lwjgl.system.CustomBuffer::address (19 bytes)
Event: 14.361 Thread 0x0000015d69c73690 nmethod 9639 0x0000015d4f249390 code [0x0000015d4f249540, 0x0000015d4f2497a8]
Event: 14.361 Thread 0x0000015d69c73690 9640       3       org.lwjgl.system.StructBuffer::sizeof (8 bytes)
Event: 14.361 Thread 0x0000015d69c73690 nmethod 9640 0x0000015d4f4c6a90 code [0x0000015d4f4c6c40, 0x0000015d4f4c6e98]

GC Heap History (20 events):
Event: 6.859 GC heap before
{Heap before GC invocations=13 (full 0):
 garbage-first heap   total 253952K, used 217868K [0x0000000720a00000, 0x0000000800000000)
  region size 2048K, 68 young (139264K), 2 survivors (4096K)
 Metaspace       used 29861K, committed 30656K, reserved 1081344K
  class space    used 3732K, committed 4096K, reserved 1048576K
}
Event: 6.866 GC heap after
{Heap after GC invocations=14 (full 0):
 garbage-first heap   total 253952K, used 87377K [0x0000000720a00000, 0x0000000800000000)
  region size 2048K, 3 young (6144K), 3 survivors (6144K)
 Metaspace       used 29861K, committed 30656K, reserved 1081344K
  class space    used 3732K, committed 4096K, reserved 1048576K
}
Event: 7.345 GC heap before
{Heap before GC invocations=14 (full 0):
 garbage-first heap   total 253952K, used 208209K [0x0000000720a00000, 0x0000000800000000)
  region size 2048K, 63 young (129024K), 3 survivors (6144K)
 Metaspace       used 31390K, committed 32256K, reserved 1081344K
  class space    used 3945K, committed 4288K, reserved 1048576K
}
Event: 7.352 GC heap after
{Heap after GC invocations=15 (full 0):
 garbage-first heap   total 253952K, used 89792K [0x0000000720a00000, 0x0000000800000000)
  region size 2048K, 4 young (8192K), 4 survivors (8192K)
 Metaspace       used 31390K, committed 32256K, reserved 1081344K
  class space    used 3945K, committed 4288K, reserved 1048576K
}
Event: 8.343 GC heap before
{Heap before GC invocations=15 (full 0):
 garbage-first heap   total 253952K, used 210624K [0x0000000720a00000, 0x0000000800000000)
  region size 2048K, 63 young (129024K), 4 survivors (8192K)
 Metaspace       used 35225K, committed 36160K, reserved 1081344K
  class space    used 4381K, committed 4800K, reserved 1048576K
}
Event: 8.350 GC heap after
{Heap after GC invocations=16 (full 0):
 garbage-first heap   total 253952K, used 91840K [0x0000000720a00000, 0x0000000800000000)
  region size 2048K, 5 young (10240K), 5 survivors (10240K)
 Metaspace       used 35225K, committed 36160K, reserved 1081344K
  class space    used 4381K, committed 4800K, reserved 1048576K
}
Event: 8.355 GC heap before
{Heap before GC invocations=16 (full 0):
 garbage-first heap   total 253952K, used 91840K [0x0000000720a00000, 0x0000000800000000)
  region size 2048K, 6 young (12288K), 5 survivors (10240K)
 Metaspace       used 35247K, committed 36160K, reserved 1081344K
  class space    used 4386K, committed 4800K, reserved 1048576K
}
Event: 8.361 GC heap after
{Heap after GC invocations=17 (full 0):
 garbage-first heap   total 253952K, used 92075K [0x0000000720a00000, 0x0000000800000000)
  region size 2048K, 5 young (10240K), 5 survivors (10240K)
 Metaspace       used 35247K, committed 36160K, reserved 1081344K
  class space    used 4386K, committed 4800K, reserved 1048576K
}
Event: 9.449 GC heap before
{Heap before GC invocations=18 (full 0):
 garbage-first heap   total 253952K, used 212907K [0x0000000720a00000, 0x0000000800000000)
  region size 2048K, 64 young (131072K), 5 survivors (10240K)
 Metaspace       used 40757K, committed 41728K, reserved 1089536K
  class space    used 5384K, committed 5824K, reserved 1048576K
}
Event: 9.463 GC heap after
{Heap after GC invocations=19 (full 0):
 garbage-first heap   total 253952K, used 99492K [0x0000000720a00000, 0x0000000800000000)
  region size 2048K, 8 young (16384K), 8 survivors (16384K)
 Metaspace       used 40757K, committed 41728K, reserved 1089536K
  class space    used 5384K, committed 5824K, reserved 1048576K
}
Event: 9.872 GC heap before
{Heap before GC invocations=19 (full 0):
 garbage-first heap   total 253952K, used 208036K [0x0000000720a00000, 0x0000000800000000)
  region size 2048K, 61 young (124928K), 8 survivors (16384K)
 Metaspace       used 41803K, committed 42816K, reserved 1089536K
  class space    used 5551K, committed 6016K, reserved 1048576K
}
Event: 9.898 GC heap after
{Heap after GC invocations=20 (full 0):
 garbage-first heap   total 305152K, used 109706K [0x0000000720a00000, 0x0000000800000000)
  region size 2048K, 8 young (16384K), 8 survivors (16384K)
 Metaspace       used 41803K, committed 42816K, reserved 1089536K
  class space    used 5551K, committed 6016K, reserved 1048576K
}
Event: 10.220 GC heap before
{Heap before GC invocations=20 (full 0):
 garbage-first heap   total 305152K, used 248970K [0x0000000720a00000, 0x0000000800000000)
  region size 2048K, 76 young (155648K), 8 survivors (16384K)
 Metaspace       used 42360K, committed 43328K, reserved 1089536K
  class space    used 5635K, committed 6080K, reserved 1048576K
}
Event: 10.246 GC heap after
{Heap after GC invocations=21 (full 0):
 garbage-first heap   total 305152K, used 123435K [0x0000000720a00000, 0x0000000800000000)
  region size 2048K, 10 young (20480K), 10 survivors (20480K)
 Metaspace       used 42360K, committed 43328K, reserved 1089536K
  class space    used 5635K, committed 6080K, reserved 1048576K
}
Event: 11.057 GC heap before
{Heap before GC invocations=21 (full 0):
 garbage-first heap   total 305152K, used 246315K [0x0000000720a00000, 0x0000000800000000)
  region size 2048K, 70 young (143360K), 10 survivors (20480K)
 Metaspace       used 47257K, committed 48320K, reserved 1097728K
  class space    used 6383K, committed 6848K, reserved 1048576K
}
Event: 11.079 GC heap after
{Heap after GC invocations=22 (full 0):
 garbage-first heap   total 305152K, used 142690K [0x0000000720a00000, 0x0000000800000000)
  region size 2048K, 9 young (18432K), 9 survivors (18432K)
 Metaspace       used 47257K, committed 48320K, reserved 1097728K
  class space    used 6383K, committed 6848K, reserved 1048576K
}
Event: 12.057 GC heap before
{Heap before GC invocations=22 (full 0):
 garbage-first heap   total 305152K, used 240994K [0x0000000720a00000, 0x0000000800000000)
  region size 2048K, 57 young (116736K), 9 survivors (18432K)
 Metaspace       used 54325K, committed 55360K, reserved 1097728K
  class space    used 7998K, committed 8448K, reserved 1048576K
}
Event: 12.071 GC heap after
{Heap after GC invocations=23 (full 0):
 garbage-first heap   total 305152K, used 153690K [0x0000000720a00000, 0x0000000800000000)
  region size 2048K, 6 young (12288K), 6 survivors (12288K)
 Metaspace       used 54325K, committed 55360K, reserved 1097728K
  class space    used 7998K, committed 8448K, reserved 1048576K
}
Event: 12.759 GC heap before
{Heap before GC invocations=23 (full 0):
 garbage-first heap   total 305152K, used 241754K [0x0000000720a00000, 0x0000000800000000)
  region size 2048K, 49 young (100352K), 6 survivors (12288K)
 Metaspace       used 57642K, committed 58752K, reserved 1105920K
  class space    used 8613K, committed 9088K, reserved 1048576K
}
Event: 12.769 GC heap after
{Heap after GC invocations=24 (full 0):
 garbage-first heap   total 425984K, used 158982K [0x0000000720a00000, 0x0000000800000000)
  region size 2048K, 3 young (6144K), 3 survivors (6144K)
 Metaspace       used 57642K, committed 58752K, reserved 1105920K
  class space    used 8613K, committed 9088K, reserved 1048576K
}

Dll operation events (11 events):
Event: 0.009 Loaded shared library C:\Users\yangj\Desktop\MCreator20231\jdk\bin\java.dll
Event: 0.020 Loaded shared library C:\Users\yangj\Desktop\MCreator20231\jdk\bin\jsvml.dll
Event: 0.158 Loaded shared library C:\Users\yangj\Desktop\MCreator20231\jdk\bin\net.dll
Event: 0.161 Loaded shared library C:\Users\yangj\Desktop\MCreator20231\jdk\bin\nio.dll
Event: 0.165 Loaded shared library C:\Users\yangj\Desktop\MCreator20231\jdk\bin\zip.dll
Event: 0.256 Loaded shared library C:\Users\yangj\Desktop\MCreator20231\jdk\bin\jimage.dll
Event: 0.613 Loaded shared library C:\Users\yangj\Desktop\MCreator20231\jdk\bin\verify.dll
Event: 2.648 Loaded shared library C:\Users\yangj\Desktop\MCreator20231\jdk\bin\management.dll
Event: 2.650 Loaded shared library C:\Users\yangj\Desktop\MCreator20231\jdk\bin\management_ext.dll
Event: 6.842 Loaded shared library C:\Users\yangj\AppData\Local\Temp\jna-114744777\jna18420876470103801434.dll
Event: 13.489 Loaded shared library C:\Users\yangj\AppData\Local\Temp\lwjglyangj\3.3.1-build-7\lwjgl.dll

Deoptimization events (20 events):
Event: 14.267 Thread 0x0000015d456ddbd0 Uncommon trap: trap_request=0xffffff45 fr.pc=0x0000015d56870690 relative=0x0000000000000070
Event: 14.267 Thread 0x0000015d456ddbd0 Uncommon trap: reason=unstable_if action=reinterpret pc=0x0000015d56870690 method=com.mojang.datafixers.functions.PointFreeRule$CompRewrite.rewrite(Lcom/mojang/datafixers/types/Type;Lcom/mojang/datafixers/functions/PointFree;)Ljava/util/Optional; @ 4 c2
Event: 14.267 Thread 0x0000015d456ddbd0 DEOPT PACKING pc=0x0000015d56870690 sp=0x00000039b7ffdb30
Event: 14.267 Thread 0x0000015d456ddbd0 DEOPT UNPACKING pc=0x0000015d4e9e23a3 sp=0x00000039b7ffda98 mode 2
Event: 14.268 Thread 0x0000015d456ddbd0 Uncommon trap: trap_request=0xffffff45 fr.pc=0x0000015d567329f0 relative=0x00000000000002b0
Event: 14.268 Thread 0x0000015d456ddbd0 Uncommon trap: reason=unstable_if action=reinterpret pc=0x0000015d567329f0 method=com.mojang.datafixers.functions.PointFreeRule$OrElse.rewrite(Lcom/mojang/datafixers/types/Type;Lcom/mojang/datafixers/functions/PointFree;)Ljava/util/Optional; @ 16 c2
Event: 14.268 Thread 0x0000015d456ddbd0 DEOPT PACKING pc=0x0000015d567329f0 sp=0x00000039b7ffdc50
Event: 14.268 Thread 0x0000015d456ddbd0 DEOPT UNPACKING pc=0x0000015d4e9e23a3 sp=0x00000039b7ffdbf0 mode 2
Event: 14.272 Thread 0x0000015d456ddbd0 Uncommon trap: trap_request=0xffffffc6 fr.pc=0x0000015d56926b68 relative=0x00000000000007a8
Event: 14.272 Thread 0x0000015d456ddbd0 Uncommon trap: reason=bimorphic_or_optimized_type_check action=maybe_recompile pc=0x0000015d56926b68 method=com.mojang.serialization.DataResult.lambda$flatMap$10(Ljava/util/function/Function;Ljava/lang/Object;)Lcom/mojang/serialization/DataResult; @ 2 c2
Event: 14.272 Thread 0x0000015d456ddbd0 DEOPT PACKING pc=0x0000015d56926b68 sp=0x00000039b7ffe170
Event: 14.272 Thread 0x0000015d456ddbd0 DEOPT UNPACKING pc=0x0000015d4e9e23a3 sp=0x00000039b7ffdfe8 mode 2
Event: 14.308 Thread 0x0000015d456ddbd0 Uncommon trap: trap_request=0xffffff45 fr.pc=0x0000015d56ab7cf0 relative=0x0000000000000290
Event: 14.308 Thread 0x0000015d456ddbd0 Uncommon trap: reason=unstable_if action=reinterpret pc=0x0000015d56ab7cf0 method=com.google.gson.stream.JsonReader.doPeek()I @ 315 c2
Event: 14.308 Thread 0x0000015d456ddbd0 DEOPT PACKING pc=0x0000015d56ab7cf0 sp=0x00000039b7ffe1b0
Event: 14.308 Thread 0x0000015d456ddbd0 DEOPT UNPACKING pc=0x0000015d4e9e23a3 sp=0x00000039b7ffe138 mode 2
Event: 14.329 Thread 0x0000015d456ddbd0 Uncommon trap: trap_request=0xffffff45 fr.pc=0x0000015d565a6484 relative=0x0000000000000164
Event: 14.329 Thread 0x0000015d456ddbd0 Uncommon trap: reason=unstable_if action=reinterpret pc=0x0000015d565a6484 method=cpw.mods.niofs.union.UnionFileSystem.getPath(Ljava/lang/String;[Ljava/lang/String;)Ljava/nio/file/Path; @ 2 c2
Event: 14.329 Thread 0x0000015d456ddbd0 DEOPT PACKING pc=0x0000015d565a6484 sp=0x00000039b7ffb1c0
Event: 14.329 Thread 0x0000015d456ddbd0 DEOPT UNPACKING pc=0x0000015d4e9e23a3 sp=0x00000039b7ffb150 mode 2

Classes unloaded (0 events):
No events

Classes redefined (0 events):
No events

Internal exceptions (20 events):
Event: 13.644 Thread 0x0000015d456ddbd0 Exception <a 'sun/nio/fs/WindowsException'{0x00000007352bd1d0}> (0x00000007352bd1d0) 
thrown [s\src\hotspot\share\prims\jni.cpp, line 516]
Event: 13.644 Thread 0x0000015d456ddbd0 Exception <a 'sun/nio/fs/WindowsException'{0x00000007352be9b0}> (0x00000007352be9b0) 
thrown [s\src\hotspot\share\prims\jni.cpp, line 516]
Event: 13.810 Thread 0x0000015d456ddbd0 Exception <a 'java/lang/NoSuchMethodError'{0x00000007342c21a8}: 'int java.lang.invoke.DirectMethodHandle$Holder.invokeStatic(java.lang.Object)'> (0x00000007342c21a8) 
thrown [s\src\hotspot\share\interpreter\linkResolver.cpp, line 759]
Event: 13.863 Thread 0x0000015d456ddbd0 Exception <a 'java/lang/NoSuchMethodError'{0x0000000733ee24b8}: 'java.lang.Object java.lang.invoke.Invokers$Holder.linkToTargetMethod(java.lang.Object, int, java.lang.Object, java.lang.Object)'> (0x0000000733ee24b8) 
thrown [s\src\hotspot\share\interpreter\linkResolver.cpp, line 759]
Event: 13.871 Thread 0x0000015d456ddbd0 Exception <a 'java/lang/NoSuchMethodError'{0x0000000733f95010}: 'int java.lang.invoke.DirectMethodHandle$Holder.invokeStaticInit(java.lang.Object)'> (0x0000000733f95010) 
thrown [s\src\hotspot\share\interpreter\linkResolver.cpp, line 759]
Event: 13.872 Thread 0x0000015d456ddbd0 Exception <a 'java/lang/NoSuchMethodError'{0x0000000733f9c3f8}: 'int java.lang.invoke.Invokers$Holder.invokeExact_MT(java.lang.Object, java.lang.Object)'> (0x0000000733f9c3f8) 
thrown [s\src\hotspot\share\interpreter\linkResolver.cpp, line 759]
Event: 13.877 Thread 0x0000015d456ddbd0 Exception <a 'sun/nio/fs/WindowsException'{0x0000000733cb5dc8}> (0x0000000733cb5dc8) 
thrown [s\src\hotspot\share\prims\jni.cpp, line 516]
Event: 13.877 Thread 0x0000015d456ddbd0 Exception <a 'sun/nio/fs/WindowsException'{0x0000000733cb6128}> (0x0000000733cb6128) 
thrown [s\src\hotspot\share\prims\jni.cpp, line 516]
Event: 13.884 Thread 0x0000015d456ddbd0 Exception <a 'java/lang/NoSuchMethodError'{0x0000000733d40ec8}: 'java.lang.Object java.lang.invoke.DirectMethodHandle$Holder.invokeInterface(java.lang.Object, java.lang.Object, double)'> (0x0000000733d40ec8) 
thrown [s\src\hotspot\share\interpreter\linkResolver.cpp, line 759]
Event: 13.885 Thread 0x0000015d456ddbd0 Exception <a 'java/lang/NoSuchMethodError'{0x0000000733d47710}: 'double java.lang.invoke.DirectMethodHandle$Holder.invokeInterface(java.lang.Object, java.lang.Object, java.lang.Object)'> (0x0000000733d47710) 
thrown [s\src\hotspot\share\interpreter\linkResolver.cpp, line 759]
Event: 14.094 Thread 0x0000015d456ddbd0 Exception <a 'java/lang/NoSuchMethodError'{0x000000073306b3e0}: 'java.lang.Object java.lang.invoke.DirectMethodHandle$Holder.newInvokeSpecial(java.lang.Object, java.lang.Object, java.lang.Object, java.lang.Object, java.lang.Object, java.lang.Object, java.lang.Object, java.lang.Object, java.lang.Object, java.lang.Object)'> (0x000000073306b3e0) 
thrown [s\src\hotspot\share\interpreter\linkResolver.cpp, line 759]
Event: 14.094 Thread 0x0000015d456ddbd0 Exception <a 'java/lang/NoSuchMethodError'{0x000000073306f9a8}: 'java.lang.Object java.lang.invoke.Invokers$Holder.linkToTargetMethod(java.lang.Object, java.lang.Object, java.lang.Object, java.lang.Object, java.lang.Object, java.lang.Object, java.lang.Object, java.lang.Object, java.lang.Object, java.lang.Object)'> (0x000000073306f9a8) 
thrown [s\src\hotspot\share\interpreter\linkResolver.cpp, line 759]
Event: 14.192 Thread 0x0000015d456ddbd0 Exception <a 'java/lang/NoSuchMethodError'{0x0000000732dbde10}: 'java.lang.Object java.lang.invoke.Invokers$Holder.linkToTargetMethod(java.lang.Object, java.lang.Object, java.lang.Object, java.lang.Object, java.lang.Object, java.lang.Object, java.lang.Object, java.lang.Object, java.lang.Object)'> (0x0000000732dbde10) 
thrown [s\src\hotspot\share\interpreter\linkResolver.cpp, line 759]
Event: 14.276 Thread 0x0000015d456ddbd0 Exception <a 'java/lang/NoSuchMethodError'{0x000000073267b850}: 'java.lang.Object java.lang.invoke.DirectMethodHandle$Holder.invokeSpecial(java.lang.Object, java.lang.Object, java.lang.Object, java.lang.Object, java.lang.Object, int, java.lang.Object)'> (0x000000073267b850) 
thrown [s\src\hotspot\share\interpreter\linkResolver.cpp, line 759]
Event: 14.277 Thread 0x0000015d456ddbd0 Exception <a 'java/lang/NoSuchMethodError'{0x0000000732683ed8}: 'java.lang.Object java.lang.invoke.DirectMethodHandle$Holder.invokeSpecial(java.lang.Object, java.lang.Object, java.lang.Object, java.lang.Object, java.lang.Object, java.lang.Object, int)'> (0x0000000732683ed8) 
thrown [s\src\hotspot\share\interpreter\linkResolver.cpp, line 759]
Event: 14.277 Thread 0x0000015d456ddbd0 Exception <a 'java/lang/NoSuchMethodError'{0x00000007326877b8}: 'java.lang.Object java.lang.invoke.Invokers$Holder.linkToTargetMethod(java.lang.Object, java.lang.Object, java.lang.Object, java.lang.Object, int, java.lang.Object)'> (0x00000007326877b8) 
thrown [s\src\hotspot\share\interpreter\linkResolver.cpp, line 759]
Event: 14.344 Thread 0x0000015d456ddbd0 Exception <a 'java/lang/NoSuchMethodError'{0x00000007320086a0}: 'long java.lang.invoke.DirectMethodHandle$Holder.invokeInterface(java.lang.Object, java.lang.Object)'> (0x00000007320086a0) 
thrown [s\src\hotspot\share\interpreter\linkResolver.cpp, line 759]
Event: 14.347 Thread 0x0000015d456ddbd0 Exception <a 'java/lang/NoSuchMethodError'{0x0000000732072a88}: 'java.lang.Object java.lang.invoke.DirectMethodHandle$Holder.newInvokeSpecial(java.lang.Object, long)'> (0x0000000732072a88) 
thrown [s\src\hotspot\share\interpreter\linkResolver.cpp, line 759]
Event: 14.363 Thread 0x0000015d456ddbd0 Exception <a 'java/lang/NoSuchMethodError'{0x000000073212bcf8}: 'void java.lang.invoke.DirectMethodHandle$Holder.invokeSpecial(java.lang.Object, java.lang.Object, int, long)'> (0x000000073212bcf8) 
thrown [s\src\hotspot\share\interpreter\linkResolver.cpp, line 759]
Event: 14.363 Thread 0x0000015d456ddbd0 Exception <a 'java/lang/NoSuchMethodError'{0x0000000732131c70}: 'void java.lang.invoke.DirectMethodHandle$Holder.invokeStatic(java.lang.Object, int, long)'> (0x0000000732131c70) 
thrown [s\src\hotspot\share\interpreter\linkResolver.cpp, line 759]

VM Operations (20 events):
Event: 12.691 Executing VM operation: ICBufferFull
Event: 12.691 Executing VM operation: ICBufferFull done
Event: 12.759 Executing VM operation: G1CollectForAllocation
Event: 12.769 Executing VM operation: G1CollectForAllocation done
Event: 12.901 Executing VM operation: G1Concurrent
Event: 12.906 Executing VM operation: G1Concurrent done
Event: 12.967 Executing VM operation: G1Concurrent
Event: 12.967 Executing VM operation: G1Concurrent done
Event: 13.828 Executing VM operation: HandshakeAllThreads
Event: 13.828 Executing VM operation: HandshakeAllThreads done
Event: 13.837 Executing VM operation: ICBufferFull
Event: 13.838 Executing VM operation: ICBufferFull done
Event: 13.850 Executing VM operation: HandshakeAllThreads
Event: 13.850 Executing VM operation: HandshakeAllThreads done
Event: 13.866 Executing VM operation: HandshakeAllThreads
Event: 13.866 Executing VM operation: HandshakeAllThreads done
Event: 14.275 Executing VM operation: HandshakeAllThreads
Event: 14.275 Executing VM operation: HandshakeAllThreads done
Event: 14.305 Executing VM operation: ICBufferFull
Event: 14.305 Executing VM operation: ICBufferFull done

Events (20 events):
Event: 13.875 Thread 0x0000015d69c870f0 flushing nmethod 0x0000015d4fbbb590
Event: 13.875 Thread 0x0000015d69c870f0 flushing nmethod 0x0000015d4fbbbc10
Event: 13.875 Thread 0x0000015d69c870f0 flushing nmethod 0x0000015d4fbbc090
Event: 13.875 Thread 0x0000015d69c870f0 flushing nmethod 0x0000015d4fc30390
Event: 13.875 Thread 0x0000015d69c870f0 flushing nmethod 0x0000015d4fc33410
Event: 13.875 Thread 0x0000015d69c870f0 flushing nmethod 0x0000015d4fc34710
Event: 13.875 Thread 0x0000015d69c870f0 flushing nmethod 0x0000015d4fc35290
Event: 13.875 Thread 0x0000015d69c870f0 flushing nmethod 0x0000015d4fc3f910
Event: 13.875 Thread 0x0000015d69c870f0 flushing nmethod 0x0000015d4fc40c90
Event: 13.875 Thread 0x0000015d69c870f0 flushing nmethod 0x0000015d4fc58510
Event: 13.875 Thread 0x0000015d69c870f0 flushing nmethod 0x0000015d4fc62b10
Event: 13.875 Thread 0x0000015d69c870f0 flushing nmethod 0x0000015d4fc65990
Event: 13.875 Thread 0x0000015d69c870f0 flushing nmethod 0x0000015d4fc6af90
Event: 13.875 Thread 0x0000015d69c870f0 flushing nmethod 0x0000015d4fc6cb90
Event: 13.882 loading class java/util/function/DoubleFunction
Event: 13.882 loading class java/util/function/DoubleFunction done
Event: 14.314 loading class java/util/EnumMap$Values
Event: 14.314 loading class java/util/EnumMap$Values done
Event: 14.314 loading class java/util/EnumMap$ValueIterator
Event: 14.314 loading class java/util/EnumMap$ValueIterator done


Dynamic libraries:
0x00007ff62b690000 - 0x00007ff62b69e000 	C:\Users\yangj\Desktop\MCreator20231\jdk\bin\java.exe
0x00007ffe3d910000 - 0x00007ffe3db24000 	C:\WINDOWS\SYSTEM32\ntdll.dll
0x00007ffe3c930000 - 0x00007ffe3c9f3000 	C:\WINDOWS\System32\KERNEL32.DLL
0x00007ffe3ae80000 - 0x00007ffe3b21c000 	C:\WINDOWS\System32\KERNELBASE.dll
0x00007ffe3b3f0000 - 0x00007ffe3b501000 	C:\WINDOWS\System32\ucrtbase.dll
0x00007ffe2f5c0000 - 0x00007ffe2f5d9000 	C:\Users\yangj\Desktop\MCreator20231\jdk\bin\VCRUNTIME140.dll
0x00007ffe2f5e0000 - 0x00007ffe2f5f7000 	C:\Users\yangj\Desktop\MCreator20231\jdk\bin\jli.dll
0x00007ffe3cbb0000 - 0x00007ffe3cd5d000 	C:\WINDOWS\System32\USER32.dll
0x00007ffe3b340000 - 0x00007ffe3b366000 	C:\WINDOWS\System32\win32u.dll
0x00007ffe1e060000 - 0x00007ffe1e2ee000 	C:\WINDOWS\WinSxS\amd64_microsoft.windows.common-controls_6595b64144ccf1df_6.0.22621.608_none_a9444ca7c10bb01d\COMCTL32.dll
0x00007ffe3c810000 - 0x00007ffe3c8b7000 	C:\WINDOWS\System32\msvcrt.dll
0x00007ffe3ba80000 - 0x00007ffe3baa9000 	C:\WINDOWS\System32\GDI32.dll
0x00007ffe3b220000 - 0x00007ffe3b333000 	C:\WINDOWS\System32\gdi32full.dll
0x00007ffe3b680000 - 0x00007ffe3b71a000 	C:\WINDOWS\System32\msvcp_win.dll
0x00007ffe3d790000 - 0x00007ffe3d7c1000 	C:\WINDOWS\System32\IMM32.DLL
0x00007ffe38170000 - 0x00007ffe3817c000 	C:\Users\yangj\Desktop\MCreator20231\jdk\bin\vcruntime140_1.dll
0x00007ffe28b00000 - 0x00007ffe28b91000 	C:\Users\yangj\Desktop\MCreator20231\jdk\bin\msvcp140.dll
0x00007ffddb2b0000 - 0x00007ffddbef4000 	C:\Users\yangj\Desktop\MCreator20231\jdk\bin\server\jvm.dll
0x00007ffe3c3a0000 - 0x00007ffe3c44e000 	C:\WINDOWS\System32\ADVAPI32.dll
0x00007ffe3b9d0000 - 0x00007ffe3ba74000 	C:\WINDOWS\System32\sechost.dll
0x00007ffe3ca00000 - 0x00007ffe3cb15000 	C:\WINDOWS\System32\RPCRT4.dll
0x00007ffe319a0000 - 0x00007ffe319d4000 	C:\WINDOWS\SYSTEM32\WINMM.dll
0x00007ffe2f5b0000 - 0x00007ffe2f5b9000 	C:\WINDOWS\SYSTEM32\WSOCK32.dll
0x00007ffe31f90000 - 0x00007ffe31f9a000 	C:\WINDOWS\SYSTEM32\VERSION.dll
0x00007ffe3cd90000 - 0x00007ffe3ce01000 	C:\WINDOWS\System32\WS2_32.dll
0x00007ffe39d80000 - 0x00007ffe39d98000 	C:\WINDOWS\SYSTEM32\kernel.appcore.dll
0x00007ffe2f560000 - 0x00007ffe2f56a000 	C:\Users\yangj\Desktop\MCreator20231\jdk\bin\jimage.dll
0x00007ffe32dd0000 - 0x00007ffe32ffe000 	C:\WINDOWS\SYSTEM32\DBGHELP.DLL
0x00007ffe3c450000 - 0x00007ffe3c7d9000 	C:\WINDOWS\System32\combase.dll
0x00007ffe3b840000 - 0x00007ffe3b917000 	C:\WINDOWS\System32\OLEAUT32.dll
0x00007ffe283c0000 - 0x00007ffe283f2000 	C:\WINDOWS\SYSTEM32\dbgcore.DLL
0x00007ffe3b370000 - 0x00007ffe3b3eb000 	C:\WINDOWS\System32\bcryptPrimitives.dll
0x00007ffe2f530000 - 0x00007ffe2f555000 	C:\Users\yangj\Desktop\MCreator20231\jdk\bin\java.dll
0x00007ffe235c0000 - 0x00007ffe23696000 	C:\Users\yangj\Desktop\MCreator20231\jdk\bin\jsvml.dll
0x00007ffe3bab0000 - 0x00007ffe3c2a0000 	C:\WINDOWS\System32\SHELL32.dll
0x00007ffe38d40000 - 0x00007ffe3960e000 	C:\WINDOWS\SYSTEM32\windows.storage.dll
0x00007ffe38c00000 - 0x00007ffe38d3e000 	C:\WINDOWS\SYSTEM32\wintypes.dll
0x00007ffe3c2a0000 - 0x00007ffe3c391000 	C:\WINDOWS\System32\SHCORE.dll
0x00007ffe3d050000 - 0x00007ffe3d0ae000 	C:\WINDOWS\System32\shlwapi.dll
0x00007ffe3ac80000 - 0x00007ffe3aca1000 	C:\WINDOWS\SYSTEM32\profapi.dll
0x00007ffe2ccb0000 - 0x00007ffe2ccc9000 	C:\Users\yangj\Desktop\MCreator20231\jdk\bin\net.dll
0x00007ffe34520000 - 0x00007ffe3464f000 	C:\WINDOWS\SYSTEM32\WINHTTP.dll
0x00007ffe3a1f0000 - 0x00007ffe3a259000 	C:\WINDOWS\system32\mswsock.dll
0x00007ffe2cbb0000 - 0x00007ffe2cbc5000 	C:\Users\yangj\Desktop\MCreator20231\jdk\bin\nio.dll
0x00007ffe2cb90000 - 0x00007ffe2cba8000 	C:\Users\yangj\Desktop\MCreator20231\jdk\bin\zip.dll
0x00007ffe2cb60000 - 0x00007ffe2cb70000 	C:\Users\yangj\Desktop\MCreator20231\jdk\bin\verify.dll
0x00007ffe2f520000 - 0x00007ffe2f529000 	C:\Users\yangj\Desktop\MCreator20231\jdk\bin\management.dll
0x00007ffe2f4f0000 - 0x00007ffe2f4fb000 	C:\Users\yangj\Desktop\MCreator20231\jdk\bin\management_ext.dll
0x00007ffe3cd70000 - 0x00007ffe3cd78000 	C:\WINDOWS\System32\PSAPI.DLL
0x00007ffe100a0000 - 0x00007ffe100b7000 	C:\WINDOWS\system32\napinsp.dll
0x00007ffe0efb0000 - 0x00007ffe0efcb000 	C:\WINDOWS\system32\pnrpnsp.dll
0x00007ffe398d0000 - 0x00007ffe399c3000 	C:\WINDOWS\SYSTEM32\DNSAPI.dll
0x00007ffe39860000 - 0x00007ffe3988d000 	C:\WINDOWS\SYSTEM32\IPHLPAPI.DLL
0x00007ffe3cd60000 - 0x00007ffe3cd69000 	C:\WINDOWS\System32\NSI.dll
0x00007ffe0ef90000 - 0x00007ffe0efa1000 	C:\WINDOWS\System32\winrnr.dll
0x00007ffe34300000 - 0x00007ffe34315000 	C:\WINDOWS\system32\wshbth.dll
0x00007ffe23a60000 - 0x00007ffe23a81000 	C:\WINDOWS\system32\nlansp_c.dll
0x00007ffe30540000 - 0x00007ffe3054a000 	C:\Windows\System32\rasadhlp.dll
0x00007ffe32ae0000 - 0x00007ffe32b63000 	C:\WINDOWS\System32\fwpuclnt.dll
0x00007ffe3a460000 - 0x00007ffe3a47b000 	C:\WINDOWS\SYSTEM32\CRYPTSP.dll
0x00007ffe39cf0000 - 0x00007ffe39d25000 	C:\WINDOWS\system32\rsaenh.dll
0x00007ffe3a2f0000 - 0x00007ffe3a318000 	C:\WINDOWS\SYSTEM32\USERENV.dll
0x00007ffe3a630000 - 0x00007ffe3a658000 	C:\WINDOWS\SYSTEM32\bcrypt.dll
0x00007ffe3a450000 - 0x00007ffe3a45c000 	C:\WINDOWS\SYSTEM32\CRYPTBASE.dll
0x00007ffe33bc0000 - 0x00007ffe33bd9000 	C:\WINDOWS\SYSTEM32\dhcpcsvc6.DLL
0x00007ffe33ba0000 - 0x00007ffe33bbf000 	C:\WINDOWS\SYSTEM32\dhcpcsvc.DLL
0x00007ffe2af80000 - 0x00007ffe2afc5000 	C:\Users\yangj\AppData\Local\Temp\jna-114744777\jna18420876470103801434.dll
0x00007ffe3d5f0000 - 0x00007ffe3d78c000 	C:\WINDOWS\System32\Ole32.dll
0x00007ffe3b920000 - 0x00007ffe3b9d0000 	C:\WINDOWS\System32\clbcatq.dll
0x00007ffe22bb0000 - 0x00007ffe22bcd000 	C:\WINDOWS\SYSTEM32\amsi.dll
0x00007ffe21390000 - 0x00007ffe2140b000 	C:\ProgramData\Microsoft\Windows Defender\Platform\4.18.2301.6-0\MpOav.dll
0x00007ffe0eae0000 - 0x00007ffe0eb30000 	C:\WINDOWS\SYSTEM32\Pdh.dll
0x00007ffe2f4e0000 - 0x00007ffe2f4f0000 	C:\WINDOWS\System32\perfos.dll
0x00007ffe383f0000 - 0x00007ffe38400000 	C:\WINDOWS\SYSTEM32\pfclient.dll
0x00007ffe1a4d0000 - 0x00007ffe1a545000 	C:\Users\yangj\AppData\Local\Temp\lwjglyangj\3.3.1-build-7\lwjgl.dll
0x00007ffdf3670000 - 0x00007ffdf38c9000 	C:\Users\yangj\AppData\Local\Temp\lwjglyangj\3.3.1-build-7\jemalloc.dll
0x00007ffe239f0000 - 0x00007ffe23a51000 	C:\Users\yangj\AppData\Local\Temp\lwjglyangj\3.3.1-build-7\glfw.dll
0x00007ffe230b0000 - 0x00007ffe230f6000 	C:\WINDOWS\SYSTEM32\dinput8.dll
0x00007ffe2b230000 - 0x00007ffe2b241000 	C:\WINDOWS\SYSTEM32\xinput1_4.dll
0x00007ffe3a950000 - 0x00007ffe3a99e000 	C:\WINDOWS\SYSTEM32\cfgmgr32.dll
0x00007ffe3a920000 - 0x00007ffe3a94c000 	C:\WINDOWS\SYSTEM32\DEVOBJ.dll
0x00007ffe2c110000 - 0x00007ffe2c311000 	C:\WINDOWS\SYSTEM32\inputhost.dll
0x00007ffe37f30000 - 0x00007ffe38063000 	C:\WINDOWS\SYSTEM32\CoreMessaging.dll
0x00007ffe385a0000 - 0x00007ffe385cb000 	C:\WINDOWS\SYSTEM32\dwmapi.dll
0x00007ffe38340000 - 0x00007ffe383eb000 	C:\WINDOWS\system32\uxtheme.dll
0x00007ffe3b720000 - 0x00007ffe3b83e000 	C:\WINDOWS\System32\MSCTF.dll
0x00007ffe0edd0000 - 0x00007ffe0eed0000 	C:\WINDOWS\SYSTEM32\opengl32.dll
0x00007ffe264e0000 - 0x00007ffe2650d000 	C:\WINDOWS\SYSTEM32\GLU32.dll
0x00007ffe38450000 - 0x00007ffe38486000 	C:\WINDOWS\SYSTEM32\dxcore.dll
0x00007ffe351a0000 - 0x00007ffe351e9000 	C:\WINDOWS\SYSTEM32\directxdatabasehelper.dll
0x00007ffe10430000 - 0x00007ffe1045d000 	C:\WINDOWS\System32\DriverStore\FileRepository\u0387948.inf_amd64_849b4630364e9ceb\B387945\atig6pxx.dll
0x00007ffdd56f0000 - 0x00007ffdd9325000 	C:\WINDOWS\System32\DriverStore\FileRepository\u0387948.inf_amd64_849b4630364e9ceb\B387945\atio6axx.dll
0x00007ffe3d170000 - 0x00007ffe3d5e4000 	C:\WINDOWS\System32\SETUPAPI.dll
0x00007ffe3ad50000 - 0x00007ffe3adbb000 	C:\WINDOWS\System32\WINTRUST.dll
0x00007ffe3b510000 - 0x00007ffe3b676000 	C:\WINDOWS\System32\CRYPT32.dll
0x00007ffe3a4b0000 - 0x00007ffe3a4c2000 	C:\WINDOWS\SYSTEM32\MSASN1.dll

dbghelp: loaded successfully - version: 4.0.5 - missing functions: none
symbol engine: initialized successfully - sym options: 0x614 - pdb path: .;C:\Users\yangj\Desktop\MCreator20231\jdk\bin;C:\WINDOWS\SYSTEM32;C:\WINDOWS\WinSxS\amd64_microsoft.windows.common-controls_6595b64144ccf1df_6.0.22621.608_none_a9444ca7c10bb01d;C:\Users\yangj\Desktop\MCreator20231\jdk\bin\server;C:\Users\yangj\AppData\Local\Temp\jna-114744777;C:\ProgramData\Microsoft\Windows Defender\Platform\4.18.2301.6-0;C:\Users\yangj\AppData\Local\Temp\lwjglyangj\3.3.1-build-7;C:\WINDOWS\System32\DriverStore\FileRepository\u0387948.inf_amd64_849b4630364e9ceb\B387945

VM Arguments:
jvm_args: -Dforge.enableGameTest=true -Dforge.logging.console.level=debug -Dforge.logging.markers=REGISTRIES -DignoreList=bootstraplauncher,securejarhandler,asm-commons,asm-util,asm-analysis,asm-tree,asm,JarJarFileSystems,client-extra,fmlcore,javafmllanguage,lowcodelanguage,mclanguage,forge- -Djava.net.preferIPv6Addresses=system -DlegacyClassPath.file=C:\Users\yangj\MCreatorWorkspaces\mixed_ore\build\classpath\runClient_minecraftClasspath.txt -DmergeModules=jna-5.10.0.jar,jna-platform-5.10.0.jar -Dos.version=10.0 --module-path=C:\Users\yangj\.mcreator\gradle\caches\modules-2\files-2.1\cpw.mods\bootstraplauncher\1.1.2\c546e00443d8432cda6baa1c860346980742628\bootstraplauncher-1.1.2.jar;C:\Users\yangj\.mcreator\gradle\caches\modules-2\files-2.1\cpw.mods\securejarhandler\2.1.4\f47e3b9dd860a7b82154b8f90a650ffd0aaa5582\securejarhandler-2.1.4.jar;C:\Users\yangj\.mcreator\gradle\caches\modules-2\files-2.1\org.ow2.asm\asm-commons\9.3\1f2a432d1212f5c352ae607d7b61dcae20c20af5\asm-commons-9.3.jar;C:\Users\yangj\.mcreator\gradle\caches\modules-2\files-2.1\org.ow2.asm\asm-util\9.3\9595bc05510d0bd4b610188b77333fe4851a1975\asm-util-9.3.jar;C:\Users\yangj\.mcreator\gradle\caches\modules-2\files-2.1\org.ow2.asm\asm-analysis\9.3\4b071f211b37c38e0e9f5998550197c8593f6ad8\asm-analysis-9.3.jar;C:\Users\yangj\.mcreator\gradle\caches\modules-2\files-2.1\org.ow2.asm\asm-tree\9.3\78d2ecd61318b5a58cd04fb237636c0e86b77d97\asm-tree-9.3.jar;C:\Users\yangj\.mcreator\gradle\caches\modules-2\files-2.1\org.ow2.asm\asm\9.3\8e6300ef51c1d801a7ed62d07cd221aca3a90640\asm-9.3.jar;C:\Users\yangj\.mcreator\gradle\caches\modules-2\files-2.1\net.minecraftforge\JarJarFileSystems\0.3.16\e52afbb2599dc7c6f779efea0496d32fc01152e3\JarJarFileSystems-0.3.16.jar --add-modules=ALL-MODULE-PATH --add-opens=java.base/java.util.jar=cpw.mods.securejarhandler --add-opens=java.base/java.lang.invoke=cpw.mods.securejarhandler --add-exports=java.base/sun.security.util=cpw.mods.securejarhandler --add-exports=jdk.naming.dns/com.sun.jndi.dns=java.naming -XX:HeapDumpPath=MojangTricksIntelDriversForPerformance_javaw.exe_minecraft.exe.heapdump -Dos.name=Windows 10 -Dfile.encoding=UTF-8 -Duser.country=CN -Duser.language=zh -Duser.variant 
java_command: cpw.mods.bootstraplauncher.BootstrapLauncher --launchTarget forgeclientuserdev --version MOD_DEV --assetIndex 1.19 --assetsDir C:\Users\yangj\.mcreator\gradle\caches\forge_gradle\assets --gameDir . --fml.forgeVersion 43.2.0 --fml.mcVersion 1.19.2 --fml.forgeGroup net.minecraftforge --fml.mcpVersion 20220805.130853
java_class_path (initial): C:\Users\yangj\MCreatorWorkspaces\mixed_ore\build\classes\java\main;C:\Users\yangj\MCreatorWorkspaces\mixed_ore\build\resources\main;C:\Users\yangj\MCreatorWorkspaces\mixed_ore\build\fg_cache\net\minecraftforge\forge\1.19.2-43.2.0_mapped_official_1.19.2\forge-1.19.2-43.2.0_mapped_official_1.19.2-recomp.jar;C:\Users\yangj\.mcreator\gradle\caches\forge_gradle\minecraft_repo\versions\1.19.2\client-extra.jar;C:\Users\yangj\.mcreator\gradle\caches\modules-2\files-2.1\net.minecraftforge\javafmllanguage\1.19.2-43.2.0\5713dfd49576886a7ffc353f14f067ad42369592\javafmllanguage-1.19.2-43.2.0.jar;C:\Users\yangj\.mcreator\gradle\caches\modules-2\files-2.1\net.minecraftforge\lowcodelanguage\1.19.2-43.2.0\51c88985dd125457fb8b6c2c58a4f3b9349a6b57\lowcodelanguage-1.19.2-43.2.0.jar;C:\Users\yangj\.mcreator\gradle\caches\modules-2\files-2.1\net.minecraftforge\mclanguage\1.19.2-43.2.0\f4fa83ef8129c7f7cc5847fbafb07f7ae86c1bb\mclanguage-1.19.2-43.2.0.jar;C:\Users\yangj\.mcreator\gradle\caches\modules-2\files-2.1\net.minecraftforge\fmlcore\1.19.2-43.2.0\d4dcb5b809b7f035ac22b058941cf81f84451545\fmlcore-1.19.2-43.2.0.jar;C:\Users\yangj\.mcreator\gradle\caches\modules-2\files-2.1\net.minecraftforge\fmlloader\1.19.2-43.2.0\3e6e8b7b5e1dbc6ee01a20f74675f223b64c7847\fmlloader-1.19.2-43.2.0.jar;C:\Users\yangj\.mcreator\gradle\caches\modules-2\files-2.1\net.minecraftforge\JarJarSelector\0.3.16\2a31421fb5e267249da103a644f23afb43d158af\JarJarSelector-0.3.16.jar;C:\Users\yangj\.mcreator\gradle\caches\modules-2\files-2.1\net.minecraftforge\JarJarMetadata\0.3.16\f62c8c898dffc8666f5097a8587ed72095e8e83a\JarJarMetadata-0.3.16.jar;C:\Users\yangj\.mcreator\gradle\caches\modules-2\files-2.1\com.google.guava\guava\31.0.1-jre\119ea2b2bc205b138974d351777b20f02b92704b\guava-31.0.1-jre.jar;C:\Users\yangj\.mcreator\gradle\caches\modules-2\files-2.1\com.google.code.findbugs\jsr305\3.0.2\25ea2e8b0c338a877313bd4672d3fe056ea78f0d\jsr305-3.0.2.jar;C:\Users\yangj\.mcreator\gradle\caches\modu
Launcher Type: SUN_STANDARD

[Global flags]
     intx CICompilerCount                          = 4                                         {product} {ergonomic}
     uint ConcGCThreads                            = 2                                         {product} {ergonomic}
     uint G1ConcRefinementThreads                  = 8                                         {product} {ergonomic}
   size_t G1HeapRegionSize                         = 2097152                                   {product} {ergonomic}
    uintx GCDrainStackTargetSize                   = 64                                        {product} {ergonomic}
    ccstr HeapDumpPath                             = MojangTricksIntelDriversForPerformance_javaw.exe_minecraft.exe.heapdump         {manageable} {command line}
   size_t InitialHeapSize                          = 234881024                                 {product} {ergonomic}
   size_t MarkStackSize                            = 4194304                                   {product} {ergonomic}
   size_t MaxHeapSize                              = 3747610624                                {product} {ergonomic}
   size_t MaxNewSize                               = 2248146944                                {product} {ergonomic}
   size_t MinHeapDeltaBytes                        = 2097152                                   {product} {ergonomic}
   size_t MinHeapSize                              = 8388608                                   {product} {ergonomic}
    uintx NonNMethodCodeHeapSize                   = 5839372                                {pd product} {ergonomic}
    uintx NonProfiledCodeHeapSize                  = 122909434                              {pd product} {ergonomic}
    uintx ProfiledCodeHeapSize                     = 122909434                              {pd product} {ergonomic}
    uintx ReservedCodeCacheSize                    = 251658240                              {pd product} {ergonomic}
     bool SegmentedCodeCache                       = true                                      {product} {ergonomic}
   size_t SoftMaxHeapSize                          = 3747610624                             {manageable} {ergonomic}
     bool UseCompressedClassPointers               = true                           {product lp64_product} {ergonomic}
     bool UseCompressedOops                        = true                           {product lp64_product} {ergonomic}
     bool UseG1GC                                  = true                                      {product} {ergonomic}
     bool UseLargePagesIndividualAllocation        = false                                  {pd product} {ergonomic}

Logging:
Log output configuration:
 #0: stdout all=warning uptime,level,tags
 #1: stderr all=off uptime,level,tags

Environment Variables:
JAVA_HOME=C:\Users\yangj\Desktop\MCreator20231\jdk
PATH=C:\Program Files\Common Files\Oracle\Java\javapath;C:\Program Files (x86)\Common Files\Oracle\Java\javapath;C:\WINDOWS\system32;C:\WINDOWS;C:\WINDOWS\System32\Wbem;C:\WINDOWS\System32\WindowsPowerShell\v1.0\;C:\WINDOWS\System32\OpenSSH\;C:\Program Files\Bandizip\;C:\Users\yangj\AppData\Local\Microsoft\WindowsApps;;C:\Users\yangj\Desktop\MCreator20231\jdk\bin
USERNAME=yangj
OS=Windows_NT
PROCESSOR_IDENTIFIER=AMD64 Family 23 Model 24 Stepping 1, AuthenticAMD
TMP=C:\Users\yangj\AppData\Local\Temp
TEMP=C:\Users\yangj\AppData\Local\Temp



---------------  S Y S T E M  ---------------

OS:
 Windows 11 , 64 bit Build 22621 (10.0.22621.1344)
OS uptime: 0 days 1:11 hours

CPU: total 8 (initial active 8) (8 cores per cpu, 2 threads per core) family 23 model 24 stepping 1 microcode 0x0, cx8, cmov, fxsr, ht, mmx, 3dnowpref, sse, sse2, sse3, ssse3, sse4a, sse4.1, sse4.2, popcnt, lzcnt, tsc, tscinvbit, avx, avx2, aes, clmul, bmi1, bmi2, adx, sha, fma, vzeroupper, clflush, clflushopt

Memory: 4k page, system-wide physical 14293M (8135M free)
TotalPageFile size 16981M (AvailPageFile size 8506M)
current process WorkingSet (physical memory assigned to process): 645M, peak: 645M
current process commit charge ("private bytes"): 720M, peak: 720M

vm_info: OpenJDK 64-Bit Server VM (17.0.5+8) for windows-amd64 JRE (17.0.5+8), built on Oct 19 2022 04:48:13 by "temurin" with MS VC++ 16.7 (VS2019)

END.
