#
# A fatal error has been detected by the Java Runtime Environment:
#
#  EXCEPTION_ACCESS_VIOLATION (0xc0000005) at pc=0x00007ffde0782b60, pid=12496, tid=9764
#
# JRE version: OpenJDK Runtime Environment Temurin-17.0.5+8 (17.0.5+8) (build 17.0.5+8)
# Java VM: OpenJDK 64-Bit Server VM Temurin-17.0.5+8 (17.0.5+8, mixed mode, sharing, tiered, compressed oops, compressed class ptrs, g1 gc, windows-amd64)
# Problematic frame:
# C  [atio6axx.dll+0x192b60]
#
# No core dump will be written. Minidumps are not enabled by default on client versions of Windows
#
# If you would like to submit a bug report, please visit:
#   https://github.com/adoptium/adoptium-support/issues
# The crash happened outside the Java Virtual Machine in native code.
# See problematic frame for where to report the bug.
#

---------------  S U M M A R Y ------------

Command Line: -Dforge.enableGameTest=true -Dforge.logging.console.level=debug -Dforge.logging.markers=REGISTRIES -DignoreList=bootstraplauncher,securejarhandler,asm-commons,asm-util,asm-analysis,asm-tree,asm,JarJarFileSystems,client-extra,fmlcore,javafmllanguage,lowcodelanguage,mclanguage,forge- -Djava.net.preferIPv6Addresses=system -DlegacyClassPath.file=C:\Users\yangj\MCreatorWorkspaces\mixed_ore\build\classpath\runClient_minecraftClasspath.txt -DmergeModules=jna-5.10.0.jar,jna-platform-5.10.0.jar -Dos.version=10.0 --module-path=C:\Users\yangj\.mcreator\gradle\caches\modules-2\files-2.1\cpw.mods\bootstraplauncher\1.1.2\c546e00443d8432cda6baa1c860346980742628\bootstraplauncher-1.1.2.jar;C:\Users\yangj\.mcreator\gradle\caches\modules-2\files-2.1\cpw.mods\securejarhandler\2.1.4\f47e3b9dd860a7b82154b8f90a650ffd0aaa5582\securejarhandler-2.1.4.jar;C:\Users\yangj\.mcreator\gradle\caches\modules-2\files-2.1\org.ow2.asm\asm-commons\9.3\1f2a432d1212f5c352ae607d7b61dcae20c20af5\asm-commons-9.3.jar;C:\Users\yangj\.mcreator\gradle\caches\modules-2\files-2.1\org.ow2.asm\asm-util\9.3\9595bc05510d0bd4b610188b77333fe4851a1975\asm-util-9.3.jar;C:\Users\yangj\.mcreator\gradle\caches\modules-2\files-2.1\org.ow2.asm\asm-analysis\9.3\4b071f211b37c38e0e9f5998550197c8593f6ad8\asm-analysis-9.3.jar;C:\Users\yangj\.mcreator\gradle\caches\modules-2\files-2.1\org.ow2.asm\asm-tree\9.3\78d2ecd61318b5a58cd04fb237636c0e86b77d97\asm-tree-9.3.jar;C:\Users\yangj\.mcreator\gradle\caches\modules-2\files-2.1\org.ow2.asm\asm\9.3\8e6300ef51c1d801a7ed62d07cd221aca3a90640\asm-9.3.jar;C:\Users\yangj\.mcreator\gradle\caches\modules-2\files-2.1\net.minecraftforge\JarJarFileSystems\0.3.16\e52afbb2599dc7c6f779efea0496d32fc01152e3\JarJarFileSystems-0.3.16.jar --add-modules=ALL-MODULE-PATH --add-opens=java.base/java.util.jar=cpw.mods.securejarhandler --add-opens=java.base/java.lang.invoke=cpw.mods.securejarhandler --add-exports=java.base/sun.security.util=cpw.mods.securejarhandler --add-exports=jdk.naming.dns/com.sun.jndi.dns=java.naming -XX:HeapDumpPath=MojangTricksIntelDriversForPerformance_javaw.exe_minecraft.exe.heapdump -Dos.name=Windows 10 -Dfile.encoding=UTF-8 -Duser.country=CN -Duser.language=zh -Duser.variant cpw.mods.bootstraplauncher.BootstrapLauncher --launchTarget forgeclientuserdev --version MOD_DEV --assetIndex 1.19 --assetsDir C:\Users\yangj\.mcreator\gradle\caches\forge_gradle\assets --gameDir . --fml.forgeVersion 43.2.0 --fml.mcVersion 1.19.2 --fml.forgeGroup net.minecraftforge --fml.mcpVersion 20220805.130853

Host: AMD Ryzen 7 3700U with Radeon Vega Mobile Gfx  , 8 cores, 13G,  Windows 11 , 64 bit Build 22621 (10.0.22621.1325)
Time: Mon Mar 27 19:48:26 2023  Windows 11 , 64 bit Build 22621 (10.0.22621.1325) elapsed time: 21.236892 seconds (0d 0h 0m 21s)

---------------  T H R E A D  ---------------

Current thread (0x0000025f0a4ad820):  JavaThread "Render thread" [_thread_in_native, id=9764, stack(0x000000d141500000,0x000000d141600000)]

Stack: [0x000000d141500000,0x000000d141600000],  sp=0x000000d1415fad68,  free space=1003k
Native frames: (J=compiled Java code, j=interpreted, Vv=VM code, C=native code)
C  [atio6axx.dll+0x192b60]

Java frames: (J=compiled Java code, j=interpreted, Vv=VM code)
j  org.lwjgl.system.JNI.invokePPPP(IIJJJJ)J+0 org.lwjgl@3.3.1+7
j  org.lwjgl.glfw.GLFW.nglfwCreateWindow(IIJJJ)J+14 org.lwjgl.glfw@3.3.1+7
j  org.lwjgl.glfw.GLFW.glfwCreateWindow(IILjava/lang/CharSequence;JJ)J+34 org.lwjgl.glfw@3.3.1+7
j  net.minecraftforge.client.loading.NoVizFallback.lambda$fallback$0(Ljava/util/function/IntSupplier;Ljava/util/function/IntSupplier;Ljava/util/function/Supplier;Ljava/util/function/LongSupplier;)J+28 forge@43.2.0
j  net.minecraftforge.client.loading.NoVizFallback$$Lambda$4379+0x0000000801628200.getAsLong()J+16 forge@43.2.0
j  net.minecraftforge.fml.loading.progress.EarlyProgressVisualization$Visualization$$Lambda$4380+0x0000000801622a28.apply(Ljava/lang/Object;)Ljava/lang/Object;+4 fmlloader@1.19.2-43.2.0
J 4602 c2 java.util.Optional.map(Ljava/util/function/Function;)Ljava/util/Optional; java.base@17.0.5 (30 bytes) @ 0x0000025f19b66708 [0x0000025f19b666a0+0x0000000000000068]
j  net.minecraftforge.fml.loading.progress.EarlyProgressVisualization$Visualization.handOffWindow(Ljava/util/function/IntSupplier;Ljava/util/function/IntSupplier;Ljava/util/function/Supplier;Ljava/util/function/LongSupplier;)J+48 fmlloader@1.19.2-43.2.0
j  net.minecraftforge.fml.loading.progress.EarlyProgressVisualization.handOffWindow(Ljava/util/function/IntSupplier;Ljava/util/function/IntSupplier;Ljava/util/function/Supplier;Ljava/util/function/LongSupplier;)J+9 fmlloader@1.19.2-43.2.0
j  com.mojang.blaze3d.platform.Window.<init>(Lcom/mojang/blaze3d/platform/WindowEventHandler;Lcom/mojang/blaze3d/platform/ScreenManager;Lcom/mojang/blaze3d/platform/DisplayData;Ljava/lang/String;Ljava/lang/String;)V+279 minecraft@1.19.2
j  net.minecraft.client.renderer.VirtualScreen.newWindow(Lcom/mojang/blaze3d/platform/DisplayData;Ljava/lang/String;Ljava/lang/String;)Lcom/mojang/blaze3d/platform/Window;+15 minecraft@1.19.2
j  net.minecraft.client.Minecraft.<init>(Lnet/minecraft/client/main/GameConfig;)V+723 minecraft@1.19.2
j  net.minecraft.client.main.Main.run([Ljava/lang/String;Z)V+1356 minecraft@1.19.2
j  net.minecraft.client.main.Main.main([Ljava/lang/String;)V+12 minecraft@1.19.2
v  ~StubRoutines::call_stub
j  jdk.internal.reflect.NativeMethodAccessorImpl.invoke0(Ljava/lang/reflect/Method;Ljava/lang/Object;[Ljava/lang/Object;)Ljava/lang/Object;+0 java.base@17.0.5
j  jdk.internal.reflect.NativeMethodAccessorImpl.invoke(Ljava/lang/Object;[Ljava/lang/Object;)Ljava/lang/Object;+133 java.base@17.0.5
j  jdk.internal.reflect.DelegatingMethodAccessorImpl.invoke(Ljava/lang/Object;[Ljava/lang/Object;)Ljava/lang/Object;+6 java.base@17.0.5
j  java.lang.reflect.Method.invoke(Ljava/lang/Object;[Ljava/lang/Object;)Ljava/lang/Object;+59 java.base@17.0.5
j  net.minecraftforge.fml.loading.targets.ForgeClientUserdevLaunchHandler.lambda$launchService$0([Ljava/lang/String;Ljava/lang/ModuleLayer;)V+47 fmlloader@1.19.2-43.2.0
j  net.minecraftforge.fml.loading.targets.ForgeClientUserdevLaunchHandler$$Lambda$856+0x0000000800fae7a8.run()V+12 fmlloader@1.19.2-43.2.0
j  cpw.mods.modlauncher.LaunchServiceHandlerDecorator.launch([Ljava/lang/String;Ljava/lang/ModuleLayer;)V+11 cpw.mods.modlauncher@10.0.8
j  cpw.mods.modlauncher.LaunchServiceHandler.launch(Ljava/lang/String;[Ljava/lang/String;Ljava/lang/ModuleLayer;Lcpw/mods/modlauncher/TransformingClassLoader;Lcpw/mods/modlauncher/LaunchPluginHandler;)V+58 cpw.mods.modlauncher@10.0.8
j  cpw.mods.modlauncher.LaunchServiceHandler.launch(Lcpw/mods/modlauncher/ArgumentHandler;Ljava/lang/ModuleLayer;Lcpw/mods/modlauncher/TransformingClassLoader;Lcpw/mods/modlauncher/LaunchPluginHandler;)V+21 cpw.mods.modlauncher@10.0.8
j  cpw.mods.modlauncher.Launcher.run([Ljava/lang/String;)V+310 cpw.mods.modlauncher@10.0.8
j  cpw.mods.modlauncher.Launcher.main([Ljava/lang/String;)V+78 cpw.mods.modlauncher@10.0.8
j  cpw.mods.modlauncher.BootstrapLaunchConsumer.accept([Ljava/lang/String;)V+1 cpw.mods.modlauncher@10.0.8
j  cpw.mods.modlauncher.BootstrapLaunchConsumer.accept(Ljava/lang/Object;)V+5 cpw.mods.modlauncher@10.0.8
j  cpw.mods.bootstraplauncher.BootstrapLauncher.main([Ljava/lang/String;)V+515 cpw.mods.bootstraplauncher@1.1.2
v  ~StubRoutines::call_stub

siginfo: EXCEPTION_ACCESS_VIOLATION (0xc0000005), reading address 0xffffffffffffffff


Register to memory mapping:

RIP=0x00007ffde0782b60 atio6axx.dll
RAX=0x0 is NULL
RBX=0x00007ffde3fc33b0 atio6axx.dll
RCX=0x6e6f6d6d6f635c73 is an unknown value
RDX=0x00000000000000d0 is an unknown value
RSP=0x000000d1415fad68 is pointing into the stack for thread: 0x0000025f0a4ad820
RBP=0x000000d1415faed0 is pointing into the stack for thread: 0x0000025f0a4ad820
RSI=0x00007ffde3ed2d40 atio6axx.dll
RDI=0x000000d1415fb1c0 is pointing into the stack for thread: 0x0000025f0a4ad820
R8 =0x00000000000001a5 is an unknown value
R9 =0x6e6f6d6d6f635c73 is an unknown value
R10=0x0 is NULL
R11=0x0000000000000200 is an unknown value
R12=0x00007ffde3fc3408 atio6axx.dll
R13=0x00007ffde3fc5c08 atio6axx.dll
R14=0x00007ffde3fc33b0 atio6axx.dll
R15=0x0 is NULL


Registers:
RAX=0x0000000000000000, RBX=0x00007ffde3fc33b0, RCX=0x6e6f6d6d6f635c73, RDX=0x00000000000000d0
RSP=0x000000d1415fad68, RBP=0x000000d1415faed0, RSI=0x00007ffde3ed2d40, RDI=0x000000d1415fb1c0
R8 =0x00000000000001a5, R9 =0x6e6f6d6d6f635c73, R10=0x0000000000000000, R11=0x0000000000000200
R12=0x00007ffde3fc3408, R13=0x00007ffde3fc5c08, R14=0x00007ffde3fc33b0, R15=0x0000000000000000
RIP=0x00007ffde0782b60, EFLAGS=0x0000000000010202

Top of Stack: (sp=0x000000d1415fad68)
0x000000d1415fad68:   00007ffde0782e7c 00007ffde3fc6020
0x000000d1415fad78:   0000025f30383b68 0000000000000000
0x000000d1415fad88:   00007ffde0783e8d 000000d1415fb1c0
0x000000d1415fad98:   00007ffde073f484 00007ffde3fc33b0
0x000000d1415fada8:   00007ffde3ed2d40 0000652e6176616a
0x000000d1415fadb8:   0000d1ef18bd237e 000000d1415fb1c0
0x000000d1415fadc8:   00007ffde0740457 00007ffde3fc33b8
0x000000d1415fadd8:   00007ffde3ed2d40 00007ffde3ed2d40
0x000000d1415fade8:   000000d1415facd8 00007ffde3fc33b0
0x000000d1415fadf8:   00007ffe00000000 0000000000000009
0x000000d1415fae08:   0000025f306cbbac 0000025f306cbd08
0x000000d1415fae18:   00007ffde3fc33b8 000000d1415fb1c0
0x000000d1415fae28:   000000d1415faf7d 00007f006176616a
0x000000d1415fae38:   00007f006176616a 46676e697274535c
0x000000d1415fae48:   5c6f666e49656c69 3062343039303430
0x000000d1415fae58:   726556656c69465c 000000006e6f6973 

Instructions: (pc=0x00007ffde0782b60)
0x00007ffde0782a60:   74 09 33 c9 ff 15 e6 89 66 03 90 48 8b c3 48 83
0x00007ffde0782a70:   c4 20 5b c3 cc cc cc cc cc cc cc cc cc cc cc cc
0x00007ffde0782a80:   48 83 ec 28 48 8b 51 08 48 85 d2 74 09 33 c9 ff
0x00007ffde0782a90:   15 bb 89 66 03 90 48 83 c4 28 c3 cc cc cc cc cc
0x00007ffde0782aa0:   48 89 11 c3 cc cc cc cc cc cc cc cc cc cc cc cc
0x00007ffde0782ab0:   48 8b c1 c3 cc cc cc cc cc cc cc cc cc cc cc cc
0x00007ffde0782ac0:   48 3b ca 74 10 41 8b 00 39 01 74 09 48 83 c1 04
0x00007ffde0782ad0:   48 3b ca 75 f3 48 8b c1 c3 cc cc cc cc cc cc cc
0x00007ffde0782ae0:   48 8b c1 c3 cc cc cc cc cc cc cc cc cc cc cc cc
0x00007ffde0782af0:   48 83 39 00 0f 94 c0 c3 cc cc cc cc cc cc cc cc
0x00007ffde0782b00:   4c 8d 04 d5 00 00 00 00 33 d2 e9 c1 d0 dd 01 cc
0x00007ffde0782b10:   4c 8b 41 08 48 8b 02 49 89 00 48 83 41 08 08 c3
0x00007ffde0782b20:   48 8b c1 c3 cc cc cc cc cc cc cc cc cc cc cc cc
0x00007ffde0782b30:   48 8b c1 c3 cc cc cc cc cc cc cc cc cc cc cc cc
0x00007ffde0782b40:   49 8b 00 48 89 02 c3 cc cc cc cc cc cc cc cc cc
0x00007ffde0782b50:   8b 81 40 39 00 00 c3 cc cc cc cc cc cc cc cc cc
0x00007ffde0782b60:   8b 81 40 39 00 00 83 c0 f0 83 f8 67 0f 87 5a 01
0x00007ffde0782b70:   00 00 48 8d 15 87 d4 e6 ff 0f b6 84 02 f0 2c 19
0x00007ffde0782b80:   00 8b 8c 82 d0 2c 19 00 48 03 ca ff e1 48 8b 0d
0x00007ffde0782b90:   6c 6f 7e 03 83 b9 b4 34 00 00 02 0f 87 2b 01 00
0x00007ffde0782ba0:   00 48 8d 91 0c 29 00 00 c7 02 e1 00 00 00 e9 ce
0x00007ffde0782bb0:   00 00 00 48 8b 0d 46 6f 7e 03 83 b9 b4 34 00 00
0x00007ffde0782bc0:   02 0f 87 05 01 00 00 48 8d 91 0c 29 00 00 c7 02
0x00007ffde0782bd0:   f0 00 00 00 e9 a8 00 00 00 48 8b 0d 20 6f 7e 03
0x00007ffde0782be0:   83 b9 b4 34 00 00 02 0f 87 df 00 00 00 48 8d 91
0x00007ffde0782bf0:   0c 29 00 00 c7 02 00 04 00 00 e9 82 00 00 00 48
0x00007ffde0782c00:   8b 0d fa 6e 7e 03 83 b9 b4 34 00 00 02 0f 87 b9
0x00007ffde0782c10:   00 00 00 48 8d 91 0c 29 00 00 c7 02 00 08 00 00
0x00007ffde0782c20:   eb 5f 48 8b 0d d7 6e 7e 03 83 b9 b4 34 00 00 02
0x00007ffde0782c30:   0f 87 96 00 00 00 48 8d 91 0c 29 00 00 c7 02 00
0x00007ffde0782c40:   09 00 00 eb 3c 48 8b 0d b4 6e 7e 03 83 b9 b4 34
0x00007ffde0782c50:   00 00 02 77 77 48 8d 91 0c 29 00 00 c7 02 3c 0f 


Stack slot to memory mapping:
stack at sp + 0 slots: 0x00007ffde0782e7c atio6axx.dll
stack at sp + 1 slots: 0x00007ffde3fc6020 atio6axx.dll
stack at sp + 2 slots: 0x0000025f30383b68 points into unknown readable memory: 0x00007ffde37cf5f0 | f0 f5 7c e3 fd 7f 00 00
stack at sp + 3 slots: 0x0 is NULL
stack at sp + 4 slots: 0x00007ffde0783e8d atio6axx.dll
stack at sp + 5 slots: 0x000000d1415fb1c0 is pointing into the stack for thread: 0x0000025f0a4ad820
stack at sp + 6 slots: 0x00007ffde073f484 atio6axx.dll
stack at sp + 7 slots: 0x00007ffde3fc33b0 atio6axx.dll


---------------  P R O C E S S  ---------------

Threads class SMR info:
_java_thread_list=0x0000025f3039a3d0, length=18, elements={
0x0000025f0a4ad820, 0x0000025f2c1d1bc0, 0x0000025f2c1d2680, 0x0000025f2c1ecfa0,
0x0000025f2c1f1970, 0x0000025f2c1f5250, 0x0000025f2c1f7b20, 0x0000025f2c1fdcd0,
0x0000025f2c1fe290, 0x0000025f2cc0a0a0, 0x0000025f2cd05a00, 0x0000025f2cd14db0,
0x0000025f2ce12050, 0x0000025f2f3c69a0, 0x0000025f2fe4a020, 0x0000025f2f7e9500,
0x0000025f2df86fe0, 0x0000025f312d9bc0
}

Java Threads: ( => current thread )
=>0x0000025f0a4ad820 JavaThread "Render thread" [_thread_in_native, id=9764, stack(0x000000d141500000,0x000000d141600000)]
  0x0000025f2c1d1bc0 JavaThread "Reference Handler" daemon [_thread_blocked, id=10304, stack(0x000000d141c00000,0x000000d141d00000)]
  0x0000025f2c1d2680 JavaThread "Finalizer" daemon [_thread_blocked, id=5204, stack(0x000000d141d00000,0x000000d141e00000)]
  0x0000025f2c1ecfa0 JavaThread "Signal Dispatcher" daemon [_thread_blocked, id=11328, stack(0x000000d141e00000,0x000000d141f00000)]
  0x0000025f2c1f1970 JavaThread "Attach Listener" daemon [_thread_blocked, id=7404, stack(0x000000d141f00000,0x000000d142000000)]
  0x0000025f2c1f5250 JavaThread "Service Thread" daemon [_thread_blocked, id=5180, stack(0x000000d142000000,0x000000d142100000)]
  0x0000025f2c1f7b20 JavaThread "Monitor Deflation Thread" daemon [_thread_blocked, id=9552, stack(0x000000d142100000,0x000000d142200000)]
  0x0000025f2c1fdcd0 JavaThread "C2 CompilerThread0" daemon [_thread_blocked, id=11648, stack(0x000000d142200000,0x000000d142300000)]
  0x0000025f2c1fe290 JavaThread "C1 CompilerThread0" daemon [_thread_blocked, id=4212, stack(0x000000d142300000,0x000000d142400000)]
  0x0000025f2cc0a0a0 JavaThread "Sweeper thread" daemon [_thread_blocked, id=5056, stack(0x000000d142400000,0x000000d142500000)]
  0x0000025f2cd05a00 JavaThread "Common-Cleaner" daemon [_thread_blocked, id=13260, stack(0x000000d142500000,0x000000d142600000)]
  0x0000025f2cd14db0 JavaThread "C2 CompilerThread1" daemon [_thread_blocked, id=5020, stack(0x000000d142600000,0x000000d142700000)]
  0x0000025f2ce12050 JavaThread "Notification Thread" daemon [_thread_blocked, id=5256, stack(0x000000d142700000,0x000000d142800000)]
  0x0000025f2f3c69a0 JavaThread "Thread-0" daemon [_thread_blocked, id=9108, stack(0x000000d143000000,0x000000d143100000)]
  0x0000025f2fe4a020 JavaThread "FileSystemWatchService" daemon [_thread_in_native, id=11052, stack(0x000000d143100000,0x000000d143200000)]
  0x0000025f2f7e9500 JavaThread "pool-2-thread-1" daemon [_thread_blocked, id=12192, stack(0x000000d143400000,0x000000d143500000)]
  0x0000025f2df86fe0 JavaThread "C2 CompilerThread2" daemon [_thread_blocked, id=7028, stack(0x000000d142900000,0x000000d142a00000)]
  0x0000025f312d9bc0 JavaThread "Timer hack thread" daemon [_thread_blocked, id=10052, stack(0x000000d143800000,0x000000d143900000)]

Other Threads:
  0x0000025f2c1cc150 VMThread "VM Thread" [stack: 0x000000d141b00000,0x000000d141c00000] [id=2632]
  0x0000025f0a4ae3d0 WatcherThread [stack: 0x000000d142800000,0x000000d142900000] [id=2244]
  0x0000025f0a510030 GCTaskThread "GC Thread#0" [stack: 0x000000d141600000,0x000000d141700000] [id=8140]
  0x0000025f2d4e5fa0 GCTaskThread "GC Thread#1" [stack: 0x000000d142a00000,0x000000d142b00000] [id=11632]
  0x0000025f2d10cf90 GCTaskThread "GC Thread#2" [stack: 0x000000d142b00000,0x000000d142c00000] [id=10768]
  0x0000025f2d490c90 GCTaskThread "GC Thread#3" [stack: 0x000000d142c00000,0x000000d142d00000] [id=3960]
  0x0000025f2d685d30 GCTaskThread "GC Thread#4" [stack: 0x000000d142d00000,0x000000d142e00000] [id=10280]
  0x0000025f2d9bd770 GCTaskThread "GC Thread#5" [stack: 0x000000d142e00000,0x000000d142f00000] [id=10092]
  0x0000025f2d724770 GCTaskThread "GC Thread#6" [stack: 0x000000d142f00000,0x000000d143000000] [id=2468]
  0x0000025f2f25aac0 GCTaskThread "GC Thread#7" [stack: 0x000000d143200000,0x000000d143300000] [id=9624]
  0x0000025f0a520d70 ConcurrentGCThread "G1 Main Marker" [stack: 0x000000d141700000,0x000000d141800000] [id=12072]
  0x0000025f0a521dc0 ConcurrentGCThread "G1 Conc#0" [stack: 0x000000d141800000,0x000000d141900000] [id=12128]
  0x0000025f2e94eaf0 ConcurrentGCThread "G1 Conc#1" [stack: 0x000000d143300000,0x000000d143400000] [id=12816]
  0x0000025f2c085590 ConcurrentGCThread "G1 Refine#0" [stack: 0x000000d141900000,0x000000d141a00000] [id=7692]
  0x0000025f2c085c60 ConcurrentGCThread "G1 Service" [stack: 0x000000d141a00000,0x000000d141b00000] [id=7592]

Threads with active compile tasks:

VM state: not at safepoint (normal execution)

VM Mutex/Monitor currently owned by a thread: None

Heap address: 0x0000000720a00000, size: 3574 MB, Compressed Oops mode: Zero based, Oop shift amount: 3

CDS archive(s) mapped at: [0x0000000800000000-0x0000000800bc0000-0x0000000800bc0000), size 12320768, SharedBaseAddress: 0x0000000800000000, ArchiveRelocationMode: 0.
Compressed class space mapped at: 0x0000000800c00000-0x0000000840c00000, reserved size: 1073741824
Narrow klass base: 0x0000000800000000, Narrow klass shift: 0, Narrow klass range: 0x100000000

GC Precious Log:
 CPUs: 8 total, 8 available
 Memory: 14293M
 Large Page Support: Disabled
 NUMA Support: Disabled
 Compressed Oops: Enabled (Zero based)
 Heap Region Size: 2M
 Heap Min Capacity: 8M
 Heap Initial Capacity: 224M
 Heap Max Capacity: 3574M
 Pre-touch: Disabled
 Parallel Workers: 8
 Concurrent Workers: 2
 Concurrent Refinement Workers: 8
 Periodic GC: Disabled

Heap:
 garbage-first heap   total 321536K, used 171305K [0x0000000720a00000, 0x0000000800000000)
  region size 2048K, 11 young (22528K), 7 survivors (14336K)
 Metaspace       used 65473K, committed 66624K, reserved 1105920K
  class space    used 9950K, committed 10432K, reserved 1048576K

Heap Regions: E=young(eden), S=young(survivor), O=old, HS=humongous(starts), HC=humongous(continues), CS=collection set, F=free, OA=open archive, CA=closed archive, TAMS=top-at-mark-start (previous, next)
|   0|0x0000000720a00000, 0x0000000720c00000, 0x0000000720c00000|100%|HS|  |TAMS 0x0000000720c00000, 0x0000000720a00000| Complete 
|   1|0x0000000720c00000, 0x0000000720e00000, 0x0000000720e00000|100%| O|  |TAMS 0x0000000720e00000, 0x0000000720c00000| Untracked 
|   2|0x0000000720e00000, 0x0000000721000000, 0x0000000721000000|100%|HS|  |TAMS 0x0000000721000000, 0x0000000720e00000| Complete 
|   3|0x0000000721000000, 0x0000000721200000, 0x0000000721200000|100%| O|  |TAMS 0x0000000721200000, 0x0000000721000000| Untracked 
|   4|0x0000000721200000, 0x0000000721400000, 0x0000000721400000|100%| O|  |TAMS 0x0000000721400000, 0x0000000721200000| Untracked 
|   5|0x0000000721400000, 0x0000000721600000, 0x0000000721600000|100%| O|  |TAMS 0x0000000721600000, 0x0000000721400000| Untracked 
|   6|0x0000000721600000, 0x0000000721800000, 0x0000000721800000|100%|HS|  |TAMS 0x0000000721800000, 0x0000000721600000| Complete 
|   7|0x0000000721800000, 0x0000000721a00000, 0x0000000721a00000|100%|HS|  |TAMS 0x0000000721a00000, 0x0000000721800000| Complete 
|   8|0x0000000721a00000, 0x0000000721c00000, 0x0000000721c00000|100%| O|  |TAMS 0x0000000721c00000, 0x0000000721a00000| Untracked 
|   9|0x0000000721c00000, 0x0000000721e00000, 0x0000000721e00000|100%| O|  |TAMS 0x0000000721e00000, 0x0000000721c00000| Untracked 
|  10|0x0000000721e00000, 0x0000000722000000, 0x0000000722000000|100%| O|  |TAMS 0x0000000722000000, 0x0000000721e00000| Untracked 
|  11|0x0000000722000000, 0x0000000722200000, 0x0000000722200000|100%| O|  |TAMS 0x0000000722200000, 0x0000000722000000| Untracked 
|  12|0x0000000722200000, 0x0000000722400000, 0x0000000722400000|100%| O|  |TAMS 0x0000000722400000, 0x0000000722200000| Untracked 
|  13|0x0000000722400000, 0x0000000722600000, 0x0000000722600000|100%| O|  |TAMS 0x0000000722600000, 0x0000000722400000| Untracked 
|  14|0x0000000722600000, 0x0000000722800000, 0x0000000722800000|100%|HS|  |TAMS 0x0000000722800000, 0x0000000722600000| Complete 
|  15|0x0000000722800000, 0x0000000722a00000, 0x0000000722a00000|100%| O|  |TAMS 0x0000000722a00000, 0x0000000722800000| Untracked 
|  16|0x0000000722a00000, 0x0000000722c00000, 0x0000000722c00000|100%| O|  |TAMS 0x0000000722c00000, 0x0000000722a00000| Untracked 
|  17|0x0000000722c00000, 0x0000000722e00000, 0x0000000722e00000|100%| O|  |TAMS 0x0000000722e00000, 0x0000000722c00000| Untracked 
|  18|0x0000000722e00000, 0x0000000723000000, 0x0000000723000000|100%| O|  |TAMS 0x0000000723000000, 0x0000000722e00000| Untracked 
|  19|0x0000000723000000, 0x0000000723200000, 0x0000000723200000|100%| O|  |TAMS 0x0000000723200000, 0x0000000723000000| Untracked 
|  20|0x0000000723200000, 0x0000000723400000, 0x0000000723400000|100%| O|  |TAMS 0x0000000723400000, 0x0000000723200000| Untracked 
|  21|0x0000000723400000, 0x0000000723600000, 0x0000000723600000|100%| O|  |TAMS 0x0000000723600000, 0x0000000723400000| Untracked 
|  22|0x0000000723600000, 0x0000000723800000, 0x0000000723800000|100%| O|  |TAMS 0x0000000723800000, 0x0000000723600000| Untracked 
|  23|0x0000000723800000, 0x0000000723a00000, 0x0000000723a00000|100%| O|  |TAMS 0x0000000723a00000, 0x0000000723800000| Untracked 
|  24|0x0000000723a00000, 0x0000000723c00000, 0x0000000723c00000|100%| O|  |TAMS 0x0000000723c00000, 0x0000000723a00000| Untracked 
|  25|0x0000000723c00000, 0x0000000723e00000, 0x0000000723e00000|100%| O|  |TAMS 0x0000000723e00000, 0x0000000723c00000| Untracked 
|  26|0x0000000723e00000, 0x0000000724000000, 0x0000000724000000|100%| O|  |TAMS 0x0000000724000000, 0x0000000723e00000| Untracked 
|  27|0x0000000724000000, 0x0000000724200000, 0x0000000724200000|100%| O|  |TAMS 0x0000000724200000, 0x0000000724000000| Untracked 
|  28|0x0000000724200000, 0x0000000724400000, 0x0000000724400000|100%| O|  |TAMS 0x0000000724400000, 0x0000000724200000| Untracked 
|  29|0x0000000724400000, 0x0000000724600000, 0x0000000724600000|100%| O|  |TAMS 0x0000000724600000, 0x0000000724400000| Untracked 
|  30|0x0000000724600000, 0x0000000724800000, 0x0000000724800000|100%| O|  |TAMS 0x0000000724800000, 0x0000000724600000| Untracked 
|  31|0x0000000724800000, 0x0000000724a00000, 0x0000000724a00000|100%| O|  |TAMS 0x0000000724a00000, 0x0000000724800000| Untracked 
|  32|0x0000000724a00000, 0x0000000724c00000, 0x0000000724c00000|100%| O|  |TAMS 0x0000000724c00000, 0x0000000724a00000| Untracked 
|  33|0x0000000724c00000, 0x0000000724e00000, 0x0000000724e00000|100%| O|  |TAMS 0x0000000724e00000, 0x0000000724c00000| Untracked 
|  34|0x0000000724e00000, 0x0000000725000000, 0x0000000725000000|100%|HS|  |TAMS 0x0000000725000000, 0x0000000724e00000| Complete 
|  35|0x0000000725000000, 0x0000000725200000, 0x0000000725200000|100%|HC|  |TAMS 0x0000000725200000, 0x0000000725000000| Complete 
|  36|0x0000000725200000, 0x0000000725400000, 0x0000000725400000|100%|HC|  |TAMS 0x0000000725400000, 0x0000000725200000| Complete 
|  37|0x0000000725400000, 0x0000000725600000, 0x0000000725600000|100%|HC|  |TAMS 0x0000000725600000, 0x0000000725400000| Complete 
|  38|0x0000000725600000, 0x0000000725800000, 0x0000000725800000|100%|HC|  |TAMS 0x0000000725800000, 0x0000000725600000| Complete 
|  39|0x0000000725800000, 0x0000000725a00000, 0x0000000725a00000|100%|HC|  |TAMS 0x0000000725a00000, 0x0000000725800000| Complete 
|  40|0x0000000725a00000, 0x0000000725b6cc00, 0x0000000725c00000| 71%| O|  |TAMS 0x0000000725b6cc00, 0x0000000725a00000| Untracked 
|  41|0x0000000725c00000, 0x0000000725e00000, 0x0000000725e00000|100%| O|  |TAMS 0x0000000725e00000, 0x0000000725c00000| Untracked 
|  42|0x0000000725e00000, 0x0000000726000000, 0x0000000726000000|100%| O|  |TAMS 0x0000000726000000, 0x0000000725e00000| Untracked 
|  43|0x0000000726000000, 0x0000000726200000, 0x0000000726200000|100%| O|  |TAMS 0x0000000726200000, 0x0000000726000000| Untracked 
|  44|0x0000000726200000, 0x0000000726400000, 0x0000000726400000|100%| O|  |TAMS 0x0000000726400000, 0x0000000726200000| Untracked 
|  45|0x0000000726400000, 0x0000000726600000, 0x0000000726600000|100%| O|  |TAMS 0x0000000726600000, 0x0000000726400000| Untracked 
|  46|0x0000000726600000, 0x0000000726800000, 0x0000000726800000|100%| O|  |TAMS 0x0000000726800000, 0x0000000726600000| Untracked 
|  47|0x0000000726800000, 0x0000000726a00000, 0x0000000726a00000|100%| O|  |TAMS 0x0000000726a00000, 0x0000000726800000| Untracked 
|  48|0x0000000726a00000, 0x0000000726c00000, 0x0000000726c00000|100%| O|  |TAMS 0x0000000726c00000, 0x0000000726a00000| Untracked 
|  49|0x0000000726c00000, 0x0000000726e00000, 0x0000000726e00000|100%| O|  |TAMS 0x0000000726e00000, 0x0000000726c00000| Untracked 
|  50|0x0000000726e00000, 0x0000000727000000, 0x0000000727000000|100%| O|  |TAMS 0x0000000727000000, 0x0000000726e00000| Untracked 
|  51|0x0000000727000000, 0x0000000727200000, 0x0000000727200000|100%| O|  |TAMS 0x0000000727200000, 0x0000000727000000| Untracked 
|  52|0x0000000727200000, 0x0000000727400000, 0x0000000727400000|100%| O|  |TAMS 0x0000000727400000, 0x0000000727200000| Untracked 
|  53|0x0000000727400000, 0x0000000727600000, 0x0000000727600000|100%| O|  |TAMS 0x0000000727600000, 0x0000000727400000| Untracked 
|  54|0x0000000727600000, 0x0000000727800000, 0x0000000727800000|100%| O|  |TAMS 0x0000000727800000, 0x0000000727600000| Untracked 
|  55|0x0000000727800000, 0x0000000727a00000, 0x0000000727a00000|100%| O|  |TAMS 0x0000000727a00000, 0x0000000727800000| Untracked 
|  56|0x0000000727a00000, 0x0000000727c00000, 0x0000000727c00000|100%| O|  |TAMS 0x0000000727c00000, 0x0000000727a00000| Untracked 
|  57|0x0000000727c00000, 0x0000000727e00000, 0x0000000727e00000|100%| O|  |TAMS 0x0000000727e00000, 0x0000000727c00000| Untracked 
|  58|0x0000000727e00000, 0x0000000728000000, 0x0000000728000000|100%| O|  |TAMS 0x0000000728000000, 0x0000000727e00000| Untracked 
|  59|0x0000000728000000, 0x0000000728200000, 0x0000000728200000|100%| O|  |TAMS 0x0000000728200000, 0x0000000728000000| Untracked 
|  60|0x0000000728200000, 0x0000000728400000, 0x0000000728400000|100%| O|  |TAMS 0x0000000728400000, 0x0000000728200000| Untracked 
|  61|0x0000000728400000, 0x0000000728600000, 0x0000000728600000|100%| O|  |TAMS 0x0000000728600000, 0x0000000728400000| Untracked 
|  62|0x0000000728600000, 0x0000000728800000, 0x0000000728800000|100%| O|  |TAMS 0x0000000728800000, 0x0000000728600000| Untracked 
|  63|0x0000000728800000, 0x0000000728a00000, 0x0000000728a00000|100%| O|  |TAMS 0x0000000728a00000, 0x0000000728800000| Untracked 
|  64|0x0000000728a00000, 0x0000000728c00000, 0x0000000728c00000|100%| O|  |TAMS 0x0000000728c00000, 0x0000000728a00000| Untracked 
|  65|0x0000000728c00000, 0x0000000728e00000, 0x0000000728e00000|100%| O|  |TAMS 0x0000000728e00000, 0x0000000728c00000| Untracked 
|  66|0x0000000728e00000, 0x0000000729000000, 0x0000000729000000|100%| O|  |TAMS 0x0000000729000000, 0x0000000728e00000| Untracked 
|  67|0x0000000729000000, 0x0000000729200000, 0x0000000729200000|100%| O|  |TAMS 0x0000000729200000, 0x0000000729000000| Untracked 
|  68|0x0000000729200000, 0x0000000729400000, 0x0000000729400000|100%| O|  |TAMS 0x0000000729400000, 0x0000000729200000| Untracked 
|  69|0x0000000729400000, 0x0000000729600000, 0x0000000729600000|100%| O|  |TAMS 0x0000000729600000, 0x0000000729400000| Untracked 
|  70|0x0000000729600000, 0x0000000729800000, 0x0000000729800000|100%| O|  |TAMS 0x0000000729800000, 0x0000000729600000| Untracked 
|  71|0x0000000729800000, 0x0000000729a00000, 0x0000000729a00000|100%| O|  |TAMS 0x0000000729a00000, 0x0000000729800000| Untracked 
|  72|0x0000000729a00000, 0x0000000729c00000, 0x0000000729c00000|100%| O|  |TAMS 0x0000000729c00000, 0x0000000729a00000| Untracked 
|  73|0x0000000729c00000, 0x0000000729e00000, 0x0000000729e00000|100%| O|  |TAMS 0x0000000729e00000, 0x0000000729c00000| Untracked 
|  74|0x0000000729e00000, 0x0000000729f63000, 0x000000072a000000| 69%| O|  |TAMS 0x0000000729f63000, 0x0000000729e00000| Untracked 
|  75|0x000000072a000000, 0x000000072a000000, 0x000000072a200000|  0%| F|  |TAMS 0x000000072a000000, 0x000000072a000000| Untracked 
|  76|0x000000072a200000, 0x000000072a200000, 0x000000072a400000|  0%| F|  |TAMS 0x000000072a200000, 0x000000072a200000| Untracked 
|  77|0x000000072a400000, 0x000000072a400000, 0x000000072a600000|  0%| F|  |TAMS 0x000000072a400000, 0x000000072a400000| Untracked 
|  78|0x000000072a600000, 0x000000072a600000, 0x000000072a800000|  0%| F|  |TAMS 0x000000072a600000, 0x000000072a600000| Untracked 
|  79|0x000000072a800000, 0x000000072a800000, 0x000000072aa00000|  0%| F|  |TAMS 0x000000072a800000, 0x000000072a800000| Untracked 
|  80|0x000000072aa00000, 0x000000072aa00000, 0x000000072ac00000|  0%| F|  |TAMS 0x000000072aa00000, 0x000000072aa00000| Untracked 
|  81|0x000000072ac00000, 0x000000072ac00000, 0x000000072ae00000|  0%| F|  |TAMS 0x000000072ac00000, 0x000000072ac00000| Untracked 
|  82|0x000000072ae00000, 0x000000072ae00000, 0x000000072b000000|  0%| F|  |TAMS 0x000000072ae00000, 0x000000072ae00000| Untracked 
|  83|0x000000072b000000, 0x000000072b000000, 0x000000072b200000|  0%| F|  |TAMS 0x000000072b000000, 0x000000072b000000| Untracked 
|  84|0x000000072b200000, 0x000000072b200000, 0x000000072b400000|  0%| F|  |TAMS 0x000000072b200000, 0x000000072b200000| Untracked 
|  85|0x000000072b400000, 0x000000072b400000, 0x000000072b600000|  0%| F|  |TAMS 0x000000072b400000, 0x000000072b400000| Untracked 
|  86|0x000000072b600000, 0x000000072b600000, 0x000000072b800000|  0%| F|  |TAMS 0x000000072b600000, 0x000000072b600000| Untracked 
|  87|0x000000072b800000, 0x000000072b800000, 0x000000072ba00000|  0%| F|  |TAMS 0x000000072b800000, 0x000000072b800000| Untracked 
|  88|0x000000072ba00000, 0x000000072ba00000, 0x000000072bc00000|  0%| F|  |TAMS 0x000000072ba00000, 0x000000072ba00000| Untracked 
|  89|0x000000072bc00000, 0x000000072bc00000, 0x000000072be00000|  0%| F|  |TAMS 0x000000072bc00000, 0x000000072bc00000| Untracked 
|  90|0x000000072be00000, 0x000000072be00000, 0x000000072c000000|  0%| F|  |TAMS 0x000000072be00000, 0x000000072be00000| Untracked 
|  91|0x000000072c000000, 0x000000072c000000, 0x000000072c200000|  0%| F|  |TAMS 0x000000072c000000, 0x000000072c000000| Untracked 
|  92|0x000000072c200000, 0x000000072c200000, 0x000000072c400000|  0%| F|  |TAMS 0x000000072c200000, 0x000000072c200000| Untracked 
|  93|0x000000072c400000, 0x000000072c400000, 0x000000072c600000|  0%| F|  |TAMS 0x000000072c400000, 0x000000072c400000| Untracked 
|  94|0x000000072c600000, 0x000000072c67ab80, 0x000000072c800000| 23%| S|CS|TAMS 0x000000072c600000, 0x000000072c600000| Complete 
|  95|0x000000072c800000, 0x000000072ca00000, 0x000000072ca00000|100%| S|CS|TAMS 0x000000072c800000, 0x000000072c800000| Complete 
|  96|0x000000072ca00000, 0x000000072cc00000, 0x000000072cc00000|100%| S|CS|TAMS 0x000000072ca00000, 0x000000072ca00000| Complete 
|  97|0x000000072cc00000, 0x000000072ce00000, 0x000000072ce00000|100%| S|CS|TAMS 0x000000072cc00000, 0x000000072cc00000| Complete 
|  98|0x000000072ce00000, 0x000000072d000000, 0x000000072d000000|100%| S|CS|TAMS 0x000000072ce00000, 0x000000072ce00000| Complete 
|  99|0x000000072d000000, 0x000000072d200000, 0x000000072d200000|100%| S|CS|TAMS 0x000000072d000000, 0x000000072d000000| Complete 
| 100|0x000000072d200000, 0x000000072d400000, 0x000000072d400000|100%| S|CS|TAMS 0x000000072d200000, 0x000000072d200000| Complete 
| 101|0x000000072d400000, 0x000000072d400000, 0x000000072d600000|  0%| F|  |TAMS 0x000000072d400000, 0x000000072d400000| Untracked 
| 102|0x000000072d600000, 0x000000072d600000, 0x000000072d800000|  0%| F|  |TAMS 0x000000072d600000, 0x000000072d600000| Untracked 
| 103|0x000000072d800000, 0x000000072d800000, 0x000000072da00000|  0%| F|  |TAMS 0x000000072d800000, 0x000000072d800000| Untracked 
| 104|0x000000072da00000, 0x000000072da00000, 0x000000072dc00000|  0%| F|  |TAMS 0x000000072da00000, 0x000000072da00000| Untracked 
| 105|0x000000072dc00000, 0x000000072dc00000, 0x000000072de00000|  0%| F|  |TAMS 0x000000072dc00000, 0x000000072dc00000| Untracked 
| 106|0x000000072de00000, 0x000000072de00000, 0x000000072e000000|  0%| F|  |TAMS 0x000000072de00000, 0x000000072de00000| Untracked 
| 107|0x000000072e000000, 0x000000072e000000, 0x000000072e200000|  0%| F|  |TAMS 0x000000072e000000, 0x000000072e000000| Untracked 
| 108|0x000000072e200000, 0x000000072e200000, 0x000000072e400000|  0%| F|  |TAMS 0x000000072e200000, 0x000000072e200000| Untracked 
| 109|0x000000072e400000, 0x000000072e400000, 0x000000072e600000|  0%| F|  |TAMS 0x000000072e400000, 0x000000072e400000| Untracked 
| 110|0x000000072e600000, 0x000000072e600000, 0x000000072e800000|  0%| F|  |TAMS 0x000000072e600000, 0x000000072e600000| Untracked 
| 111|0x000000072e800000, 0x000000072e800000, 0x000000072ea00000|  0%| F|  |TAMS 0x000000072e800000, 0x000000072e800000| Untracked 
| 112|0x000000072ea00000, 0x000000072ea00000, 0x000000072ec00000|  0%| F|  |TAMS 0x000000072ea00000, 0x000000072ea00000| Untracked 
| 113|0x000000072ec00000, 0x000000072ec00000, 0x000000072ee00000|  0%| F|  |TAMS 0x000000072ec00000, 0x000000072ec00000| Untracked 
| 114|0x000000072ee00000, 0x000000072ee00000, 0x000000072f000000|  0%| F|  |TAMS 0x000000072ee00000, 0x000000072ee00000| Untracked 
| 115|0x000000072f000000, 0x000000072f000000, 0x000000072f200000|  0%| F|  |TAMS 0x000000072f000000, 0x000000072f000000| Untracked 
| 116|0x000000072f200000, 0x000000072f200000, 0x000000072f400000|  0%| F|  |TAMS 0x000000072f200000, 0x000000072f200000| Untracked 
| 117|0x000000072f400000, 0x000000072f400000, 0x000000072f600000|  0%| F|  |TAMS 0x000000072f400000, 0x000000072f400000| Untracked 
| 118|0x000000072f600000, 0x000000072f600000, 0x000000072f800000|  0%| F|  |TAMS 0x000000072f600000, 0x000000072f600000| Untracked 
| 119|0x000000072f800000, 0x000000072f800000, 0x000000072fa00000|  0%| F|  |TAMS 0x000000072f800000, 0x000000072f800000| Untracked 
| 120|0x000000072fa00000, 0x000000072fa00000, 0x000000072fc00000|  0%| F|  |TAMS 0x000000072fa00000, 0x000000072fa00000| Untracked 
| 121|0x000000072fc00000, 0x000000072fc00000, 0x000000072fe00000|  0%| F|  |TAMS 0x000000072fc00000, 0x000000072fc00000| Untracked 
| 122|0x000000072fe00000, 0x000000072fe00000, 0x0000000730000000|  0%| F|  |TAMS 0x000000072fe00000, 0x000000072fe00000| Untracked 
| 123|0x0000000730000000, 0x0000000730000000, 0x0000000730200000|  0%| F|  |TAMS 0x0000000730000000, 0x0000000730000000| Untracked 
| 124|0x0000000730200000, 0x0000000730200000, 0x0000000730400000|  0%| F|  |TAMS 0x0000000730200000, 0x0000000730200000| Untracked 
| 125|0x0000000730400000, 0x0000000730400000, 0x0000000730600000|  0%| F|  |TAMS 0x0000000730400000, 0x0000000730400000| Untracked 
| 126|0x0000000730600000, 0x0000000730600000, 0x0000000730800000|  0%| F|  |TAMS 0x0000000730600000, 0x0000000730600000| Untracked 
| 127|0x0000000730800000, 0x0000000730800000, 0x0000000730a00000|  0%| F|  |TAMS 0x0000000730800000, 0x0000000730800000| Untracked 
| 128|0x0000000730a00000, 0x0000000730a00000, 0x0000000730c00000|  0%| F|  |TAMS 0x0000000730a00000, 0x0000000730a00000| Untracked 
| 129|0x0000000730c00000, 0x0000000730c00000, 0x0000000730e00000|  0%| F|  |TAMS 0x0000000730c00000, 0x0000000730c00000| Untracked 
| 130|0x0000000730e00000, 0x0000000730e00000, 0x0000000731000000|  0%| F|  |TAMS 0x0000000730e00000, 0x0000000730e00000| Untracked 
| 131|0x0000000731000000, 0x0000000731000000, 0x0000000731200000|  0%| F|  |TAMS 0x0000000731000000, 0x0000000731000000| Untracked 
| 132|0x0000000731200000, 0x0000000731200000, 0x0000000731400000|  0%| F|  |TAMS 0x0000000731200000, 0x0000000731200000| Untracked 
| 133|0x0000000731400000, 0x0000000731400000, 0x0000000731600000|  0%| F|  |TAMS 0x0000000731400000, 0x0000000731400000| Untracked 
| 134|0x0000000731600000, 0x0000000731600000, 0x0000000731800000|  0%| F|  |TAMS 0x0000000731600000, 0x0000000731600000| Untracked 
| 135|0x0000000731800000, 0x0000000731800000, 0x0000000731a00000|  0%| F|  |TAMS 0x0000000731800000, 0x0000000731800000| Untracked 
| 136|0x0000000731a00000, 0x0000000731a00000, 0x0000000731c00000|  0%| F|  |TAMS 0x0000000731a00000, 0x0000000731a00000| Untracked 
| 137|0x0000000731c00000, 0x0000000731c00000, 0x0000000731e00000|  0%| F|  |TAMS 0x0000000731c00000, 0x0000000731c00000| Untracked 
| 138|0x0000000731e00000, 0x0000000731e00000, 0x0000000732000000|  0%| F|  |TAMS 0x0000000731e00000, 0x0000000731e00000| Untracked 
| 139|0x0000000732000000, 0x0000000732000000, 0x0000000732200000|  0%| F|  |TAMS 0x0000000732000000, 0x0000000732000000| Untracked 
| 140|0x0000000732200000, 0x0000000732200000, 0x0000000732400000|  0%| F|  |TAMS 0x0000000732200000, 0x0000000732200000| Untracked 
| 141|0x0000000732400000, 0x0000000732400000, 0x0000000732600000|  0%| F|  |TAMS 0x0000000732400000, 0x0000000732400000| Untracked 
| 142|0x0000000732600000, 0x0000000732600000, 0x0000000732800000|  0%| F|  |TAMS 0x0000000732600000, 0x0000000732600000| Untracked 
| 143|0x0000000732800000, 0x0000000732800000, 0x0000000732a00000|  0%| F|  |TAMS 0x0000000732800000, 0x0000000732800000| Untracked 
| 144|0x0000000732a00000, 0x0000000732a00000, 0x0000000732c00000|  0%| F|  |TAMS 0x0000000732a00000, 0x0000000732a00000| Untracked 
| 145|0x0000000732c00000, 0x0000000732c00000, 0x0000000732e00000|  0%| F|  |TAMS 0x0000000732c00000, 0x0000000732c00000| Untracked 
| 146|0x0000000732e00000, 0x0000000732e00000, 0x0000000733000000|  0%| F|  |TAMS 0x0000000732e00000, 0x0000000732e00000| Untracked 
| 147|0x0000000733000000, 0x0000000733000000, 0x0000000733200000|  0%| F|  |TAMS 0x0000000733000000, 0x0000000733000000| Untracked 
| 148|0x0000000733200000, 0x0000000733200000, 0x0000000733400000|  0%| F|  |TAMS 0x0000000733200000, 0x0000000733200000| Untracked 
| 149|0x0000000733400000, 0x0000000733400000, 0x0000000733600000|  0%| F|  |TAMS 0x0000000733400000, 0x0000000733400000| Untracked 
| 150|0x0000000733600000, 0x0000000733600000, 0x0000000733800000|  0%| F|  |TAMS 0x0000000733600000, 0x0000000733600000| Untracked 
| 151|0x0000000733800000, 0x0000000733800000, 0x0000000733a00000|  0%| F|  |TAMS 0x0000000733800000, 0x0000000733800000| Untracked 
| 152|0x0000000733a00000, 0x0000000733a00000, 0x0000000733c00000|  0%| F|  |TAMS 0x0000000733a00000, 0x0000000733a00000| Untracked 
| 153|0x0000000733c00000, 0x0000000733ce2630, 0x0000000733e00000| 44%| E|  |TAMS 0x0000000733c00000, 0x0000000733c00000| Complete 
| 154|0x0000000733e00000, 0x0000000734000000, 0x0000000734000000|100%| E|CS|TAMS 0x0000000733e00000, 0x0000000733e00000| Complete 
| 198|0x0000000739600000, 0x0000000739800000, 0x0000000739800000|100%| E|CS|TAMS 0x0000000739600000, 0x0000000739600000| Complete 
| 199|0x0000000739800000, 0x0000000739a00000, 0x0000000739a00000|100%| E|CS|TAMS 0x0000000739800000, 0x0000000739800000| Complete 

Card table byte_map: [0x0000025f219a0000,0x0000025f220a0000] _byte_map_base: 0x0000025f1e09b000

Marking Bits (Prev, Next): (CMBitMap*) 0x0000025f0a5104e0, (CMBitMap*) 0x0000025f0a510520
 Prev Bits: [0x0000025f227a0000, 0x0000025f25f78000)
 Next Bits: [0x0000025f25f80000, 0x0000025f29758000)

Polling page: 0x0000025f09c50000

Metaspace:

Usage:
  Non-class:     54.22 MB used.
      Class:      9.72 MB used.
       Both:     63.94 MB used.

Virtual space:
  Non-class space:       56.00 MB reserved,      54.88 MB ( 98%) committed,  7 nodes.
      Class space:        1.00 GB reserved,      10.19 MB ( <1%) committed,  1 nodes.
             Both:        1.05 GB reserved,      65.06 MB (  6%) committed. 

Chunk freelists:
   Non-Class:  1.06 MB
       Class:  1.83 MB
        Both:  2.88 MB

MaxMetaspaceSize: unlimited
CompressedClassSpaceSize: 1.00 GB
Initial GC threshold: 21.00 MB
Current GC threshold: 108.44 MB
CDS: on
MetaspaceReclaimPolicy: balanced
 - commit_granule_bytes: 65536.
 - commit_granule_words: 8192.
 - virtual_space_node_default_size: 1048576.
 - enlarge_chunks_in_place: 1.
 - new_chunks_are_fully_committed: 0.
 - uncommit_free_chunks: 1.
 - use_allocation_guard: 0.
 - handle_deallocations: 1.


Internal statistics:

num_allocs_failed_limit: 12.
num_arena_births: 1718.
num_arena_deaths: 0.
num_vsnodes_births: 8.
num_vsnodes_deaths: 0.
num_space_committed: 1038.
num_space_uncommitted: 0.
num_chunks_returned_to_freelist: 12.
num_chunks_taken_from_freelist: 4413.
num_chunk_merges: 12.
num_chunk_splits: 2869.
num_chunks_enlarged: 1943.
num_purges: 0.
num_inconsistent_stats: 0.

CodeHeap 'non-profiled nmethods': size=120000Kb used=6113Kb max_used=6113Kb free=113886Kb
 bounds [0x0000025f19a40000, 0x0000025f1a040000, 0x0000025f20f70000]
CodeHeap 'profiled nmethods': size=120000Kb used=11732Kb max_used=12000Kb free=108267Kb
 bounds [0x0000025f12510000, 0x0000025f130d0000, 0x0000025f19a40000]
CodeHeap 'non-nmethods': size=5760Kb used=1953Kb max_used=2014Kb free=3806Kb
 bounds [0x0000025f11f70000, 0x0000025f121e0000, 0x0000025f12510000]
 total_blobs=8729 nmethods=7252 adapters=1389
 compilation: enabled
              stopped_count=0, restarted_count=0
 full_count=0

Compilation events (20 events):
Event: 21.022 Thread 0x0000025f2c1fe290 nmethod 9710 0x0000025f1288eb90 code [0x0000025f1288ed20, 0x0000025f1288ee38]
Event: 21.043 Thread 0x0000025f2c1fe290 9714       3       java.util.concurrent.ConcurrentHashMap$BaseIterator::<init> (21 bytes)
Event: 21.043 Thread 0x0000025f2c1fe290 nmethod 9714 0x0000025f1288e710 code [0x0000025f1288e8c0, 0x0000025f1288eab8]
Event: 21.043 Thread 0x0000025f2c1fdcd0 9715   !   4       java.nio.file.Files::exists (71 bytes)
Event: 21.046 Thread 0x0000025f2c1fe290 9716       3       sun.misc.Unsafe::getInt (9 bytes)
Event: 21.047 Thread 0x0000025f2c1fe290 nmethod 9716 0x0000025f1288e390 code [0x0000025f1288e520, 0x0000025f1288e638]
Event: 21.047 Thread 0x0000025f2c1fe290 9717       3       org.lwjgl.system.CustomBuffer::address (19 bytes)
Event: 21.047 Thread 0x0000025f2c1fe290 nmethod 9717 0x0000025f1288de90 code [0x0000025f1288e040, 0x0000025f1288e2a8]
Event: 21.047 Thread 0x0000025f2cd14db0 9718       4       java.util.ArrayList$Itr::checkForComodification (23 bytes)
Event: 21.048 Thread 0x0000025f2cd14db0 nmethod 9718 0x0000025f1a022490 code [0x0000025f1a022600, 0x0000025f1a0226b8]
Event: 21.048 Thread 0x0000025f2c1fdcd0 nmethod 9715 0x0000025f1a022790 code [0x0000025f1a022940, 0x0000025f1a022bd8]
Event: 21.050 Thread 0x0000025f2c1fe290 9719       3       net.minecraftforge.eventbus.EventAccessTransformer$$Lambda$1069/0x0000000801048000::test (8 bytes)
Event: 21.050 Thread 0x0000025f2c1fe290 nmethod 9719 0x0000025f125ed290 code [0x0000025f125ed4e0, 0x0000025f125ee0c8]
Event: 21.057 Thread 0x0000025f2c1fe290 9723       3       java.util.concurrent.ConcurrentHashMap::values (25 bytes)
Event: 21.058 Thread 0x0000025f2c1fe290 nmethod 9723 0x0000025f1288d690 code [0x0000025f1288d840, 0x0000025f1288dbf8]
Event: 21.058 Thread 0x0000025f2c1fe290 9724       3       java.util.concurrent.ConcurrentHashMap$ValuesView::iterator (34 bytes)
Event: 21.058 Thread 0x0000025f2c1fe290 nmethod 9724 0x0000025f125ecd90 code [0x0000025f125ecf40, 0x0000025f125ed188]
Event: 21.058 Thread 0x0000025f2c1fe290 9725       3       java.util.concurrent.ConcurrentHashMap$ValueIterator::<init> (12 bytes)
Event: 21.059 Thread 0x0000025f2c1fe290 nmethod 9725 0x0000025f125eca10 code [0x0000025f125ecba0, 0x0000025f125ecce8]
Event: 21.141 Thread 0x0000025f2df86fe0 nmethod 9518 0x0000025f1a023810 code [0x0000025f1a024200, 0x0000025f1a02fe08]

GC Heap History (20 events):
Event: 9.303 GC heap before
{Heap before GC invocations=12 (full 0):
 garbage-first heap   total 204800K, used 161123K [0x0000000720a00000, 0x0000000800000000)
  region size 2048K, 45 young (92160K), 1 survivors (2048K)
 Metaspace       used 26904K, committed 27648K, reserved 1073152K
  class space    used 3341K, committed 3648K, reserved 1048576K
}
Event: 9.310 GC heap after
{Heap after GC invocations=13 (full 0):
 garbage-first heap   total 409600K, used 71367K [0x0000000720a00000, 0x0000000800000000)
  region size 2048K, 2 young (4096K), 2 survivors (4096K)
 Metaspace       used 26904K, committed 27648K, reserved 1073152K
  class space    used 3341K, committed 3648K, reserved 1048576K
}
Event: 11.342 GC heap before
{Heap before GC invocations=13 (full 0):
 garbage-first heap   total 409600K, used 325319K [0x0000000720a00000, 0x0000000800000000)
  region size 2048K, 120 young (245760K), 2 survivors (4096K)
 Metaspace       used 31462K, committed 32320K, reserved 1081344K
  class space    used 3978K, committed 4352K, reserved 1048576K
}
Event: 11.349 GC heap after
{Heap after GC invocations=14 (full 0):
 garbage-first heap   total 409600K, used 87674K [0x0000000720a00000, 0x0000000800000000)
  region size 2048K, 4 young (8192K), 4 survivors (8192K)
 Metaspace       used 31462K, committed 32320K, reserved 1081344K
  class space    used 3978K, committed 4352K, reserved 1048576K
}
Event: 12.742 GC heap before
{Heap before GC invocations=14 (full 0):
 garbage-first heap   total 409600K, used 302714K [0x0000000720a00000, 0x0000000800000000)
  region size 2048K, 110 young (225280K), 4 survivors (8192K)
 Metaspace       used 35080K, committed 35968K, reserved 1081344K
  class space    used 4377K, committed 4800K, reserved 1048576K
}
Event: 12.749 GC heap after
{Heap after GC invocations=15 (full 0):
 garbage-first heap   total 409600K, used 91466K [0x0000000720a00000, 0x0000000800000000)
  region size 2048K, 5 young (10240K), 5 survivors (10240K)
 Metaspace       used 35080K, committed 35968K, reserved 1081344K
  class space    used 4377K, committed 4800K, reserved 1048576K
}
Event: 14.580 GC heap before
{Heap before GC invocations=16 (full 0):
 garbage-first heap   total 321536K, used 271690K [0x0000000720a00000, 0x0000000800000000)
  region size 2048K, 94 young (192512K), 5 survivors (10240K)
 Metaspace       used 41317K, committed 42304K, reserved 1089536K
  class space    used 5493K, committed 5952K, reserved 1048576K
}
Event: 14.598 GC heap after
{Heap after GC invocations=17 (full 0):
 garbage-first heap   total 321536K, used 103740K [0x0000000720a00000, 0x0000000800000000)
  region size 2048K, 11 young (22528K), 11 survivors (22528K)
 Metaspace       used 41317K, committed 42304K, reserved 1089536K
  class space    used 5493K, committed 5952K, reserved 1048576K
}
Event: 15.093 GC heap before
{Heap before GC invocations=17 (full 0):
 garbage-first heap   total 321536K, used 263484K [0x0000000720a00000, 0x0000000800000000)
  region size 2048K, 89 young (182272K), 11 survivors (22528K)
 Metaspace       used 41930K, committed 42880K, reserved 1089536K
  class space    used 5592K, committed 6016K, reserved 1048576K
}
Event: 15.125 GC heap after
{Heap after GC invocations=18 (full 0):
 garbage-first heap   total 321536K, used 120446K [0x0000000720a00000, 0x0000000800000000)
  region size 2048K, 9 young (18432K), 9 survivors (18432K)
 Metaspace       used 41930K, committed 42880K, reserved 1089536K
  class space    used 5592K, committed 6016K, reserved 1048576K
}
Event: 16.196 GC heap before
{Heap before GC invocations=18 (full 0):
 garbage-first heap   total 321536K, used 257662K [0x0000000720a00000, 0x0000000800000000)
  region size 2048K, 76 young (155648K), 9 survivors (18432K)
 Metaspace       used 46673K, committed 47680K, reserved 1097728K
  class space    used 6302K, committed 6784K, reserved 1048576K
}
Event: 16.214 GC heap after
{Heap after GC invocations=19 (full 0):
 garbage-first heap   total 321536K, used 132345K [0x0000000720a00000, 0x0000000800000000)
  region size 2048K, 6 young (12288K), 6 survivors (12288K)
 Metaspace       used 46673K, committed 47680K, reserved 1097728K
  class space    used 6302K, committed 6784K, reserved 1048576K
}
Event: 18.004 GC heap before
{Heap before GC invocations=19 (full 0):
 garbage-first heap   total 321536K, used 259321K [0x0000000720a00000, 0x0000000800000000)
  region size 2048K, 68 young (139264K), 6 survivors (12288K)
 Metaspace       used 54653K, committed 55680K, reserved 1097728K
  class space    used 8089K, committed 8576K, reserved 1048576K
}
Event: 18.024 GC heap after
{Heap after GC invocations=20 (full 0):
 garbage-first heap   total 321536K, used 151410K [0x0000000720a00000, 0x0000000800000000)
  region size 2048K, 9 young (18432K), 9 survivors (18432K)
 Metaspace       used 54653K, committed 55680K, reserved 1097728K
  class space    used 8089K, committed 8576K, reserved 1048576K
}
Event: 19.233 GC heap before
{Heap before GC invocations=20 (full 0):
 garbage-first heap   total 321536K, used 257906K [0x0000000720a00000, 0x0000000800000000)
  region size 2048K, 61 young (124928K), 9 survivors (18432K)
 Metaspace       used 59209K, committed 60288K, reserved 1105920K
  class space    used 8938K, committed 9408K, reserved 1048576K
}
Event: 19.248 GC heap after
{Heap after GC invocations=21 (full 0):
 garbage-first heap   total 321536K, used 159484K [0x0000000720a00000, 0x0000000800000000)
  region size 2048K, 4 young (8192K), 4 survivors (8192K)
 Metaspace       used 59209K, committed 60288K, reserved 1105920K
  class space    used 8938K, committed 9408K, reserved 1048576K
}
Event: 19.272 GC heap before
{Heap before GC invocations=21 (full 0):
 garbage-first heap   total 321536K, used 159484K [0x0000000720a00000, 0x0000000800000000)
  region size 2048K, 5 young (10240K), 4 survivors (8192K)
 Metaspace       used 59297K, committed 60416K, reserved 1105920K
  class space    used 8955K, committed 9408K, reserved 1048576K
}
Event: 19.277 GC heap after
{Heap after GC invocations=22 (full 0):
 garbage-first heap   total 321536K, used 158313K [0x0000000720a00000, 0x0000000800000000)
  region size 2048K, 3 young (6144K), 3 survivors (6144K)
 Metaspace       used 59297K, committed 60416K, reserved 1105920K
  class space    used 8955K, committed 9408K, reserved 1048576K
}
Event: 20.872 GC heap before
{Heap before GC invocations=23 (full 0):
 garbage-first heap   total 321536K, used 266857K [0x0000000720a00000, 0x0000000800000000)
  region size 2048K, 56 young (114688K), 3 survivors (6144K)
 Metaspace       used 64799K, committed 65920K, reserved 1105920K
  class space    used 9827K, committed 10304K, reserved 1048576K
}
Event: 20.883 GC heap after
{Heap after GC invocations=24 (full 0):
 garbage-first heap   total 321536K, used 165161K [0x0000000720a00000, 0x0000000800000000)
  region size 2048K, 7 young (14336K), 7 survivors (14336K)
 Metaspace       used 64799K, committed 65920K, reserved 1105920K
  class space    used 9827K, committed 10304K, reserved 1048576K
}

Dll operation events (11 events):
Event: 0.018 Loaded shared library C:\Users\yangj\Desktop\MCreator20231\jdk\bin\java.dll
Event: 0.044 Loaded shared library C:\Users\yangj\Desktop\MCreator20231\jdk\bin\jsvml.dll
Event: 0.238 Loaded shared library C:\Users\yangj\Desktop\MCreator20231\jdk\bin\net.dll
Event: 0.241 Loaded shared library C:\Users\yangj\Desktop\MCreator20231\jdk\bin\nio.dll
Event: 0.246 Loaded shared library C:\Users\yangj\Desktop\MCreator20231\jdk\bin\zip.dll
Event: 0.373 Loaded shared library C:\Users\yangj\Desktop\MCreator20231\jdk\bin\jimage.dll
Event: 1.133 Loaded shared library C:\Users\yangj\Desktop\MCreator20231\jdk\bin\verify.dll
Event: 4.119 Loaded shared library C:\Users\yangj\Desktop\MCreator20231\jdk\bin\management.dll
Event: 4.124 Loaded shared library C:\Users\yangj\Desktop\MCreator20231\jdk\bin\management_ext.dll
Event: 10.491 Loaded shared library C:\Users\yangj\AppData\Local\Temp\jna-114744777\jna15047694134786110689.dll
Event: 19.886 Loaded shared library C:\Users\yangj\AppData\Local\Temp\lwjglyangj\3.3.1-build-7\lwjgl.dll

Deoptimization events (20 events):
Event: 20.912 Thread 0x0000025f0a4ad820 DEOPT PACKING pc=0x0000025f19ef95c0 sp=0x000000d1415fce90
Event: 20.912 Thread 0x0000025f0a4ad820 DEOPT UNPACKING pc=0x0000025f11fc23a3 sp=0x000000d1415fcbd0 mode 2
Event: 20.930 Thread 0x0000025f0a4ad820 Uncommon trap: trap_request=0xffffff45 fr.pc=0x0000025f19fe556c relative=0x000000000000028c
Event: 20.930 Thread 0x0000025f0a4ad820 Uncommon trap: reason=unstable_if action=reinterpret pc=0x0000025f19fe556c method=com.google.gson.stream.JsonReader.doPeek()I @ 315 c2
Event: 20.930 Thread 0x0000025f0a4ad820 DEOPT PACKING pc=0x0000025f19fe556c sp=0x000000d1415fe140
Event: 20.930 Thread 0x0000025f0a4ad820 DEOPT UNPACKING pc=0x0000025f11fc23a3 sp=0x000000d1415fe0c8 mode 2
Event: 20.930 Thread 0x0000025f0a4ad820 Uncommon trap: trap_request=0xffffff45 fr.pc=0x0000025f1a00b560 relative=0x0000000000007de0
Event: 20.930 Thread 0x0000025f0a4ad820 Uncommon trap: reason=unstable_if action=reinterpret pc=0x0000025f1a00b560 method=com.google.gson.stream.JsonReader.peek()Lcom/google/gson/stream/JsonToken; @ 6 c2
Event: 20.930 Thread 0x0000025f0a4ad820 DEOPT PACKING pc=0x0000025f1a00b560 sp=0x000000d1415fe060
Event: 20.930 Thread 0x0000025f0a4ad820 DEOPT UNPACKING pc=0x0000025f11fc23a3 sp=0x000000d1415fe038 mode 2
Event: 20.957 Thread 0x0000025f0a4ad820 DEOPT PACKING pc=0x0000025f13083592 sp=0x000000d1415fce80
Event: 20.957 Thread 0x0000025f0a4ad820 DEOPT UNPACKING pc=0x0000025f11fc2b43 sp=0x000000d1415fc590 mode 0
Event: 20.982 Thread 0x0000025f0a4ad820 Uncommon trap: trap_request=0xffffff45 fr.pc=0x0000025f19ca1cb4 relative=0x0000000000000274
Event: 20.982 Thread 0x0000025f0a4ad820 Uncommon trap: reason=unstable_if action=reinterpret pc=0x0000025f19ca1cb4 method=cpw.mods.jarhandling.impl.Jar.findFile(Ljava/lang/String;)Ljava/util/Optional; @ 23 c2
Event: 20.982 Thread 0x0000025f0a4ad820 DEOPT PACKING pc=0x0000025f19ca1cb4 sp=0x000000d1415fb100
Event: 20.982 Thread 0x0000025f0a4ad820 DEOPT UNPACKING pc=0x0000025f11fc23a3 sp=0x000000d1415fb0c8 mode 2
Event: 20.982 Thread 0x0000025f0a4ad820 Uncommon trap: trap_request=0xffffff45 fr.pc=0x0000025f19de0704 relative=0x0000000000000164
Event: 20.982 Thread 0x0000025f0a4ad820 Uncommon trap: reason=unstable_if action=reinterpret pc=0x0000025f19de0704 method=cpw.mods.niofs.union.UnionFileSystem.getPath(Ljava/lang/String;[Ljava/lang/String;)Ljava/nio/file/Path; @ 2 c2
Event: 20.982 Thread 0x0000025f0a4ad820 DEOPT PACKING pc=0x0000025f19de0704 sp=0x000000d1415fb0a0
Event: 20.982 Thread 0x0000025f0a4ad820 DEOPT UNPACKING pc=0x0000025f11fc23a3 sp=0x000000d1415fb048 mode 2

Classes unloaded (0 events):
No events

Classes redefined (0 events):
No events

Internal exceptions (20 events):
Event: 20.077 Thread 0x0000025f0a4ad820 Exception <a 'sun/nio/fs/WindowsException'{0x00000007301b14e8}> (0x00000007301b14e8) 
thrown [s\src\hotspot\share\prims\jni.cpp, line 516]
Event: 20.309 Thread 0x0000025f0a4ad820 Exception <a 'java/lang/NoSuchMethodError'{0x000000072f1b5780}: 'int java.lang.invoke.DirectMethodHandle$Holder.invokeStatic(java.lang.Object)'> (0x000000072f1b5780) 
thrown [s\src\hotspot\share\interpreter\linkResolver.cpp, line 759]
Event: 20.384 Thread 0x0000025f0a4ad820 Exception <a 'java/lang/NoSuchMethodError'{0x000000072edd5ba8}: 'java.lang.Object java.lang.invoke.Invokers$Holder.linkToTargetMethod(java.lang.Object, int, java.lang.Object, java.lang.Object)'> (0x000000072edd5ba8) 
thrown [s\src\hotspot\share\interpreter\linkResolver.cpp, line 759]
Event: 20.401 Thread 0x0000025f0a4ad820 Exception <a 'java/lang/NoSuchMethodError'{0x000000072ea878f0}: 'int java.lang.invoke.DirectMethodHandle$Holder.invokeStaticInit(java.lang.Object)'> (0x000000072ea878f0) 
thrown [s\src\hotspot\share\interpreter\linkResolver.cpp, line 759]
Event: 20.402 Thread 0x0000025f0a4ad820 Exception <a 'java/lang/NoSuchMethodError'{0x000000072ea8ecd8}: 'int java.lang.invoke.Invokers$Holder.invokeExact_MT(java.lang.Object, java.lang.Object)'> (0x000000072ea8ecd8) 
thrown [s\src\hotspot\share\interpreter\linkResolver.cpp, line 759]
Event: 20.411 Thread 0x0000025f0a4ad820 Exception <a 'sun/nio/fs/WindowsException'{0x000000072eb50478}> (0x000000072eb50478) 
thrown [s\src\hotspot\share\prims\jni.cpp, line 516]
Event: 20.411 Thread 0x0000025f0a4ad820 Exception <a 'sun/nio/fs/WindowsException'{0x000000072eb507d8}> (0x000000072eb507d8) 
thrown [s\src\hotspot\share\prims\jni.cpp, line 516]
Event: 20.422 Thread 0x0000025f0a4ad820 Exception <a 'java/lang/NoSuchMethodError'{0x000000072e836e00}: 'java.lang.Object java.lang.invoke.DirectMethodHandle$Holder.invokeInterface(java.lang.Object, java.lang.Object, double)'> (0x000000072e836e00) 
thrown [s\src\hotspot\share\interpreter\linkResolver.cpp, line 759]
Event: 20.423 Thread 0x0000025f0a4ad820 Exception <a 'java/lang/NoSuchMethodError'{0x000000072e83d660}: 'double java.lang.invoke.DirectMethodHandle$Holder.invokeInterface(java.lang.Object, java.lang.Object, java.lang.Object)'> (0x000000072e83d660) 
thrown [s\src\hotspot\share\interpreter\linkResolver.cpp, line 759]
Event: 20.644 Thread 0x0000025f0a4ad820 Exception <a 'java/lang/NoSuchMethodError'{0x000000072df72490}: 'java.lang.Object java.lang.invoke.DirectMethodHandle$Holder.newInvokeSpecial(java.lang.Object, java.lang.Object, java.lang.Object, java.lang.Object, java.lang.Object, java.lang.Object, java.lang.Object, java.lang.Object, java.lang.Object, java.lang.Object)'> (0x000000072df72490) 
thrown [s\src\hotspot\share\interpreter\linkResolver.cpp, line 759]
Event: 20.644 Thread 0x0000025f0a4ad820 Exception <a 'java/lang/NoSuchMethodError'{0x000000072df76a58}: 'java.lang.Object java.lang.invoke.Invokers$Holder.linkToTargetMethod(java.lang.Object, java.lang.Object, java.lang.Object, java.lang.Object, java.lang.Object, java.lang.Object, java.lang.Object, java.lang.Object, java.lang.Object, java.lang.Object)'> (0x000000072df76a58) 
thrown [s\src\hotspot\share\interpreter\linkResolver.cpp, line 759]
Event: 20.762 Thread 0x0000025f0a4ad820 Exception <a 'java/lang/NoSuchMethodError'{0x000000072d8c5868}: 'java.lang.Object java.lang.invoke.Invokers$Holder.linkToTargetMethod(java.lang.Object, java.lang.Object, java.lang.Object, java.lang.Object, java.lang.Object, java.lang.Object, java.lang.Object, java.lang.Object, java.lang.Object)'> (0x000000072d8c5868) 
thrown [s\src\hotspot\share\interpreter\linkResolver.cpp, line 759]
Event: 20.865 Thread 0x0000025f0a4ad820 Exception <a 'java/lang/NoSuchMethodError'{0x000000072d583fa8}: 'java.lang.Object java.lang.invoke.DirectMethodHandle$Holder.invokeSpecial(java.lang.Object, java.lang.Object, java.lang.Object, java.lang.Object, java.lang.Object, int, java.lang.Object)'> (0x000000072d583fa8) 
thrown [s\src\hotspot\share\interpreter\linkResolver.cpp, line 759]
Event: 20.866 Thread 0x0000025f0a4ad820 Exception <a 'java/lang/NoSuchMethodError'{0x000000072d58c648}: 'java.lang.Object java.lang.invoke.DirectMethodHandle$Holder.invokeSpecial(java.lang.Object, java.lang.Object, java.lang.Object, java.lang.Object, java.lang.Object, java.lang.Object, int)'> (0x000000072d58c648) 
thrown [s\src\hotspot\share\interpreter\linkResolver.cpp, line 759]
Event: 20.866 Thread 0x0000025f0a4ad820 Exception <a 'java/lang/NoSuchMethodError'{0x000000072d58ff28}: 'java.lang.Object java.lang.invoke.Invokers$Holder.linkToTargetMethod(java.lang.Object, java.lang.Object, java.lang.Object, java.lang.Object, int, java.lang.Object)'> (0x000000072d58ff28) 
thrown [s\src\hotspot\share\interpreter\linkResolver.cpp, line 759]
Event: 20.912 Thread 0x0000025f0a4ad820 Implicit null exception at 0x0000025f19ef8e68 to 0x0000025f19ef95a8
Event: 21.017 Thread 0x0000025f0a4ad820 Exception <a 'java/lang/NoSuchMethodError'{0x0000000733f0fb20}: 'long java.lang.invoke.DirectMethodHandle$Holder.invokeInterface(java.lang.Object, java.lang.Object)'> (0x0000000733f0fb20) 
thrown [s\src\hotspot\share\interpreter\linkResolver.cpp, line 759]
Event: 21.024 Thread 0x0000025f0a4ad820 Exception <a 'java/lang/NoSuchMethodError'{0x0000000733f79f50}: 'java.lang.Object java.lang.invoke.DirectMethodHandle$Holder.newInvokeSpecial(java.lang.Object, long)'> (0x0000000733f79f50) 
thrown [s\src\hotspot\share\interpreter\linkResolver.cpp, line 759]
Event: 21.052 Thread 0x0000025f0a4ad820 Exception <a 'java/lang/NoSuchMethodError'{0x0000000733c32c28}: 'void java.lang.invoke.DirectMethodHandle$Holder.invokeSpecial(java.lang.Object, java.lang.Object, int, long)'> (0x0000000733c32c28) 
thrown [s\src\hotspot\share\interpreter\linkResolver.cpp, line 759]
Event: 21.052 Thread 0x0000025f0a4ad820 Exception <a 'java/lang/NoSuchMethodError'{0x0000000733c38bb8}: 'void java.lang.invoke.DirectMethodHandle$Holder.invokeStatic(java.lang.Object, int, long)'> (0x0000000733c38bb8) 
thrown [s\src\hotspot\share\interpreter\linkResolver.cpp, line 759]

VM Operations (20 events):
Event: 19.272 Executing VM operation: CollectForMetadataAllocation
Event: 19.277 Executing VM operation: CollectForMetadataAllocation done
Event: 19.398 Executing VM operation: CollectForMetadataAllocation
Event: 19.398 Executing VM operation: CollectForMetadataAllocation done
Event: 19.428 Executing VM operation: G1Concurrent
Event: 19.432 Executing VM operation: G1Concurrent done
Event: 19.489 Executing VM operation: G1Concurrent
Event: 19.489 Executing VM operation: G1Concurrent done
Event: 20.496 Executing VM operation: Cleanup
Event: 20.496 Executing VM operation: Cleanup done
Event: 20.863 Executing VM operation: HandshakeAllThreads
Event: 20.863 Executing VM operation: HandshakeAllThreads done
Event: 20.872 Executing VM operation: G1CollectForAllocation
Event: 20.883 Executing VM operation: G1CollectForAllocation done
Event: 21.069 Executing VM operation: G1Concurrent
Event: 21.073 Executing VM operation: G1Concurrent done
Event: 21.124 Executing VM operation: G1Concurrent
Event: 21.124 Executing VM operation: G1Concurrent done
Event: 21.139 Executing VM operation: HandshakeAllThreads
Event: 21.139 Executing VM operation: HandshakeAllThreads done

Events (20 events):
Event: 19.892 loading class java/nio/DirectDoubleBufferU done
Event: 19.923 loading class java/nio/InvalidMarkException
Event: 19.923 loading class java/nio/InvalidMarkException done
Event: 19.923 loading class java/nio/BufferUnderflowException
Event: 19.923 loading class java/nio/BufferUnderflowException done
Event: 20.080 loading class java/util/function/IntSupplier
Event: 20.080 loading class java/util/function/IntSupplier done
Event: 20.169 loading class java/io/CharArrayWriter
Event: 20.169 loading class java/io/CharArrayWriter done
Event: 20.402 loading class java/lang/invoke/DirectMethodHandle$StaticAccessor
Event: 20.402 loading class java/lang/invoke/DirectMethodHandle$StaticAccessor done
Event: 20.419 loading class java/util/function/DoubleFunction
Event: 20.419 loading class java/util/function/DoubleFunction done
Event: 20.942 loading class java/util/EnumMap$Values
Event: 20.943 loading class java/util/EnumMap$Values done
Event: 20.943 loading class java/util/EnumMap$ValueIterator
Event: 20.943 loading class java/util/EnumMap$ValueIterator done
Event: 21.142 Thread 0x0000025f2cc0a0a0 flushing nmethod 0x0000025f12516890
Event: 21.148 Thread 0x0000025f2cc0a0a0 flushing nmethod 0x0000025f12c17210
Event: 21.149 Thread 0x0000025f2cc0a0a0 flushing nmethod 0x0000025f12dc5c10


Dynamic libraries:
0x00007ff718b00000 - 0x00007ff718b0e000 	C:\Users\yangj\Desktop\MCreator20231\jdk\bin\java.exe
0x00007ffe4e4d0000 - 0x00007ffe4e6e4000 	C:\WINDOWS\SYSTEM32\ntdll.dll
0x00007ffe4cf30000 - 0x00007ffe4cff3000 	C:\WINDOWS\System32\KERNEL32.DLL
0x00007ffe4ba10000 - 0x00007ffe4bdb3000 	C:\WINDOWS\System32\KERNELBASE.dll
0x00007ffe4bf60000 - 0x00007ffe4c071000 	C:\WINDOWS\System32\ucrtbase.dll
0x00007ffe38480000 - 0x00007ffe38497000 	C:\Users\yangj\Desktop\MCreator20231\jdk\bin\jli.dll
0x00007ffe384a0000 - 0x00007ffe384b9000 	C:\Users\yangj\Desktop\MCreator20231\jdk\bin\VCRUNTIME140.dll
0x00007ffe4c610000 - 0x00007ffe4c7bd000 	C:\WINDOWS\System32\USER32.dll
0x00007ffe4bdc0000 - 0x00007ffe4bde6000 	C:\WINDOWS\System32\win32u.dll
0x00007ffe34160000 - 0x00007ffe343ee000 	C:\WINDOWS\WinSxS\amd64_microsoft.windows.common-controls_6595b64144ccf1df_6.0.22621.1465_none_271271ab738361f1\COMCTL32.dll
0x00007ffe4d150000 - 0x00007ffe4d179000 	C:\WINDOWS\System32\GDI32.dll
0x00007ffe4e1a0000 - 0x00007ffe4e247000 	C:\WINDOWS\System32\msvcrt.dll
0x00007ffe4b8f0000 - 0x00007ffe4ba03000 	C:\WINDOWS\System32\gdi32full.dll
0x00007ffe4c1b0000 - 0x00007ffe4c24a000 	C:\WINDOWS\System32\msvcp_win.dll
0x00007ffe4c2d0000 - 0x00007ffe4c301000 	C:\WINDOWS\System32\IMM32.DLL
0x00007ffe48c10000 - 0x00007ffe48c1c000 	C:\Users\yangj\Desktop\MCreator20231\jdk\bin\vcruntime140_1.dll
0x00007ffe2c0e0000 - 0x00007ffe2c171000 	C:\Users\yangj\Desktop\MCreator20231\jdk\bin\msvcp140.dll
0x00007ffdfa3c0000 - 0x00007ffdfb004000 	C:\Users\yangj\Desktop\MCreator20231\jdk\bin\server\jvm.dll
0x00007ffe4cc70000 - 0x00007ffe4cd1e000 	C:\WINDOWS\System32\ADVAPI32.dll
0x00007ffe4cda0000 - 0x00007ffe4ce44000 	C:\WINDOWS\System32\sechost.dll
0x00007ffe4c490000 - 0x00007ffe4c5a5000 	C:\WINDOWS\System32\RPCRT4.dll
0x00007ffe46c90000 - 0x00007ffe46c99000 	C:\WINDOWS\SYSTEM32\WSOCK32.dll
0x00007ffe446e0000 - 0x00007ffe446ea000 	C:\WINDOWS\SYSTEM32\VERSION.dll
0x00007ffe42420000 - 0x00007ffe42454000 	C:\WINDOWS\SYSTEM32\WINMM.dll
0x00007ffe4e410000 - 0x00007ffe4e481000 	C:\WINDOWS\System32\WS2_32.dll
0x00007ffe4a8e0000 - 0x00007ffe4a8f8000 	C:\WINDOWS\SYSTEM32\kernel.appcore.dll
0x00007ffe45ed0000 - 0x00007ffe45eda000 	C:\Users\yangj\Desktop\MCreator20231\jdk\bin\jimage.dll
0x00007ffe42b10000 - 0x00007ffe42d3e000 	C:\WINDOWS\SYSTEM32\DBGHELP.DLL
0x00007ffe4c870000 - 0x00007ffe4cbf9000 	C:\WINDOWS\System32\combase.dll
0x00007ffe4ce50000 - 0x00007ffe4cf27000 	C:\WINDOWS\System32\OLEAUT32.dll
0x00007ffe39470000 - 0x00007ffe394a2000 	C:\WINDOWS\SYSTEM32\dbgcore.DLL
0x00007ffe4c250000 - 0x00007ffe4c2cb000 	C:\WINDOWS\System32\bcryptPrimitives.dll
0x00007ffe35ed0000 - 0x00007ffe35ef5000 	C:\Users\yangj\Desktop\MCreator20231\jdk\bin\java.dll
0x00007ffe118c0000 - 0x00007ffe11996000 	C:\Users\yangj\Desktop\MCreator20231\jdk\bin\jsvml.dll
0x00007ffe4d3b0000 - 0x00007ffe4dba9000 	C:\WINDOWS\System32\SHELL32.dll
0x00007ffe49890000 - 0x00007ffe4a15e000 	C:\WINDOWS\SYSTEM32\windows.storage.dll
0x00007ffe49750000 - 0x00007ffe4988e000 	C:\WINDOWS\SYSTEM32\wintypes.dll
0x00007ffe4e040000 - 0x00007ffe4e131000 	C:\WINDOWS\System32\SHCORE.dll
0x00007ffe4cc10000 - 0x00007ffe4cc6e000 	C:\WINDOWS\System32\shlwapi.dll
0x00007ffe4b820000 - 0x00007ffe4b841000 	C:\WINDOWS\SYSTEM32\profapi.dll
0x00007ffe35eb0000 - 0x00007ffe35ec9000 	C:\Users\yangj\Desktop\MCreator20231\jdk\bin\net.dll
0x00007ffe444a0000 - 0x00007ffe445cf000 	C:\WINDOWS\SYSTEM32\WINHTTP.dll
0x00007ffe4ad40000 - 0x00007ffe4ada9000 	C:\WINDOWS\system32\mswsock.dll
0x00007ffe35e90000 - 0x00007ffe35ea5000 	C:\Users\yangj\Desktop\MCreator20231\jdk\bin\nio.dll
0x00007ffe35e70000 - 0x00007ffe35e88000 	C:\Users\yangj\Desktop\MCreator20231\jdk\bin\zip.dll
0x00007ffe35d20000 - 0x00007ffe35d30000 	C:\Users\yangj\Desktop\MCreator20231\jdk\bin\verify.dll
0x00007ffe3c460000 - 0x00007ffe3c469000 	C:\Users\yangj\Desktop\MCreator20231\jdk\bin\management.dll
0x00007ffe39660000 - 0x00007ffe3966b000 	C:\Users\yangj\Desktop\MCreator20231\jdk\bin\management_ext.dll
0x00007ffe4c480000 - 0x00007ffe4c488000 	C:\WINDOWS\System32\PSAPI.DLL
0x00007ffdfe5d0000 - 0x00007ffdfe5e7000 	C:\WINDOWS\system32\napinsp.dll
0x00007ffdfe5b0000 - 0x00007ffdfe5cb000 	C:\WINDOWS\system32\pnrpnsp.dll
0x00007ffe4a3e0000 - 0x00007ffe4a4d3000 	C:\WINDOWS\SYSTEM32\DNSAPI.dll
0x00007ffe4a3b0000 - 0x00007ffe4a3dd000 	C:\WINDOWS\SYSTEM32\IPHLPAPI.DLL
0x00007ffe4c310000 - 0x00007ffe4c319000 	C:\WINDOWS\System32\NSI.dll
0x00007ffdfe590000 - 0x00007ffdfe5a1000 	C:\WINDOWS\System32\winrnr.dll
0x00007ffe443d0000 - 0x00007ffe443e5000 	C:\WINDOWS\system32\wshbth.dll
0x00007ffe11880000 - 0x00007ffe118a1000 	C:\WINDOWS\system32\nlansp_c.dll
0x00007ffe40570000 - 0x00007ffe4057a000 	C:\Windows\System32\rasadhlp.dll
0x00007ffe426c0000 - 0x00007ffe42743000 	C:\WINDOWS\System32\fwpuclnt.dll
0x00007ffe4b060000 - 0x00007ffe4b07b000 	C:\WINDOWS\SYSTEM32\CRYPTSP.dll
0x00007ffe4a850000 - 0x00007ffe4a885000 	C:\WINDOWS\system32\rsaenh.dll
0x00007ffe4ade0000 - 0x00007ffe4ae08000 	C:\WINDOWS\SYSTEM32\USERENV.dll
0x00007ffe4b1d0000 - 0x00007ffe4b1f8000 	C:\WINDOWS\SYSTEM32\bcrypt.dll
0x00007ffe4b040000 - 0x00007ffe4b04c000 	C:\WINDOWS\SYSTEM32\CRYPTBASE.dll
0x00007ffe44170000 - 0x00007ffe44189000 	C:\WINDOWS\SYSTEM32\dhcpcsvc6.DLL
0x00007ffe443f0000 - 0x00007ffe4440f000 	C:\WINDOWS\SYSTEM32\dhcpcsvc.DLL
0x00007ffe2c190000 - 0x00007ffe2c1d5000 	C:\Users\yangj\AppData\Local\Temp\jna-114744777\jna15047694134786110689.dll
0x00007ffe4d180000 - 0x00007ffe4d31c000 	C:\WINDOWS\System32\Ole32.dll
0x00007ffe4c7c0000 - 0x00007ffe4c870000 	C:\WINDOWS\System32\clbcatq.dll
0x00007ffe238a0000 - 0x00007ffe238bd000 	C:\WINDOWS\SYSTEM32\amsi.dll
0x00007ffe23820000 - 0x00007ffe2389b000 	C:\ProgramData\Microsoft\Windows Defender\Platform\4.18.2301.6-0\MpOav.dll
0x00007ffe07ac0000 - 0x00007ffe07b10000 	C:\WINDOWS\SYSTEM32\Pdh.dll
0x00007ffdfe580000 - 0x00007ffdfe590000 	C:\WINDOWS\System32\perfos.dll
0x00007ffe48e90000 - 0x00007ffe48ea0000 	C:\WINDOWS\SYSTEM32\pfclient.dll
0x00007ffdfcac0000 - 0x00007ffdfcb35000 	C:\Users\yangj\AppData\Local\Temp\lwjglyangj\3.3.1-build-7\lwjgl.dll
0x00007ffdf5e30000 - 0x00007ffdf6089000 	C:\Users\yangj\AppData\Local\Temp\lwjglyangj\3.3.1-build-7\jemalloc.dll
0x00007ffdfd7e0000 - 0x00007ffdfd841000 	C:\Users\yangj\AppData\Local\Temp\lwjglyangj\3.3.1-build-7\glfw.dll
0x00007ffe07cf0000 - 0x00007ffe07d36000 	C:\WINDOWS\SYSTEM32\dinput8.dll
0x00007ffe3c9e0000 - 0x00007ffe3cbe1000 	C:\WINDOWS\SYSTEM32\inputhost.dll
0x00007ffe48ad0000 - 0x00007ffe48c03000 	C:\WINDOWS\SYSTEM32\CoreMessaging.dll
0x00007ffe39670000 - 0x00007ffe39681000 	C:\WINDOWS\SYSTEM32\xinput1_4.dll
0x00007ffe4b500000 - 0x00007ffe4b54e000 	C:\WINDOWS\SYSTEM32\cfgmgr32.dll
0x00007ffe4b4c0000 - 0x00007ffe4b4ec000 	C:\WINDOWS\SYSTEM32\DEVOBJ.dll
0x00007ffe490f0000 - 0x00007ffe4911b000 	C:\WINDOWS\SYSTEM32\dwmapi.dll
0x00007ffe48ea0000 - 0x00007ffe48f4b000 	C:\WINDOWS\system32\uxtheme.dll
0x00007ffe4c360000 - 0x00007ffe4c47e000 	C:\WINDOWS\System32\MSCTF.dll
0x00007ffdfef50000 - 0x00007ffdff050000 	C:\WINDOWS\SYSTEM32\opengl32.dll
0x00007ffdfe9f0000 - 0x00007ffdfea1d000 	C:\WINDOWS\SYSTEM32\GLU32.dll
0x00007ffe48fa0000 - 0x00007ffe48fd6000 	C:\WINDOWS\SYSTEM32\dxcore.dll
0x00007ffe46160000 - 0x00007ffe461a9000 	C:\WINDOWS\SYSTEM32\directxdatabasehelper.dll
0x00007ffe08fb0000 - 0x00007ffe08fdd000 	C:\WINDOWS\System32\DriverStore\FileRepository\u0389799.inf_amd64_fee8ccdf6ded0d15\B389721\atig6pxx.dll
0x00007ffde05f0000 - 0x00007ffde4225000 	C:\WINDOWS\System32\DriverStore\FileRepository\u0389799.inf_amd64_fee8ccdf6ded0d15\B389721\atio6axx.dll
0x00007ffe4dbc0000 - 0x00007ffe4e034000 	C:\WINDOWS\System32\SETUPAPI.dll
0x00007ffe4c080000 - 0x00007ffe4c0eb000 	C:\WINDOWS\System32\WINTRUST.dll
0x00007ffe4bdf0000 - 0x00007ffe4bf56000 	C:\WINDOWS\System32\CRYPT32.dll
0x00007ffe4b0b0000 - 0x00007ffe4b0c2000 	C:\WINDOWS\SYSTEM32\MSASN1.dll

dbghelp: loaded successfully - version: 4.0.5 - missing functions: none
symbol engine: initialized successfully - sym options: 0x614 - pdb path: .;C:\Users\yangj\Desktop\MCreator20231\jdk\bin;C:\WINDOWS\SYSTEM32;C:\WINDOWS\WinSxS\amd64_microsoft.windows.common-controls_6595b64144ccf1df_6.0.22621.1465_none_271271ab738361f1;C:\Users\yangj\Desktop\MCreator20231\jdk\bin\server;C:\Users\yangj\AppData\Local\Temp\jna-114744777;C:\ProgramData\Microsoft\Windows Defender\Platform\4.18.2301.6-0;C:\Users\yangj\AppData\Local\Temp\lwjglyangj\3.3.1-build-7;C:\WINDOWS\System32\DriverStore\FileRepository\u0389799.inf_amd64_fee8ccdf6ded0d15\B389721

VM Arguments:
jvm_args: -Dforge.enableGameTest=true -Dforge.logging.console.level=debug -Dforge.logging.markers=REGISTRIES -DignoreList=bootstraplauncher,securejarhandler,asm-commons,asm-util,asm-analysis,asm-tree,asm,JarJarFileSystems,client-extra,fmlcore,javafmllanguage,lowcodelanguage,mclanguage,forge- -Djava.net.preferIPv6Addresses=system -DlegacyClassPath.file=C:\Users\yangj\MCreatorWorkspaces\mixed_ore\build\classpath\runClient_minecraftClasspath.txt -DmergeModules=jna-5.10.0.jar,jna-platform-5.10.0.jar -Dos.version=10.0 --module-path=C:\Users\yangj\.mcreator\gradle\caches\modules-2\files-2.1\cpw.mods\bootstraplauncher\1.1.2\c546e00443d8432cda6baa1c860346980742628\bootstraplauncher-1.1.2.jar;C:\Users\yangj\.mcreator\gradle\caches\modules-2\files-2.1\cpw.mods\securejarhandler\2.1.4\f47e3b9dd860a7b82154b8f90a650ffd0aaa5582\securejarhandler-2.1.4.jar;C:\Users\yangj\.mcreator\gradle\caches\modules-2\files-2.1\org.ow2.asm\asm-commons\9.3\1f2a432d1212f5c352ae607d7b61dcae20c20af5\asm-commons-9.3.jar;C:\Users\yangj\.mcreator\gradle\caches\modules-2\files-2.1\org.ow2.asm\asm-util\9.3\9595bc05510d0bd4b610188b77333fe4851a1975\asm-util-9.3.jar;C:\Users\yangj\.mcreator\gradle\caches\modules-2\files-2.1\org.ow2.asm\asm-analysis\9.3\4b071f211b37c38e0e9f5998550197c8593f6ad8\asm-analysis-9.3.jar;C:\Users\yangj\.mcreator\gradle\caches\modules-2\files-2.1\org.ow2.asm\asm-tree\9.3\78d2ecd61318b5a58cd04fb237636c0e86b77d97\asm-tree-9.3.jar;C:\Users\yangj\.mcreator\gradle\caches\modules-2\files-2.1\org.ow2.asm\asm\9.3\8e6300ef51c1d801a7ed62d07cd221aca3a90640\asm-9.3.jar;C:\Users\yangj\.mcreator\gradle\caches\modules-2\files-2.1\net.minecraftforge\JarJarFileSystems\0.3.16\e52afbb2599dc7c6f779efea0496d32fc01152e3\JarJarFileSystems-0.3.16.jar --add-modules=ALL-MODULE-PATH --add-opens=java.base/java.util.jar=cpw.mods.securejarhandler --add-opens=java.base/java.lang.invoke=cpw.mods.securejarhandler --add-exports=java.base/sun.security.util=cpw.mods.securejarhandler --add-exports=jdk.naming.dns/com.sun.jndi.dns=java.naming -XX:HeapDumpPath=MojangTricksIntelDriversForPerformance_javaw.exe_minecraft.exe.heapdump -Dos.name=Windows 10 -Dfile.encoding=UTF-8 -Duser.country=CN -Duser.language=zh -Duser.variant 
java_command: cpw.mods.bootstraplauncher.BootstrapLauncher --launchTarget forgeclientuserdev --version MOD_DEV --assetIndex 1.19 --assetsDir C:\Users\yangj\.mcreator\gradle\caches\forge_gradle\assets --gameDir . --fml.forgeVersion 43.2.0 --fml.mcVersion 1.19.2 --fml.forgeGroup net.minecraftforge --fml.mcpVersion 20220805.130853
java_class_path (initial): C:\Users\yangj\MCreatorWorkspaces\mixed_ore\build\classes\java\main;C:\Users\yangj\MCreatorWorkspaces\mixed_ore\build\resources\main;C:\Users\yangj\MCreatorWorkspaces\mixed_ore\build\fg_cache\net\minecraftforge\forge\1.19.2-43.2.0_mapped_official_1.19.2\forge-1.19.2-43.2.0_mapped_official_1.19.2-recomp.jar;C:\Users\yangj\.mcreator\gradle\caches\forge_gradle\minecraft_repo\versions\1.19.2\client-extra.jar;C:\Users\yangj\.mcreator\gradle\caches\modules-2\files-2.1\net.minecraftforge\javafmllanguage\1.19.2-43.2.0\5713dfd49576886a7ffc353f14f067ad42369592\javafmllanguage-1.19.2-43.2.0.jar;C:\Users\yangj\.mcreator\gradle\caches\modules-2\files-2.1\net.minecraftforge\lowcodelanguage\1.19.2-43.2.0\51c88985dd125457fb8b6c2c58a4f3b9349a6b57\lowcodelanguage-1.19.2-43.2.0.jar;C:\Users\yangj\.mcreator\gradle\caches\modules-2\files-2.1\net.minecraftforge\mclanguage\1.19.2-43.2.0\f4fa83ef8129c7f7cc5847fbafb07f7ae86c1bb\mclanguage-1.19.2-43.2.0.jar;C:\Users\yangj\.mcreator\gradle\caches\modules-2\files-2.1\net.minecraftforge\fmlcore\1.19.2-43.2.0\d4dcb5b809b7f035ac22b058941cf81f84451545\fmlcore-1.19.2-43.2.0.jar;C:\Users\yangj\.mcreator\gradle\caches\modules-2\files-2.1\net.minecraftforge\fmlloader\1.19.2-43.2.0\3e6e8b7b5e1dbc6ee01a20f74675f223b64c7847\fmlloader-1.19.2-43.2.0.jar;C:\Users\yangj\.mcreator\gradle\caches\modules-2\files-2.1\net.minecraftforge\JarJarSelector\0.3.16\2a31421fb5e267249da103a644f23afb43d158af\JarJarSelector-0.3.16.jar;C:\Users\yangj\.mcreator\gradle\caches\modules-2\files-2.1\net.minecraftforge\JarJarMetadata\0.3.16\f62c8c898dffc8666f5097a8587ed72095e8e83a\JarJarMetadata-0.3.16.jar;C:\Users\yangj\.mcreator\gradle\caches\modules-2\files-2.1\com.google.guava\guava\31.0.1-jre\119ea2b2bc205b138974d351777b20f02b92704b\guava-31.0.1-jre.jar;C:\Users\yangj\.mcreator\gradle\caches\modules-2\files-2.1\com.google.code.findbugs\jsr305\3.0.2\25ea2e8b0c338a877313bd4672d3fe056ea78f0d\jsr305-3.0.2.jar;C:\Users\yangj\.mcreator\gradle\caches\modu
Launcher Type: SUN_STANDARD

[Global flags]
     intx CICompilerCount                          = 4                                         {product} {ergonomic}
     uint ConcGCThreads                            = 2                                         {product} {ergonomic}
     uint G1ConcRefinementThreads                  = 8                                         {product} {ergonomic}
   size_t G1HeapRegionSize                         = 2097152                                   {product} {ergonomic}
    uintx GCDrainStackTargetSize                   = 64                                        {product} {ergonomic}
    ccstr HeapDumpPath                             = MojangTricksIntelDriversForPerformance_javaw.exe_minecraft.exe.heapdump         {manageable} {command line}
   size_t InitialHeapSize                          = 234881024                                 {product} {ergonomic}
   size_t MarkStackSize                            = 4194304                                   {product} {ergonomic}
   size_t MaxHeapSize                              = 3747610624                                {product} {ergonomic}
   size_t MaxNewSize                               = 2248146944                                {product} {ergonomic}
   size_t MinHeapDeltaBytes                        = 2097152                                   {product} {ergonomic}
   size_t MinHeapSize                              = 8388608                                   {product} {ergonomic}
    uintx NonNMethodCodeHeapSize                   = 5839372                                {pd product} {ergonomic}
    uintx NonProfiledCodeHeapSize                  = 122909434                              {pd product} {ergonomic}
    uintx ProfiledCodeHeapSize                     = 122909434                              {pd product} {ergonomic}
    uintx ReservedCodeCacheSize                    = 251658240                              {pd product} {ergonomic}
     bool SegmentedCodeCache                       = true                                      {product} {ergonomic}
   size_t SoftMaxHeapSize                          = 3747610624                             {manageable} {ergonomic}
     bool UseCompressedClassPointers               = true                           {product lp64_product} {ergonomic}
     bool UseCompressedOops                        = true                           {product lp64_product} {ergonomic}
     bool UseG1GC                                  = true                                      {product} {ergonomic}
     bool UseLargePagesIndividualAllocation        = false                                  {pd product} {ergonomic}

Logging:
Log output configuration:
 #0: stdout all=warning uptime,level,tags
 #1: stderr all=off uptime,level,tags

Environment Variables:
JAVA_HOME=C:\Users\yangj\Desktop\MCreator20231\jdk
PATH=C:\Program Files\Common Files\Oracle\Java\javapath;C:\Program Files (x86)\Common Files\Oracle\Java\javapath;C:\WINDOWS\system32;C:\WINDOWS;C:\WINDOWS\System32\Wbem;C:\WINDOWS\System32\WindowsPowerShell\v1.0\;C:\WINDOWS\System32\OpenSSH\;C:\Program Files\Bandizip\;C:\Program Files\Common Files\Oracle\Java\javapath;C:\Program Files (x86)\Common Files\Oracle\Java\javapath;C:\WINDOWS\system32;C:\WINDOWS;C:\WINDOWS\System32\Wbem;C:\WINDOWS\System32\WindowsPowerShell\v1.0\;C:\WINDOWS\System32\OpenSSH\;C:\Program Files\Bandizip\;C:\Users\yangj\AppData\Local\Microsoft\WindowsApps;C:\Users\yangj\Desktop\z\;C:\Users\yangj\Desktop\z\jdk\bin\;C:\Users\yangj\Desktop\z\jdk\jre\bin\;C:\Users\yangj\Desktop\z\;C:\Users\yangj\Desktop\z\jdk\bin\;C:\Users\yangj\Desktop\z\jdk\jre\bin\;C:\Users\yangj\Desktop\z\;C:\Users\yangj\Desktop\z\jdk\bin\;C:\Users\yangj\Desktop\z\jdk\jre\bin\;C:\Users\yangj\Desktop\z\;C:\Users\yangj\Desktop\z\jdk\bin\;C:\Users\yangj\Desktop\z\jdk\jre\bin\;C:\Users\yangj\Desktop\z\;C:\Users\yangj\Desktop\z\;C:\Users\yangj\Desktop\z\;C:\Users\yangj\Desktop\z\jdk\bin\;C:\Users\yangj\Desktop\z\jdk\jre\bin\;;C:\Users\yangj\Desktop\z\;C:\Users\yangj\Desktop\z\jdk\bin\;C:\Users\yangj\Desktop\z\jdk\jre\bin\;;C:\Users\yangj\AppData\Local\Programs\Microsoft VS Code\bin;C:\Users\yangj\Desktop\MCreator20231\jdk\bin
USERNAME=yangj
OS=Windows_NT
PROCESSOR_IDENTIFIER=AMD64 Family 23 Model 24 Stepping 1, AuthenticAMD
TMP=C:\Users\yangj\AppData\Local\Temp
TEMP=C:\Users\yangj\AppData\Local\Temp



---------------  S Y S T E M  ---------------

OS:
 Windows 11 , 64 bit Build 22621 (10.0.22621.1325)
OS uptime: 0 days 1:31 hours
Hyper-V role detected

CPU: total 8 (initial active 8) (8 cores per cpu, 2 threads per core) family 23 model 24 stepping 1 microcode 0x0, cx8, cmov, fxsr, ht, mmx, 3dnowpref, sse, sse2, sse3, ssse3, sse4a, sse4.1, sse4.2, popcnt, lzcnt, tsc, tscinvbit, avx, avx2, aes, clmul, bmi1, bmi2, adx, sha, fma, vzeroupper, clflush, clflushopt, hv

Memory: 4k page, system-wide physical 14293M (7695M free)
TotalPageFile size 25557M (AvailPageFile size 17290M)
current process WorkingSet (physical memory assigned to process): 544M, peak: 569M
current process commit charge ("private bytes"): 614M, peak: 624M

vm_info: OpenJDK 64-Bit Server VM (17.0.5+8) for windows-amd64 JRE (17.0.5+8), built on Oct 19 2022 04:48:13 by "temurin" with MS VC++ 16.7 (VS2019)

END.
