#
# A fatal error has been detected by the Java Runtime Environment:
#
#  EXCEPTION_ACCESS_VIOLATION (0xc0000005) at pc=0x00007ffde50b2b60, pid=2372, tid=436
#
# JRE version: OpenJDK Runtime Environment Temurin-17.0.5+8 (17.0.5+8) (build 17.0.5+8)
# Java VM: OpenJDK 64-Bit Server VM Temurin-17.0.5+8 (17.0.5+8, mixed mode, sharing, tiered, compressed oops, compressed class ptrs, g1 gc, windows-amd64)
# Problematic frame:
# C  [atio6axx.dll+0x192b60]
#
# No core dump will be written. Minidumps are not enabled by default on client versions of Windows
#
# If you would like to submit a bug report, please visit:
#   https://github.com/adoptium/adoptium-support/issues
# The crash happened outside the Java Virtual Machine in native code.
# See problematic frame for where to report the bug.
#

---------------  S U M M A R Y ------------

Command Line: -Dforge.enableGameTest=true -Dforge.logging.console.level=debug -Dforge.logging.markers=REGISTRIES -DignoreList=bootstraplauncher,securejarhandler,asm-commons,asm-util,asm-analysis,asm-tree,asm,JarJarFileSystems,client-extra,fmlcore,javafmllanguage,lowcodelanguage,mclanguage,forge- -Djava.net.preferIPv6Addresses=system -DlegacyClassPath.file=C:\Users\yangj\MCreatorWorkspaces\mixed_ore\build\classpath\runClient_minecraftClasspath.txt -DmergeModules=jna-5.10.0.jar,jna-platform-5.10.0.jar -Dos.version=10.0 --module-path=C:\Users\yangj\.mcreator\gradle\caches\modules-2\files-2.1\cpw.mods\bootstraplauncher\1.1.2\c546e00443d8432cda6baa1c860346980742628\bootstraplauncher-1.1.2.jar;C:\Users\yangj\.mcreator\gradle\caches\modules-2\files-2.1\cpw.mods\securejarhandler\2.1.4\f47e3b9dd860a7b82154b8f90a650ffd0aaa5582\securejarhandler-2.1.4.jar;C:\Users\yangj\.mcreator\gradle\caches\modules-2\files-2.1\org.ow2.asm\asm-commons\9.3\1f2a432d1212f5c352ae607d7b61dcae20c20af5\asm-commons-9.3.jar;C:\Users\yangj\.mcreator\gradle\caches\modules-2\files-2.1\org.ow2.asm\asm-util\9.3\9595bc05510d0bd4b610188b77333fe4851a1975\asm-util-9.3.jar;C:\Users\yangj\.mcreator\gradle\caches\modules-2\files-2.1\org.ow2.asm\asm-analysis\9.3\4b071f211b37c38e0e9f5998550197c8593f6ad8\asm-analysis-9.3.jar;C:\Users\yangj\.mcreator\gradle\caches\modules-2\files-2.1\org.ow2.asm\asm-tree\9.3\78d2ecd61318b5a58cd04fb237636c0e86b77d97\asm-tree-9.3.jar;C:\Users\yangj\.mcreator\gradle\caches\modules-2\files-2.1\org.ow2.asm\asm\9.3\8e6300ef51c1d801a7ed62d07cd221aca3a90640\asm-9.3.jar;C:\Users\yangj\.mcreator\gradle\caches\modules-2\files-2.1\net.minecraftforge\JarJarFileSystems\0.3.16\e52afbb2599dc7c6f779efea0496d32fc01152e3\JarJarFileSystems-0.3.16.jar --add-modules=ALL-MODULE-PATH --add-opens=java.base/java.util.jar=cpw.mods.securejarhandler --add-opens=java.base/java.lang.invoke=cpw.mods.securejarhandler --add-exports=java.base/sun.security.util=cpw.mods.securejarhandler --add-exports=jdk.naming.dns/com.sun.jndi.dns=java.naming -XX:HeapDumpPath=MojangTricksIntelDriversForPerformance_javaw.exe_minecraft.exe.heapdump -Dos.name=Windows 10 -Dfile.encoding=UTF-8 -Duser.country=CN -Duser.language=zh -Duser.variant cpw.mods.bootstraplauncher.BootstrapLauncher --launchTarget forgeclientuserdev --version MOD_DEV --assetIndex 1.19 --assetsDir C:\Users\yangj\.mcreator\gradle\caches\forge_gradle\assets --gameDir . --fml.forgeVersion 43.2.0 --fml.mcVersion 1.19.2 --fml.forgeGroup net.minecraftforge --fml.mcpVersion 20220805.130853

Host: AMD Ryzen 7 3700U with Radeon Vega Mobile Gfx  , 8 cores, 13G,  Windows 11 , 64 bit Build 22621 (10.0.22621.1344)
Time: Thu Mar 16 12:22:44 2023  Windows 11 , 64 bit Build 22621 (10.0.22621.1344) elapsed time: 16.494875 seconds (0d 0h 0m 16s)

---------------  T H R E A D  ---------------

Current thread (0x00000165693ace30):  JavaThread "Render thread" [_thread_in_native, id=436, stack(0x00000003a4700000,0x00000003a4800000)]

Stack: [0x00000003a4700000,0x00000003a4800000],  sp=0x00000003a47faa78,  free space=1002k
Native frames: (J=compiled Java code, j=interpreted, Vv=VM code, C=native code)
C  [atio6axx.dll+0x192b60]

Java frames: (J=compiled Java code, j=interpreted, Vv=VM code)
j  org.lwjgl.system.JNI.invokePPPP(IIJJJJ)J+0 org.lwjgl@3.3.1+7
j  org.lwjgl.glfw.GLFW.nglfwCreateWindow(IIJJJ)J+14 org.lwjgl.glfw@3.3.1+7
j  org.lwjgl.glfw.GLFW.glfwCreateWindow(IILjava/lang/CharSequence;JJ)J+34 org.lwjgl.glfw@3.3.1+7
j  net.minecraftforge.client.loading.NoVizFallback.lambda$fallback$0(Ljava/util/function/IntSupplier;Ljava/util/function/IntSupplier;Ljava/util/function/Supplier;Ljava/util/function/LongSupplier;)J+28 forge@43.2.0
j  net.minecraftforge.client.loading.NoVizFallback$$Lambda$4379+0x000000080162b3c0.getAsLong()J+16 forge@43.2.0
j  net.minecraftforge.fml.loading.progress.EarlyProgressVisualization$Visualization$$Lambda$4380+0x000000080162d5b8.apply(Ljava/lang/Object;)Ljava/lang/Object;+4 fmlloader@1.19.2-43.2.0
J 2579 c2 java.util.Optional.map(Ljava/util/function/Function;)Ljava/util/Optional; java.base@17.0.5 (30 bytes) @ 0x0000016578ae4a7c [0x0000016578ae4a20+0x000000000000005c]
j  net.minecraftforge.fml.loading.progress.EarlyProgressVisualization$Visualization.handOffWindow(Ljava/util/function/IntSupplier;Ljava/util/function/IntSupplier;Ljava/util/function/Supplier;Ljava/util/function/LongSupplier;)J+48 fmlloader@1.19.2-43.2.0
j  net.minecraftforge.fml.loading.progress.EarlyProgressVisualization.handOffWindow(Ljava/util/function/IntSupplier;Ljava/util/function/IntSupplier;Ljava/util/function/Supplier;Ljava/util/function/LongSupplier;)J+9 fmlloader@1.19.2-43.2.0
j  com.mojang.blaze3d.platform.Window.<init>(Lcom/mojang/blaze3d/platform/WindowEventHandler;Lcom/mojang/blaze3d/platform/ScreenManager;Lcom/mojang/blaze3d/platform/DisplayData;Ljava/lang/String;Ljava/lang/String;)V+279 minecraft@1.19.2
j  net.minecraft.client.renderer.VirtualScreen.newWindow(Lcom/mojang/blaze3d/platform/DisplayData;Ljava/lang/String;Ljava/lang/String;)Lcom/mojang/blaze3d/platform/Window;+15 minecraft@1.19.2
j  net.minecraft.client.Minecraft.<init>(Lnet/minecraft/client/main/GameConfig;)V+723 minecraft@1.19.2
j  net.minecraft.client.main.Main.run([Ljava/lang/String;Z)V+1356 minecraft@1.19.2
j  net.minecraft.client.main.Main.main([Ljava/lang/String;)V+12 minecraft@1.19.2
v  ~StubRoutines::call_stub
j  jdk.internal.reflect.NativeMethodAccessorImpl.invoke0(Ljava/lang/reflect/Method;Ljava/lang/Object;[Ljava/lang/Object;)Ljava/lang/Object;+0 java.base@17.0.5
j  jdk.internal.reflect.NativeMethodAccessorImpl.invoke(Ljava/lang/Object;[Ljava/lang/Object;)Ljava/lang/Object;+133 java.base@17.0.5
j  jdk.internal.reflect.DelegatingMethodAccessorImpl.invoke(Ljava/lang/Object;[Ljava/lang/Object;)Ljava/lang/Object;+6 java.base@17.0.5
j  java.lang.reflect.Method.invoke(Ljava/lang/Object;[Ljava/lang/Object;)Ljava/lang/Object;+59 java.base@17.0.5
j  net.minecraftforge.fml.loading.targets.ForgeClientUserdevLaunchHandler.lambda$launchService$0([Ljava/lang/String;Ljava/lang/ModuleLayer;)V+47 fmlloader@1.19.2-43.2.0
j  net.minecraftforge.fml.loading.targets.ForgeClientUserdevLaunchHandler$$Lambda$856+0x0000000800faf268.run()V+12 fmlloader@1.19.2-43.2.0
j  cpw.mods.modlauncher.LaunchServiceHandlerDecorator.launch([Ljava/lang/String;Ljava/lang/ModuleLayer;)V+11 cpw.mods.modlauncher@10.0.8
j  cpw.mods.modlauncher.LaunchServiceHandler.launch(Ljava/lang/String;[Ljava/lang/String;Ljava/lang/ModuleLayer;Lcpw/mods/modlauncher/TransformingClassLoader;Lcpw/mods/modlauncher/LaunchPluginHandler;)V+58 cpw.mods.modlauncher@10.0.8
j  cpw.mods.modlauncher.LaunchServiceHandler.launch(Lcpw/mods/modlauncher/ArgumentHandler;Ljava/lang/ModuleLayer;Lcpw/mods/modlauncher/TransformingClassLoader;Lcpw/mods/modlauncher/LaunchPluginHandler;)V+21 cpw.mods.modlauncher@10.0.8
j  cpw.mods.modlauncher.Launcher.run([Ljava/lang/String;)V+310 cpw.mods.modlauncher@10.0.8
j  cpw.mods.modlauncher.Launcher.main([Ljava/lang/String;)V+78 cpw.mods.modlauncher@10.0.8
j  cpw.mods.modlauncher.BootstrapLaunchConsumer.accept([Ljava/lang/String;)V+1 cpw.mods.modlauncher@10.0.8
j  cpw.mods.modlauncher.BootstrapLaunchConsumer.accept(Ljava/lang/Object;)V+5 cpw.mods.modlauncher@10.0.8
j  cpw.mods.bootstraplauncher.BootstrapLauncher.main([Ljava/lang/String;)V+515 cpw.mods.bootstraplauncher@1.1.2
v  ~StubRoutines::call_stub

siginfo: EXCEPTION_ACCESS_VIOLATION (0xc0000005), reading address 0xffffffffffffffff


Register to memory mapping:

RIP=0x00007ffde50b2b60 atio6axx.dll
RAX=0x0 is NULL
RBX=0x00007ffde88f33b0 atio6axx.dll
RCX=0x6e6f6d6d6f635c73 is an unknown value
RDX=0x00000000000000d0 is an unknown value
RSP=0x00000003a47faa78 is pointing into the stack for thread: 0x00000165693ace30
RBP=0x00000003a47fabe0 is pointing into the stack for thread: 0x00000165693ace30
RSI=0x00007ffde8802d40 atio6axx.dll
RDI=0x00000003a47faed0 is pointing into the stack for thread: 0x00000165693ace30
R8 =0x00000000000001a5 is an unknown value
R9 =0x6e6f6d6d6f635c73 is an unknown value
R10=0x0 is NULL
R11=0x0000000000000200 is an unknown value
R12=0x00007ffde88f3408 atio6axx.dll
R13=0x00007ffde88f5c08 atio6axx.dll
R14=0x00007ffde88f33b0 atio6axx.dll
R15=0x0 is NULL


Registers:
RAX=0x0000000000000000, RBX=0x00007ffde88f33b0, RCX=0x6e6f6d6d6f635c73, RDX=0x00000000000000d0
RSP=0x00000003a47faa78, RBP=0x00000003a47fabe0, RSI=0x00007ffde8802d40, RDI=0x00000003a47faed0
R8 =0x00000000000001a5, R9 =0x6e6f6d6d6f635c73, R10=0x0000000000000000, R11=0x0000000000000200
R12=0x00007ffde88f3408, R13=0x00007ffde88f5c08, R14=0x00007ffde88f33b0, R15=0x0000000000000000
RIP=0x00007ffde50b2b60, EFLAGS=0x0000000000010202

Top of Stack: (sp=0x00000003a47faa78)
0x00000003a47faa78:   00007ffde50b2e7c 00007ffde88f6020
0x00000003a47faa88:   000001650cfbdda8 0000000000000000
0x00000003a47faa98:   00007ffde50b3e8d 00000003a47faed0
0x00000003a47faaa8:   00007ffde506f484 00007ffde88f33b0
0x00000003a47faab8:   00007ffde8802d40 0000652e6176616a
0x00000003a47faac8:   0000d2ad590b7f94 00000003a47faed0
0x00000003a47faad8:   00007ffde5070457 00007ffde88f33b8
0x00000003a47faae8:   00007ffde8802d40 00007ffde8802d40
0x00000003a47faaf8:   00000003a47fa9e8 00007ffde88f33b0
0x00000003a47fab08:   00007ffe00000000 0000000000000009
0x00000003a47fab18:   0000016512e1f34c 0000016512e1f4a8
0x00000003a47fab28:   00007ffde88f33b8 00000003a47faed0
0x00000003a47fab38:   00000003a47fac8d 00007f006176616a
0x00000003a47fab48:   00007f006176616a 46676e697274535c
0x00000003a47fab58:   5c6f666e49656c69 3062343039303430
0x00000003a47fab68:   726556656c69465c 000000006e6f6973 

Instructions: (pc=0x00007ffde50b2b60)
0x00007ffde50b2a60:   74 09 33 c9 ff 15 e6 89 66 03 90 48 8b c3 48 83
0x00007ffde50b2a70:   c4 20 5b c3 cc cc cc cc cc cc cc cc cc cc cc cc
0x00007ffde50b2a80:   48 83 ec 28 48 8b 51 08 48 85 d2 74 09 33 c9 ff
0x00007ffde50b2a90:   15 bb 89 66 03 90 48 83 c4 28 c3 cc cc cc cc cc
0x00007ffde50b2aa0:   48 89 11 c3 cc cc cc cc cc cc cc cc cc cc cc cc
0x00007ffde50b2ab0:   48 8b c1 c3 cc cc cc cc cc cc cc cc cc cc cc cc
0x00007ffde50b2ac0:   48 3b ca 74 10 41 8b 00 39 01 74 09 48 83 c1 04
0x00007ffde50b2ad0:   48 3b ca 75 f3 48 8b c1 c3 cc cc cc cc cc cc cc
0x00007ffde50b2ae0:   48 8b c1 c3 cc cc cc cc cc cc cc cc cc cc cc cc
0x00007ffde50b2af0:   48 83 39 00 0f 94 c0 c3 cc cc cc cc cc cc cc cc
0x00007ffde50b2b00:   4c 8d 04 d5 00 00 00 00 33 d2 e9 c1 d0 dd 01 cc
0x00007ffde50b2b10:   4c 8b 41 08 48 8b 02 49 89 00 48 83 41 08 08 c3
0x00007ffde50b2b20:   48 8b c1 c3 cc cc cc cc cc cc cc cc cc cc cc cc
0x00007ffde50b2b30:   48 8b c1 c3 cc cc cc cc cc cc cc cc cc cc cc cc
0x00007ffde50b2b40:   49 8b 00 48 89 02 c3 cc cc cc cc cc cc cc cc cc
0x00007ffde50b2b50:   8b 81 40 39 00 00 c3 cc cc cc cc cc cc cc cc cc
0x00007ffde50b2b60:   8b 81 40 39 00 00 83 c0 f0 83 f8 67 0f 87 5a 01
0x00007ffde50b2b70:   00 00 48 8d 15 87 d4 e6 ff 0f b6 84 02 f0 2c 19
0x00007ffde50b2b80:   00 8b 8c 82 d0 2c 19 00 48 03 ca ff e1 48 8b 0d
0x00007ffde50b2b90:   6c 6f 7e 03 83 b9 b4 34 00 00 02 0f 87 2b 01 00
0x00007ffde50b2ba0:   00 48 8d 91 0c 29 00 00 c7 02 e1 00 00 00 e9 ce
0x00007ffde50b2bb0:   00 00 00 48 8b 0d 46 6f 7e 03 83 b9 b4 34 00 00
0x00007ffde50b2bc0:   02 0f 87 05 01 00 00 48 8d 91 0c 29 00 00 c7 02
0x00007ffde50b2bd0:   f0 00 00 00 e9 a8 00 00 00 48 8b 0d 20 6f 7e 03
0x00007ffde50b2be0:   83 b9 b4 34 00 00 02 0f 87 df 00 00 00 48 8d 91
0x00007ffde50b2bf0:   0c 29 00 00 c7 02 00 04 00 00 e9 82 00 00 00 48
0x00007ffde50b2c00:   8b 0d fa 6e 7e 03 83 b9 b4 34 00 00 02 0f 87 b9
0x00007ffde50b2c10:   00 00 00 48 8d 91 0c 29 00 00 c7 02 00 08 00 00
0x00007ffde50b2c20:   eb 5f 48 8b 0d d7 6e 7e 03 83 b9 b4 34 00 00 02
0x00007ffde50b2c30:   0f 87 96 00 00 00 48 8d 91 0c 29 00 00 c7 02 00
0x00007ffde50b2c40:   09 00 00 eb 3c 48 8b 0d b4 6e 7e 03 83 b9 b4 34
0x00007ffde50b2c50:   00 00 02 77 77 48 8d 91 0c 29 00 00 c7 02 3c 0f 


Stack slot to memory mapping:
stack at sp + 0 slots: 0x00007ffde50b2e7c atio6axx.dll
stack at sp + 1 slots: 0x00007ffde88f6020 atio6axx.dll
stack at sp + 2 slots: 0x000001650cfbdda8 points into unknown readable memory: 0x00007ffde80ff5f0 | f0 f5 0f e8 fd 7f 00 00
stack at sp + 3 slots: 0x0 is NULL
stack at sp + 4 slots: 0x00007ffde50b3e8d atio6axx.dll
stack at sp + 5 slots: 0x00000003a47faed0 is pointing into the stack for thread: 0x00000165693ace30
stack at sp + 6 slots: 0x00007ffde506f484 atio6axx.dll
stack at sp + 7 slots: 0x00007ffde88f33b0 atio6axx.dll


---------------  P R O C E S S  ---------------

Threads class SMR info:
_java_thread_list=0x000001650d2a51a0, length=17, elements={
0x00000165693ace30, 0x000001650b144330, 0x000001650b144df0, 0x000001650b16deb0,
0x000001650b16e780, 0x000001650b1638d0, 0x000001650b163da0, 0x000001650b166280,
0x000001650b169c90, 0x000001650b16a1a0, 0x000001650bceaa00, 0x000001650be21150,
0x000001650d20b7e0, 0x000001650e0d8a90, 0x000001650cc043f0, 0x000001650bd0f840,
0x000001650d7b8570
}

Java Threads: ( => current thread )
=>0x00000165693ace30 JavaThread "Render thread" [_thread_in_native, id=436, stack(0x00000003a4700000,0x00000003a4800000)]
  0x000001650b144330 JavaThread "Reference Handler" daemon [_thread_blocked, id=1860, stack(0x00000003a4e00000,0x00000003a4f00000)]
  0x000001650b144df0 JavaThread "Finalizer" daemon [_thread_blocked, id=1936, stack(0x00000003a4f00000,0x00000003a5000000)]
  0x000001650b16deb0 JavaThread "Signal Dispatcher" daemon [_thread_blocked, id=748, stack(0x00000003a5000000,0x00000003a5100000)]
  0x000001650b16e780 JavaThread "Attach Listener" daemon [_thread_blocked, id=4744, stack(0x00000003a5100000,0x00000003a5200000)]
  0x000001650b1638d0 JavaThread "Service Thread" daemon [_thread_blocked, id=9456, stack(0x00000003a5200000,0x00000003a5300000)]
  0x000001650b163da0 JavaThread "Monitor Deflation Thread" daemon [_thread_blocked, id=2340, stack(0x00000003a5300000,0x00000003a5400000)]
  0x000001650b166280 JavaThread "C2 CompilerThread0" daemon [_thread_blocked, id=10904, stack(0x00000003a5400000,0x00000003a5500000)]
  0x000001650b169c90 JavaThread "C1 CompilerThread0" daemon [_thread_blocked, id=7004, stack(0x00000003a5500000,0x00000003a5600000)]
  0x000001650b16a1a0 JavaThread "Sweeper thread" daemon [_thread_blocked, id=8392, stack(0x00000003a5600000,0x00000003a5700000)]
  0x000001650bceaa00 JavaThread "Common-Cleaner" daemon [_thread_blocked, id=5428, stack(0x00000003a5700000,0x00000003a5800000)]
  0x000001650be21150 JavaThread "Notification Thread" daemon [_thread_blocked, id=2008, stack(0x00000003a5900000,0x00000003a5a00000)]
  0x000001650d20b7e0 JavaThread "Thread-0" daemon [_thread_blocked, id=11728, stack(0x00000003a6200000,0x00000003a6300000)]
  0x000001650e0d8a90 JavaThread "FileSystemWatchService" daemon [_thread_in_native, id=9132, stack(0x00000003a6300000,0x00000003a6400000)]
  0x000001650cc043f0 JavaThread "pool-2-thread-1" daemon [_thread_blocked, id=12996, stack(0x00000003a6700000,0x00000003a6800000)]
  0x000001650bd0f840 JavaThread "C2 CompilerThread1" daemon [_thread_blocked, id=2560, stack(0x00000003a5800000,0x00000003a5900000)]
  0x000001650d7b8570 JavaThread "Timer hack thread" daemon [_thread_blocked, id=5076, stack(0x00000003a6b00000,0x00000003a6c00000)]

Other Threads:
  0x000001650b13cda0 VMThread "VM Thread" [stack: 0x00000003a4d00000,0x00000003a4e00000] [id=1448]
  0x0000016569427960 WatcherThread [stack: 0x00000003a5a00000,0x00000003a5b00000] [id=13216]
  0x000001656940fb20 GCTaskThread "GC Thread#0" [stack: 0x00000003a4800000,0x00000003a4900000] [id=6752]
  0x000001650c3f4d80 GCTaskThread "GC Thread#1" [stack: 0x00000003a5b00000,0x00000003a5c00000] [id=1312]
  0x000001650c3f5030 GCTaskThread "GC Thread#2" [stack: 0x00000003a5c00000,0x00000003a5d00000] [id=12944]
  0x000001650c3f52e0 GCTaskThread "GC Thread#3" [stack: 0x00000003a5d00000,0x00000003a5e00000] [id=7508]
  0x000001650c3f5590 GCTaskThread "GC Thread#4" [stack: 0x00000003a5e00000,0x00000003a5f00000] [id=12860]
  0x000001650d313c30 GCTaskThread "GC Thread#5" [stack: 0x00000003a6000000,0x00000003a6100000] [id=4164]
  0x000001650d41dd20 GCTaskThread "GC Thread#6" [stack: 0x00000003a6100000,0x00000003a6200000] [id=6868]
  0x000001650e8267b0 GCTaskThread "GC Thread#7" [stack: 0x00000003a6400000,0x00000003a6500000] [id=12612]
  0x000001656941f130 ConcurrentGCThread "G1 Main Marker" [stack: 0x00000003a4900000,0x00000003a4a00000] [id=2532]
  0x00000165694202e0 ConcurrentGCThread "G1 Conc#0" [stack: 0x00000003a4a00000,0x00000003a4b00000] [id=3208]
  0x000001650d8acda0 ConcurrentGCThread "G1 Conc#1" [stack: 0x00000003a6500000,0x00000003a6600000] [id=5464]
  0x000001650aff5190 ConcurrentGCThread "G1 Refine#0" [stack: 0x00000003a4b00000,0x00000003a4c00000] [id=10052]
  0x000001650d8cea20 ConcurrentGCThread "G1 Refine#1" [stack: 0x00000003a6600000,0x00000003a6700000] [id=7848]
  0x000001650e4452d0 ConcurrentGCThread "G1 Refine#2" [stack: 0x00000003a6c00000,0x00000003a6d00000] [id=7956]
  0x000001650bd59b70 ConcurrentGCThread "G1 Refine#3" [stack: 0x00000003a6d00000,0x00000003a6e00000] [id=1436]
  0x000001650aff6870 ConcurrentGCThread "G1 Service" [stack: 0x00000003a4c00000,0x00000003a4d00000] [id=6500]

Threads with active compile tasks:

VM state: not at safepoint (normal execution)

VM Mutex/Monitor currently owned by a thread: None

Heap address: 0x0000000720a00000, size: 3574 MB, Compressed Oops mode: Zero based, Oop shift amount: 3

CDS archive(s) mapped at: [0x0000000800000000-0x0000000800bc0000-0x0000000800bc0000), size 12320768, SharedBaseAddress: 0x0000000800000000, ArchiveRelocationMode: 0.
Compressed class space mapped at: 0x0000000800c00000-0x0000000840c00000, reserved size: 1073741824
Narrow klass base: 0x0000000800000000, Narrow klass shift: 0, Narrow klass range: 0x100000000

GC Precious Log:
 CPUs: 8 total, 8 available
 Memory: 14293M
 Large Page Support: Disabled
 NUMA Support: Disabled
 Compressed Oops: Enabled (Zero based)
 Heap Region Size: 2M
 Heap Min Capacity: 8M
 Heap Initial Capacity: 224M
 Heap Max Capacity: 3574M
 Pre-touch: Disabled
 Parallel Workers: 8
 Concurrent Workers: 2
 Concurrent Refinement Workers: 8
 Periodic GC: Disabled

Heap:
 garbage-first heap   total 417792K, used 305228K [0x0000000720a00000, 0x0000000800000000)
  region size 2048K, 76 young (155648K), 3 survivors (6144K)
 Metaspace       used 65576K, committed 66752K, reserved 1105920K
  class space    used 9948K, committed 10432K, reserved 1048576K

Heap Regions: E=young(eden), S=young(survivor), O=old, HS=humongous(starts), HC=humongous(continues), CS=collection set, F=free, OA=open archive, CA=closed archive, TAMS=top-at-mark-start (previous, next)
|   0|0x0000000720a00000, 0x0000000720c00000, 0x0000000720c00000|100%|HS|  |TAMS 0x0000000720c00000, 0x0000000720a00000| Complete 
|   1|0x0000000720c00000, 0x0000000720e00000, 0x0000000720e00000|100%| O|  |TAMS 0x0000000720e00000, 0x0000000720c00000| Untracked 
|   2|0x0000000720e00000, 0x0000000721000000, 0x0000000721000000|100%|HS|  |TAMS 0x0000000721000000, 0x0000000720e00000| Complete 
|   3|0x0000000721000000, 0x0000000721200000, 0x0000000721200000|100%| O|  |TAMS 0x0000000721200000, 0x0000000721000000| Untracked 
|   4|0x0000000721200000, 0x0000000721400000, 0x0000000721400000|100%| O|  |TAMS 0x0000000721400000, 0x0000000721200000| Untracked 
|   5|0x0000000721400000, 0x0000000721600000, 0x0000000721600000|100%| O|  |TAMS 0x0000000721600000, 0x0000000721400000| Untracked 
|   6|0x0000000721600000, 0x0000000721800000, 0x0000000721800000|100%|HS|  |TAMS 0x0000000721800000, 0x0000000721600000| Complete 
|   7|0x0000000721800000, 0x0000000721a00000, 0x0000000721a00000|100%|HS|  |TAMS 0x0000000721a00000, 0x0000000721800000| Complete 
|   8|0x0000000721a00000, 0x0000000721c00000, 0x0000000721c00000|100%| O|  |TAMS 0x0000000721c00000, 0x0000000721a00000| Untracked 
|   9|0x0000000721c00000, 0x0000000721e00000, 0x0000000721e00000|100%| O|  |TAMS 0x0000000721e00000, 0x0000000721c00000| Untracked 
|  10|0x0000000721e00000, 0x0000000722000000, 0x0000000722000000|100%| O|  |TAMS 0x0000000722000000, 0x0000000721e00000| Untracked 
|  11|0x0000000722000000, 0x0000000722200000, 0x0000000722200000|100%| O|  |TAMS 0x0000000722200000, 0x0000000722000000| Untracked 
|  12|0x0000000722200000, 0x0000000722400000, 0x0000000722400000|100%| O|  |TAMS 0x0000000722400000, 0x0000000722200000| Untracked 
|  13|0x0000000722400000, 0x0000000722600000, 0x0000000722600000|100%| O|  |TAMS 0x0000000722600000, 0x0000000722400000| Untracked 
|  14|0x0000000722600000, 0x0000000722800000, 0x0000000722800000|100%| O|  |TAMS 0x0000000722800000, 0x0000000722600000| Untracked 
|  15|0x0000000722800000, 0x0000000722a00000, 0x0000000722a00000|100%|HS|  |TAMS 0x0000000722a00000, 0x0000000722800000| Complete 
|  16|0x0000000722a00000, 0x0000000722c00000, 0x0000000722c00000|100%| O|  |TAMS 0x0000000722c00000, 0x0000000722a00000| Untracked 
|  17|0x0000000722c00000, 0x0000000722e00000, 0x0000000722e00000|100%| O|  |TAMS 0x0000000722e00000, 0x0000000722c00000| Untracked 
|  18|0x0000000722e00000, 0x0000000723000000, 0x0000000723000000|100%| O|  |TAMS 0x0000000723000000, 0x0000000722e00000| Untracked 
|  19|0x0000000723000000, 0x0000000723200000, 0x0000000723200000|100%| O|  |TAMS 0x0000000723200000, 0x0000000723000000| Untracked 
|  20|0x0000000723200000, 0x0000000723400000, 0x0000000723400000|100%| O|  |TAMS 0x0000000723400000, 0x0000000723200000| Untracked 
|  21|0x0000000723400000, 0x0000000723600000, 0x0000000723600000|100%| O|  |TAMS 0x0000000723600000, 0x0000000723400000| Untracked 
|  22|0x0000000723600000, 0x0000000723748400, 0x0000000723800000| 64%| O|  |TAMS 0x0000000723748400, 0x0000000723600000| Untracked 
|  23|0x0000000723800000, 0x0000000723a00000, 0x0000000723a00000|100%| O|  |TAMS 0x0000000723a00000, 0x0000000723800000| Untracked 
|  24|0x0000000723a00000, 0x0000000723c00000, 0x0000000723c00000|100%| O|  |TAMS 0x0000000723c00000, 0x0000000723a00000| Untracked 
|  25|0x0000000723c00000, 0x0000000723e00000, 0x0000000723e00000|100%| O|  |TAMS 0x0000000723e00000, 0x0000000723c00000| Untracked 
|  26|0x0000000723e00000, 0x0000000724000000, 0x0000000724000000|100%| O|  |TAMS 0x0000000724000000, 0x0000000723e00000| Untracked 
|  27|0x0000000724000000, 0x0000000724200000, 0x0000000724200000|100%| O|  |TAMS 0x0000000724200000, 0x0000000724000000| Untracked 
|  28|0x0000000724200000, 0x0000000724400000, 0x0000000724400000|100%| O|  |TAMS 0x0000000724400000, 0x0000000724200000| Untracked 
|  29|0x0000000724400000, 0x0000000724600000, 0x0000000724600000|100%| O|  |TAMS 0x0000000724600000, 0x0000000724400000| Untracked 
|  30|0x0000000724600000, 0x0000000724800000, 0x0000000724800000|100%| O|  |TAMS 0x0000000724800000, 0x0000000724600000| Untracked 
|  31|0x0000000724800000, 0x0000000724a00000, 0x0000000724a00000|100%| O|  |TAMS 0x0000000724a00000, 0x0000000724800000| Untracked 
|  32|0x0000000724a00000, 0x0000000724c00000, 0x0000000724c00000|100%| O|  |TAMS 0x0000000724c00000, 0x0000000724a00000| Untracked 
|  33|0x0000000724c00000, 0x0000000724e00000, 0x0000000724e00000|100%|HS|  |TAMS 0x0000000724e00000, 0x0000000724c00000| Complete 
|  34|0x0000000724e00000, 0x0000000725000000, 0x0000000725000000|100%|HC|  |TAMS 0x0000000725000000, 0x0000000724e00000| Complete 
|  35|0x0000000725000000, 0x0000000725200000, 0x0000000725200000|100%|HC|  |TAMS 0x0000000725200000, 0x0000000725000000| Complete 
|  36|0x0000000725200000, 0x0000000725400000, 0x0000000725400000|100%|HC|  |TAMS 0x0000000725400000, 0x0000000725200000| Complete 
|  37|0x0000000725400000, 0x0000000725600000, 0x0000000725600000|100%|HC|  |TAMS 0x0000000725600000, 0x0000000725400000| Complete 
|  38|0x0000000725600000, 0x0000000725800000, 0x0000000725800000|100%|HC|  |TAMS 0x0000000725800000, 0x0000000725600000| Complete 
|  39|0x0000000725800000, 0x0000000725a00000, 0x0000000725a00000|100%| O|  |TAMS 0x0000000725a00000, 0x0000000725800000| Untracked 
|  40|0x0000000725a00000, 0x0000000725c00000, 0x0000000725c00000|100%| O|  |TAMS 0x0000000725c00000, 0x0000000725a00000| Untracked 
|  41|0x0000000725c00000, 0x0000000725e00000, 0x0000000725e00000|100%| O|  |TAMS 0x0000000725e00000, 0x0000000725c00000| Complete 
|  42|0x0000000725e00000, 0x0000000726000000, 0x0000000726000000|100%| O|  |TAMS 0x0000000726000000, 0x0000000725e00000| Untracked 
|  43|0x0000000726000000, 0x0000000726200000, 0x0000000726200000|100%| O|  |TAMS 0x0000000726200000, 0x0000000726000000| Untracked 
|  44|0x0000000726200000, 0x0000000726400000, 0x0000000726400000|100%| O|  |TAMS 0x0000000726400000, 0x0000000726200000| Untracked 
|  45|0x0000000726400000, 0x0000000726600000, 0x0000000726600000|100%| O|  |TAMS 0x0000000726600000, 0x0000000726400000| Untracked 
|  46|0x0000000726600000, 0x0000000726800000, 0x0000000726800000|100%| O|  |TAMS 0x0000000726800000, 0x0000000726600000| Untracked 
|  47|0x0000000726800000, 0x0000000726a00000, 0x0000000726a00000|100%| O|  |TAMS 0x0000000726a00000, 0x0000000726800000| Untracked 
|  48|0x0000000726a00000, 0x0000000726c00000, 0x0000000726c00000|100%| O|  |TAMS 0x0000000726c00000, 0x0000000726a00000| Untracked 
|  49|0x0000000726c00000, 0x0000000726e00000, 0x0000000726e00000|100%| O|  |TAMS 0x0000000726e00000, 0x0000000726c00000| Untracked 
|  50|0x0000000726e00000, 0x0000000727000000, 0x0000000727000000|100%| O|  |TAMS 0x0000000727000000, 0x0000000726e00000| Untracked 
|  51|0x0000000727000000, 0x0000000727200000, 0x0000000727200000|100%| O|  |TAMS 0x0000000727200000, 0x0000000727000000| Untracked 
|  52|0x0000000727200000, 0x0000000727400000, 0x0000000727400000|100%| O|  |TAMS 0x0000000727400000, 0x0000000727200000| Untracked 
|  53|0x0000000727400000, 0x0000000727600000, 0x0000000727600000|100%| O|  |TAMS 0x0000000727600000, 0x0000000727400000| Untracked 
|  54|0x0000000727600000, 0x0000000727800000, 0x0000000727800000|100%| O|  |TAMS 0x0000000727800000, 0x0000000727600000| Untracked 
|  55|0x0000000727800000, 0x0000000727a00000, 0x0000000727a00000|100%| O|  |TAMS 0x0000000727a00000, 0x0000000727800000| Untracked 
|  56|0x0000000727a00000, 0x0000000727c00000, 0x0000000727c00000|100%| O|  |TAMS 0x0000000727c00000, 0x0000000727a00000| Untracked 
|  57|0x0000000727c00000, 0x0000000727e00000, 0x0000000727e00000|100%| O|  |TAMS 0x0000000727e00000, 0x0000000727c00000| Untracked 
|  58|0x0000000727e00000, 0x0000000728000000, 0x0000000728000000|100%| O|  |TAMS 0x0000000728000000, 0x0000000727e00000| Untracked 
|  59|0x0000000728000000, 0x0000000728200000, 0x0000000728200000|100%| O|  |TAMS 0x0000000728200000, 0x0000000728000000| Untracked 
|  60|0x0000000728200000, 0x0000000728400000, 0x0000000728400000|100%| O|  |TAMS 0x0000000728400000, 0x0000000728200000| Untracked 
|  61|0x0000000728400000, 0x0000000728600000, 0x0000000728600000|100%| O|  |TAMS 0x0000000728600000, 0x0000000728400000| Untracked 
|  62|0x0000000728600000, 0x0000000728800000, 0x0000000728800000|100%| O|  |TAMS 0x0000000728800000, 0x0000000728600000| Untracked 
|  63|0x0000000728800000, 0x0000000728a00000, 0x0000000728a00000|100%| O|  |TAMS 0x0000000728a00000, 0x0000000728800000| Untracked 
|  64|0x0000000728a00000, 0x0000000728c00000, 0x0000000728c00000|100%| O|  |TAMS 0x0000000728c00000, 0x0000000728a00000| Untracked 
|  65|0x0000000728c00000, 0x0000000728e00000, 0x0000000728e00000|100%| O|  |TAMS 0x0000000728e00000, 0x0000000728c00000| Untracked 
|  66|0x0000000728e00000, 0x0000000729000000, 0x0000000729000000|100%| O|  |TAMS 0x0000000729000000, 0x0000000728e00000| Untracked 
|  67|0x0000000729000000, 0x0000000729200000, 0x0000000729200000|100%| O|  |TAMS 0x0000000729200000, 0x0000000729000000| Untracked 
|  68|0x0000000729200000, 0x0000000729400000, 0x0000000729400000|100%| O|  |TAMS 0x0000000729375a00, 0x0000000729200000| Untracked 
|  69|0x0000000729400000, 0x0000000729600000, 0x0000000729600000|100%| O|  |TAMS 0x0000000729400000, 0x0000000729400000| Untracked 
|  70|0x0000000729600000, 0x0000000729800000, 0x0000000729800000|100%| O|  |TAMS 0x0000000729600000, 0x0000000729600000| Untracked 
|  71|0x0000000729800000, 0x0000000729a00000, 0x0000000729a00000|100%| O|  |TAMS 0x0000000729800000, 0x0000000729800000| Untracked 
|  72|0x0000000729a00000, 0x0000000729c00000, 0x0000000729c00000|100%| O|  |TAMS 0x0000000729a00000, 0x0000000729a00000| Untracked 
|  73|0x0000000729c00000, 0x0000000729e00000, 0x0000000729e00000|100%| O|  |TAMS 0x0000000729c00000, 0x0000000729c00000| Untracked 
|  74|0x0000000729e00000, 0x000000072a000000, 0x000000072a000000|100%| O|  |TAMS 0x0000000729e00000, 0x0000000729e00000| Untracked 
|  75|0x000000072a000000, 0x000000072a130c00, 0x000000072a200000| 59%| O|  |TAMS 0x000000072a000000, 0x000000072a000000| Untracked 
|  76|0x000000072a200000, 0x000000072a200000, 0x000000072a400000|  0%| F|  |TAMS 0x000000072a200000, 0x000000072a200000| Untracked 
|  77|0x000000072a400000, 0x000000072a400000, 0x000000072a600000|  0%| F|  |TAMS 0x000000072a400000, 0x000000072a400000| Untracked 
|  78|0x000000072a600000, 0x000000072a600000, 0x000000072a800000|  0%| F|  |TAMS 0x000000072a600000, 0x000000072a600000| Untracked 
|  79|0x000000072a800000, 0x000000072a800000, 0x000000072aa00000|  0%| F|  |TAMS 0x000000072a800000, 0x000000072a800000| Untracked 
|  80|0x000000072aa00000, 0x000000072aa00000, 0x000000072ac00000|  0%| F|  |TAMS 0x000000072aa00000, 0x000000072aa00000| Untracked 
|  81|0x000000072ac00000, 0x000000072ac00000, 0x000000072ae00000|  0%| F|  |TAMS 0x000000072ac00000, 0x000000072ac00000| Untracked 
|  82|0x000000072ae00000, 0x000000072ae00000, 0x000000072b000000|  0%| F|  |TAMS 0x000000072ae00000, 0x000000072ae00000| Untracked 
|  83|0x000000072b000000, 0x000000072b000000, 0x000000072b200000|  0%| F|  |TAMS 0x000000072b000000, 0x000000072b000000| Untracked 
|  84|0x000000072b200000, 0x000000072b200000, 0x000000072b400000|  0%| F|  |TAMS 0x000000072b200000, 0x000000072b200000| Untracked 
|  85|0x000000072b400000, 0x000000072b400000, 0x000000072b600000|  0%| F|  |TAMS 0x000000072b400000, 0x000000072b400000| Untracked 
|  86|0x000000072b600000, 0x000000072b600000, 0x000000072b800000|  0%| F|  |TAMS 0x000000072b600000, 0x000000072b600000| Untracked 
|  87|0x000000072b800000, 0x000000072b800000, 0x000000072ba00000|  0%| F|  |TAMS 0x000000072b800000, 0x000000072b800000| Untracked 
|  88|0x000000072ba00000, 0x000000072ba00000, 0x000000072bc00000|  0%| F|  |TAMS 0x000000072ba00000, 0x000000072ba00000| Untracked 
|  89|0x000000072bc00000, 0x000000072bc00000, 0x000000072be00000|  0%| F|  |TAMS 0x000000072bc00000, 0x000000072bc00000| Untracked 
|  90|0x000000072be00000, 0x000000072be00000, 0x000000072c000000|  0%| F|  |TAMS 0x000000072be00000, 0x000000072be00000| Untracked 
|  91|0x000000072c000000, 0x000000072c000000, 0x000000072c200000|  0%| F|  |TAMS 0x000000072c000000, 0x000000072c000000| Untracked 
|  92|0x000000072c200000, 0x000000072c200000, 0x000000072c400000|  0%| F|  |TAMS 0x000000072c200000, 0x000000072c200000| Untracked 
|  93|0x000000072c400000, 0x000000072c400000, 0x000000072c600000|  0%| F|  |TAMS 0x000000072c400000, 0x000000072c400000| Untracked 
|  94|0x000000072c600000, 0x000000072c600000, 0x000000072c800000|  0%| F|  |TAMS 0x000000072c600000, 0x000000072c600000| Untracked 
|  95|0x000000072c800000, 0x000000072c800000, 0x000000072ca00000|  0%| F|  |TAMS 0x000000072c800000, 0x000000072c800000| Untracked 
|  96|0x000000072ca00000, 0x000000072ca00000, 0x000000072cc00000|  0%| F|  |TAMS 0x000000072ca00000, 0x000000072ca00000| Untracked 
|  97|0x000000072cc00000, 0x000000072cc00000, 0x000000072ce00000|  0%| F|  |TAMS 0x000000072cc00000, 0x000000072cc00000| Untracked 
|  98|0x000000072ce00000, 0x000000072ce00000, 0x000000072d000000|  0%| F|  |TAMS 0x000000072ce00000, 0x000000072ce00000| Untracked 
|  99|0x000000072d000000, 0x000000072d000000, 0x000000072d200000|  0%| F|  |TAMS 0x000000072d000000, 0x000000072d000000| Untracked 
| 100|0x000000072d200000, 0x000000072d200000, 0x000000072d400000|  0%| F|  |TAMS 0x000000072d200000, 0x000000072d200000| Untracked 
| 101|0x000000072d400000, 0x000000072d59a148, 0x000000072d600000| 80%| S|CS|TAMS 0x000000072d400000, 0x000000072d400000| Complete 
| 102|0x000000072d600000, 0x000000072d800000, 0x000000072d800000|100%| S|CS|TAMS 0x000000072d600000, 0x000000072d600000| Complete 
| 103|0x000000072d800000, 0x000000072da00000, 0x000000072da00000|100%| S|CS|TAMS 0x000000072d800000, 0x000000072d800000| Complete 
| 104|0x000000072da00000, 0x000000072da00000, 0x000000072dc00000|  0%| F|  |TAMS 0x000000072da00000, 0x000000072da00000| Untracked 
| 105|0x000000072dc00000, 0x000000072dc00000, 0x000000072de00000|  0%| F|  |TAMS 0x000000072dc00000, 0x000000072dc00000| Untracked 
| 106|0x000000072de00000, 0x000000072de00000, 0x000000072e000000|  0%| F|  |TAMS 0x000000072de00000, 0x000000072de00000| Untracked 
| 107|0x000000072e000000, 0x000000072e000000, 0x000000072e200000|  0%| F|  |TAMS 0x000000072e000000, 0x000000072e000000| Untracked 
| 108|0x000000072e200000, 0x000000072e200000, 0x000000072e400000|  0%| F|  |TAMS 0x000000072e200000, 0x000000072e200000| Untracked 
| 109|0x000000072e400000, 0x000000072e400000, 0x000000072e600000|  0%| F|  |TAMS 0x000000072e400000, 0x000000072e400000| Untracked 
| 110|0x000000072e600000, 0x000000072e600000, 0x000000072e800000|  0%| F|  |TAMS 0x000000072e600000, 0x000000072e600000| Untracked 
| 111|0x000000072e800000, 0x000000072e800000, 0x000000072ea00000|  0%| F|  |TAMS 0x000000072e800000, 0x000000072e800000| Untracked 
| 112|0x000000072ea00000, 0x000000072ea00000, 0x000000072ec00000|  0%| F|  |TAMS 0x000000072ea00000, 0x000000072ea00000| Untracked 
| 113|0x000000072ec00000, 0x000000072ec00000, 0x000000072ee00000|  0%| F|  |TAMS 0x000000072ec00000, 0x000000072ec00000| Untracked 
| 114|0x000000072ee00000, 0x000000072ee00000, 0x000000072f000000|  0%| F|  |TAMS 0x000000072ee00000, 0x000000072ee00000| Untracked 
| 115|0x000000072f000000, 0x000000072f000000, 0x000000072f200000|  0%| F|  |TAMS 0x000000072f000000, 0x000000072f000000| Untracked 
| 116|0x000000072f200000, 0x000000072f200000, 0x000000072f400000|  0%| F|  |TAMS 0x000000072f200000, 0x000000072f200000| Untracked 
| 117|0x000000072f400000, 0x000000072f400000, 0x000000072f600000|  0%| F|  |TAMS 0x000000072f400000, 0x000000072f400000| Untracked 
| 118|0x000000072f600000, 0x000000072f600000, 0x000000072f800000|  0%| F|  |TAMS 0x000000072f600000, 0x000000072f600000| Untracked 
| 119|0x000000072f800000, 0x000000072f800000, 0x000000072fa00000|  0%| F|  |TAMS 0x000000072f800000, 0x000000072f800000| Untracked 
| 120|0x000000072fa00000, 0x000000072fa00000, 0x000000072fc00000|  0%| F|  |TAMS 0x000000072fa00000, 0x000000072fa00000| Untracked 
| 121|0x000000072fc00000, 0x000000072fc00000, 0x000000072fe00000|  0%| F|  |TAMS 0x000000072fc00000, 0x000000072fc00000| Untracked 
| 122|0x000000072fe00000, 0x000000072fe00000, 0x0000000730000000|  0%| F|  |TAMS 0x000000072fe00000, 0x000000072fe00000| Untracked 
| 123|0x0000000730000000, 0x0000000730000000, 0x0000000730200000|  0%| F|  |TAMS 0x0000000730000000, 0x0000000730000000| Untracked 
| 124|0x0000000730200000, 0x0000000730200000, 0x0000000730400000|  0%| F|  |TAMS 0x0000000730200000, 0x0000000730200000| Untracked 
| 125|0x0000000730400000, 0x0000000730400000, 0x0000000730600000|  0%| F|  |TAMS 0x0000000730400000, 0x0000000730400000| Untracked 
| 126|0x0000000730600000, 0x0000000730600000, 0x0000000730800000|  0%| F|  |TAMS 0x0000000730600000, 0x0000000730600000| Untracked 
| 127|0x0000000730800000, 0x0000000730800000, 0x0000000730a00000|  0%| F|  |TAMS 0x0000000730800000, 0x0000000730800000| Untracked 
| 128|0x0000000730a00000, 0x0000000730a00000, 0x0000000730c00000|  0%| F|  |TAMS 0x0000000730a00000, 0x0000000730a00000| Untracked 
| 129|0x0000000730c00000, 0x0000000730c00000, 0x0000000730e00000|  0%| F|  |TAMS 0x0000000730c00000, 0x0000000730c00000| Untracked 
| 130|0x0000000730e00000, 0x0000000730e00000, 0x0000000731000000|  0%| F|  |TAMS 0x0000000730e00000, 0x0000000730e00000| Untracked 
| 131|0x0000000731000000, 0x0000000731006638, 0x0000000731200000|  1%| E|  |TAMS 0x0000000731000000, 0x0000000731000000| Complete 
| 132|0x0000000731200000, 0x0000000731400000, 0x0000000731400000|100%| E|CS|TAMS 0x0000000731200000, 0x0000000731200000| Complete 
| 133|0x0000000731400000, 0x0000000731600000, 0x0000000731600000|100%| E|CS|TAMS 0x0000000731400000, 0x0000000731400000| Complete 
| 134|0x0000000731600000, 0x0000000731800000, 0x0000000731800000|100%| E|  |TAMS 0x0000000731600000, 0x0000000731600000| Complete 
| 135|0x0000000731800000, 0x0000000731a00000, 0x0000000731a00000|100%| E|CS|TAMS 0x0000000731800000, 0x0000000731800000| Complete 
| 136|0x0000000731a00000, 0x0000000731c00000, 0x0000000731c00000|100%| E|CS|TAMS 0x0000000731a00000, 0x0000000731a00000| Complete 
| 137|0x0000000731c00000, 0x0000000731e00000, 0x0000000731e00000|100%| E|CS|TAMS 0x0000000731c00000, 0x0000000731c00000| Complete 
| 138|0x0000000731e00000, 0x0000000732000000, 0x0000000732000000|100%| E|CS|TAMS 0x0000000731e00000, 0x0000000731e00000| Complete 
| 139|0x0000000732000000, 0x0000000732200000, 0x0000000732200000|100%| E|CS|TAMS 0x0000000732000000, 0x0000000732000000| Complete 
| 140|0x0000000732200000, 0x0000000732400000, 0x0000000732400000|100%| E|CS|TAMS 0x0000000732200000, 0x0000000732200000| Complete 
| 141|0x0000000732400000, 0x0000000732600000, 0x0000000732600000|100%| E|CS|TAMS 0x0000000732400000, 0x0000000732400000| Complete 
| 142|0x0000000732600000, 0x0000000732800000, 0x0000000732800000|100%| E|CS|TAMS 0x0000000732600000, 0x0000000732600000| Complete 
| 143|0x0000000732800000, 0x0000000732a00000, 0x0000000732a00000|100%| E|CS|TAMS 0x0000000732800000, 0x0000000732800000| Complete 
| 144|0x0000000732a00000, 0x0000000732c00000, 0x0000000732c00000|100%| E|CS|TAMS 0x0000000732a00000, 0x0000000732a00000| Complete 
| 145|0x0000000732c00000, 0x0000000732e00000, 0x0000000732e00000|100%| E|CS|TAMS 0x0000000732c00000, 0x0000000732c00000| Complete 
| 146|0x0000000732e00000, 0x0000000733000000, 0x0000000733000000|100%| E|CS|TAMS 0x0000000732e00000, 0x0000000732e00000| Complete 
| 147|0x0000000733000000, 0x0000000733200000, 0x0000000733200000|100%| E|CS|TAMS 0x0000000733000000, 0x0000000733000000| Complete 
| 148|0x0000000733200000, 0x0000000733400000, 0x0000000733400000|100%| E|CS|TAMS 0x0000000733200000, 0x0000000733200000| Complete 
| 149|0x0000000733400000, 0x0000000733600000, 0x0000000733600000|100%| E|CS|TAMS 0x0000000733400000, 0x0000000733400000| Complete 
| 150|0x0000000733600000, 0x0000000733800000, 0x0000000733800000|100%| E|CS|TAMS 0x0000000733600000, 0x0000000733600000| Complete 
| 151|0x0000000733800000, 0x0000000733a00000, 0x0000000733a00000|100%| E|CS|TAMS 0x0000000733800000, 0x0000000733800000| Complete 
| 152|0x0000000733a00000, 0x0000000733c00000, 0x0000000733c00000|100%| E|CS|TAMS 0x0000000733a00000, 0x0000000733a00000| Complete 
| 153|0x0000000733c00000, 0x0000000733e00000, 0x0000000733e00000|100%| E|CS|TAMS 0x0000000733c00000, 0x0000000733c00000| Complete 
| 154|0x0000000733e00000, 0x0000000734000000, 0x0000000734000000|100%| E|CS|TAMS 0x0000000733e00000, 0x0000000733e00000| Complete 
| 155|0x0000000734000000, 0x0000000734200000, 0x0000000734200000|100%| E|CS|TAMS 0x0000000734000000, 0x0000000734000000| Complete 
| 156|0x0000000734200000, 0x0000000734400000, 0x0000000734400000|100%| E|CS|TAMS 0x0000000734200000, 0x0000000734200000| Complete 
| 157|0x0000000734400000, 0x0000000734600000, 0x0000000734600000|100%| E|CS|TAMS 0x0000000734400000, 0x0000000734400000| Complete 
| 158|0x0000000734600000, 0x0000000734800000, 0x0000000734800000|100%| E|CS|TAMS 0x0000000734600000, 0x0000000734600000| Complete 
| 159|0x0000000734800000, 0x0000000734a00000, 0x0000000734a00000|100%| E|CS|TAMS 0x0000000734800000, 0x0000000734800000| Complete 
| 160|0x0000000734a00000, 0x0000000734c00000, 0x0000000734c00000|100%| E|CS|TAMS 0x0000000734a00000, 0x0000000734a00000| Complete 
| 161|0x0000000734c00000, 0x0000000734e00000, 0x0000000734e00000|100%| E|CS|TAMS 0x0000000734c00000, 0x0000000734c00000| Complete 
| 162|0x0000000734e00000, 0x0000000735000000, 0x0000000735000000|100%| E|CS|TAMS 0x0000000734e00000, 0x0000000734e00000| Complete 
| 163|0x0000000735000000, 0x0000000735200000, 0x0000000735200000|100%| E|CS|TAMS 0x0000000735000000, 0x0000000735000000| Complete 
| 164|0x0000000735200000, 0x0000000735400000, 0x0000000735400000|100%| E|CS|TAMS 0x0000000735200000, 0x0000000735200000| Complete 
| 165|0x0000000735400000, 0x0000000735600000, 0x0000000735600000|100%| E|CS|TAMS 0x0000000735400000, 0x0000000735400000| Complete 
| 166|0x0000000735600000, 0x0000000735800000, 0x0000000735800000|100%| E|CS|TAMS 0x0000000735600000, 0x0000000735600000| Complete 
| 167|0x0000000735800000, 0x0000000735a00000, 0x0000000735a00000|100%| E|CS|TAMS 0x0000000735800000, 0x0000000735800000| Complete 
| 168|0x0000000735a00000, 0x0000000735c00000, 0x0000000735c00000|100%| E|CS|TAMS 0x0000000735a00000, 0x0000000735a00000| Complete 
| 169|0x0000000735c00000, 0x0000000735e00000, 0x0000000735e00000|100%| E|CS|TAMS 0x0000000735c00000, 0x0000000735c00000| Complete 
| 170|0x0000000735e00000, 0x0000000736000000, 0x0000000736000000|100%| E|CS|TAMS 0x0000000735e00000, 0x0000000735e00000| Complete 
| 171|0x0000000736000000, 0x0000000736200000, 0x0000000736200000|100%| E|CS|TAMS 0x0000000736000000, 0x0000000736000000| Complete 
| 172|0x0000000736200000, 0x0000000736400000, 0x0000000736400000|100%| E|CS|TAMS 0x0000000736200000, 0x0000000736200000| Complete 
| 173|0x0000000736400000, 0x0000000736600000, 0x0000000736600000|100%| E|CS|TAMS 0x0000000736400000, 0x0000000736400000| Complete 
| 174|0x0000000736600000, 0x0000000736800000, 0x0000000736800000|100%| E|CS|TAMS 0x0000000736600000, 0x0000000736600000| Complete 
| 175|0x0000000736800000, 0x0000000736a00000, 0x0000000736a00000|100%| E|CS|TAMS 0x0000000736800000, 0x0000000736800000| Complete 
| 176|0x0000000736a00000, 0x0000000736c00000, 0x0000000736c00000|100%| E|CS|TAMS 0x0000000736a00000, 0x0000000736a00000| Complete 
| 177|0x0000000736c00000, 0x0000000736e00000, 0x0000000736e00000|100%| E|CS|TAMS 0x0000000736c00000, 0x0000000736c00000| Complete 
| 178|0x0000000736e00000, 0x0000000737000000, 0x0000000737000000|100%| E|CS|TAMS 0x0000000736e00000, 0x0000000736e00000| Complete 
| 179|0x0000000737000000, 0x0000000737200000, 0x0000000737200000|100%| E|CS|TAMS 0x0000000737000000, 0x0000000737000000| Complete 
| 180|0x0000000737200000, 0x0000000737400000, 0x0000000737400000|100%| E|CS|TAMS 0x0000000737200000, 0x0000000737200000| Complete 
| 181|0x0000000737400000, 0x0000000737600000, 0x0000000737600000|100%| E|CS|TAMS 0x0000000737400000, 0x0000000737400000| Complete 
| 182|0x0000000737600000, 0x0000000737800000, 0x0000000737800000|100%| E|CS|TAMS 0x0000000737600000, 0x0000000737600000| Complete 
| 183|0x0000000737800000, 0x0000000737a00000, 0x0000000737a00000|100%| E|CS|TAMS 0x0000000737800000, 0x0000000737800000| Complete 
| 184|0x0000000737a00000, 0x0000000737c00000, 0x0000000737c00000|100%| E|CS|TAMS 0x0000000737a00000, 0x0000000737a00000| Complete 
| 185|0x0000000737c00000, 0x0000000737e00000, 0x0000000737e00000|100%| E|CS|TAMS 0x0000000737c00000, 0x0000000737c00000| Complete 
| 186|0x0000000737e00000, 0x0000000738000000, 0x0000000738000000|100%| E|CS|TAMS 0x0000000737e00000, 0x0000000737e00000| Complete 
| 187|0x0000000738000000, 0x0000000738200000, 0x0000000738200000|100%| E|CS|TAMS 0x0000000738000000, 0x0000000738000000| Complete 
| 188|0x0000000738200000, 0x0000000738400000, 0x0000000738400000|100%| E|CS|TAMS 0x0000000738200000, 0x0000000738200000| Complete 
| 189|0x0000000738400000, 0x0000000738600000, 0x0000000738600000|100%| E|CS|TAMS 0x0000000738400000, 0x0000000738400000| Complete 
| 190|0x0000000738600000, 0x0000000738800000, 0x0000000738800000|100%| E|CS|TAMS 0x0000000738600000, 0x0000000738600000| Complete 
| 191|0x0000000738800000, 0x0000000738a00000, 0x0000000738a00000|100%| E|CS|TAMS 0x0000000738800000, 0x0000000738800000| Complete 
| 192|0x0000000738a00000, 0x0000000738c00000, 0x0000000738c00000|100%| E|CS|TAMS 0x0000000738a00000, 0x0000000738a00000| Complete 
| 193|0x0000000738c00000, 0x0000000738e00000, 0x0000000738e00000|100%| E|CS|TAMS 0x0000000738c00000, 0x0000000738c00000| Complete 
| 194|0x0000000738e00000, 0x0000000739000000, 0x0000000739000000|100%| E|CS|TAMS 0x0000000738e00000, 0x0000000738e00000| Complete 
| 195|0x0000000739000000, 0x0000000739200000, 0x0000000739200000|100%| E|CS|TAMS 0x0000000739000000, 0x0000000739000000| Complete 
| 196|0x0000000739200000, 0x0000000739400000, 0x0000000739400000|100%| E|CS|TAMS 0x0000000739200000, 0x0000000739200000| Complete 
| 197|0x0000000739400000, 0x0000000739600000, 0x0000000739600000|100%| E|CS|TAMS 0x0000000739400000, 0x0000000739400000| Complete 
| 198|0x0000000739600000, 0x0000000739800000, 0x0000000739800000|100%| E|CS|TAMS 0x0000000739600000, 0x0000000739600000| Complete 
| 199|0x0000000739800000, 0x0000000739a00000, 0x0000000739a00000|100%| E|CS|TAMS 0x0000000739800000, 0x0000000739800000| Complete 
| 200|0x0000000739a00000, 0x0000000739c00000, 0x0000000739c00000|100%| E|CS|TAMS 0x0000000739a00000, 0x0000000739a00000| Complete 
| 201|0x0000000739c00000, 0x0000000739e00000, 0x0000000739e00000|100%| E|CS|TAMS 0x0000000739c00000, 0x0000000739c00000| Complete 
| 202|0x0000000739e00000, 0x000000073a000000, 0x000000073a000000|100%| E|CS|TAMS 0x0000000739e00000, 0x0000000739e00000| Complete 
| 203|0x000000073a000000, 0x000000073a200000, 0x000000073a200000|100%| E|CS|TAMS 0x000000073a000000, 0x000000073a000000| Complete 

Card table byte_map: [0x0000016500930000,0x0000016501030000] _byte_map_base: 0x00000164fd02b000

Marking Bits (Prev, Next): (CMBitMap*) 0x0000016569410180, (CMBitMap*) 0x0000016569410140
 Prev Bits: [0x0000016504f10000, 0x00000165086e8000)
 Next Bits: [0x0000016501730000, 0x0000016504f08000)

Polling page: 0x0000016568b50000

Metaspace:

Usage:
  Non-class:     54.32 MB used.
      Class:      9.72 MB used.
       Both:     64.04 MB used.

Virtual space:
  Non-class space:       56.00 MB reserved,      55.00 MB ( 98%) committed,  7 nodes.
      Class space:        1.00 GB reserved,      10.19 MB ( <1%) committed,  1 nodes.
             Both:        1.05 GB reserved,      65.19 MB (  6%) committed. 

Chunk freelists:
   Non-Class:  1018.00 KB
       Class:  1.81 MB
        Both:  2.81 MB

MaxMetaspaceSize: unlimited
CompressedClassSpaceSize: 1.00 GB
Initial GC threshold: 21.00 MB
Current GC threshold: 96.69 MB
CDS: on
MetaspaceReclaimPolicy: balanced
 - commit_granule_bytes: 65536.
 - commit_granule_words: 8192.
 - virtual_space_node_default_size: 1048576.
 - enlarge_chunks_in_place: 1.
 - new_chunks_are_fully_committed: 0.
 - uncommit_free_chunks: 1.
 - use_allocation_guard: 0.
 - handle_deallocations: 1.


Internal statistics:

num_allocs_failed_limit: 6.
num_arena_births: 1718.
num_arena_deaths: 0.
num_vsnodes_births: 8.
num_vsnodes_deaths: 0.
num_space_committed: 1040.
num_space_uncommitted: 0.
num_chunks_returned_to_freelist: 6.
num_chunks_taken_from_freelist: 4463.
num_chunk_merges: 6.
num_chunk_splits: 2870.
num_chunks_enlarged: 1912.
num_purges: 0.
num_inconsistent_stats: 0.

CodeHeap 'non-profiled nmethods': size=120000Kb used=6456Kb max_used=6456Kb free=113543Kb
 bounds [0x0000016578940000, 0x0000016578f90000, 0x000001657fe70000]
CodeHeap 'profiled nmethods': size=120000Kb used=11751Kb max_used=12986Kb free=108248Kb
 bounds [0x0000016571410000, 0x00000165720c0000, 0x0000016578940000]
CodeHeap 'non-nmethods': size=5760Kb used=1957Kb max_used=2017Kb free=3803Kb
 bounds [0x0000016570e70000, 0x00000165710e0000, 0x0000016571410000]
 total_blobs=8761 nmethods=7283 adapters=1389
 compilation: enabled
              stopped_count=0, restarted_count=0
 full_count=0

Compilation events (20 events):
Event: 16.016 Thread 0x000001650b169c90 nmethod 9727 0x0000016571dcd910 code [0x0000016571dcdac0, 0x0000016571dcdc68]
Event: 16.018 Thread 0x000001650b169c90 9729       3       org.objectweb.asm.SymbolTable::<init> (41 bytes)
Event: 16.018 Thread 0x000001650b169c90 nmethod 9729 0x0000016571ded610 code [0x0000016571ded7e0, 0x0000016571dedd78]
Event: 16.018 Thread 0x000001650b169c90 9730       3       org.objectweb.asm.ClassWriter::visit (160 bytes)
Event: 16.019 Thread 0x000001650b169c90 nmethod 9730 0x0000016571e20090 code [0x0000016571e202c0, 0x0000016571e20b38]
Event: 16.019 Thread 0x000001650b169c90 9731       3       org.objectweb.asm.SymbolTable::setMajorVersionAndClassName (19 bytes)
Event: 16.019 Thread 0x000001650b169c90 nmethod 9731 0x0000016571e05010 code [0x0000016571e051c0, 0x0000016571e053c8]
Event: 16.032 Thread 0x000001650b166280 9734       4       org.objectweb.asm.MethodWriter::visitLdcInsn (215 bytes)
Event: 16.033 Thread 0x000001650b169c90 9735       3       sun.misc.Unsafe::getInt (9 bytes)
Event: 16.033 Thread 0x000001650b169c90 nmethod 9735 0x000001657208e190 code [0x000001657208e320, 0x000001657208e438]
Event: 16.033 Thread 0x000001650b169c90 9736       3       org.lwjgl.system.CustomBuffer::address (19 bytes)
Event: 16.033 Thread 0x000001650b169c90 nmethod 9736 0x0000016571ded010 code [0x0000016571ded1c0, 0x0000016571ded428]
Event: 16.033 Thread 0x000001650b169c90 9737       3       org.lwjgl.system.StructBuffer::sizeof (8 bytes)
Event: 16.033 Thread 0x000001650b169c90 nmethod 9737 0x0000016571d84e10 code [0x0000016571d84fc0, 0x0000016571d85218]
Event: 16.052 Thread 0x000001650b166280 nmethod 9734 0x0000016578f77810 code [0x0000016578f77a00, 0x0000016578f78c58]
Event: 16.053 Thread 0x000001650b166280 9741       4       java.util.concurrent.ConcurrentHashMap$BaseIterator::hasNext (13 bytes)
Event: 16.053 Thread 0x000001650b166280 nmethod 9741 0x0000016578f79310 code [0x0000016578f79480, 0x0000016578f79518]
Event: 16.187 Thread 0x000001650b166280 9742       4       java.util.concurrent.ConcurrentHashMap$ValueIterator::next (34 bytes)
Event: 16.192 Thread 0x000001650b166280 nmethod 9742 0x0000016578f79610 code [0x0000016578f797a0, 0x0000016578f79bd8]
Event: 16.441 Thread 0x000001650bd0f840 nmethod 9714 0x0000016578f79e10 code [0x0000016578f7a700, 0x0000016578f85f28]

GC Heap History (20 events):
Event: 6.671 GC heap before
{Heap before GC invocations=13 (full 0):
 garbage-first heap   total 251904K, used 218904K [0x0000000720a00000, 0x0000000800000000)
  region size 2048K, 67 young (137216K), 2 survivors (4096K)
 Metaspace       used 29292K, committed 30080K, reserved 1081344K
  class space    used 3673K, committed 4032K, reserved 1048576K
}
Event: 6.678 GC heap after
{Heap after GC invocations=14 (full 0):
 garbage-first heap   total 251904K, used 88316K [0x0000000720a00000, 0x0000000800000000)
  region size 2048K, 3 young (6144K), 3 survivors (6144K)
 Metaspace       used 29292K, committed 30080K, reserved 1081344K
  class space    used 3673K, committed 4032K, reserved 1048576K
}
Event: 7.064 GC heap before
{Heap before GC invocations=14 (full 0):
 garbage-first heap   total 251904K, used 207100K [0x0000000720a00000, 0x0000000800000000)
  region size 2048K, 62 young (126976K), 3 survivors (6144K)
 Metaspace       used 31142K, committed 32000K, reserved 1081344K
  class space    used 3913K, committed 4288K, reserved 1048576K
}
Event: 7.072 GC heap after
{Heap after GC invocations=15 (full 0):
 garbage-first heap   total 251904K, used 90731K [0x0000000720a00000, 0x0000000800000000)
  region size 2048K, 4 young (8192K), 4 survivors (8192K)
 Metaspace       used 31142K, committed 32000K, reserved 1081344K
  class space    used 3913K, committed 4288K, reserved 1048576K
}
Event: 9.186 GC heap before
{Heap before GC invocations=15 (full 0):
 garbage-first heap   total 251904K, used 207467K [0x0000000720a00000, 0x0000000800000000)
  region size 2048K, 62 young (126976K), 4 survivors (8192K)
 Metaspace       used 34445K, committed 35392K, reserved 1081344K
  class space    used 4271K, committed 4736K, reserved 1048576K
}
Event: 9.193 GC heap after
{Heap after GC invocations=16 (full 0):
 garbage-first heap   total 251904K, used 92724K [0x0000000720a00000, 0x0000000800000000)
  region size 2048K, 5 young (10240K), 5 survivors (10240K)
 Metaspace       used 34445K, committed 35392K, reserved 1081344K
  class space    used 4271K, committed 4736K, reserved 1048576K
}
Event: 9.308 GC heap before
{Heap before GC invocations=16 (full 0):
 garbage-first heap   total 251904K, used 98868K [0x0000000720a00000, 0x0000000800000000)
  region size 2048K, 10 young (20480K), 5 survivors (10240K)
 Metaspace       used 35190K, committed 36160K, reserved 1081344K
  class space    used 4385K, committed 4800K, reserved 1048576K
}
Event: 9.316 GC heap after
{Heap after GC invocations=17 (full 0):
 garbage-first heap   total 251904K, used 93156K [0x0000000720a00000, 0x0000000800000000)
  region size 2048K, 5 young (10240K), 5 survivors (10240K)
 Metaspace       used 35190K, committed 36160K, reserved 1081344K
  class space    used 4385K, committed 4800K, reserved 1048576K
}
Event: 10.514 GC heap before
{Heap before GC invocations=18 (full 0):
 garbage-first heap   total 251904K, used 209892K [0x0000000720a00000, 0x0000000800000000)
  region size 2048K, 63 young (129024K), 5 survivors (10240K)
 Metaspace       used 40725K, committed 41664K, reserved 1089536K
  class space    used 5383K, committed 5824K, reserved 1048576K
}
Event: 10.528 GC heap after
{Heap after GC invocations=19 (full 0):
 garbage-first heap   total 251904K, used 100208K [0x0000000720a00000, 0x0000000800000000)
  region size 2048K, 8 young (16384K), 8 survivors (16384K)
 Metaspace       used 40725K, committed 41664K, reserved 1089536K
  class space    used 5383K, committed 5824K, reserved 1048576K
}
Event: 10.935 GC heap before
{Heap before GC invocations=19 (full 0):
 garbage-first heap   total 251904K, used 206704K [0x0000000720a00000, 0x0000000800000000)
  region size 2048K, 60 young (122880K), 8 survivors (16384K)
 Metaspace       used 41731K, committed 42752K, reserved 1089536K
  class space    used 5542K, committed 6016K, reserved 1048576K
}
Event: 10.961 GC heap after
{Heap after GC invocations=20 (full 0):
 garbage-first heap   total 303104K, used 110322K [0x0000000720a00000, 0x0000000800000000)
  region size 2048K, 8 young (16384K), 8 survivors (16384K)
 Metaspace       used 41731K, committed 42752K, reserved 1089536K
  class space    used 5542K, committed 6016K, reserved 1048576K
}
Event: 11.271 GC heap before
{Heap before GC invocations=20 (full 0):
 garbage-first heap   total 303104K, used 245490K [0x0000000720a00000, 0x0000000800000000)
  region size 2048K, 74 young (151552K), 8 survivors (16384K)
 Metaspace       used 42243K, committed 43200K, reserved 1089536K
  class space    used 5618K, committed 6080K, reserved 1048576K
}
Event: 11.293 GC heap after
{Heap after GC invocations=21 (full 0):
 garbage-first heap   total 303104K, used 123917K [0x0000000720a00000, 0x0000000800000000)
  region size 2048K, 10 young (20480K), 10 survivors (20480K)
 Metaspace       used 42243K, committed 43200K, reserved 1089536K
  class space    used 5618K, committed 6080K, reserved 1048576K
}
Event: 12.234 GC heap before
{Heap before GC invocations=21 (full 0):
 garbage-first heap   total 303104K, used 244749K [0x0000000720a00000, 0x0000000800000000)
  region size 2048K, 69 young (141312K), 10 survivors (20480K)
 Metaspace       used 46905K, committed 47936K, reserved 1097728K
  class space    used 6315K, committed 6784K, reserved 1048576K
}
Event: 12.257 GC heap after
{Heap after GC invocations=22 (full 0):
 garbage-first heap   total 303104K, used 140341K [0x0000000720a00000, 0x0000000800000000)
  region size 2048K, 8 young (16384K), 8 survivors (16384K)
 Metaspace       used 46905K, committed 47936K, reserved 1097728K
  class space    used 6315K, committed 6784K, reserved 1048576K
}
Event: 13.378 GC heap before
{Heap before GC invocations=22 (full 0):
 garbage-first heap   total 303104K, used 242741K [0x0000000720a00000, 0x0000000800000000)
  region size 2048K, 58 young (118784K), 8 survivors (16384K)
 Metaspace       used 53710K, committed 54784K, reserved 1097728K
  class space    used 7896K, committed 8384K, reserved 1048576K
}
Event: 13.399 GC heap after
{Heap after GC invocations=23 (full 0):
 garbage-first heap   total 303104K, used 154359K [0x0000000720a00000, 0x0000000800000000)
  region size 2048K, 7 young (14336K), 7 survivors (14336K)
 Metaspace       used 53710K, committed 54784K, reserved 1097728K
  class space    used 7896K, committed 8384K, reserved 1048576K
}
Event: 14.187 GC heap before
{Heap before GC invocations=23 (full 0):
 garbage-first heap   total 303104K, used 244471K [0x0000000720a00000, 0x0000000800000000)
  region size 2048K, 51 young (104448K), 7 survivors (14336K)
 Metaspace       used 57335K, committed 58496K, reserved 1105920K
  class space    used 8552K, committed 9088K, reserved 1048576K
}
Event: 14.199 GC heap after
{Heap after GC invocations=24 (full 0):
 garbage-first heap   total 417792K, used 159820K [0x0000000720a00000, 0x0000000800000000)
  region size 2048K, 3 young (6144K), 3 survivors (6144K)
 Metaspace       used 57335K, committed 58496K, reserved 1105920K
  class space    used 8552K, committed 9088K, reserved 1048576K
}

Dll operation events (11 events):
Event: 0.009 Loaded shared library C:\Users\yangj\Desktop\MCreator20231\jdk\bin\java.dll
Event: 0.017 Loaded shared library C:\Users\yangj\Desktop\MCreator20231\jdk\bin\jsvml.dll
Event: 0.147 Loaded shared library C:\Users\yangj\Desktop\MCreator20231\jdk\bin\net.dll
Event: 0.149 Loaded shared library C:\Users\yangj\Desktop\MCreator20231\jdk\bin\nio.dll
Event: 0.152 Loaded shared library C:\Users\yangj\Desktop\MCreator20231\jdk\bin\zip.dll
Event: 0.236 Loaded shared library C:\Users\yangj\Desktop\MCreator20231\jdk\bin\jimage.dll
Event: 0.586 Loaded shared library C:\Users\yangj\Desktop\MCreator20231\jdk\bin\verify.dll
Event: 2.777 Loaded shared library C:\Users\yangj\Desktop\MCreator20231\jdk\bin\management.dll
Event: 2.780 Loaded shared library C:\Users\yangj\Desktop\MCreator20231\jdk\bin\management_ext.dll
Event: 6.795 Loaded shared library C:\Users\yangj\AppData\Local\Temp\jna-114744777\jna11287273241741649819.dll
Event: 15.032 Loaded shared library C:\Users\yangj\AppData\Local\Temp\lwjglyangj\3.3.1-build-7\lwjgl.dll

Deoptimization events (20 events):
Event: 15.920 Thread 0x00000165693ace30 DEOPT PACKING pc=0x0000016578cc5a60 sp=0x00000003a47fc910
Event: 15.920 Thread 0x00000165693ace30 DEOPT UNPACKING pc=0x0000016570ec23a3 sp=0x00000003a47fc8a8 mode 2
Event: 15.921 Thread 0x00000165693ace30 DEOPT PACKING pc=0x0000016571f40594 sp=0x00000003a47fdd90
Event: 15.922 Thread 0x00000165693ace30 DEOPT UNPACKING pc=0x0000016570ec2b43 sp=0x00000003a47fd268 mode 0
Event: 15.924 Thread 0x00000165693ace30 Uncommon trap: trap_request=0xffffff45 fr.pc=0x0000016578f439ec relative=0x000000000000028c
Event: 15.924 Thread 0x00000165693ace30 Uncommon trap: reason=unstable_if action=reinterpret pc=0x0000016578f439ec method=com.google.gson.stream.JsonReader.doPeek()I @ 315 c2
Event: 15.924 Thread 0x00000165693ace30 DEOPT PACKING pc=0x0000016578f439ec sp=0x00000003a47fde60
Event: 15.924 Thread 0x00000165693ace30 DEOPT UNPACKING pc=0x0000016570ec23a3 sp=0x00000003a47fdde8 mode 2
Event: 15.924 Thread 0x00000165693ace30 Uncommon trap: trap_request=0xffffff45 fr.pc=0x0000016578f41f40 relative=0x00000000000000a0
Event: 15.924 Thread 0x00000165693ace30 Uncommon trap: reason=unstable_if action=reinterpret pc=0x0000016578f41f40 method=com.google.gson.stream.JsonReader.peek()Lcom/google/gson/stream/JsonToken; @ 15 c2
Event: 15.924 Thread 0x00000165693ace30 DEOPT PACKING pc=0x0000016578f41f40 sp=0x00000003a47fdea0
Event: 15.924 Thread 0x00000165693ace30 DEOPT UNPACKING pc=0x0000016570ec23a3 sp=0x00000003a47fde38 mode 2
Event: 15.924 Thread 0x00000165693ace30 Uncommon trap: trap_request=0xffffff45 fr.pc=0x0000016578f5c8cc relative=0x0000000000005c2c
Event: 15.924 Thread 0x00000165693ace30 Uncommon trap: reason=unstable_if action=reinterpret pc=0x0000016578f5c8cc method=com.google.gson.stream.JsonReader.peek()Lcom/google/gson/stream/JsonToken; @ 6 c2
Event: 15.924 Thread 0x00000165693ace30 DEOPT PACKING pc=0x0000016578f5c8cc sp=0x00000003a47fdda0
Event: 15.924 Thread 0x00000165693ace30 DEOPT UNPACKING pc=0x0000016570ec23a3 sp=0x00000003a47fdd48 mode 2
Event: 15.947 Thread 0x00000165693ace30 Uncommon trap: trap_request=0xffffff45 fr.pc=0x0000016578d65a84 relative=0x0000000000000164
Event: 15.947 Thread 0x00000165693ace30 Uncommon trap: reason=unstable_if action=reinterpret pc=0x0000016578d65a84 method=cpw.mods.niofs.union.UnionFileSystem.getPath(Ljava/lang/String;[Ljava/lang/String;)Ljava/nio/file/Path; @ 2 c2
Event: 15.947 Thread 0x00000165693ace30 DEOPT PACKING pc=0x0000016578d65a84 sp=0x00000003a47faea0
Event: 15.947 Thread 0x00000165693ace30 DEOPT UNPACKING pc=0x0000016570ec23a3 sp=0x00000003a47fae30 mode 2

Classes unloaded (0 events):
No events

Classes redefined (0 events):
No events

Internal exceptions (20 events):
Event: 15.488 Thread 0x00000165693ace30 Exception <a 'java/lang/NoSuchMethodError'{0x0000000733199208}: 'int java.lang.invoke.DirectMethodHandle$Holder.invokeStaticInit(java.lang.Object)'> (0x0000000733199208) 
thrown [s\src\hotspot\share\interpreter\linkResolver.cpp, line 759]
Event: 15.491 Thread 0x00000165693ace30 Exception <a 'java/lang/NoSuchMethodError'{0x00000007331a05f0}: 'int java.lang.invoke.Invokers$Holder.invokeExact_MT(java.lang.Object, java.lang.Object)'> (0x00000007331a05f0) 
thrown [s\src\hotspot\share\interpreter\linkResolver.cpp, line 759]
Event: 15.494 Thread 0x00000165693ace30 Exception <a 'sun/nio/fs/WindowsException'{0x0000000732e02e90}> (0x0000000732e02e90) 
thrown [s\src\hotspot\share\prims\jni.cpp, line 516]
Event: 15.494 Thread 0x00000165693ace30 Exception <a 'sun/nio/fs/WindowsException'{0x0000000732e03158}> (0x0000000732e03158) 
thrown [s\src\hotspot\share\prims\jni.cpp, line 516]
Event: 15.494 Thread 0x00000165693ace30 Exception <a 'sun/nio/fs/WindowsException'{0x0000000732e040b0}> (0x0000000732e040b0) 
thrown [s\src\hotspot\share\prims\jni.cpp, line 516]
Event: 15.496 Thread 0x00000165693ace30 Exception <a 'sun/nio/fs/WindowsException'{0x0000000732e64a40}> (0x0000000732e64a40) 
thrown [s\src\hotspot\share\prims\jni.cpp, line 516]
Event: 15.541 Thread 0x00000165693ace30 Exception <a 'sun/nio/fs/WindowsException'{0x0000000732e677c0}> (0x0000000732e677c0) 
thrown [s\src\hotspot\share\prims\jni.cpp, line 516]
Event: 15.541 Thread 0x00000165693ace30 Exception <a 'sun/nio/fs/WindowsException'{0x0000000732e67b20}> (0x0000000732e67b20) 
thrown [s\src\hotspot\share\prims\jni.cpp, line 516]
Event: 15.551 Thread 0x00000165693ace30 Exception <a 'java/lang/NoSuchMethodError'{0x0000000732f54fb0}: 'java.lang.Object java.lang.invoke.DirectMethodHandle$Holder.invokeInterface(java.lang.Object, java.lang.Object, double)'> (0x0000000732f54fb0) 
thrown [s\src\hotspot\share\interpreter\linkResolver.cpp, line 759]
Event: 15.552 Thread 0x00000165693ace30 Exception <a 'java/lang/NoSuchMethodError'{0x0000000732f5b7f8}: 'double java.lang.invoke.DirectMethodHandle$Holder.invokeInterface(java.lang.Object, java.lang.Object, java.lang.Object)'> (0x0000000732f5b7f8) 
thrown [s\src\hotspot\share\interpreter\linkResolver.cpp, line 759]
Event: 15.723 Thread 0x00000165693ace30 Exception <a 'java/lang/NoSuchMethodError'{0x00000007322a5d90}: 'java.lang.Object java.lang.invoke.DirectMethodHandle$Holder.newInvokeSpecial(java.lang.Object, java.lang.Object, java.lang.Object, java.lang.Object, java.lang.Object, java.lang.Object, java.lang.Object, java.lang.Object, java.lang.Object, java.lang.Object)'> (0x00000007322a5d90) 
thrown [s\src\hotspot\share\interpreter\linkResolver.cpp, line 759]
Event: 15.723 Thread 0x00000165693ace30 Exception <a 'java/lang/NoSuchMethodError'{0x00000007322aa5a0}: 'java.lang.Object java.lang.invoke.Invokers$Holder.linkToTargetMethod(java.lang.Object, java.lang.Object, java.lang.Object, java.lang.Object, java.lang.Object, java.lang.Object, java.lang.Object, java.lang.Object, java.lang.Object, java.lang.Object)'> (0x00000007322aa5a0) 
thrown [s\src\hotspot\share\interpreter\linkResolver.cpp, line 759]
Event: 15.818 Thread 0x00000165693ace30 Exception <a 'java/lang/NoSuchMethodError'{0x0000000731c1d040}: 'java.lang.Object java.lang.invoke.Invokers$Holder.linkToTargetMethod(java.lang.Object, java.lang.Object, java.lang.Object, java.lang.Object, java.lang.Object, java.lang.Object, java.lang.Object, java.lang.Object, java.lang.Object)'> (0x0000000731c1d040) 
thrown [s\src\hotspot\share\interpreter\linkResolver.cpp, line 759]
Event: 15.896 Thread 0x00000165693ace30 Exception <a 'java/lang/NoSuchMethodError'{0x00000007318e99f8}: 'java.lang.Object java.lang.invoke.DirectMethodHandle$Holder.invokeSpecial(java.lang.Object, java.lang.Object, java.lang.Object, java.lang.Object, java.lang.Object, int, java.lang.Object)'> (0x00000007318e99f8) 
thrown [s\src\hotspot\share\interpreter\linkResolver.cpp, line 759]
Event: 15.896 Thread 0x00000165693ace30 Exception <a 'java/lang/NoSuchMethodError'{0x00000007318f2080}: 'java.lang.Object java.lang.invoke.DirectMethodHandle$Holder.invokeSpecial(java.lang.Object, java.lang.Object, java.lang.Object, java.lang.Object, java.lang.Object, java.lang.Object, int)'> (0x00000007318f2080) 
thrown [s\src\hotspot\share\interpreter\linkResolver.cpp, line 759]
Event: 15.896 Thread 0x00000165693ace30 Exception <a 'java/lang/NoSuchMethodError'{0x00000007318f5960}: 'java.lang.Object java.lang.invoke.Invokers$Holder.linkToTargetMethod(java.lang.Object, java.lang.Object, java.lang.Object, java.lang.Object, int, java.lang.Object)'> (0x00000007318f5960) 
thrown [s\src\hotspot\share\interpreter\linkResolver.cpp, line 759]
Event: 16.016 Thread 0x00000165693ace30 Exception <a 'java/lang/NoSuchMethodError'{0x00000007312739d8}: 'long java.lang.invoke.DirectMethodHandle$Holder.invokeInterface(java.lang.Object, java.lang.Object)'> (0x00000007312739d8) 
thrown [s\src\hotspot\share\interpreter\linkResolver.cpp, line 759]
Event: 16.020 Thread 0x00000165693ace30 Exception <a 'java/lang/NoSuchMethodError'{0x00000007312df800}: 'java.lang.Object java.lang.invoke.DirectMethodHandle$Holder.newInvokeSpecial(java.lang.Object, long)'> (0x00000007312df800) 
thrown [s\src\hotspot\share\interpreter\linkResolver.cpp, line 759]
Event: 16.036 Thread 0x00000165693ace30 Exception <a 'java/lang/NoSuchMethodError'{0x0000000731396e18}: 'void java.lang.invoke.DirectMethodHandle$Holder.invokeSpecial(java.lang.Object, java.lang.Object, int, long)'> (0x0000000731396e18) 
thrown [s\src\hotspot\share\interpreter\linkResolver.cpp, line 759]
Event: 16.036 Thread 0x00000165693ace30 Exception <a 'java/lang/NoSuchMethodError'{0x000000073139cd90}: 'void java.lang.invoke.DirectMethodHandle$Holder.invokeStatic(java.lang.Object, int, long)'> (0x000000073139cd90) 
thrown [s\src\hotspot\share\interpreter\linkResolver.cpp, line 759]

VM Operations (20 events):
Event: 13.887 Executing VM operation: HandshakeAllThreads
Event: 13.887 Executing VM operation: HandshakeAllThreads done
Event: 14.015 Executing VM operation: ICBufferFull
Event: 14.015 Executing VM operation: ICBufferFull done
Event: 14.095 Executing VM operation: HandshakeAllThreads
Event: 14.095 Executing VM operation: HandshakeAllThreads done
Event: 14.112 Executing VM operation: HandshakeAllThreads
Event: 14.112 Executing VM operation: HandshakeAllThreads done
Event: 14.150 Executing VM operation: HandshakeAllThreads
Event: 14.150 Executing VM operation: HandshakeAllThreads done
Event: 14.187 Executing VM operation: G1CollectForAllocation
Event: 14.199 Executing VM operation: G1CollectForAllocation done
Event: 14.308 Executing VM operation: G1Concurrent
Event: 14.312 Executing VM operation: G1Concurrent done
Event: 14.380 Executing VM operation: G1Concurrent
Event: 14.380 Executing VM operation: G1Concurrent done
Event: 15.390 Executing VM operation: Cleanup
Event: 15.391 Executing VM operation: Cleanup done
Event: 15.895 Executing VM operation: HandshakeAllThreads
Event: 15.895 Executing VM operation: HandshakeAllThreads done

Events (20 events):
Event: 15.036 loading class java/nio/DirectFloatBufferU done
Event: 15.036 loading class java/nio/DirectDoubleBufferU
Event: 15.036 loading class java/nio/DirectDoubleBufferU done
Event: 15.093 loading class java/nio/InvalidMarkException
Event: 15.094 loading class java/nio/InvalidMarkException done
Event: 15.094 loading class java/nio/BufferUnderflowException
Event: 15.094 loading class java/nio/BufferUnderflowException done
Event: 15.255 loading class java/util/function/IntSupplier
Event: 15.255 loading class java/util/function/IntSupplier done
Event: 15.337 loading class java/io/CharArrayWriter
Event: 15.337 loading class java/io/CharArrayWriter done
Event: 15.489 loading class java/lang/invoke/DirectMethodHandle$StaticAccessor
Event: 15.490 loading class java/lang/invoke/DirectMethodHandle$StaticAccessor done
Event: 15.548 loading class java/util/function/DoubleFunction
Event: 15.548 loading class java/util/function/DoubleFunction done
Event: 15.869 Thread 0x000001651347a610 Thread exited: 0x000001651347a610
Event: 15.931 loading class java/util/EnumMap$Values
Event: 15.931 loading class java/util/EnumMap$Values done
Event: 15.931 loading class java/util/EnumMap$ValueIterator
Event: 15.931 loading class java/util/EnumMap$ValueIterator done


Dynamic libraries:
0x00007ff7addb0000 - 0x00007ff7addbe000 	C:\Users\yangj\Desktop\MCreator20231\jdk\bin\java.exe
0x00007ffe3d910000 - 0x00007ffe3db24000 	C:\WINDOWS\SYSTEM32\ntdll.dll
0x00007ffe3c930000 - 0x00007ffe3c9f3000 	C:\WINDOWS\System32\KERNEL32.DLL
0x00007ffe3ae80000 - 0x00007ffe3b21c000 	C:\WINDOWS\System32\KERNELBASE.dll
0x00007ffe3b3f0000 - 0x00007ffe3b501000 	C:\WINDOWS\System32\ucrtbase.dll
0x00007ffe20650000 - 0x00007ffe20667000 	C:\Users\yangj\Desktop\MCreator20231\jdk\bin\jli.dll
0x00007ffe236a0000 - 0x00007ffe236b9000 	C:\Users\yangj\Desktop\MCreator20231\jdk\bin\VCRUNTIME140.dll
0x00007ffe3cbb0000 - 0x00007ffe3cd5d000 	C:\WINDOWS\System32\USER32.dll
0x00007ffe3b340000 - 0x00007ffe3b366000 	C:\WINDOWS\System32\win32u.dll
0x00007ffe1e060000 - 0x00007ffe1e2ee000 	C:\WINDOWS\WinSxS\amd64_microsoft.windows.common-controls_6595b64144ccf1df_6.0.22621.608_none_a9444ca7c10bb01d\COMCTL32.dll
0x00007ffe3ba80000 - 0x00007ffe3baa9000 	C:\WINDOWS\System32\GDI32.dll
0x00007ffe3c810000 - 0x00007ffe3c8b7000 	C:\WINDOWS\System32\msvcrt.dll
0x00007ffe3b220000 - 0x00007ffe3b333000 	C:\WINDOWS\System32\gdi32full.dll
0x00007ffe3b680000 - 0x00007ffe3b71a000 	C:\WINDOWS\System32\msvcp_win.dll
0x00007ffe3d790000 - 0x00007ffe3d7c1000 	C:\WINDOWS\System32\IMM32.DLL
0x00007ffe23330000 - 0x00007ffe2333c000 	C:\Users\yangj\Desktop\MCreator20231\jdk\bin\vcruntime140_1.dll
0x00007ffdfc080000 - 0x00007ffdfc111000 	C:\Users\yangj\Desktop\MCreator20231\jdk\bin\msvcp140.dll
0x00007ffdf01e0000 - 0x00007ffdf0e24000 	C:\Users\yangj\Desktop\MCreator20231\jdk\bin\server\jvm.dll
0x00007ffe3c3a0000 - 0x00007ffe3c44e000 	C:\WINDOWS\System32\ADVAPI32.dll
0x00007ffe3b9d0000 - 0x00007ffe3ba74000 	C:\WINDOWS\System32\sechost.dll
0x00007ffe3ca00000 - 0x00007ffe3cb15000 	C:\WINDOWS\System32\RPCRT4.dll
0x00007ffe319a0000 - 0x00007ffe319d4000 	C:\WINDOWS\SYSTEM32\WINMM.dll
0x00007ffe20640000 - 0x00007ffe20649000 	C:\WINDOWS\SYSTEM32\WSOCK32.dll
0x00007ffe31f90000 - 0x00007ffe31f9a000 	C:\WINDOWS\SYSTEM32\VERSION.dll
0x00007ffe3cd90000 - 0x00007ffe3ce01000 	C:\WINDOWS\System32\WS2_32.dll
0x00007ffe39d80000 - 0x00007ffe39d98000 	C:\WINDOWS\SYSTEM32\kernel.appcore.dll
0x00007ffe12470000 - 0x00007ffe1247a000 	C:\Users\yangj\Desktop\MCreator20231\jdk\bin\jimage.dll
0x00007ffe32dd0000 - 0x00007ffe32ffe000 	C:\WINDOWS\SYSTEM32\DBGHELP.DLL
0x00007ffe3c450000 - 0x00007ffe3c7d9000 	C:\WINDOWS\System32\combase.dll
0x00007ffe3b840000 - 0x00007ffe3b917000 	C:\WINDOWS\System32\OLEAUT32.dll
0x00007ffe283c0000 - 0x00007ffe283f2000 	C:\WINDOWS\SYSTEM32\dbgcore.DLL
0x00007ffe3b370000 - 0x00007ffe3b3eb000 	C:\WINDOWS\System32\bcryptPrimitives.dll
0x00007ffe12440000 - 0x00007ffe12465000 	C:\Users\yangj\Desktop\MCreator20231\jdk\bin\java.dll
0x00007ffdf6ce0000 - 0x00007ffdf6db6000 	C:\Users\yangj\Desktop\MCreator20231\jdk\bin\jsvml.dll
0x00007ffe3bab0000 - 0x00007ffe3c2a0000 	C:\WINDOWS\System32\SHELL32.dll
0x00007ffe38d40000 - 0x00007ffe3960e000 	C:\WINDOWS\SYSTEM32\windows.storage.dll
0x00007ffe38c00000 - 0x00007ffe38d3e000 	C:\WINDOWS\SYSTEM32\wintypes.dll
0x00007ffe3c2a0000 - 0x00007ffe3c391000 	C:\WINDOWS\System32\SHCORE.dll
0x00007ffe3d050000 - 0x00007ffe3d0ae000 	C:\WINDOWS\System32\shlwapi.dll
0x00007ffe3ac80000 - 0x00007ffe3aca1000 	C:\WINDOWS\SYSTEM32\profapi.dll
0x00007ffe10110000 - 0x00007ffe10129000 	C:\Users\yangj\Desktop\MCreator20231\jdk\bin\net.dll
0x00007ffe34520000 - 0x00007ffe3464f000 	C:\WINDOWS\SYSTEM32\WINHTTP.dll
0x00007ffe3a1f0000 - 0x00007ffe3a259000 	C:\WINDOWS\system32\mswsock.dll
0x00007ffe100f0000 - 0x00007ffe10105000 	C:\Users\yangj\Desktop\MCreator20231\jdk\bin\nio.dll
0x00007ffe100d0000 - 0x00007ffe100e8000 	C:\Users\yangj\Desktop\MCreator20231\jdk\bin\zip.dll
0x00007ffe0e9e0000 - 0x00007ffe0e9f0000 	C:\Users\yangj\Desktop\MCreator20231\jdk\bin\verify.dll
0x00007ffe12430000 - 0x00007ffe12439000 	C:\Users\yangj\Desktop\MCreator20231\jdk\bin\management.dll
0x00007ffe100c0000 - 0x00007ffe100cb000 	C:\Users\yangj\Desktop\MCreator20231\jdk\bin\management_ext.dll
0x00007ffe3cd70000 - 0x00007ffe3cd78000 	C:\WINDOWS\System32\PSAPI.DLL
0x00007ffe100a0000 - 0x00007ffe100b7000 	C:\WINDOWS\system32\napinsp.dll
0x00007ffe0efb0000 - 0x00007ffe0efcb000 	C:\WINDOWS\system32\pnrpnsp.dll
0x00007ffe398d0000 - 0x00007ffe399c3000 	C:\WINDOWS\SYSTEM32\DNSAPI.dll
0x00007ffe39860000 - 0x00007ffe3988d000 	C:\WINDOWS\SYSTEM32\IPHLPAPI.DLL
0x00007ffe3cd60000 - 0x00007ffe3cd69000 	C:\WINDOWS\System32\NSI.dll
0x00007ffe0ef90000 - 0x00007ffe0efa1000 	C:\WINDOWS\System32\winrnr.dll
0x00007ffe34300000 - 0x00007ffe34315000 	C:\WINDOWS\system32\wshbth.dll
0x00007ffe23a60000 - 0x00007ffe23a81000 	C:\WINDOWS\system32\nlansp_c.dll
0x00007ffe30540000 - 0x00007ffe3054a000 	C:\Windows\System32\rasadhlp.dll
0x00007ffe32ae0000 - 0x00007ffe32b63000 	C:\WINDOWS\System32\fwpuclnt.dll
0x00007ffe3a460000 - 0x00007ffe3a47b000 	C:\WINDOWS\SYSTEM32\CRYPTSP.dll
0x00007ffe39cf0000 - 0x00007ffe39d25000 	C:\WINDOWS\system32\rsaenh.dll
0x00007ffe3a2f0000 - 0x00007ffe3a318000 	C:\WINDOWS\SYSTEM32\USERENV.dll
0x00007ffe3a630000 - 0x00007ffe3a658000 	C:\WINDOWS\SYSTEM32\bcrypt.dll
0x00007ffe3a450000 - 0x00007ffe3a45c000 	C:\WINDOWS\SYSTEM32\CRYPTBASE.dll
0x00007ffe33bc0000 - 0x00007ffe33bd9000 	C:\WINDOWS\SYSTEM32\dhcpcsvc6.DLL
0x00007ffe33ba0000 - 0x00007ffe33bbf000 	C:\WINDOWS\SYSTEM32\dhcpcsvc.DLL
0x00007ffe364f0000 - 0x00007ffe36535000 	C:\Users\yangj\AppData\Local\Temp\jna-114744777\jna11287273241741649819.dll
0x00007ffe3d5f0000 - 0x00007ffe3d78c000 	C:\WINDOWS\System32\Ole32.dll
0x00007ffe3b920000 - 0x00007ffe3b9d0000 	C:\WINDOWS\System32\clbcatq.dll
0x00007ffe22bb0000 - 0x00007ffe22bcd000 	C:\WINDOWS\SYSTEM32\amsi.dll
0x00007ffe21390000 - 0x00007ffe2140b000 	C:\ProgramData\Microsoft\Windows Defender\Platform\4.18.2301.6-0\MpOav.dll
0x00007ffe0eae0000 - 0x00007ffe0eb30000 	C:\WINDOWS\SYSTEM32\Pdh.dll
0x00007ffe38170000 - 0x00007ffe38180000 	C:\WINDOWS\System32\perfos.dll
0x00007ffe383f0000 - 0x00007ffe38400000 	C:\WINDOWS\SYSTEM32\pfclient.dll
0x00007ffe2f5b0000 - 0x00007ffe2f625000 	C:\Users\yangj\AppData\Local\Temp\lwjglyangj\3.3.1-build-7\lwjgl.dll
0x00007ffe2b250000 - 0x00007ffe2b4a9000 	C:\Users\yangj\AppData\Local\Temp\lwjglyangj\3.3.1-build-7\jemalloc.dll
0x00007ffe2f540000 - 0x00007ffe2f5a1000 	C:\Users\yangj\AppData\Local\Temp\lwjglyangj\3.3.1-build-7\glfw.dll
0x00007ffe2f4f0000 - 0x00007ffe2f536000 	C:\WINDOWS\SYSTEM32\dinput8.dll
0x00007ffe2c110000 - 0x00007ffe2c311000 	C:\WINDOWS\SYSTEM32\inputhost.dll
0x00007ffe37f30000 - 0x00007ffe38063000 	C:\WINDOWS\SYSTEM32\CoreMessaging.dll
0x00007ffe2f4d0000 - 0x00007ffe2f4e1000 	C:\WINDOWS\SYSTEM32\xinput1_4.dll
0x00007ffe3a920000 - 0x00007ffe3a94c000 	C:\WINDOWS\SYSTEM32\DEVOBJ.dll
0x00007ffe3a950000 - 0x00007ffe3a99e000 	C:\WINDOWS\SYSTEM32\cfgmgr32.dll
0x00007ffe385a0000 - 0x00007ffe385cb000 	C:\WINDOWS\SYSTEM32\dwmapi.dll
0x00007ffe38340000 - 0x00007ffe383eb000 	C:\WINDOWS\system32\uxtheme.dll
0x00007ffe3b720000 - 0x00007ffe3b83e000 	C:\WINDOWS\System32\MSCTF.dll
0x00007ffdf66a0000 - 0x00007ffdf67a0000 	C:\WINDOWS\SYSTEM32\opengl32.dll
0x00007ffdf5e10000 - 0x00007ffdf5e3d000 	C:\WINDOWS\SYSTEM32\GLU32.dll
0x00007ffe38450000 - 0x00007ffe38486000 	C:\WINDOWS\SYSTEM32\dxcore.dll
0x00007ffe351a0000 - 0x00007ffe351e9000 	C:\WINDOWS\SYSTEM32\directxdatabasehelper.dll
0x00007ffe2c770000 - 0x00007ffe2c79d000 	C:\WINDOWS\System32\DriverStore\FileRepository\u0387948.inf_amd64_849b4630364e9ceb\B387945\atig6pxx.dll
0x00007ffde4f20000 - 0x00007ffde8b55000 	C:\WINDOWS\System32\DriverStore\FileRepository\u0387948.inf_amd64_849b4630364e9ceb\B387945\atio6axx.dll
0x00007ffe3d170000 - 0x00007ffe3d5e4000 	C:\WINDOWS\System32\SETUPAPI.dll
0x00007ffe3ad50000 - 0x00007ffe3adbb000 	C:\WINDOWS\System32\WINTRUST.dll
0x00007ffe3b510000 - 0x00007ffe3b676000 	C:\WINDOWS\System32\CRYPT32.dll
0x00007ffe3a4b0000 - 0x00007ffe3a4c2000 	C:\WINDOWS\SYSTEM32\MSASN1.dll

dbghelp: loaded successfully - version: 4.0.5 - missing functions: none
symbol engine: initialized successfully - sym options: 0x614 - pdb path: .;C:\Users\yangj\Desktop\MCreator20231\jdk\bin;C:\WINDOWS\SYSTEM32;C:\WINDOWS\WinSxS\amd64_microsoft.windows.common-controls_6595b64144ccf1df_6.0.22621.608_none_a9444ca7c10bb01d;C:\Users\yangj\Desktop\MCreator20231\jdk\bin\server;C:\Users\yangj\AppData\Local\Temp\jna-114744777;C:\ProgramData\Microsoft\Windows Defender\Platform\4.18.2301.6-0;C:\Users\yangj\AppData\Local\Temp\lwjglyangj\3.3.1-build-7;C:\WINDOWS\System32\DriverStore\FileRepository\u0387948.inf_amd64_849b4630364e9ceb\B387945

VM Arguments:
jvm_args: -Dforge.enableGameTest=true -Dforge.logging.console.level=debug -Dforge.logging.markers=REGISTRIES -DignoreList=bootstraplauncher,securejarhandler,asm-commons,asm-util,asm-analysis,asm-tree,asm,JarJarFileSystems,client-extra,fmlcore,javafmllanguage,lowcodelanguage,mclanguage,forge- -Djava.net.preferIPv6Addresses=system -DlegacyClassPath.file=C:\Users\yangj\MCreatorWorkspaces\mixed_ore\build\classpath\runClient_minecraftClasspath.txt -DmergeModules=jna-5.10.0.jar,jna-platform-5.10.0.jar -Dos.version=10.0 --module-path=C:\Users\yangj\.mcreator\gradle\caches\modules-2\files-2.1\cpw.mods\bootstraplauncher\1.1.2\c546e00443d8432cda6baa1c860346980742628\bootstraplauncher-1.1.2.jar;C:\Users\yangj\.mcreator\gradle\caches\modules-2\files-2.1\cpw.mods\securejarhandler\2.1.4\f47e3b9dd860a7b82154b8f90a650ffd0aaa5582\securejarhandler-2.1.4.jar;C:\Users\yangj\.mcreator\gradle\caches\modules-2\files-2.1\org.ow2.asm\asm-commons\9.3\1f2a432d1212f5c352ae607d7b61dcae20c20af5\asm-commons-9.3.jar;C:\Users\yangj\.mcreator\gradle\caches\modules-2\files-2.1\org.ow2.asm\asm-util\9.3\9595bc05510d0bd4b610188b77333fe4851a1975\asm-util-9.3.jar;C:\Users\yangj\.mcreator\gradle\caches\modules-2\files-2.1\org.ow2.asm\asm-analysis\9.3\4b071f211b37c38e0e9f5998550197c8593f6ad8\asm-analysis-9.3.jar;C:\Users\yangj\.mcreator\gradle\caches\modules-2\files-2.1\org.ow2.asm\asm-tree\9.3\78d2ecd61318b5a58cd04fb237636c0e86b77d97\asm-tree-9.3.jar;C:\Users\yangj\.mcreator\gradle\caches\modules-2\files-2.1\org.ow2.asm\asm\9.3\8e6300ef51c1d801a7ed62d07cd221aca3a90640\asm-9.3.jar;C:\Users\yangj\.mcreator\gradle\caches\modules-2\files-2.1\net.minecraftforge\JarJarFileSystems\0.3.16\e52afbb2599dc7c6f779efea0496d32fc01152e3\JarJarFileSystems-0.3.16.jar --add-modules=ALL-MODULE-PATH --add-opens=java.base/java.util.jar=cpw.mods.securejarhandler --add-opens=java.base/java.lang.invoke=cpw.mods.securejarhandler --add-exports=java.base/sun.security.util=cpw.mods.securejarhandler --add-exports=jdk.naming.dns/com.sun.jndi.dns=java.naming -XX:HeapDumpPath=MojangTricksIntelDriversForPerformance_javaw.exe_minecraft.exe.heapdump -Dos.name=Windows 10 -Dfile.encoding=UTF-8 -Duser.country=CN -Duser.language=zh -Duser.variant 
java_command: cpw.mods.bootstraplauncher.BootstrapLauncher --launchTarget forgeclientuserdev --version MOD_DEV --assetIndex 1.19 --assetsDir C:\Users\yangj\.mcreator\gradle\caches\forge_gradle\assets --gameDir . --fml.forgeVersion 43.2.0 --fml.mcVersion 1.19.2 --fml.forgeGroup net.minecraftforge --fml.mcpVersion 20220805.130853
java_class_path (initial): C:\Users\yangj\MCreatorWorkspaces\mixed_ore\build\classes\java\main;C:\Users\yangj\MCreatorWorkspaces\mixed_ore\build\resources\main;C:\Users\yangj\MCreatorWorkspaces\mixed_ore\build\fg_cache\net\minecraftforge\forge\1.19.2-43.2.0_mapped_official_1.19.2\forge-1.19.2-43.2.0_mapped_official_1.19.2-recomp.jar;C:\Users\yangj\.mcreator\gradle\caches\forge_gradle\minecraft_repo\versions\1.19.2\client-extra.jar;C:\Users\yangj\.mcreator\gradle\caches\modules-2\files-2.1\net.minecraftforge\javafmllanguage\1.19.2-43.2.0\5713dfd49576886a7ffc353f14f067ad42369592\javafmllanguage-1.19.2-43.2.0.jar;C:\Users\yangj\.mcreator\gradle\caches\modules-2\files-2.1\net.minecraftforge\lowcodelanguage\1.19.2-43.2.0\51c88985dd125457fb8b6c2c58a4f3b9349a6b57\lowcodelanguage-1.19.2-43.2.0.jar;C:\Users\yangj\.mcreator\gradle\caches\modules-2\files-2.1\net.minecraftforge\mclanguage\1.19.2-43.2.0\f4fa83ef8129c7f7cc5847fbafb07f7ae86c1bb\mclanguage-1.19.2-43.2.0.jar;C:\Users\yangj\.mcreator\gradle\caches\modules-2\files-2.1\net.minecraftforge\fmlcore\1.19.2-43.2.0\d4dcb5b809b7f035ac22b058941cf81f84451545\fmlcore-1.19.2-43.2.0.jar;C:\Users\yangj\.mcreator\gradle\caches\modules-2\files-2.1\net.minecraftforge\fmlloader\1.19.2-43.2.0\3e6e8b7b5e1dbc6ee01a20f74675f223b64c7847\fmlloader-1.19.2-43.2.0.jar;C:\Users\yangj\.mcreator\gradle\caches\modules-2\files-2.1\net.minecraftforge\JarJarSelector\0.3.16\2a31421fb5e267249da103a644f23afb43d158af\JarJarSelector-0.3.16.jar;C:\Users\yangj\.mcreator\gradle\caches\modules-2\files-2.1\net.minecraftforge\JarJarMetadata\0.3.16\f62c8c898dffc8666f5097a8587ed72095e8e83a\JarJarMetadata-0.3.16.jar;C:\Users\yangj\.mcreator\gradle\caches\modules-2\files-2.1\com.google.guava\guava\31.0.1-jre\119ea2b2bc205b138974d351777b20f02b92704b\guava-31.0.1-jre.jar;C:\Users\yangj\.mcreator\gradle\caches\modules-2\files-2.1\com.google.code.findbugs\jsr305\3.0.2\25ea2e8b0c338a877313bd4672d3fe056ea78f0d\jsr305-3.0.2.jar;C:\Users\yangj\.mcreator\gradle\caches\modu
Launcher Type: SUN_STANDARD

[Global flags]
     intx CICompilerCount                          = 4                                         {product} {ergonomic}
     uint ConcGCThreads                            = 2                                         {product} {ergonomic}
     uint G1ConcRefinementThreads                  = 8                                         {product} {ergonomic}
   size_t G1HeapRegionSize                         = 2097152                                   {product} {ergonomic}
    uintx GCDrainStackTargetSize                   = 64                                        {product} {ergonomic}
    ccstr HeapDumpPath                             = MojangTricksIntelDriversForPerformance_javaw.exe_minecraft.exe.heapdump         {manageable} {command line}
   size_t InitialHeapSize                          = 234881024                                 {product} {ergonomic}
   size_t MarkStackSize                            = 4194304                                   {product} {ergonomic}
   size_t MaxHeapSize                              = 3747610624                                {product} {ergonomic}
   size_t MaxNewSize                               = 2248146944                                {product} {ergonomic}
   size_t MinHeapDeltaBytes                        = 2097152                                   {product} {ergonomic}
   size_t MinHeapSize                              = 8388608                                   {product} {ergonomic}
    uintx NonNMethodCodeHeapSize                   = 5839372                                {pd product} {ergonomic}
    uintx NonProfiledCodeHeapSize                  = 122909434                              {pd product} {ergonomic}
    uintx ProfiledCodeHeapSize                     = 122909434                              {pd product} {ergonomic}
    uintx ReservedCodeCacheSize                    = 251658240                              {pd product} {ergonomic}
     bool SegmentedCodeCache                       = true                                      {product} {ergonomic}
   size_t SoftMaxHeapSize                          = 3747610624                             {manageable} {ergonomic}
     bool UseCompressedClassPointers               = true                           {product lp64_product} {ergonomic}
     bool UseCompressedOops                        = true                           {product lp64_product} {ergonomic}
     bool UseG1GC                                  = true                                      {product} {ergonomic}
     bool UseLargePagesIndividualAllocation        = false                                  {pd product} {ergonomic}

Logging:
Log output configuration:
 #0: stdout all=warning uptime,level,tags
 #1: stderr all=off uptime,level,tags

Environment Variables:
JAVA_HOME=C:\Users\yangj\Desktop\MCreator20231\jdk
PATH=C:\Program Files\Common Files\Oracle\Java\javapath;C:\Program Files (x86)\Common Files\Oracle\Java\javapath;C:\WINDOWS\system32;C:\WINDOWS;C:\WINDOWS\System32\Wbem;C:\WINDOWS\System32\WindowsPowerShell\v1.0\;C:\WINDOWS\System32\OpenSSH\;C:\Program Files\Bandizip\;C:\Users\yangj\AppData\Local\Microsoft\WindowsApps;;C:\Users\yangj\Desktop\MCreator20231\jdk\bin
USERNAME=yangj
OS=Windows_NT
PROCESSOR_IDENTIFIER=AMD64 Family 23 Model 24 Stepping 1, AuthenticAMD
TMP=C:\Users\yangj\AppData\Local\Temp
TEMP=C:\Users\yangj\AppData\Local\Temp



---------------  S Y S T E M  ---------------

OS:
 Windows 11 , 64 bit Build 22621 (10.0.22621.1344)
OS uptime: 0 days 0:20 hours

CPU: total 8 (initial active 8) (8 cores per cpu, 2 threads per core) family 23 model 24 stepping 1 microcode 0x0, cx8, cmov, fxsr, ht, mmx, 3dnowpref, sse, sse2, sse3, ssse3, sse4a, sse4.1, sse4.2, popcnt, lzcnt, tsc, tscinvbit, avx, avx2, aes, clmul, bmi1, bmi2, adx, sha, fma, vzeroupper, clflush, clflushopt

Memory: 4k page, system-wide physical 14293M (8087M free)
TotalPageFile size 16981M (AvailPageFile size 10352M)
current process WorkingSet (physical memory assigned to process): 618M, peak: 631M
current process commit charge ("private bytes"): 693M, peak: 714M

vm_info: OpenJDK 64-Bit Server VM (17.0.5+8) for windows-amd64 JRE (17.0.5+8), built on Oct 19 2022 04:48:13 by "temurin" with MS VC++ 16.7 (VS2019)

END.
