#
# A fatal error has been detected by the Java Runtime Environment:
#
#  EXCEPTION_ACCESS_VIOLATION (0xc0000005) at pc=0x00007ff99b592b60, pid=4980, tid=14736
#
# JRE version: OpenJDK Runtime Environment Temurin-17.0.5+8 (17.0.5+8) (build 17.0.5+8)
# Java VM: OpenJDK 64-Bit Server VM Temurin-17.0.5+8 (17.0.5+8, mixed mode, sharing, tiered, compressed oops, compressed class ptrs, g1 gc, windows-amd64)
# Problematic frame:
# C  [atio6axx.dll+0x192b60]
#
# No core dump will be written. Minidumps are not enabled by default on client versions of Windows
#
# If you would like to submit a bug report, please visit:
#   https://github.com/adoptium/adoptium-support/issues
# The crash happened outside the Java Virtual Machine in native code.
# See problematic frame for where to report the bug.
#

---------------  S U M M A R Y ------------

Command Line: -Dforge.enableGameTest=true -Dforge.logging.console.level=debug -Dforge.logging.markers=REGISTRIES -DignoreList=bootstraplauncher,securejarhandler,asm-commons,asm-util,asm-analysis,asm-tree,asm,JarJarFileSystems,client-extra,fmlcore,javafmllanguage,lowcodelanguage,mclanguage,forge- -Djava.net.preferIPv6Addresses=system -DlegacyClassPath.file=C:\Users\yangj\MCreatorWorkspaces\mixed_ore\build\classpath\runClient_minecraftClasspath.txt -DmergeModules=jna-5.10.0.jar,jna-platform-5.10.0.jar -Dos.version=10.0 --module-path=C:\Users\yangj\.mcreator\gradle\caches\modules-2\files-2.1\cpw.mods\bootstraplauncher\1.1.2\c546e00443d8432cda6baa1c860346980742628\bootstraplauncher-1.1.2.jar;C:\Users\yangj\.mcreator\gradle\caches\modules-2\files-2.1\cpw.mods\securejarhandler\2.1.4\f47e3b9dd860a7b82154b8f90a650ffd0aaa5582\securejarhandler-2.1.4.jar;C:\Users\yangj\.mcreator\gradle\caches\modules-2\files-2.1\org.ow2.asm\asm-commons\9.3\1f2a432d1212f5c352ae607d7b61dcae20c20af5\asm-commons-9.3.jar;C:\Users\yangj\.mcreator\gradle\caches\modules-2\files-2.1\org.ow2.asm\asm-util\9.3\9595bc05510d0bd4b610188b77333fe4851a1975\asm-util-9.3.jar;C:\Users\yangj\.mcreator\gradle\caches\modules-2\files-2.1\org.ow2.asm\asm-analysis\9.3\4b071f211b37c38e0e9f5998550197c8593f6ad8\asm-analysis-9.3.jar;C:\Users\yangj\.mcreator\gradle\caches\modules-2\files-2.1\org.ow2.asm\asm-tree\9.3\78d2ecd61318b5a58cd04fb237636c0e86b77d97\asm-tree-9.3.jar;C:\Users\yangj\.mcreator\gradle\caches\modules-2\files-2.1\org.ow2.asm\asm\9.3\8e6300ef51c1d801a7ed62d07cd221aca3a90640\asm-9.3.jar;C:\Users\yangj\.mcreator\gradle\caches\modules-2\files-2.1\net.minecraftforge\JarJarFileSystems\0.3.16\e52afbb2599dc7c6f779efea0496d32fc01152e3\JarJarFileSystems-0.3.16.jar --add-modules=ALL-MODULE-PATH --add-opens=java.base/java.util.jar=cpw.mods.securejarhandler --add-opens=java.base/java.lang.invoke=cpw.mods.securejarhandler --add-exports=java.base/sun.security.util=cpw.mods.securejarhandler --add-exports=jdk.naming.dns/com.sun.jndi.dns=java.naming -XX:HeapDumpPath=MojangTricksIntelDriversForPerformance_javaw.exe_minecraft.exe.heapdump -Dos.name=Windows 10 -Dfile.encoding=UTF-8 -Duser.country=CN -Duser.language=zh -Duser.variant cpw.mods.bootstraplauncher.BootstrapLauncher --launchTarget forgeclientuserdev --version MOD_DEV --assetIndex 1.19 --assetsDir C:\Users\yangj\.mcreator\gradle\caches\forge_gradle\assets --gameDir . --fml.forgeVersion 43.2.0 --fml.mcVersion 1.19.2 --fml.forgeGroup net.minecraftforge --fml.mcpVersion 20220805.130853

Host: AMD Ryzen 7 3700U with Radeon Vega Mobile Gfx  , 8 cores, 13G,  Windows 11 , 64 bit Build 22621 (10.0.22621.1325)
Time: Sat Mar 25 00:47:23 2023  Windows 11 , 64 bit Build 22621 (10.0.22621.1325) elapsed time: 35.434512 seconds (0d 0h 0m 35s)

---------------  T H R E A D  ---------------

Current thread (0x0000013b75259c80):  JavaThread "Render thread" [_thread_in_native, id=14736, stack(0x000000105f400000,0x000000105f500000)]

Stack: [0x000000105f400000,0x000000105f500000],  sp=0x000000105f4fabf8,  free space=1002k
Native frames: (J=compiled Java code, j=interpreted, Vv=VM code, C=native code)
C  [atio6axx.dll+0x192b60]

Java frames: (J=compiled Java code, j=interpreted, Vv=VM code)
j  org.lwjgl.system.JNI.invokePPPP(IIJJJJ)J+0 org.lwjgl@3.3.1+7
j  org.lwjgl.glfw.GLFW.nglfwCreateWindow(IIJJJ)J+14 org.lwjgl.glfw@3.3.1+7
j  org.lwjgl.glfw.GLFW.glfwCreateWindow(IILjava/lang/CharSequence;JJ)J+34 org.lwjgl.glfw@3.3.1+7
j  net.minecraftforge.client.loading.NoVizFallback.lambda$fallback$0(Ljava/util/function/IntSupplier;Ljava/util/function/IntSupplier;Ljava/util/function/Supplier;Ljava/util/function/LongSupplier;)J+28 forge@43.2.0
j  net.minecraftforge.client.loading.NoVizFallback$$Lambda$4374+0x00000008016273c0.getAsLong()J+16 forge@43.2.0
j  net.minecraftforge.fml.loading.progress.EarlyProgressVisualization$Visualization$$Lambda$4375+0x00000008016237e0.apply(Ljava/lang/Object;)Ljava/lang/Object;+4 fmlloader@1.19.2-43.2.0
J 8724 c2 java.util.Optional.map(Ljava/util/function/Function;)Ljava/util/Optional; java.base@17.0.5 (30 bytes) @ 0x0000013b07febe08 [0x0000013b07febda0+0x0000000000000068]
j  net.minecraftforge.fml.loading.progress.EarlyProgressVisualization$Visualization.handOffWindow(Ljava/util/function/IntSupplier;Ljava/util/function/IntSupplier;Ljava/util/function/Supplier;Ljava/util/function/LongSupplier;)J+48 fmlloader@1.19.2-43.2.0
j  net.minecraftforge.fml.loading.progress.EarlyProgressVisualization.handOffWindow(Ljava/util/function/IntSupplier;Ljava/util/function/IntSupplier;Ljava/util/function/Supplier;Ljava/util/function/LongSupplier;)J+9 fmlloader@1.19.2-43.2.0
j  com.mojang.blaze3d.platform.Window.<init>(Lcom/mojang/blaze3d/platform/WindowEventHandler;Lcom/mojang/blaze3d/platform/ScreenManager;Lcom/mojang/blaze3d/platform/DisplayData;Ljava/lang/String;Ljava/lang/String;)V+279 minecraft@1.19.2
j  net.minecraft.client.renderer.VirtualScreen.newWindow(Lcom/mojang/blaze3d/platform/DisplayData;Ljava/lang/String;Ljava/lang/String;)Lcom/mojang/blaze3d/platform/Window;+15 minecraft@1.19.2
j  net.minecraft.client.Minecraft.<init>(Lnet/minecraft/client/main/GameConfig;)V+723 minecraft@1.19.2
j  net.minecraft.client.main.Main.run([Ljava/lang/String;Z)V+1356 minecraft@1.19.2
j  net.minecraft.client.main.Main.main([Ljava/lang/String;)V+12 minecraft@1.19.2
v  ~StubRoutines::call_stub
j  jdk.internal.reflect.NativeMethodAccessorImpl.invoke0(Ljava/lang/reflect/Method;Ljava/lang/Object;[Ljava/lang/Object;)Ljava/lang/Object;+0 java.base@17.0.5
j  jdk.internal.reflect.NativeMethodAccessorImpl.invoke(Ljava/lang/Object;[Ljava/lang/Object;)Ljava/lang/Object;+133 java.base@17.0.5
j  jdk.internal.reflect.DelegatingMethodAccessorImpl.invoke(Ljava/lang/Object;[Ljava/lang/Object;)Ljava/lang/Object;+6 java.base@17.0.5
j  java.lang.reflect.Method.invoke(Ljava/lang/Object;[Ljava/lang/Object;)Ljava/lang/Object;+59 java.base@17.0.5
j  net.minecraftforge.fml.loading.targets.ForgeClientUserdevLaunchHandler.lambda$launchService$0([Ljava/lang/String;Ljava/lang/ModuleLayer;)V+47 fmlloader@1.19.2-43.2.0
j  net.minecraftforge.fml.loading.targets.ForgeClientUserdevLaunchHandler$$Lambda$856+0x0000000800fafd88.run()V+12 fmlloader@1.19.2-43.2.0
j  cpw.mods.modlauncher.LaunchServiceHandlerDecorator.launch([Ljava/lang/String;Ljava/lang/ModuleLayer;)V+11 cpw.mods.modlauncher@10.0.8
j  cpw.mods.modlauncher.LaunchServiceHandler.launch(Ljava/lang/String;[Ljava/lang/String;Ljava/lang/ModuleLayer;Lcpw/mods/modlauncher/TransformingClassLoader;Lcpw/mods/modlauncher/LaunchPluginHandler;)V+58 cpw.mods.modlauncher@10.0.8
j  cpw.mods.modlauncher.LaunchServiceHandler.launch(Lcpw/mods/modlauncher/ArgumentHandler;Ljava/lang/ModuleLayer;Lcpw/mods/modlauncher/TransformingClassLoader;Lcpw/mods/modlauncher/LaunchPluginHandler;)V+21 cpw.mods.modlauncher@10.0.8
j  cpw.mods.modlauncher.Launcher.run([Ljava/lang/String;)V+310 cpw.mods.modlauncher@10.0.8
j  cpw.mods.modlauncher.Launcher.main([Ljava/lang/String;)V+78 cpw.mods.modlauncher@10.0.8
j  cpw.mods.modlauncher.BootstrapLaunchConsumer.accept([Ljava/lang/String;)V+1 cpw.mods.modlauncher@10.0.8
j  cpw.mods.modlauncher.BootstrapLaunchConsumer.accept(Ljava/lang/Object;)V+5 cpw.mods.modlauncher@10.0.8
j  cpw.mods.bootstraplauncher.BootstrapLauncher.main([Ljava/lang/String;)V+515 cpw.mods.bootstraplauncher@1.1.2
v  ~StubRoutines::call_stub

siginfo: EXCEPTION_ACCESS_VIOLATION (0xc0000005), reading address 0xffffffffffffffff


Register to memory mapping:

RIP=0x00007ff99b592b60 atio6axx.dll
RAX=0x0 is NULL
RBX=0x00007ff99edd33b0 atio6axx.dll
RCX=0x72706d6f632d736e is an unknown value
RDX=0x00000000000000d0 is an unknown value
RSP=0x000000105f4fabf8 is pointing into the stack for thread: 0x0000013b75259c80
RBP=0x000000105f4fad60 is pointing into the stack for thread: 0x0000013b75259c80
RSI=0x00007ff99ece2d40 atio6axx.dll
RDI=0x000000105f4fb050 is pointing into the stack for thread: 0x0000013b75259c80
R8 =0x00000000000001a5 is an unknown value
R9 =0x72706d6f632d736e is an unknown value
R10=0x0 is NULL
R11=0x0000000000000200 is an unknown value
R12=0x00007ff99edd3408 atio6axx.dll
R13=0x00007ff99edd5c08 atio6axx.dll
R14=0x00007ff99edd33b0 atio6axx.dll
R15=0x0 is NULL


Registers:
RAX=0x0000000000000000, RBX=0x00007ff99edd33b0, RCX=0x72706d6f632d736e, RDX=0x00000000000000d0
RSP=0x000000105f4fabf8, RBP=0x000000105f4fad60, RSI=0x00007ff99ece2d40, RDI=0x000000105f4fb050
R8 =0x00000000000001a5, R9 =0x72706d6f632d736e, R10=0x0000000000000000, R11=0x0000000000000200
R12=0x00007ff99edd3408, R13=0x00007ff99edd5c08, R14=0x00007ff99edd33b0, R15=0x0000000000000000
RIP=0x00007ff99b592b60, EFLAGS=0x0000000000010206

Top of Stack: (sp=0x000000105f4fabf8)
0x000000105f4fabf8:   00007ff99b592e7c 00007ff99edd6020
0x000000105f4fac08:   0000013b18941968 0000000000000000
0x000000105f4fac18:   00007ff99b593e8d 000000105f4fb050
0x000000105f4fac28:   00007ff99b54f484 00007ff99edd33b0
0x000000105f4fac38:   00007ff99ece2d40 0000652e6176616a
0x000000105f4fac48:   000014d15f9fbf2b 000000105f4fb050
0x000000105f4fac58:   00007ff99b550457 00007ff99edd33b8
0x000000105f4fac68:   00007ff99ece2d40 00007ff99ece2d40
0x000000105f4fac78:   000000105f4fab68 00007ff99edd33b0
0x000000105f4fac88:   00007ffa00000000 0000000000000009
0x000000105f4fac98:   0000013b191ae60c 0000013b191ae768
0x000000105f4faca8:   00007ff99edd33b8 000000105f4fb050
0x000000105f4facb8:   000000105f4fae0d 00007f006176616a
0x000000105f4facc8:   00007f006176616a 46676e697274535c
0x000000105f4facd8:   5c6f666e49656c69 3062343039303430
0x000000105f4face8:   726556656c69465c 000000006e6f6973 

Instructions: (pc=0x00007ff99b592b60)
0x00007ff99b592a60:   74 09 33 c9 ff 15 e6 89 66 03 90 48 8b c3 48 83
0x00007ff99b592a70:   c4 20 5b c3 cc cc cc cc cc cc cc cc cc cc cc cc
0x00007ff99b592a80:   48 83 ec 28 48 8b 51 08 48 85 d2 74 09 33 c9 ff
0x00007ff99b592a90:   15 bb 89 66 03 90 48 83 c4 28 c3 cc cc cc cc cc
0x00007ff99b592aa0:   48 89 11 c3 cc cc cc cc cc cc cc cc cc cc cc cc
0x00007ff99b592ab0:   48 8b c1 c3 cc cc cc cc cc cc cc cc cc cc cc cc
0x00007ff99b592ac0:   48 3b ca 74 10 41 8b 00 39 01 74 09 48 83 c1 04
0x00007ff99b592ad0:   48 3b ca 75 f3 48 8b c1 c3 cc cc cc cc cc cc cc
0x00007ff99b592ae0:   48 8b c1 c3 cc cc cc cc cc cc cc cc cc cc cc cc
0x00007ff99b592af0:   48 83 39 00 0f 94 c0 c3 cc cc cc cc cc cc cc cc
0x00007ff99b592b00:   4c 8d 04 d5 00 00 00 00 33 d2 e9 c1 d0 dd 01 cc
0x00007ff99b592b10:   4c 8b 41 08 48 8b 02 49 89 00 48 83 41 08 08 c3
0x00007ff99b592b20:   48 8b c1 c3 cc cc cc cc cc cc cc cc cc cc cc cc
0x00007ff99b592b30:   48 8b c1 c3 cc cc cc cc cc cc cc cc cc cc cc cc
0x00007ff99b592b40:   49 8b 00 48 89 02 c3 cc cc cc cc cc cc cc cc cc
0x00007ff99b592b50:   8b 81 40 39 00 00 c3 cc cc cc cc cc cc cc cc cc
0x00007ff99b592b60:   8b 81 40 39 00 00 83 c0 f0 83 f8 67 0f 87 5a 01
0x00007ff99b592b70:   00 00 48 8d 15 87 d4 e6 ff 0f b6 84 02 f0 2c 19
0x00007ff99b592b80:   00 8b 8c 82 d0 2c 19 00 48 03 ca ff e1 48 8b 0d
0x00007ff99b592b90:   6c 6f 7e 03 83 b9 b4 34 00 00 02 0f 87 2b 01 00
0x00007ff99b592ba0:   00 48 8d 91 0c 29 00 00 c7 02 e1 00 00 00 e9 ce
0x00007ff99b592bb0:   00 00 00 48 8b 0d 46 6f 7e 03 83 b9 b4 34 00 00
0x00007ff99b592bc0:   02 0f 87 05 01 00 00 48 8d 91 0c 29 00 00 c7 02
0x00007ff99b592bd0:   f0 00 00 00 e9 a8 00 00 00 48 8b 0d 20 6f 7e 03
0x00007ff99b592be0:   83 b9 b4 34 00 00 02 0f 87 df 00 00 00 48 8d 91
0x00007ff99b592bf0:   0c 29 00 00 c7 02 00 04 00 00 e9 82 00 00 00 48
0x00007ff99b592c00:   8b 0d fa 6e 7e 03 83 b9 b4 34 00 00 02 0f 87 b9
0x00007ff99b592c10:   00 00 00 48 8d 91 0c 29 00 00 c7 02 00 08 00 00
0x00007ff99b592c20:   eb 5f 48 8b 0d d7 6e 7e 03 83 b9 b4 34 00 00 02
0x00007ff99b592c30:   0f 87 96 00 00 00 48 8d 91 0c 29 00 00 c7 02 00
0x00007ff99b592c40:   09 00 00 eb 3c 48 8b 0d b4 6e 7e 03 83 b9 b4 34
0x00007ff99b592c50:   00 00 02 77 77 48 8d 91 0c 29 00 00 c7 02 3c 0f 


Stack slot to memory mapping:
stack at sp + 0 slots: 0x00007ff99b592e7c atio6axx.dll
stack at sp + 1 slots: 0x00007ff99edd6020 atio6axx.dll
stack at sp + 2 slots: 0x0000013b18941968 points into unknown readable memory: 0x00007ff99e5df5f0 | f0 f5 5d 9e f9 7f 00 00
stack at sp + 3 slots: 0x0 is NULL
stack at sp + 4 slots: 0x00007ff99b593e8d atio6axx.dll
stack at sp + 5 slots: 0x000000105f4fb050 is pointing into the stack for thread: 0x0000013b75259c80
stack at sp + 6 slots: 0x00007ff99b54f484 atio6axx.dll
stack at sp + 7 slots: 0x00007ff99edd33b0 atio6axx.dll


---------------  P R O C E S S  ---------------

Threads class SMR info:
_java_thread_list=0x0000013b1ec8ffb0, length=17, elements={
0x0000013b75259c80, 0x0000013b7efcc090, 0x0000013b7efccb50, 0x0000013b7f8732c0,
0x0000013b7f879ca0, 0x0000013b7f87b570, 0x0000013b7f87c5d0, 0x0000013b7f87d960,
0x0000013b7f87ea00, 0x0000013b7f87f300, 0x0000013b7f953f10, 0x0000013b7fa92720,
0x0000013b1b04e490, 0x0000013b1b04e960, 0x0000013b1a4cb450, 0x0000013b7fc688f0,
0x0000013b1ab9cfb0
}

Java Threads: ( => current thread )
=>0x0000013b75259c80 JavaThread "Render thread" [_thread_in_native, id=14736, stack(0x000000105f400000,0x000000105f500000)]
  0x0000013b7efcc090 JavaThread "Reference Handler" daemon [_thread_blocked, id=6744, stack(0x000000105fb00000,0x000000105fc00000)]
  0x0000013b7efccb50 JavaThread "Finalizer" daemon [_thread_blocked, id=14304, stack(0x000000105fc00000,0x000000105fd00000)]
  0x0000013b7f8732c0 JavaThread "Signal Dispatcher" daemon [_thread_blocked, id=12536, stack(0x000000105fd00000,0x000000105fe00000)]
  0x0000013b7f879ca0 JavaThread "Attach Listener" daemon [_thread_blocked, id=3416, stack(0x000000105fe00000,0x000000105ff00000)]
  0x0000013b7f87b570 JavaThread "Service Thread" daemon [_thread_blocked, id=3996, stack(0x000000105ff00000,0x0000001060000000)]
  0x0000013b7f87c5d0 JavaThread "Monitor Deflation Thread" daemon [_thread_blocked, id=9452, stack(0x0000001060000000,0x0000001060100000)]
  0x0000013b7f87d960 JavaThread "C2 CompilerThread0" daemon [_thread_blocked, id=2604, stack(0x0000001060100000,0x0000001060200000)]
  0x0000013b7f87ea00 JavaThread "C1 CompilerThread0" daemon [_thread_blocked, id=15108, stack(0x0000001060200000,0x0000001060300000)]
  0x0000013b7f87f300 JavaThread "Sweeper thread" daemon [_thread_blocked, id=15272, stack(0x0000001060300000,0x0000001060400000)]
  0x0000013b7f953f10 JavaThread "Common-Cleaner" daemon [_thread_blocked, id=6888, stack(0x0000001060400000,0x0000001060500000)]
  0x0000013b7fa92720 JavaThread "Notification Thread" daemon [_thread_blocked, id=10544, stack(0x0000001060600000,0x0000001060700000)]
  0x0000013b1b04e490 JavaThread "Thread-0" daemon [_thread_blocked, id=5080, stack(0x0000001061100000,0x0000001061200000)]
  0x0000013b1b04e960 JavaThread "FileSystemWatchService" daemon [_thread_in_native, id=15072, stack(0x0000001061200000,0x0000001061300000)]
  0x0000013b1a4cb450 JavaThread "pool-2-thread-1" daemon [_thread_blocked, id=10112, stack(0x0000001061500000,0x0000001061600000)]
  0x0000013b7fc688f0 JavaThread "C2 CompilerThread1" daemon [_thread_blocked, id=1092, stack(0x0000001060500000,0x0000001060600000)]
  0x0000013b1ab9cfb0 JavaThread "Timer hack thread" daemon [_thread_blocked, id=14860, stack(0x0000001060800000,0x0000001060900000)]

Other Threads:
  0x0000013b7efc5380 VMThread "VM Thread" [stack: 0x000000105fa00000,0x000000105fb00000] [id=4636]
  0x0000013b7525aaf0 WatcherThread [stack: 0x0000001060700000,0x0000001060800000] [id=7720]
  0x0000013b752bbdd0 GCTaskThread "GC Thread#0" [stack: 0x000000105f500000,0x000000105f600000] [id=5876]
  0x0000013b1840a140 GCTaskThread "GC Thread#1" [stack: 0x0000001060900000,0x0000001060a00000] [id=4516]
  0x0000013b1840a3f0 GCTaskThread "GC Thread#2" [stack: 0x0000001060a00000,0x0000001060b00000] [id=12672]
  0x0000013b1840a6a0 GCTaskThread "GC Thread#3" [stack: 0x0000001060b00000,0x0000001060c00000] [id=14416]
  0x0000013b184ab3b0 GCTaskThread "GC Thread#4" [stack: 0x0000001060c00000,0x0000001060d00000] [id=10496]
  0x0000013b185a2140 GCTaskThread "GC Thread#5" [stack: 0x0000001060e00000,0x0000001060f00000] [id=5616]
  0x0000013b18e11c10 GCTaskThread "GC Thread#6" [stack: 0x0000001060f00000,0x0000001061000000] [id=9964]
  0x0000013b1902a020 GCTaskThread "GC Thread#7" [stack: 0x0000001061000000,0x0000001061100000] [id=15228]
  0x0000013b752cadc0 ConcurrentGCThread "G1 Main Marker" [stack: 0x000000105f600000,0x000000105f700000] [id=9032]
  0x0000013b752cbf70 ConcurrentGCThread "G1 Conc#0" [stack: 0x000000105f700000,0x000000105f800000] [id=8808]
  0x0000013b1a1a7590 ConcurrentGCThread "G1 Conc#1" [stack: 0x0000001061300000,0x0000001061400000] [id=1412]
  0x0000013b7ee818c0 ConcurrentGCThread "G1 Refine#0" [stack: 0x000000105f800000,0x000000105f900000] [id=6192]
  0x0000013b18589ed0 ConcurrentGCThread "G1 Refine#1" [stack: 0x0000001060d00000,0x0000001060e00000] [id=15356]
  0x0000013b189a1fa0 ConcurrentGCThread "G1 Refine#2" [stack: 0x0000001061400000,0x0000001061500000] [id=14600]
  0x0000013b1b2adc80 ConcurrentGCThread "G1 Refine#3" [stack: 0x0000001061a00000,0x0000001061b00000] [id=13716]
  0x0000013b189a2280 ConcurrentGCThread "G1 Refine#4" [stack: 0x0000001061b00000,0x0000001061c00000] [id=7236]
  0x0000013b1b5debc0 ConcurrentGCThread "G1 Refine#5" [stack: 0x0000001061c00000,0x0000001061d00000] [id=15044]
  0x0000013b196e35b0 ConcurrentGCThread "G1 Refine#6" [stack: 0x0000001061d00000,0x0000001061e00000] [id=13528]
  0x0000013b7ee82180 ConcurrentGCThread "G1 Service" [stack: 0x000000105f900000,0x000000105fa00000] [id=6764]

Threads with active compile tasks:

VM state: not at safepoint (normal execution)

VM Mutex/Monitor currently owned by a thread: None

Heap address: 0x0000000720a00000, size: 3574 MB, Compressed Oops mode: Zero based, Oop shift amount: 3

CDS archive(s) mapped at: [0x0000000800000000-0x0000000800bc0000-0x0000000800bc0000), size 12320768, SharedBaseAddress: 0x0000000800000000, ArchiveRelocationMode: 0.
Compressed class space mapped at: 0x0000000800c00000-0x0000000840c00000, reserved size: 1073741824
Narrow klass base: 0x0000000800000000, Narrow klass shift: 0, Narrow klass range: 0x100000000

GC Precious Log:
 CPUs: 8 total, 8 available
 Memory: 14293M
 Large Page Support: Disabled
 NUMA Support: Disabled
 Compressed Oops: Enabled (Zero based)
 Heap Region Size: 2M
 Heap Min Capacity: 8M
 Heap Initial Capacity: 224M
 Heap Max Capacity: 3574M
 Pre-touch: Disabled
 Parallel Workers: 8
 Concurrent Workers: 2
 Concurrent Refinement Workers: 8
 Periodic GC: Disabled

Heap:
 garbage-first heap   total 335872K, used 261274K [0x0000000720a00000, 0x0000000800000000)
  region size 2048K, 56 young (114688K), 5 survivors (10240K)
 Metaspace       used 71184K, committed 72320K, reserved 1114112K
  class space    used 9942K, committed 10432K, reserved 1048576K

Heap Regions: E=young(eden), S=young(survivor), O=old, HS=humongous(starts), HC=humongous(continues), CS=collection set, F=free, OA=open archive, CA=closed archive, TAMS=top-at-mark-start (previous, next)
|   0|0x0000000720a00000, 0x0000000720c00000, 0x0000000720c00000|100%|HS|  |TAMS 0x0000000720c00000, 0x0000000720a00000| Complete 
|   1|0x0000000720c00000, 0x0000000720e00000, 0x0000000720e00000|100%| O|  |TAMS 0x0000000720e00000, 0x0000000720c00000| Untracked 
|   2|0x0000000720e00000, 0x0000000721000000, 0x0000000721000000|100%|HS|  |TAMS 0x0000000721000000, 0x0000000720e00000| Complete 
|   3|0x0000000721000000, 0x0000000721200000, 0x0000000721200000|100%| O|  |TAMS 0x0000000721200000, 0x0000000721000000| Untracked 
|   4|0x0000000721200000, 0x0000000721400000, 0x0000000721400000|100%| O|  |TAMS 0x0000000721400000, 0x0000000721200000| Untracked 
|   5|0x0000000721400000, 0x0000000721600000, 0x0000000721600000|100%| O|  |TAMS 0x0000000721600000, 0x0000000721400000| Untracked 
|   6|0x0000000721600000, 0x0000000721800000, 0x0000000721800000|100%|HS|  |TAMS 0x0000000721800000, 0x0000000721600000| Complete 
|   7|0x0000000721800000, 0x0000000721a00000, 0x0000000721a00000|100%|HS|  |TAMS 0x0000000721a00000, 0x0000000721800000| Complete 
|   8|0x0000000721a00000, 0x0000000721c00000, 0x0000000721c00000|100%| O|  |TAMS 0x0000000721c00000, 0x0000000721a00000| Untracked 
|   9|0x0000000721c00000, 0x0000000721e00000, 0x0000000721e00000|100%| O|  |TAMS 0x0000000721e00000, 0x0000000721c00000| Untracked 
|  10|0x0000000721e00000, 0x0000000722000000, 0x0000000722000000|100%| O|  |TAMS 0x0000000722000000, 0x0000000721e00000| Untracked 
|  11|0x0000000722000000, 0x0000000722200000, 0x0000000722200000|100%| O|  |TAMS 0x0000000722200000, 0x0000000722000000| Untracked 
|  12|0x0000000722200000, 0x0000000722400000, 0x0000000722400000|100%| O|  |TAMS 0x0000000722400000, 0x0000000722200000| Untracked 
|  13|0x0000000722400000, 0x0000000722600000, 0x0000000722600000|100%| O|  |TAMS 0x0000000722600000, 0x0000000722400000| Untracked 
|  14|0x0000000722600000, 0x0000000722800000, 0x0000000722800000|100%| O|  |TAMS 0x0000000722800000, 0x0000000722600000| Untracked 
|  15|0x0000000722800000, 0x0000000722a00000, 0x0000000722a00000|100%|HS|  |TAMS 0x0000000722a00000, 0x0000000722800000| Complete 
|  16|0x0000000722a00000, 0x0000000722c00000, 0x0000000722c00000|100%| O|  |TAMS 0x0000000722c00000, 0x0000000722a00000| Untracked 
|  17|0x0000000722c00000, 0x0000000722e00000, 0x0000000722e00000|100%| O|  |TAMS 0x0000000722e00000, 0x0000000722c00000| Untracked 
|  18|0x0000000722e00000, 0x0000000723000000, 0x0000000723000000|100%| O|  |TAMS 0x0000000723000000, 0x0000000722e00000| Untracked 
|  19|0x0000000723000000, 0x0000000723200000, 0x0000000723200000|100%| O|  |TAMS 0x0000000723200000, 0x0000000723000000| Untracked 
|  20|0x0000000723200000, 0x0000000723400000, 0x0000000723400000|100%| O|  |TAMS 0x0000000723400000, 0x0000000723200000| Untracked 
|  21|0x0000000723400000, 0x0000000723600000, 0x0000000723600000|100%| O|  |TAMS 0x0000000723600000, 0x0000000723400000| Untracked 
|  22|0x0000000723600000, 0x0000000723800000, 0x0000000723800000|100%| O|  |TAMS 0x0000000723800000, 0x0000000723600000| Untracked 
|  23|0x0000000723800000, 0x0000000723a00000, 0x0000000723a00000|100%| O|  |TAMS 0x0000000723a00000, 0x0000000723800000| Untracked 
|  24|0x0000000723a00000, 0x0000000723a77200, 0x0000000723c00000| 23%| O|  |TAMS 0x0000000723a77200, 0x0000000723a00000| Complete 
|  25|0x0000000723c00000, 0x0000000723e00000, 0x0000000723e00000|100%| O|  |TAMS 0x0000000723e00000, 0x0000000723c00000| Untracked 
|  26|0x0000000723e00000, 0x0000000724000000, 0x0000000724000000|100%| O|  |TAMS 0x0000000724000000, 0x0000000723e00000| Untracked 
|  27|0x0000000724000000, 0x0000000724200000, 0x0000000724200000|100%| O|  |TAMS 0x0000000724200000, 0x0000000724000000| Untracked 
|  28|0x0000000724200000, 0x0000000724400000, 0x0000000724400000|100%| O|  |TAMS 0x0000000724400000, 0x0000000724200000| Untracked 
|  29|0x0000000724400000, 0x0000000724600000, 0x0000000724600000|100%| O|  |TAMS 0x0000000724600000, 0x0000000724400000| Untracked 
|  30|0x0000000724600000, 0x0000000724800000, 0x0000000724800000|100%| O|  |TAMS 0x0000000724800000, 0x0000000724600000| Untracked 
|  31|0x0000000724800000, 0x0000000724a00000, 0x0000000724a00000|100%| O|  |TAMS 0x0000000724a00000, 0x0000000724800000| Untracked 
|  32|0x0000000724a00000, 0x0000000724c00000, 0x0000000724c00000|100%| O|  |TAMS 0x0000000724c00000, 0x0000000724a00000| Untracked 
|  33|0x0000000724c00000, 0x0000000724e00000, 0x0000000724e00000|100%| O|  |TAMS 0x0000000724e00000, 0x0000000724c00000| Untracked 
|  34|0x0000000724e00000, 0x0000000725000000, 0x0000000725000000|100%|HS|  |TAMS 0x0000000725000000, 0x0000000724e00000| Complete 
|  35|0x0000000725000000, 0x0000000725200000, 0x0000000725200000|100%|HC|  |TAMS 0x0000000725200000, 0x0000000725000000| Complete 
|  36|0x0000000725200000, 0x0000000725400000, 0x0000000725400000|100%|HC|  |TAMS 0x0000000725400000, 0x0000000725200000| Complete 
|  37|0x0000000725400000, 0x0000000725600000, 0x0000000725600000|100%|HC|  |TAMS 0x0000000725600000, 0x0000000725400000| Complete 
|  38|0x0000000725600000, 0x0000000725800000, 0x0000000725800000|100%|HC|  |TAMS 0x0000000725800000, 0x0000000725600000| Complete 
|  39|0x0000000725800000, 0x0000000725a00000, 0x0000000725a00000|100%|HC|  |TAMS 0x0000000725a00000, 0x0000000725800000| Complete 
|  40|0x0000000725a00000, 0x0000000725c00000, 0x0000000725c00000|100%| O|  |TAMS 0x0000000725c00000, 0x0000000725a00000| Untracked 
|  41|0x0000000725c00000, 0x0000000725e00000, 0x0000000725e00000|100%| O|  |TAMS 0x0000000725e00000, 0x0000000725c00000| Untracked 
|  42|0x0000000725e00000, 0x0000000726000000, 0x0000000726000000|100%| O|  |TAMS 0x0000000726000000, 0x0000000725e00000| Untracked 
|  43|0x0000000726000000, 0x0000000726200000, 0x0000000726200000|100%| O|  |TAMS 0x0000000726200000, 0x0000000726000000| Untracked 
|  44|0x0000000726200000, 0x0000000726400000, 0x0000000726400000|100%| O|  |TAMS 0x0000000726400000, 0x0000000726200000| Untracked 
|  45|0x0000000726400000, 0x0000000726600000, 0x0000000726600000|100%| O|  |TAMS 0x0000000726600000, 0x0000000726400000| Untracked 
|  46|0x0000000726600000, 0x0000000726800000, 0x0000000726800000|100%| O|  |TAMS 0x0000000726800000, 0x0000000726600000| Untracked 
|  47|0x0000000726800000, 0x0000000726a00000, 0x0000000726a00000|100%| O|  |TAMS 0x0000000726a00000, 0x0000000726800000| Untracked 
|  48|0x0000000726a00000, 0x0000000726c00000, 0x0000000726c00000|100%| O|  |TAMS 0x0000000726c00000, 0x0000000726a00000| Untracked 
|  49|0x0000000726c00000, 0x0000000726e00000, 0x0000000726e00000|100%| O|  |TAMS 0x0000000726e00000, 0x0000000726c00000| Untracked 
|  50|0x0000000726e00000, 0x0000000727000000, 0x0000000727000000|100%| O|  |TAMS 0x0000000727000000, 0x0000000726e00000| Untracked 
|  51|0x0000000727000000, 0x0000000727200000, 0x0000000727200000|100%| O|  |TAMS 0x0000000727200000, 0x0000000727000000| Untracked 
|  52|0x0000000727200000, 0x0000000727400000, 0x0000000727400000|100%| O|  |TAMS 0x0000000727400000, 0x0000000727200000| Untracked 
|  53|0x0000000727400000, 0x0000000727600000, 0x0000000727600000|100%| O|  |TAMS 0x0000000727600000, 0x0000000727400000| Untracked 
|  54|0x0000000727600000, 0x0000000727800000, 0x0000000727800000|100%| O|  |TAMS 0x0000000727800000, 0x0000000727600000| Untracked 
|  55|0x0000000727800000, 0x0000000727a00000, 0x0000000727a00000|100%| O|  |TAMS 0x0000000727a00000, 0x0000000727800000| Untracked 
|  56|0x0000000727a00000, 0x0000000727c00000, 0x0000000727c00000|100%| O|  |TAMS 0x0000000727c00000, 0x0000000727a00000| Untracked 
|  57|0x0000000727c00000, 0x0000000727e00000, 0x0000000727e00000|100%| O|  |TAMS 0x0000000727e00000, 0x0000000727c00000| Untracked 
|  58|0x0000000727e00000, 0x0000000728000000, 0x0000000728000000|100%| O|  |TAMS 0x0000000728000000, 0x0000000727e00000| Untracked 
|  59|0x0000000728000000, 0x0000000728200000, 0x0000000728200000|100%| O|  |TAMS 0x0000000728200000, 0x0000000728000000| Untracked 
|  60|0x0000000728200000, 0x0000000728400000, 0x0000000728400000|100%| O|  |TAMS 0x0000000728400000, 0x0000000728200000| Untracked 
|  61|0x0000000728400000, 0x0000000728600000, 0x0000000728600000|100%| O|  |TAMS 0x0000000728600000, 0x0000000728400000| Untracked 
|  62|0x0000000728600000, 0x0000000728800000, 0x0000000728800000|100%| O|  |TAMS 0x0000000728800000, 0x0000000728600000| Untracked 
|  63|0x0000000728800000, 0x0000000728a00000, 0x0000000728a00000|100%| O|  |TAMS 0x0000000728a00000, 0x0000000728800000| Untracked 
|  64|0x0000000728a00000, 0x0000000728c00000, 0x0000000728c00000|100%| O|  |TAMS 0x0000000728c00000, 0x0000000728a00000| Untracked 
|  65|0x0000000728c00000, 0x0000000728e00000, 0x0000000728e00000|100%| O|  |TAMS 0x0000000728e00000, 0x0000000728c00000| Untracked 
|  66|0x0000000728e00000, 0x0000000729000000, 0x0000000729000000|100%| O|  |TAMS 0x0000000729000000, 0x0000000728e00000| Untracked 
|  67|0x0000000729000000, 0x0000000729200000, 0x0000000729200000|100%| O|  |TAMS 0x0000000729200000, 0x0000000729000000| Untracked 
|  68|0x0000000729200000, 0x0000000729400000, 0x0000000729400000|100%| O|  |TAMS 0x0000000729400000, 0x0000000729200000| Untracked 
|  69|0x0000000729400000, 0x0000000729600000, 0x0000000729600000|100%| O|  |TAMS 0x0000000729600000, 0x0000000729400000| Untracked 
|  70|0x0000000729600000, 0x0000000729800000, 0x0000000729800000|100%| O|  |TAMS 0x0000000729800000, 0x0000000729600000| Untracked 
|  71|0x0000000729800000, 0x0000000729a00000, 0x0000000729a00000|100%| O|  |TAMS 0x0000000729a00000, 0x0000000729800000| Untracked 
|  72|0x0000000729a00000, 0x0000000729c00000, 0x0000000729c00000|100%| O|  |TAMS 0x0000000729c00000, 0x0000000729a00000| Untracked 
|  73|0x0000000729c00000, 0x0000000729e00000, 0x0000000729e00000|100%| O|  |TAMS 0x0000000729e00000, 0x0000000729c00000| Untracked 
|  74|0x0000000729e00000, 0x000000072a000000, 0x000000072a000000|100%| O|  |TAMS 0x000000072a000000, 0x0000000729e00000| Untracked 
|  75|0x000000072a000000, 0x000000072a050000, 0x000000072a200000| 15%| O|  |TAMS 0x000000072a050000, 0x000000072a000000| Untracked 
|  76|0x000000072a200000, 0x000000072a200000, 0x000000072a400000|  0%| F|  |TAMS 0x000000072a200000, 0x000000072a200000| Untracked 
|  77|0x000000072a400000, 0x000000072a400000, 0x000000072a600000|  0%| F|  |TAMS 0x000000072a400000, 0x000000072a400000| Untracked 
|  78|0x000000072a600000, 0x000000072a600000, 0x000000072a800000|  0%| F|  |TAMS 0x000000072a600000, 0x000000072a600000| Untracked 
|  79|0x000000072a800000, 0x000000072a800000, 0x000000072aa00000|  0%| F|  |TAMS 0x000000072a800000, 0x000000072a800000| Untracked 
|  80|0x000000072aa00000, 0x000000072aa00000, 0x000000072ac00000|  0%| F|  |TAMS 0x000000072aa00000, 0x000000072aa00000| Untracked 
|  81|0x000000072ac00000, 0x000000072ac00000, 0x000000072ae00000|  0%| F|  |TAMS 0x000000072ac00000, 0x000000072ac00000| Untracked 
|  82|0x000000072ae00000, 0x000000072ae00000, 0x000000072b000000|  0%| F|  |TAMS 0x000000072ae00000, 0x000000072ae00000| Untracked 
|  83|0x000000072b000000, 0x000000072b000000, 0x000000072b200000|  0%| F|  |TAMS 0x000000072b000000, 0x000000072b000000| Untracked 
|  84|0x000000072b200000, 0x000000072b200000, 0x000000072b400000|  0%| F|  |TAMS 0x000000072b200000, 0x000000072b200000| Untracked 
|  85|0x000000072b400000, 0x000000072b400000, 0x000000072b600000|  0%| F|  |TAMS 0x000000072b400000, 0x000000072b400000| Untracked 
|  86|0x000000072b600000, 0x000000072b600000, 0x000000072b800000|  0%| F|  |TAMS 0x000000072b600000, 0x000000072b600000| Untracked 
|  87|0x000000072b800000, 0x000000072b800000, 0x000000072ba00000|  0%| F|  |TAMS 0x000000072b800000, 0x000000072b800000| Untracked 
|  88|0x000000072ba00000, 0x000000072ba00000, 0x000000072bc00000|  0%| F|  |TAMS 0x000000072ba00000, 0x000000072ba00000| Untracked 
|  89|0x000000072bc00000, 0x000000072bc00000, 0x000000072be00000|  0%| F|  |TAMS 0x000000072bc00000, 0x000000072bc00000| Untracked 
|  90|0x000000072be00000, 0x000000072be00000, 0x000000072c000000|  0%| F|  |TAMS 0x000000072be00000, 0x000000072be00000| Untracked 
|  91|0x000000072c000000, 0x000000072c000000, 0x000000072c200000|  0%| F|  |TAMS 0x000000072c000000, 0x000000072c000000| Untracked 
|  92|0x000000072c200000, 0x000000072c200000, 0x000000072c400000|  0%| F|  |TAMS 0x000000072c200000, 0x000000072c200000| Untracked 
|  93|0x000000072c400000, 0x000000072c400000, 0x000000072c600000|  0%| F|  |TAMS 0x000000072c400000, 0x000000072c400000| Untracked 
|  94|0x000000072c600000, 0x000000072c600000, 0x000000072c800000|  0%| F|  |TAMS 0x000000072c600000, 0x000000072c600000| Untracked 
|  95|0x000000072c800000, 0x000000072c800000, 0x000000072ca00000|  0%| F|  |TAMS 0x000000072c800000, 0x000000072c800000| Untracked 
|  96|0x000000072ca00000, 0x000000072ca00000, 0x000000072cc00000|  0%| F|  |TAMS 0x000000072ca00000, 0x000000072ca00000| Untracked 
|  97|0x000000072cc00000, 0x000000072cc00000, 0x000000072ce00000|  0%| F|  |TAMS 0x000000072cc00000, 0x000000072cc00000| Untracked 
|  98|0x000000072ce00000, 0x000000072ce00000, 0x000000072d000000|  0%| F|  |TAMS 0x000000072ce00000, 0x000000072ce00000| Untracked 
|  99|0x000000072d000000, 0x000000072d000000, 0x000000072d200000|  0%| F|  |TAMS 0x000000072d000000, 0x000000072d000000| Untracked 
| 100|0x000000072d200000, 0x000000072d200000, 0x000000072d400000|  0%| F|  |TAMS 0x000000072d200000, 0x000000072d200000| Untracked 
| 101|0x000000072d400000, 0x000000072d400000, 0x000000072d600000|  0%| F|  |TAMS 0x000000072d400000, 0x000000072d400000| Untracked 
| 102|0x000000072d600000, 0x000000072d600000, 0x000000072d800000|  0%| F|  |TAMS 0x000000072d600000, 0x000000072d600000| Untracked 
| 103|0x000000072d800000, 0x000000072d800000, 0x000000072da00000|  0%| F|  |TAMS 0x000000072d800000, 0x000000072d800000| Untracked 
| 104|0x000000072da00000, 0x000000072da5f710, 0x000000072dc00000| 18%| S|CS|TAMS 0x000000072da00000, 0x000000072da00000| Complete 
| 105|0x000000072dc00000, 0x000000072de00000, 0x000000072de00000|100%| S|CS|TAMS 0x000000072dc00000, 0x000000072dc00000| Complete 
| 106|0x000000072de00000, 0x000000072e000000, 0x000000072e000000|100%| S|CS|TAMS 0x000000072de00000, 0x000000072de00000| Complete 
| 107|0x000000072e000000, 0x000000072e200000, 0x000000072e200000|100%| S|CS|TAMS 0x000000072e000000, 0x000000072e000000| Complete 
| 108|0x000000072e200000, 0x000000072e200000, 0x000000072e400000|  0%| F|  |TAMS 0x000000072e200000, 0x000000072e200000| Untracked 
| 109|0x000000072e400000, 0x000000072e400000, 0x000000072e600000|  0%| F|  |TAMS 0x000000072e400000, 0x000000072e400000| Untracked 
| 110|0x000000072e600000, 0x000000072e600000, 0x000000072e800000|  0%| F|  |TAMS 0x000000072e600000, 0x000000072e600000| Untracked 
| 111|0x000000072e800000, 0x000000072ea00000, 0x000000072ea00000|100%| S|CS|TAMS 0x000000072e800000, 0x000000072e800000| Complete 
| 112|0x000000072ea00000, 0x000000072ea00000, 0x000000072ec00000|  0%| F|  |TAMS 0x000000072ea00000, 0x000000072ea00000| Untracked 
| 113|0x000000072ec00000, 0x000000072ed37150, 0x000000072ee00000| 60%| E|  |TAMS 0x000000072ec00000, 0x000000072ec00000| Complete 
| 114|0x000000072ee00000, 0x000000072f000000, 0x000000072f000000|100%| E|CS|TAMS 0x000000072ee00000, 0x000000072ee00000| Complete 
| 115|0x000000072f000000, 0x000000072f200000, 0x000000072f200000|100%| E|CS|TAMS 0x000000072f000000, 0x000000072f000000| Complete 
| 116|0x000000072f200000, 0x000000072f400000, 0x000000072f400000|100%| E|CS|TAMS 0x000000072f200000, 0x000000072f200000| Complete 
| 117|0x000000072f400000, 0x000000072f600000, 0x000000072f600000|100%| E|CS|TAMS 0x000000072f400000, 0x000000072f400000| Complete 
| 118|0x000000072f600000, 0x000000072f800000, 0x000000072f800000|100%| E|CS|TAMS 0x000000072f600000, 0x000000072f600000| Complete 
| 119|0x000000072f800000, 0x000000072fa00000, 0x000000072fa00000|100%| E|CS|TAMS 0x000000072f800000, 0x000000072f800000| Complete 
| 120|0x000000072fa00000, 0x000000072fc00000, 0x000000072fc00000|100%| E|CS|TAMS 0x000000072fa00000, 0x000000072fa00000| Complete 
| 121|0x000000072fc00000, 0x000000072fe00000, 0x000000072fe00000|100%| E|CS|TAMS 0x000000072fc00000, 0x000000072fc00000| Complete 
| 122|0x000000072fe00000, 0x0000000730000000, 0x0000000730000000|100%| E|CS|TAMS 0x000000072fe00000, 0x000000072fe00000| Complete 
| 123|0x0000000730000000, 0x0000000730200000, 0x0000000730200000|100%| E|CS|TAMS 0x0000000730000000, 0x0000000730000000| Complete 
| 124|0x0000000730200000, 0x0000000730400000, 0x0000000730400000|100%| E|CS|TAMS 0x0000000730200000, 0x0000000730200000| Complete 
| 125|0x0000000730400000, 0x0000000730600000, 0x0000000730600000|100%| E|CS|TAMS 0x0000000730400000, 0x0000000730400000| Complete 
| 126|0x0000000730600000, 0x0000000730800000, 0x0000000730800000|100%| E|CS|TAMS 0x0000000730600000, 0x0000000730600000| Complete 
| 127|0x0000000730800000, 0x0000000730a00000, 0x0000000730a00000|100%| E|CS|TAMS 0x0000000730800000, 0x0000000730800000| Complete 
| 128|0x0000000730a00000, 0x0000000730c00000, 0x0000000730c00000|100%| E|  |TAMS 0x0000000730a00000, 0x0000000730a00000| Complete 
| 129|0x0000000730c00000, 0x0000000730e00000, 0x0000000730e00000|100%| E|CS|TAMS 0x0000000730c00000, 0x0000000730c00000| Complete 
| 130|0x0000000730e00000, 0x0000000731000000, 0x0000000731000000|100%| E|CS|TAMS 0x0000000730e00000, 0x0000000730e00000| Complete 
| 131|0x0000000731000000, 0x0000000731200000, 0x0000000731200000|100%| E|CS|TAMS 0x0000000731000000, 0x0000000731000000| Complete 
| 132|0x0000000731200000, 0x0000000731400000, 0x0000000731400000|100%| E|CS|TAMS 0x0000000731200000, 0x0000000731200000| Complete 
| 133|0x0000000731400000, 0x0000000731600000, 0x0000000731600000|100%| E|CS|TAMS 0x0000000731400000, 0x0000000731400000| Complete 
| 134|0x0000000731600000, 0x0000000731800000, 0x0000000731800000|100%| E|CS|TAMS 0x0000000731600000, 0x0000000731600000| Complete 
| 135|0x0000000731800000, 0x0000000731a00000, 0x0000000731a00000|100%| E|CS|TAMS 0x0000000731800000, 0x0000000731800000| Complete 
| 136|0x0000000731a00000, 0x0000000731c00000, 0x0000000731c00000|100%| E|CS|TAMS 0x0000000731a00000, 0x0000000731a00000| Complete 
| 137|0x0000000731c00000, 0x0000000731e00000, 0x0000000731e00000|100%| E|CS|TAMS 0x0000000731c00000, 0x0000000731c00000| Complete 
| 138|0x0000000731e00000, 0x0000000732000000, 0x0000000732000000|100%| E|CS|TAMS 0x0000000731e00000, 0x0000000731e00000| Complete 
| 139|0x0000000732000000, 0x0000000732200000, 0x0000000732200000|100%| E|CS|TAMS 0x0000000732000000, 0x0000000732000000| Complete 
| 140|0x0000000732200000, 0x0000000732400000, 0x0000000732400000|100%| E|CS|TAMS 0x0000000732200000, 0x0000000732200000| Complete 
| 141|0x0000000732400000, 0x0000000732600000, 0x0000000732600000|100%| E|CS|TAMS 0x0000000732400000, 0x0000000732400000| Complete 
| 142|0x0000000732600000, 0x0000000732800000, 0x0000000732800000|100%| E|CS|TAMS 0x0000000732600000, 0x0000000732600000| Complete 
| 143|0x0000000732800000, 0x0000000732a00000, 0x0000000732a00000|100%| E|CS|TAMS 0x0000000732800000, 0x0000000732800000| Complete 
| 144|0x0000000732a00000, 0x0000000732c00000, 0x0000000732c00000|100%| E|CS|TAMS 0x0000000732a00000, 0x0000000732a00000| Complete 
| 145|0x0000000732c00000, 0x0000000732e00000, 0x0000000732e00000|100%| E|CS|TAMS 0x0000000732c00000, 0x0000000732c00000| Complete 
| 146|0x0000000732e00000, 0x0000000733000000, 0x0000000733000000|100%| E|CS|TAMS 0x0000000732e00000, 0x0000000732e00000| Complete 
| 147|0x0000000733000000, 0x0000000733200000, 0x0000000733200000|100%| E|CS|TAMS 0x0000000733000000, 0x0000000733000000| Complete 
| 148|0x0000000733200000, 0x0000000733400000, 0x0000000733400000|100%| E|CS|TAMS 0x0000000733200000, 0x0000000733200000| Complete 
| 149|0x0000000733400000, 0x0000000733600000, 0x0000000733600000|100%| E|CS|TAMS 0x0000000733400000, 0x0000000733400000| Complete 
| 150|0x0000000733600000, 0x0000000733800000, 0x0000000733800000|100%| E|CS|TAMS 0x0000000733600000, 0x0000000733600000| Complete 
| 151|0x0000000733800000, 0x0000000733a00000, 0x0000000733a00000|100%| E|CS|TAMS 0x0000000733800000, 0x0000000733800000| Complete 
| 152|0x0000000733a00000, 0x0000000733c00000, 0x0000000733c00000|100%| E|CS|TAMS 0x0000000733a00000, 0x0000000733a00000| Complete 
| 153|0x0000000733c00000, 0x0000000733e00000, 0x0000000733e00000|100%| E|CS|TAMS 0x0000000733c00000, 0x0000000733c00000| Complete 
| 154|0x0000000733e00000, 0x0000000734000000, 0x0000000734000000|100%| E|CS|TAMS 0x0000000733e00000, 0x0000000733e00000| Complete 
| 155|0x0000000734000000, 0x0000000734200000, 0x0000000734200000|100%| E|CS|TAMS 0x0000000734000000, 0x0000000734000000| Complete 
| 156|0x0000000734200000, 0x0000000734400000, 0x0000000734400000|100%| E|CS|TAMS 0x0000000734200000, 0x0000000734200000| Complete 
| 157|0x0000000734400000, 0x0000000734600000, 0x0000000734600000|100%| E|CS|TAMS 0x0000000734400000, 0x0000000734400000| Complete 
| 158|0x0000000734600000, 0x0000000734800000, 0x0000000734800000|100%| E|CS|TAMS 0x0000000734600000, 0x0000000734600000| Complete 
| 159|0x0000000734800000, 0x0000000734a00000, 0x0000000734a00000|100%| E|CS|TAMS 0x0000000734800000, 0x0000000734800000| Complete 
| 160|0x0000000734a00000, 0x0000000734c00000, 0x0000000734c00000|100%| E|CS|TAMS 0x0000000734a00000, 0x0000000734a00000| Complete 
| 161|0x0000000734c00000, 0x0000000734e00000, 0x0000000734e00000|100%| E|CS|TAMS 0x0000000734c00000, 0x0000000734c00000| Complete 
| 162|0x0000000734e00000, 0x0000000735000000, 0x0000000735000000|100%| E|CS|TAMS 0x0000000734e00000, 0x0000000734e00000| Complete 
| 163|0x0000000735000000, 0x0000000735200000, 0x0000000735200000|100%| E|CS|TAMS 0x0000000735000000, 0x0000000735000000| Complete 

Card table byte_map: [0x0000013b7d740000,0x0000013b7de40000] _byte_map_base: 0x0000013b79e3b000

Marking Bits (Prev, Next): (CMBitMap*) 0x0000013b752bc3e0, (CMBitMap*) 0x0000013b752bc420
 Prev Bits: [0x0000013b0f000000, 0x0000013b127d8000)
 Next Bits: [0x0000013b127e0000, 0x0000013b15fb8000)

Polling page: 0x0000013b731e0000

Metaspace:

Usage:
  Non-class:     59.81 MB used.
      Class:      9.71 MB used.
       Both:     69.52 MB used.

Virtual space:
  Non-class space:       64.00 MB reserved,      60.44 MB ( 94%) committed,  8 nodes.
      Class space:        1.00 GB reserved,      10.19 MB ( <1%) committed,  1 nodes.
             Both:        1.06 GB reserved,      70.62 MB (  6%) committed. 

Chunk freelists:
   Non-Class:  3.42 MB
       Class:  1.85 MB
        Both:  5.26 MB

MaxMetaspaceSize: unlimited
CompressedClassSpaceSize: 1.00 GB
Initial GC threshold: 21.00 MB
Current GC threshold: 109.31 MB
CDS: on
MetaspaceReclaimPolicy: balanced
 - commit_granule_bytes: 65536.
 - commit_granule_words: 8192.
 - virtual_space_node_default_size: 1048576.
 - enlarge_chunks_in_place: 1.
 - new_chunks_are_fully_committed: 0.
 - uncommit_free_chunks: 1.
 - use_allocation_guard: 0.
 - handle_deallocations: 1.


Internal statistics:

num_allocs_failed_limit: 6.
num_arena_births: 1728.
num_arena_deaths: 0.
num_vsnodes_births: 9.
num_vsnodes_deaths: 0.
num_space_committed: 1127.
num_space_uncommitted: 0.
num_chunks_returned_to_freelist: 6.
num_chunks_taken_from_freelist: 4626.
num_chunk_merges: 6.
num_chunk_splits: 3046.
num_chunks_enlarged: 2083.
num_purges: 0.
num_inconsistent_stats: 0.

CodeHeap 'non-profiled nmethods': size=120000Kb used=6051Kb max_used=6421Kb free=113948Kb
 bounds [0x0000013b07ad0000, 0x0000013b08120000, 0x0000013b0f000000]
CodeHeap 'profiled nmethods': size=120000Kb used=10170Kb max_used=12878Kb free=109829Kb
 bounds [0x0000013b005a0000, 0x0000013b01240000, 0x0000013b07ad0000]
CodeHeap 'non-nmethods': size=5760Kb used=1957Kb max_used=1995Kb free=3802Kb
 bounds [0x0000013b00000000, 0x0000013b00270000, 0x0000013b005a0000]
 total_blobs=8177 nmethods=6699 adapters=1390
 compilation: enabled
              stopped_count=0, restarted_count=0
 full_count=0

Compilation events (20 events):
Event: 35.102 Thread 0x0000013b7f87ea00 nmethod 9831 0x0000013b00606210 code [0x0000013b006063c0, 0x0000013b006065c8]
Event: 35.105 Thread 0x0000013b7f87d960 nmethod 9826% 0x0000013b07f65190 code [0x0000013b07f65320, 0x0000013b07f655f8]
Event: 35.106 Thread 0x0000013b7f87ea00 9833       3       sun.misc.Unsafe::putInt (11 bytes)
Event: 35.106 Thread 0x0000013b7f87ea00 nmethod 9833 0x0000013b005d7e90 code [0x0000013b005d8020, 0x0000013b005d8138]
Event: 35.107 Thread 0x0000013b7f87ea00 9834       3       org.lwjgl.system.MemoryUtil::encodeASCIIUnsafe (53 bytes)
Event: 35.107 Thread 0x0000013b7f87ea00 nmethod 9834 0x0000013b005fd310 code [0x0000013b005fd4e0, 0x0000013b005fd8f8]
Event: 35.107 Thread 0x0000013b7f87ea00 9835       3       java.nio.ByteBuffer::order (48 bytes)
Event: 35.108 Thread 0x0000013b7f87ea00 nmethod 9835 0x0000013b005fc890 code [0x0000013b005fca40, 0x0000013b005fcc78]
Event: 35.108 Thread 0x0000013b7f87ea00 9836       1       org.lwjgl.system.Pointer$Default::address (5 bytes)
Event: 35.108 Thread 0x0000013b7f87ea00 nmethod 9836 0x0000013b07c06110 code [0x0000013b07c062a0, 0x0000013b07c06378]
Event: 35.145 Thread 0x0000013b7f87ea00 9837       3       java.util.concurrent.ConcurrentHashMap::isEmpty (15 bytes)
Event: 35.146 Thread 0x0000013b7f87ea00 nmethod 9837 0x0000013b005fa810 code [0x0000013b005fa9c0, 0x0000013b005fab68]
Event: 35.183 Thread 0x0000013b7f87ea00 9841       3       sun.misc.Unsafe::getInt (9 bytes)
Event: 35.183 Thread 0x0000013b7f87ea00 nmethod 9841 0x0000013b00661010 code [0x0000013b006611a0, 0x0000013b006612b8]
Event: 35.183 Thread 0x0000013b7f87ea00 9842       3       org.lwjgl.system.CustomBuffer::address (19 bytes)
Event: 35.183 Thread 0x0000013b7f87ea00 nmethod 9842 0x0000013b006a3810 code [0x0000013b006a39c0, 0x0000013b006a3c28]
Event: 35.184 Thread 0x0000013b7f87ea00 9843       3       org.lwjgl.system.StructBuffer::sizeof (8 bytes)
Event: 35.184 Thread 0x0000013b7f87ea00 nmethod 9843 0x0000013b005f2710 code [0x0000013b005f28c0, 0x0000013b005f2b18]
Event: 35.190 Thread 0x0000013b7f87ea00 9846       3       cpw.mods.cl.ModuleClassLoader$$Lambda$194/0x0000000800cc70e8::apply (12 bytes)
Event: 35.190 Thread 0x0000013b7f87ea00 nmethod 9846 0x0000013b005f9e90 code [0x0000013b005fa040, 0x0000013b005fa388]

GC Heap History (20 events):
Event: 15.891 GC heap before
{Heap before GC invocations=13 (full 0):
 garbage-first heap   total 245760K, used 201543K [0x0000000720a00000, 0x0000000800000000)
  region size 2048K, 64 young (131072K), 2 survivors (4096K)
 Metaspace       used 27413K, committed 28224K, reserved 1073152K
  class space    used 3428K, committed 3776K, reserved 1048576K
}
Event: 15.898 GC heap after
{Heap after GC invocations=14 (full 0):
 garbage-first heap   total 245760K, used 76866K [0x0000000720a00000, 0x0000000800000000)
  region size 2048K, 3 young (6144K), 3 survivors (6144K)
 Metaspace       used 27413K, committed 28224K, reserved 1073152K
  class space    used 3428K, committed 3776K, reserved 1048576K
}
Event: 17.159 GC heap before
{Heap before GC invocations=14 (full 0):
 garbage-first heap   total 245760K, used 216130K [0x0000000720a00000, 0x0000000800000000)
  region size 2048K, 65 young (133120K), 3 survivors (6144K)
 Metaspace       used 29791K, committed 30592K, reserved 1081344K
  class space    used 3740K, committed 4096K, reserved 1048576K
}
Event: 17.168 GC heap after
{Heap after GC invocations=15 (full 0):
 garbage-first heap   total 245760K, used 92093K [0x0000000720a00000, 0x0000000800000000)
  region size 2048K, 5 young (10240K), 5 survivors (10240K)
 Metaspace       used 29791K, committed 30592K, reserved 1081344K
  class space    used 3740K, committed 4096K, reserved 1048576K
}
Event: 21.093 GC heap before
{Heap before GC invocations=15 (full 0):
 garbage-first heap   total 245760K, used 165821K [0x0000000720a00000, 0x0000000800000000)
  region size 2048K, 42 young (86016K), 5 survivors (10240K)
 Metaspace       used 35197K, committed 36096K, reserved 1081344K
  class space    used 4322K, committed 4736K, reserved 1048576K
}
Event: 21.102 GC heap after
{Heap after GC invocations=16 (full 0):
 garbage-first heap   total 245760K, used 93577K [0x0000000720a00000, 0x0000000800000000)
  region size 2048K, 5 young (10240K), 5 survivors (10240K)
 Metaspace       used 35197K, committed 36096K, reserved 1081344K
  class space    used 4322K, committed 4736K, reserved 1048576K
}
Event: 23.444 GC heap before
{Heap before GC invocations=17 (full 0):
 garbage-first heap   total 245760K, used 206217K [0x0000000720a00000, 0x0000000800000000)
  region size 2048K, 60 young (122880K), 5 survivors (10240K)
 Metaspace       used 41519K, committed 42496K, reserved 1089536K
  class space    used 5354K, committed 5824K, reserved 1048576K
}
Event: 23.458 GC heap after
{Heap after GC invocations=18 (full 0):
 garbage-first heap   total 245760K, used 99293K [0x0000000720a00000, 0x0000000800000000)
  region size 2048K, 7 young (14336K), 7 survivors (14336K)
 Metaspace       used 41519K, committed 42496K, reserved 1089536K
  class space    used 5354K, committed 5824K, reserved 1048576K
}
Event: 24.274 GC heap before
{Heap before GC invocations=18 (full 0):
 garbage-first heap   total 245760K, used 203741K [0x0000000720a00000, 0x0000000800000000)
  region size 2048K, 58 young (118784K), 7 survivors (14336K)
 Metaspace       used 42850K, committed 43840K, reserved 1089536K
  class space    used 5530K, committed 5952K, reserved 1048576K
}
Event: 24.296 GC heap after
{Heap after GC invocations=19 (full 0):
 garbage-first heap   total 245760K, used 108773K [0x0000000720a00000, 0x0000000800000000)
  region size 2048K, 8 young (16384K), 8 survivors (16384K)
 Metaspace       used 42850K, committed 43840K, reserved 1089536K
  class space    used 5530K, committed 5952K, reserved 1048576K
}
Event: 24.619 GC heap before
{Heap before GC invocations=19 (full 0):
 garbage-first heap   total 245760K, used 200933K [0x0000000720a00000, 0x0000000800000000)
  region size 2048K, 53 young (108544K), 8 survivors (16384K)
 Metaspace       used 43143K, committed 44096K, reserved 1089536K
  class space    used 5570K, committed 6016K, reserved 1048576K
}
Event: 24.649 GC heap after
{Heap after GC invocations=20 (full 0):
 garbage-first heap   total 245760K, used 120688K [0x0000000720a00000, 0x0000000800000000)
  region size 2048K, 6 young (12288K), 6 survivors (12288K)
 Metaspace       used 43143K, committed 44096K, reserved 1089536K
  class space    used 5570K, committed 6016K, reserved 1048576K
}
Event: 25.028 GC heap before
{Heap before GC invocations=20 (full 0):
 garbage-first heap   total 245760K, used 198512K [0x0000000720a00000, 0x0000000800000000)
  region size 2048K, 44 young (90112K), 6 survivors (12288K)
 Metaspace       used 43781K, committed 44736K, reserved 1089536K
  class space    used 5639K, committed 6080K, reserved 1048576K
}
Event: 25.046 GC heap after
{Heap after GC invocations=21 (full 0):
 garbage-first heap   total 335872K, used 128538K [0x0000000720a00000, 0x0000000800000000)
  region size 2048K, 4 young (8192K), 4 survivors (8192K)
 Metaspace       used 43781K, committed 44736K, reserved 1089536K
  class space    used 5639K, committed 6080K, reserved 1048576K
}
Event: 27.889 GC heap before
{Heap before GC invocations=22 (full 0):
 garbage-first heap   total 335872K, used 265754K [0x0000000720a00000, 0x0000000800000000)
  region size 2048K, 71 young (145408K), 4 survivors (8192K)
 Metaspace       used 50003K, committed 51072K, reserved 1097728K
  class space    used 6504K, committed 6976K, reserved 1048576K
}
Event: 27.909 GC heap after
{Heap after GC invocations=23 (full 0):
 garbage-first heap   total 335872K, used 151481K [0x0000000720a00000, 0x0000000800000000)
  region size 2048K, 9 young (18432K), 9 survivors (18432K)
 Metaspace       used 50003K, committed 51072K, reserved 1097728K
  class space    used 6504K, committed 6976K, reserved 1048576K
}
Event: 30.874 GC heap before
{Heap before GC invocations=23 (full 0):
 garbage-first heap   total 335872K, used 260025K [0x0000000720a00000, 0x0000000800000000)
  region size 2048K, 62 young (126976K), 9 survivors (18432K)
 Metaspace       used 60532K, committed 61632K, reserved 1105920K
  class space    used 8342K, committed 8832K, reserved 1048576K
}
Event: 30.891 GC heap after
{Heap after GC invocations=24 (full 0):
 garbage-first heap   total 335872K, used 157352K [0x0000000720a00000, 0x0000000800000000)
  region size 2048K, 3 young (6144K), 3 survivors (6144K)
 Metaspace       used 60532K, committed 61632K, reserved 1105920K
  class space    used 8342K, committed 8832K, reserved 1048576K
}
Event: 32.645 GC heap before
{Heap before GC invocations=24 (full 0):
 garbage-first heap   total 335872K, used 263848K [0x0000000720a00000, 0x0000000800000000)
  region size 2048K, 55 young (112640K), 3 survivors (6144K)
 Metaspace       used 65458K, committed 66560K, reserved 1105920K
  class space    used 9110K, committed 9600K, reserved 1048576K
}
Event: 32.655 GC heap after
{Heap after GC invocations=25 (full 0):
 garbage-first heap   total 335872K, used 160922K [0x0000000720a00000, 0x0000000800000000)
  region size 2048K, 5 young (10240K), 5 survivors (10240K)
 Metaspace       used 65458K, committed 66560K, reserved 1105920K
  class space    used 9110K, committed 9600K, reserved 1048576K
}

Dll operation events (11 events):
Event: 0.078 Loaded shared library C:\Users\yangj\Desktop\MCreator20231\jdk\bin\java.dll
Event: 0.132 Loaded shared library C:\Users\yangj\Desktop\MCreator20231\jdk\bin\jsvml.dll
Event: 0.359 Loaded shared library C:\Users\yangj\Desktop\MCreator20231\jdk\bin\net.dll
Event: 0.388 Loaded shared library C:\Users\yangj\Desktop\MCreator20231\jdk\bin\nio.dll
Event: 0.415 Loaded shared library C:\Users\yangj\Desktop\MCreator20231\jdk\bin\zip.dll
Event: 0.561 Loaded shared library C:\Users\yangj\Desktop\MCreator20231\jdk\bin\jimage.dll
Event: 1.562 Loaded shared library C:\Users\yangj\Desktop\MCreator20231\jdk\bin\verify.dll
Event: 5.288 Loaded shared library C:\Users\yangj\Desktop\MCreator20231\jdk\bin\management.dll
Event: 5.324 Loaded shared library C:\Users\yangj\Desktop\MCreator20231\jdk\bin\management_ext.dll
Event: 17.128 Loaded shared library C:\Users\yangj\AppData\Local\Temp\jna-114744777\jna12598713585741564979.dll
Event: 33.325 Loaded shared library C:\Users\yangj\AppData\Local\Temp\lwjglyangj\3.3.1-build-7\lwjgl.dll

Deoptimization events (20 events):
Event: 35.001 Thread 0x0000013b75259c80 DEOPT PACKING pc=0x0000013b07f7cec0 sp=0x000000105f4fcd00
Event: 35.001 Thread 0x0000013b75259c80 DEOPT UNPACKING pc=0x0000013b000523a3 sp=0x000000105f4fca40 mode 2
Event: 35.035 Thread 0x0000013b75259c80 DEOPT PACKING pc=0x0000013b009b3314 sp=0x000000105f4fdf10
Event: 35.035 Thread 0x0000013b75259c80 DEOPT UNPACKING pc=0x0000013b00052b43 sp=0x000000105f4fd3e8 mode 0
Event: 35.043 Thread 0x0000013b75259c80 Uncommon trap: trap_request=0xffffff45 fr.pc=0x0000013b080e0f6c relative=0x000000000000028c
Event: 35.043 Thread 0x0000013b75259c80 Uncommon trap: reason=unstable_if action=reinterpret pc=0x0000013b080e0f6c method=com.google.gson.stream.JsonReader.doPeek()I @ 315 c2
Event: 35.043 Thread 0x0000013b75259c80 DEOPT PACKING pc=0x0000013b080e0f6c sp=0x000000105f4fdfd0
Event: 35.043 Thread 0x0000013b75259c80 DEOPT UNPACKING pc=0x0000013b000523a3 sp=0x000000105f4fdf58 mode 2
Event: 35.043 Thread 0x0000013b75259c80 Uncommon trap: trap_request=0xffffff45 fr.pc=0x0000013b080faa9c relative=0x000000000000395c
Event: 35.043 Thread 0x0000013b75259c80 Uncommon trap: reason=unstable_if action=reinterpret pc=0x0000013b080faa9c method=com.google.gson.stream.JsonReader.peek()Lcom/google/gson/stream/JsonToken; @ 6 c2
Event: 35.044 Thread 0x0000013b75259c80 DEOPT PACKING pc=0x0000013b080faa9c sp=0x000000105f4fdf20
Event: 35.044 Thread 0x0000013b75259c80 DEOPT UNPACKING pc=0x0000013b000523a3 sp=0x000000105f4fdec8 mode 2
Event: 35.113 Thread 0x0000013b75259c80 Uncommon trap: trap_request=0xffffff45 fr.pc=0x0000013b0809905c relative=0x000000000000669c
Event: 35.113 Thread 0x0000013b75259c80 Uncommon trap: reason=unstable_if action=reinterpret pc=0x0000013b0809905c method=cpw.mods.jarhandling.impl.Jar.findFile(Ljava/lang/String;)Ljava/util/Optional; @ 23 c2
Event: 35.113 Thread 0x0000013b75259c80 DEOPT PACKING pc=0x0000013b0809905c sp=0x000000105f4fb0b0
Event: 35.113 Thread 0x0000013b75259c80 DEOPT UNPACKING pc=0x0000013b000523a3 sp=0x000000105f4faf28 mode 2
Event: 35.113 Thread 0x0000013b75259c80 Uncommon trap: trap_request=0xffffff45 fr.pc=0x0000013b07e777d0 relative=0x00000000000031f0
Event: 35.113 Thread 0x0000013b75259c80 Uncommon trap: reason=unstable_if action=reinterpret pc=0x0000013b07e777d0 method=cpw.mods.niofs.union.UnionFileSystem.getPath(Ljava/lang/String;[Ljava/lang/String;)Ljava/nio/file/Path; @ 2 c2
Event: 35.113 Thread 0x0000013b75259c80 DEOPT PACKING pc=0x0000013b07e777d0 sp=0x000000105f4fae40
Event: 35.113 Thread 0x0000013b75259c80 DEOPT UNPACKING pc=0x0000013b000523a3 sp=0x000000105f4faea8 mode 2

Classes unloaded (0 events):
No events

Classes redefined (0 events):
No events

Internal exceptions (20 events):
Event: 33.781 Thread 0x0000013b75259c80 Exception <a 'sun/nio/fs/WindowsException'{0x00000007321975d8}> (0x00000007321975d8) 
thrown [s\src\hotspot\share\prims\jni.cpp, line 516]
Event: 34.205 Thread 0x0000013b75259c80 Exception <a 'java/lang/NoSuchMethodError'{0x00000007311df7c8}: 'int java.lang.invoke.DirectMethodHandle$Holder.invokeStatic(java.lang.Object)'> (0x00000007311df7c8) 
thrown [s\src\hotspot\share\interpreter\linkResolver.cpp, line 759]
Event: 34.312 Thread 0x0000013b75259c80 Exception <a 'java/lang/NoSuchMethodError'{0x0000000730a27310}: 'java.lang.Object java.lang.invoke.Invokers$Holder.linkToTargetMethod(java.lang.Object, int, java.lang.Object, java.lang.Object)'> (0x0000000730a27310) 
thrown [s\src\hotspot\share\interpreter\linkResolver.cpp, line 759]
Event: 34.378 Thread 0x0000013b75259c80 Exception <a 'java/lang/NoSuchMethodError'{0x0000000730ada690}: 'int java.lang.invoke.DirectMethodHandle$Holder.invokeStaticInit(java.lang.Object)'> (0x0000000730ada690) 
thrown [s\src\hotspot\share\interpreter\linkResolver.cpp, line 759]
Event: 34.379 Thread 0x0000013b75259c80 Exception <a 'java/lang/NoSuchMethodError'{0x0000000730ae1a78}: 'int java.lang.invoke.Invokers$Holder.invokeExact_MT(java.lang.Object, java.lang.Object)'> (0x0000000730ae1a78) 
thrown [s\src\hotspot\share\interpreter\linkResolver.cpp, line 759]
Event: 34.388 Thread 0x0000013b75259c80 Exception <a 'sun/nio/fs/WindowsException'{0x0000000730ba2a20}> (0x0000000730ba2a20) 
thrown [s\src\hotspot\share\prims\jni.cpp, line 516]
Event: 34.388 Thread 0x0000013b75259c80 Exception <a 'sun/nio/fs/WindowsException'{0x0000000730ba2d80}> (0x0000000730ba2d80) 
thrown [s\src\hotspot\share\prims\jni.cpp, line 516]
Event: 34.409 Thread 0x0000013b75259c80 Exception <a 'java/lang/NoSuchMethodError'{0x0000000730890350}: 'java.lang.Object java.lang.invoke.DirectMethodHandle$Holder.invokeInterface(java.lang.Object, java.lang.Object, double)'> (0x0000000730890350) 
thrown [s\src\hotspot\share\interpreter\linkResolver.cpp, line 759]
Event: 34.410 Thread 0x0000013b75259c80 Exception <a 'java/lang/NoSuchMethodError'{0x0000000730896b98}: 'double java.lang.invoke.DirectMethodHandle$Holder.invokeInterface(java.lang.Object, java.lang.Object, java.lang.Object)'> (0x0000000730896b98) 
thrown [s\src\hotspot\share\interpreter\linkResolver.cpp, line 759]
Event: 34.733 Thread 0x0000013b75259c80 Exception <a 'java/lang/NoSuchMethodError'{0x000000072ffd0a60}: 'java.lang.Object java.lang.invoke.DirectMethodHandle$Holder.newInvokeSpecial(java.lang.Object, java.lang.Object, java.lang.Object, java.lang.Object, java.lang.Object, java.lang.Object, java.lang.Object, java.lang.Object, java.lang.Object, java.lang.Object)'> (0x000000072ffd0a60) 
thrown [s\src\hotspot\share\interpreter\linkResolver.cpp, line 759]
Event: 34.734 Thread 0x0000013b75259c80 Exception <a 'java/lang/NoSuchMethodError'{0x000000072ffd5028}: 'java.lang.Object java.lang.invoke.Invokers$Holder.linkToTargetMethod(java.lang.Object, java.lang.Object, java.lang.Object, java.lang.Object, java.lang.Object, java.lang.Object, java.lang.Object, java.lang.Object, java.lang.Object, java.lang.Object)'> (0x000000072ffd5028) 
thrown [s\src\hotspot\share\interpreter\linkResolver.cpp, line 759]
Event: 34.847 Thread 0x0000013b75259c80 Exception <a 'java/lang/NoSuchMethodError'{0x000000072f923e58}: 'java.lang.Object java.lang.invoke.Invokers$Holder.linkToTargetMethod(java.lang.Object, java.lang.Object, java.lang.Object, java.lang.Object, java.lang.Object, java.lang.Object, java.lang.Object, java.lang.Object, java.lang.Object)'> (0x000000072f923e58) 
thrown [s\src\hotspot\share\interpreter\linkResolver.cpp, line 759]
Event: 34.957 Thread 0x0000013b75259c80 Exception <a 'java/lang/NoSuchMethodError'{0x000000072f5e3418}: 'java.lang.Object java.lang.invoke.DirectMethodHandle$Holder.invokeSpecial(java.lang.Object, java.lang.Object, java.lang.Object, java.lang.Object, java.lang.Object, int, java.lang.Object)'> (0x000000072f5e3418) 
thrown [s\src\hotspot\share\interpreter\linkResolver.cpp, line 759]
Event: 34.958 Thread 0x0000013b75259c80 Exception <a 'java/lang/NoSuchMethodError'{0x000000072f5ebaa0}: 'java.lang.Object java.lang.invoke.DirectMethodHandle$Holder.invokeSpecial(java.lang.Object, java.lang.Object, java.lang.Object, java.lang.Object, java.lang.Object, java.lang.Object, int)'> (0x000000072f5ebaa0) 
thrown [s\src\hotspot\share\interpreter\linkResolver.cpp, line 759]
Event: 34.958 Thread 0x0000013b75259c80 Exception <a 'java/lang/NoSuchMethodError'{0x000000072f5ef380}: 'java.lang.Object java.lang.invoke.Invokers$Holder.linkToTargetMethod(java.lang.Object, java.lang.Object, java.lang.Object, java.lang.Object, int, java.lang.Object)'> (0x000000072f5ef380) 
thrown [s\src\hotspot\share\interpreter\linkResolver.cpp, line 759]
Event: 35.001 Thread 0x0000013b75259c80 Implicit null exception at 0x0000013b07f7c768 to 0x0000013b07f7cea8
Event: 35.146 Thread 0x0000013b75259c80 Exception <a 'java/lang/NoSuchMethodError'{0x000000072ef79b48}: 'long java.lang.invoke.DirectMethodHandle$Holder.invokeInterface(java.lang.Object, java.lang.Object)'> (0x000000072ef79b48) 
thrown [s\src\hotspot\share\interpreter\linkResolver.cpp, line 759]
Event: 35.151 Thread 0x0000013b75259c80 Exception <a 'java/lang/NoSuchMethodError'{0x000000072efe72c8}: 'java.lang.Object java.lang.invoke.DirectMethodHandle$Holder.newInvokeSpecial(java.lang.Object, long)'> (0x000000072efe72c8) 
thrown [s\src\hotspot\share\interpreter\linkResolver.cpp, line 759]
Event: 35.187 Thread 0x0000013b75259c80 Exception <a 'java/lang/NoSuchMethodError'{0x000000072eca1430}: 'void java.lang.invoke.DirectMethodHandle$Holder.invokeSpecial(java.lang.Object, java.lang.Object, int, long)'> (0x000000072eca1430) 
thrown [s\src\hotspot\share\interpreter\linkResolver.cpp, line 759]
Event: 35.188 Thread 0x0000013b75259c80 Exception <a 'java/lang/NoSuchMethodError'{0x000000072eca73a8}: 'void java.lang.invoke.DirectMethodHandle$Holder.invokeStatic(java.lang.Object, int, long)'> (0x000000072eca73a8) 
thrown [s\src\hotspot\share\interpreter\linkResolver.cpp, line 759]

VM Operations (20 events):
Event: 32.042 Executing VM operation: ICBufferFull
Event: 32.043 Executing VM operation: ICBufferFull done
Event: 32.645 Executing VM operation: G1CollectForAllocation
Event: 32.655 Executing VM operation: G1CollectForAllocation done
Event: 32.798 Executing VM operation: G1Concurrent
Event: 32.810 Executing VM operation: G1Concurrent done
Event: 32.862 Executing VM operation: G1Concurrent
Event: 32.862 Executing VM operation: G1Concurrent done
Event: 33.877 Executing VM operation: Cleanup
Event: 33.880 Executing VM operation: Cleanup done
Event: 34.952 Executing VM operation: HandshakeAllThreads
Event: 34.952 Executing VM operation: HandshakeAllThreads done
Event: 34.952 Executing VM operation: Cleanup
Event: 34.952 Executing VM operation: Cleanup done
Event: 34.963 Executing VM operation: HandshakeAllThreads
Event: 34.967 Executing VM operation: HandshakeAllThreads done
Event: 35.000 Executing VM operation: HandshakeAllThreads
Event: 35.000 Executing VM operation: HandshakeAllThreads done
Event: 35.043 Executing VM operation: HandshakeAllThreads
Event: 35.044 Executing VM operation: HandshakeAllThreads done

Events (20 events):
Event: 35.069 Thread 0x0000013b7f87f300 flushing nmethod 0x0000013b011fee90
Event: 35.069 Thread 0x0000013b7f87f300 flushing nmethod 0x0000013b011ffb10
Event: 35.069 Thread 0x0000013b7f87f300 flushing nmethod 0x0000013b01200710
Event: 35.069 Thread 0x0000013b7f87f300 flushing nmethod 0x0000013b01201310
Event: 35.069 Thread 0x0000013b7f87f300 flushing nmethod 0x0000013b01201f10
Event: 35.069 Thread 0x0000013b7f87f300 flushing nmethod 0x0000013b01202310
Event: 35.069 Thread 0x0000013b7f87f300 flushing nmethod 0x0000013b01202810
Event: 35.069 Thread 0x0000013b7f87f300 flushing nmethod 0x0000013b01203790
Event: 35.069 Thread 0x0000013b7f87f300 flushing nmethod 0x0000013b01204090
Event: 35.070 Thread 0x0000013b7f87f300 flushing nmethod 0x0000013b0120c990
Event: 35.070 Thread 0x0000013b7f87f300 flushing nmethod 0x0000013b0120db90
Event: 35.070 Thread 0x0000013b7f87f300 flushing nmethod 0x0000013b01214b10
Event: 35.070 Thread 0x0000013b7f87f300 flushing nmethod 0x0000013b01216d90
Event: 35.070 Thread 0x0000013b7f87f300 flushing nmethod 0x0000013b01217a90
Event: 35.070 Thread 0x0000013b7f87f300 flushing nmethod 0x0000013b01218190
Event: 35.070 Thread 0x0000013b7f87f300 flushing nmethod 0x0000013b0121ad10
Event: 35.075 loading class java/util/EnumMap$Values
Event: 35.075 loading class java/util/EnumMap$Values done
Event: 35.075 loading class java/util/EnumMap$ValueIterator
Event: 35.075 loading class java/util/EnumMap$ValueIterator done


Dynamic libraries:
0x00007ff6d65d0000 - 0x00007ff6d65de000 	C:\Users\yangj\Desktop\MCreator20231\jdk\bin\java.exe
0x00007ffa0b290000 - 0x00007ffa0b4a4000 	C:\WINDOWS\SYSTEM32\ntdll.dll
0x00007ffa0a920000 - 0x00007ffa0a9e3000 	C:\WINDOWS\System32\KERNEL32.DLL
0x00007ffa089a0000 - 0x00007ffa08d43000 	C:\WINDOWS\System32\KERNELBASE.dll
0x00007ffa05b60000 - 0x00007ffa05bf7000 	C:\WINDOWS\SYSTEM32\apphelp.dll
0x00007ffa08750000 - 0x00007ffa08861000 	C:\WINDOWS\System32\ucrtbase.dll
0x00007ff9f6210000 - 0x00007ff9f6227000 	C:\Users\yangj\Desktop\MCreator20231\jdk\bin\jli.dll
0x00007ffa09c80000 - 0x00007ffa09e2d000 	C:\WINDOWS\System32\USER32.dll
0x00007ff9eb410000 - 0x00007ff9eb69e000 	C:\WINDOWS\WinSxS\amd64_microsoft.windows.common-controls_6595b64144ccf1df_6.0.22621.1465_none_271271ab738361f1\COMCTL32.dll
0x00007ffa09060000 - 0x00007ffa09086000 	C:\WINDOWS\System32\win32u.dll
0x00007ffa0ab30000 - 0x00007ffa0ab59000 	C:\WINDOWS\System32\GDI32.dll
0x00007ffa0a810000 - 0x00007ffa0a8b7000 	C:\WINDOWS\System32\msvcrt.dll
0x00007ffa08f40000 - 0x00007ffa09053000 	C:\WINDOWS\System32\gdi32full.dll
0x00007ffa086b0000 - 0x00007ffa0874a000 	C:\WINDOWS\System32\msvcp_win.dll
0x00007ff9f22a0000 - 0x00007ff9f22b9000 	C:\Users\yangj\Desktop\MCreator20231\jdk\bin\VCRUNTIME140.dll
0x00007ffa0aa90000 - 0x00007ffa0aac1000 	C:\WINDOWS\System32\IMM32.DLL
0x00007ff9fa4e0000 - 0x00007ff9fa4ec000 	C:\Users\yangj\Desktop\MCreator20231\jdk\bin\vcruntime140_1.dll
0x00007ff9ea700000 - 0x00007ff9ea791000 	C:\Users\yangj\Desktop\MCreator20231\jdk\bin\msvcp140.dll
0x00007ff9a7dc0000 - 0x00007ff9a8a04000 	C:\Users\yangj\Desktop\MCreator20231\jdk\bin\server\jvm.dll
0x00007ffa0ad00000 - 0x00007ffa0adae000 	C:\WINDOWS\System32\ADVAPI32.dll
0x00007ffa09fd0000 - 0x00007ffa0a074000 	C:\WINDOWS\System32\sechost.dll
0x00007ffa09eb0000 - 0x00007ffa09fc5000 	C:\WINDOWS\System32\RPCRT4.dll
0x00007ff9fee00000 - 0x00007ff9fee34000 	C:\WINDOWS\SYSTEM32\WINMM.dll
0x00007ff9f6710000 - 0x00007ff9f6719000 	C:\WINDOWS\SYSTEM32\WSOCK32.dll
0x00007ff9fef00000 - 0x00007ff9fef0a000 	C:\WINDOWS\SYSTEM32\VERSION.dll
0x00007ffa0a9f0000 - 0x00007ffa0aa61000 	C:\WINDOWS\System32\WS2_32.dll
0x00007ffa076a0000 - 0x00007ffa076b8000 	C:\WINDOWS\SYSTEM32\kernel.appcore.dll
0x00007ff9f6270000 - 0x00007ff9f627a000 	C:\Users\yangj\Desktop\MCreator20231\jdk\bin\jimage.dll
0x00007ffa00750000 - 0x00007ffa0097e000 	C:\WINDOWS\SYSTEM32\DBGHELP.DLL
0x00007ffa0ae50000 - 0x00007ffa0b1d9000 	C:\WINDOWS\System32\combase.dll
0x00007ffa09990000 - 0x00007ffa09a67000 	C:\WINDOWS\System32\OLEAUT32.dll
0x00007ff9ffe20000 - 0x00007ff9ffe52000 	C:\WINDOWS\SYSTEM32\dbgcore.DLL
0x00007ffa08ec0000 - 0x00007ffa08f3b000 	C:\WINDOWS\System32\bcryptPrimitives.dll
0x00007ff9ef520000 - 0x00007ff9ef545000 	C:\Users\yangj\Desktop\MCreator20231\jdk\bin\java.dll
0x00007ff9cb8e0000 - 0x00007ff9cb9b6000 	C:\Users\yangj\Desktop\MCreator20231\jdk\bin\jsvml.dll
0x00007ffa09190000 - 0x00007ffa09989000 	C:\WINDOWS\System32\SHELL32.dll
0x00007ffa06650000 - 0x00007ffa06f1e000 	C:\WINDOWS\SYSTEM32\windows.storage.dll
0x00007ffa06510000 - 0x00007ffa0664e000 	C:\WINDOWS\SYSTEM32\wintypes.dll
0x00007ffa09090000 - 0x00007ffa09181000 	C:\WINDOWS\System32\SHCORE.dll
0x00007ffa0b1e0000 - 0x00007ffa0b23e000 	C:\WINDOWS\System32\shlwapi.dll
0x00007ffa085e0000 - 0x00007ffa08601000 	C:\WINDOWS\SYSTEM32\profapi.dll
0x00007ff9ef430000 - 0x00007ff9ef449000 	C:\Users\yangj\Desktop\MCreator20231\jdk\bin\net.dll
0x00007ffa02170000 - 0x00007ffa0229f000 	C:\WINDOWS\SYSTEM32\WINHTTP.dll
0x00007ffa07b00000 - 0x00007ffa07b69000 	C:\WINDOWS\system32\mswsock.dll
0x00007ff9ed6e0000 - 0x00007ff9ed6f5000 	C:\Users\yangj\Desktop\MCreator20231\jdk\bin\nio.dll
0x00007ff9ea970000 - 0x00007ff9ea988000 	C:\Users\yangj\Desktop\MCreator20231\jdk\bin\zip.dll
0x00007ff9f1570000 - 0x00007ff9f1580000 	C:\Users\yangj\Desktop\MCreator20231\jdk\bin\verify.dll
0x00007ff9f6200000 - 0x00007ff9f6209000 	C:\Users\yangj\Desktop\MCreator20231\jdk\bin\management.dll
0x00007ff9f2890000 - 0x00007ff9f289b000 	C:\Users\yangj\Desktop\MCreator20231\jdk\bin\management_ext.dll
0x00007ffa0adb0000 - 0x00007ffa0adb8000 	C:\WINDOWS\System32\PSAPI.DLL
0x00007ff9ba380000 - 0x00007ff9ba397000 	C:\WINDOWS\system32\napinsp.dll
0x00007ff9ba360000 - 0x00007ff9ba37b000 	C:\WINDOWS\system32\pnrpnsp.dll
0x00007ffa071a0000 - 0x00007ffa07293000 	C:\WINDOWS\SYSTEM32\DNSAPI.dll
0x00007ffa07170000 - 0x00007ffa0719d000 	C:\WINDOWS\SYSTEM32\IPHLPAPI.DLL
0x00007ffa0a700000 - 0x00007ffa0a709000 	C:\WINDOWS\System32\NSI.dll
0x00007ff9ba340000 - 0x00007ff9ba351000 	C:\WINDOWS\System32\winrnr.dll
0x00007ffa006f0000 - 0x00007ffa00705000 	C:\WINDOWS\system32\wshbth.dll
0x00007ff9faaf0000 - 0x00007ff9fab11000 	C:\WINDOWS\system32\nlansp_c.dll
0x00007ff9f7240000 - 0x00007ff9f724a000 	C:\Windows\System32\rasadhlp.dll
0x00007ffa00540000 - 0x00007ffa005c3000 	C:\WINDOWS\System32\fwpuclnt.dll
0x00007ffa07e20000 - 0x00007ffa07e3b000 	C:\WINDOWS\SYSTEM32\CRYPTSP.dll
0x00007ffa07610000 - 0x00007ffa07645000 	C:\WINDOWS\system32\rsaenh.dll
0x00007ffa07ba0000 - 0x00007ffa07bc8000 	C:\WINDOWS\SYSTEM32\USERENV.dll
0x00007ffa07f90000 - 0x00007ffa07fb8000 	C:\WINDOWS\SYSTEM32\bcrypt.dll
0x00007ffa07e00000 - 0x00007ffa07e0c000 	C:\WINDOWS\SYSTEM32\CRYPTBASE.dll
0x00007ffa01b40000 - 0x00007ffa01b59000 	C:\WINDOWS\SYSTEM32\dhcpcsvc6.DLL
0x00007ffa01b20000 - 0x00007ffa01b3f000 	C:\WINDOWS\SYSTEM32\dhcpcsvc.DLL
0x00007ff9ef210000 - 0x00007ff9ef255000 	C:\Users\yangj\AppData\Local\Temp\jna-114744777\jna12598713585741564979.dll
0x00007ffa0ab60000 - 0x00007ffa0acfc000 	C:\WINDOWS\System32\Ole32.dll
0x00007ffa0a080000 - 0x00007ffa0a130000 	C:\WINDOWS\System32\clbcatq.dll
0x00007ff9faa60000 - 0x00007ff9faa7d000 	C:\WINDOWS\SYSTEM32\amsi.dll
0x00007ff9fa9e0000 - 0x00007ff9faa5b000 	C:\ProgramData\Microsoft\Windows Defender\Platform\4.18.2301.6-0\MpOav.dll
0x00007ff9c3850000 - 0x00007ff9c38a0000 	C:\WINDOWS\SYSTEM32\Pdh.dll
0x00007ff9b9fa0000 - 0x00007ff9b9fb0000 	C:\WINDOWS\System32\perfos.dll
0x00007ffa05c50000 - 0x00007ffa05c60000 	C:\WINDOWS\SYSTEM32\pfclient.dll
0x00007ff9c4930000 - 0x00007ff9c49a5000 	C:\Users\yangj\AppData\Local\Temp\lwjglyangj\3.3.1-build-7\lwjgl.dll
0x00007ff9a7b60000 - 0x00007ff9a7db9000 	C:\Users\yangj\AppData\Local\Temp\lwjglyangj\3.3.1-build-7\jemalloc.dll
0x00007ff9b88c0000 - 0x00007ff9b8921000 	C:\Users\yangj\AppData\Local\Temp\lwjglyangj\3.3.1-build-7\glfw.dll
0x00007ff9c5460000 - 0x00007ff9c54a6000 	C:\WINDOWS\SYSTEM32\dinput8.dll
0x00007ff9fa550000 - 0x00007ff9fa561000 	C:\WINDOWS\SYSTEM32\xinput1_4.dll
0x00007ffa08280000 - 0x00007ffa082ce000 	C:\WINDOWS\SYSTEM32\cfgmgr32.dll
0x00007ffa082d0000 - 0x00007ffa082fc000 	C:\WINDOWS\SYSTEM32\DEVOBJ.dll
0x00007ff9f7c80000 - 0x00007ff9f7e81000 	C:\WINDOWS\SYSTEM32\inputhost.dll
0x00007ffa05920000 - 0x00007ffa05a53000 	C:\WINDOWS\SYSTEM32\CoreMessaging.dll
0x00007ffa06090000 - 0x00007ffa060bb000 	C:\WINDOWS\SYSTEM32\dwmapi.dll
0x00007ffa05c80000 - 0x00007ffa05d2b000 	C:\WINDOWS\system32\uxtheme.dll
0x00007ffa0a5e0000 - 0x00007ffa0a6fe000 	C:\WINDOWS\System32\MSCTF.dll
0x00007ff9babe0000 - 0x00007ff9bace0000 	C:\WINDOWS\SYSTEM32\opengl32.dll
0x00007ff9ba590000 - 0x00007ff9ba5bd000 	C:\WINDOWS\SYSTEM32\GLU32.dll
0x00007ffa05d60000 - 0x00007ffa05d96000 	C:\WINDOWS\SYSTEM32\dxcore.dll
0x00007ffa02f60000 - 0x00007ffa02fa9000 	C:\WINDOWS\SYSTEM32\directxdatabasehelper.dll
0x00007ff9f4360000 - 0x00007ff9f438d000 	C:\WINDOWS\System32\DriverStore\FileRepository\u0387948.inf_amd64_849b4630364e9ceb\B387945\atig6pxx.dll
0x00007ff99b400000 - 0x00007ff99f035000 	C:\WINDOWS\System32\DriverStore\FileRepository\u0387948.inf_amd64_849b4630364e9ceb\B387945\atio6axx.dll
0x00007ffa0a140000 - 0x00007ffa0a5b4000 	C:\WINDOWS\System32\SETUPAPI.dll
0x00007ffa08870000 - 0x00007ffa088db000 	C:\WINDOWS\System32\WINTRUST.dll
0x00007ffa08d50000 - 0x00007ffa08eb6000 	C:\WINDOWS\System32\CRYPT32.dll
0x00007ffa07e70000 - 0x00007ffa07e82000 	C:\WINDOWS\SYSTEM32\MSASN1.dll

dbghelp: loaded successfully - version: 4.0.5 - missing functions: none
symbol engine: initialized successfully - sym options: 0x614 - pdb path: .;C:\Users\yangj\Desktop\MCreator20231\jdk\bin;C:\WINDOWS\SYSTEM32;C:\WINDOWS\WinSxS\amd64_microsoft.windows.common-controls_6595b64144ccf1df_6.0.22621.1465_none_271271ab738361f1;C:\Users\yangj\Desktop\MCreator20231\jdk\bin\server;C:\Users\yangj\AppData\Local\Temp\jna-114744777;C:\ProgramData\Microsoft\Windows Defender\Platform\4.18.2301.6-0;C:\Users\yangj\AppData\Local\Temp\lwjglyangj\3.3.1-build-7;C:\WINDOWS\System32\DriverStore\FileRepository\u0387948.inf_amd64_849b4630364e9ceb\B387945

VM Arguments:
jvm_args: -Dforge.enableGameTest=true -Dforge.logging.console.level=debug -Dforge.logging.markers=REGISTRIES -DignoreList=bootstraplauncher,securejarhandler,asm-commons,asm-util,asm-analysis,asm-tree,asm,JarJarFileSystems,client-extra,fmlcore,javafmllanguage,lowcodelanguage,mclanguage,forge- -Djava.net.preferIPv6Addresses=system -DlegacyClassPath.file=C:\Users\yangj\MCreatorWorkspaces\mixed_ore\build\classpath\runClient_minecraftClasspath.txt -DmergeModules=jna-5.10.0.jar,jna-platform-5.10.0.jar -Dos.version=10.0 --module-path=C:\Users\yangj\.mcreator\gradle\caches\modules-2\files-2.1\cpw.mods\bootstraplauncher\1.1.2\c546e00443d8432cda6baa1c860346980742628\bootstraplauncher-1.1.2.jar;C:\Users\yangj\.mcreator\gradle\caches\modules-2\files-2.1\cpw.mods\securejarhandler\2.1.4\f47e3b9dd860a7b82154b8f90a650ffd0aaa5582\securejarhandler-2.1.4.jar;C:\Users\yangj\.mcreator\gradle\caches\modules-2\files-2.1\org.ow2.asm\asm-commons\9.3\1f2a432d1212f5c352ae607d7b61dcae20c20af5\asm-commons-9.3.jar;C:\Users\yangj\.mcreator\gradle\caches\modules-2\files-2.1\org.ow2.asm\asm-util\9.3\9595bc05510d0bd4b610188b77333fe4851a1975\asm-util-9.3.jar;C:\Users\yangj\.mcreator\gradle\caches\modules-2\files-2.1\org.ow2.asm\asm-analysis\9.3\4b071f211b37c38e0e9f5998550197c8593f6ad8\asm-analysis-9.3.jar;C:\Users\yangj\.mcreator\gradle\caches\modules-2\files-2.1\org.ow2.asm\asm-tree\9.3\78d2ecd61318b5a58cd04fb237636c0e86b77d97\asm-tree-9.3.jar;C:\Users\yangj\.mcreator\gradle\caches\modules-2\files-2.1\org.ow2.asm\asm\9.3\8e6300ef51c1d801a7ed62d07cd221aca3a90640\asm-9.3.jar;C:\Users\yangj\.mcreator\gradle\caches\modules-2\files-2.1\net.minecraftforge\JarJarFileSystems\0.3.16\e52afbb2599dc7c6f779efea0496d32fc01152e3\JarJarFileSystems-0.3.16.jar --add-modules=ALL-MODULE-PATH --add-opens=java.base/java.util.jar=cpw.mods.securejarhandler --add-opens=java.base/java.lang.invoke=cpw.mods.securejarhandler --add-exports=java.base/sun.security.util=cpw.mods.securejarhandler --add-exports=jdk.naming.dns/com.sun.jndi.dns=java.naming -XX:HeapDumpPath=MojangTricksIntelDriversForPerformance_javaw.exe_minecraft.exe.heapdump -Dos.name=Windows 10 -Dfile.encoding=UTF-8 -Duser.country=CN -Duser.language=zh -Duser.variant 
java_command: cpw.mods.bootstraplauncher.BootstrapLauncher --launchTarget forgeclientuserdev --version MOD_DEV --assetIndex 1.19 --assetsDir C:\Users\yangj\.mcreator\gradle\caches\forge_gradle\assets --gameDir . --fml.forgeVersion 43.2.0 --fml.mcVersion 1.19.2 --fml.forgeGroup net.minecraftforge --fml.mcpVersion 20220805.130853
java_class_path (initial): C:\Users\yangj\MCreatorWorkspaces\mixed_ore\build\classes\java\main;C:\Users\yangj\MCreatorWorkspaces\mixed_ore\build\resources\main;C:\Users\yangj\MCreatorWorkspaces\mixed_ore\build\fg_cache\net\minecraftforge\forge\1.19.2-43.2.0_mapped_official_1.19.2\forge-1.19.2-43.2.0_mapped_official_1.19.2.jar;C:\Users\yangj\.mcreator\gradle\caches\forge_gradle\minecraft_repo\versions\1.19.2\client-extra.jar;C:\Users\yangj\.mcreator\gradle\caches\modules-2\files-2.1\net.minecraftforge\javafmllanguage\1.19.2-43.2.0\5713dfd49576886a7ffc353f14f067ad42369592\javafmllanguage-1.19.2-43.2.0.jar;C:\Users\yangj\.mcreator\gradle\caches\modules-2\files-2.1\net.minecraftforge\lowcodelanguage\1.19.2-43.2.0\51c88985dd125457fb8b6c2c58a4f3b9349a6b57\lowcodelanguage-1.19.2-43.2.0.jar;C:\Users\yangj\.mcreator\gradle\caches\modules-2\files-2.1\net.minecraftforge\mclanguage\1.19.2-43.2.0\f4fa83ef8129c7f7cc5847fbafb07f7ae86c1bb\mclanguage-1.19.2-43.2.0.jar;C:\Users\yangj\.mcreator\gradle\caches\modules-2\files-2.1\net.minecraftforge\fmlcore\1.19.2-43.2.0\d4dcb5b809b7f035ac22b058941cf81f84451545\fmlcore-1.19.2-43.2.0.jar;C:\Users\yangj\.mcreator\gradle\caches\modules-2\files-2.1\net.minecraftforge\fmlloader\1.19.2-43.2.0\3e6e8b7b5e1dbc6ee01a20f74675f223b64c7847\fmlloader-1.19.2-43.2.0.jar;C:\Users\yangj\.mcreator\gradle\caches\modules-2\files-2.1\net.minecraftforge\JarJarSelector\0.3.16\2a31421fb5e267249da103a644f23afb43d158af\JarJarSelector-0.3.16.jar;C:\Users\yangj\.mcreator\gradle\caches\modules-2\files-2.1\net.minecraftforge\JarJarMetadata\0.3.16\f62c8c898dffc8666f5097a8587ed72095e8e83a\JarJarMetadata-0.3.16.jar;C:\Users\yangj\.mcreator\gradle\caches\modules-2\files-2.1\com.google.guava\guava\31.0.1-jre\119ea2b2bc205b138974d351777b20f02b92704b\guava-31.0.1-jre.jar;C:\Users\yangj\.mcreator\gradle\caches\modules-2\files-2.1\com.google.code.findbugs\jsr305\3.0.2\25ea2e8b0c338a877313bd4672d3fe056ea78f0d\jsr305-3.0.2.jar;C:\Users\yangj\.mcreator\gradle\caches\modules-2\f
Launcher Type: SUN_STANDARD

[Global flags]
     intx CICompilerCount                          = 4                                         {product} {ergonomic}
     uint ConcGCThreads                            = 2                                         {product} {ergonomic}
     uint G1ConcRefinementThreads                  = 8                                         {product} {ergonomic}
   size_t G1HeapRegionSize                         = 2097152                                   {product} {ergonomic}
    uintx GCDrainStackTargetSize                   = 64                                        {product} {ergonomic}
    ccstr HeapDumpPath                             = MojangTricksIntelDriversForPerformance_javaw.exe_minecraft.exe.heapdump         {manageable} {command line}
   size_t InitialHeapSize                          = 234881024                                 {product} {ergonomic}
   size_t MarkStackSize                            = 4194304                                   {product} {ergonomic}
   size_t MaxHeapSize                              = 3747610624                                {product} {ergonomic}
   size_t MaxNewSize                               = 2248146944                                {product} {ergonomic}
   size_t MinHeapDeltaBytes                        = 2097152                                   {product} {ergonomic}
   size_t MinHeapSize                              = 8388608                                   {product} {ergonomic}
    uintx NonNMethodCodeHeapSize                   = 5839372                                {pd product} {ergonomic}
    uintx NonProfiledCodeHeapSize                  = 122909434                              {pd product} {ergonomic}
    uintx ProfiledCodeHeapSize                     = 122909434                              {pd product} {ergonomic}
    uintx ReservedCodeCacheSize                    = 251658240                              {pd product} {ergonomic}
     bool SegmentedCodeCache                       = true                                      {product} {ergonomic}
   size_t SoftMaxHeapSize                          = 3747610624                             {manageable} {ergonomic}
     bool UseCompressedClassPointers               = true                           {product lp64_product} {ergonomic}
     bool UseCompressedOops                        = true                           {product lp64_product} {ergonomic}
     bool UseG1GC                                  = true                                      {product} {ergonomic}
     bool UseLargePagesIndividualAllocation        = false                                  {pd product} {ergonomic}

Logging:
Log output configuration:
 #0: stdout all=warning uptime,level,tags
 #1: stderr all=off uptime,level,tags

Environment Variables:
JAVA_HOME=C:\Users\yangj\Desktop\MCreator20231\jdk
PATH=C:\Program Files\Common Files\Oracle\Java\javapath;C:\Program Files (x86)\Common Files\Oracle\Java\javapath;C:\WINDOWS\system32;C:\WINDOWS;C:\WINDOWS\System32\Wbem;C:\WINDOWS\System32\WindowsPowerShell\v1.0\;C:\WINDOWS\System32\OpenSSH\;C:\Program Files\Bandizip\;C:\Users\yangj\AppData\Local\Microsoft\WindowsApps;C:\Users\yangj\Desktop\z\;C:\Users\yangj\Desktop\z\jdk\bin\;C:\Users\yangj\Desktop\z\jdk\jre\bin\;C:\Users\yangj\Desktop\z\;C:\Users\yangj\Desktop\z\jdk\bin\;C:\Users\yangj\Desktop\z\jdk\jre\bin\;C:\Users\yangj\Desktop\z\;C:\Users\yangj\Desktop\z\jdk\bin\;C:\Users\yangj\Desktop\z\jdk\jre\bin\;C:\Users\yangj\Desktop\z\;C:\Users\yangj\Desktop\z\jdk\bin\;C:\Users\yangj\Desktop\z\jdk\jre\bin\;C:\Users\yangj\Desktop\z\;C:\Users\yangj\Desktop\z\;C:\Users\yangj\Desktop\z\;C:\Users\yangj\Desktop\z\jdk\bin\;C:\Users\yangj\Desktop\z\jdk\jre\bin\;C:\Users\yangj\Desktop\z\;C:\Users\yangj\Desktop\z\jdk\bin\;C:\Users\yangj\Desktop\z\jdk\jre\bin\;C:\Users\yangj\AppData\Local\Programs\Microsoft VS Code\bin;C:\Users\yangj\Desktop\MCreator20231\jdk\bin
USERNAME=yangj
OS=Windows_NT
PROCESSOR_IDENTIFIER=AMD64 Family 23 Model 24 Stepping 1, AuthenticAMD
TMP=C:\Users\yangj\AppData\Local\Temp
TEMP=C:\Users\yangj\AppData\Local\Temp



---------------  S Y S T E M  ---------------

OS:
 Windows 11 , 64 bit Build 22621 (10.0.22621.1325)
OS uptime: 0 days 7:08 hours
Hyper-V role detected

CPU: total 8 (initial active 8) (8 cores per cpu, 2 threads per core) family 23 model 24 stepping 1 microcode 0x0, cx8, cmov, fxsr, ht, mmx, 3dnowpref, sse, sse2, sse3, ssse3, sse4a, sse4.1, sse4.2, popcnt, lzcnt, tsc, tscinvbit, avx, avx2, aes, clmul, bmi1, bmi2, adx, sha, fma, vzeroupper, clflush, clflushopt, hv

Memory: 4k page, system-wide physical 14293M (5987M free)
TotalPageFile size 26069M (AvailPageFile size 12585M)
current process WorkingSet (physical memory assigned to process): 548M, peak: 554M
current process commit charge ("private bytes"): 617M, peak: 628M

vm_info: OpenJDK 64-Bit Server VM (17.0.5+8) for windows-amd64 JRE (17.0.5+8), built on Oct 19 2022 04:48:13 by "temurin" with MS VC++ 16.7 (VS2019)

END.
