#
# A fatal error has been detected by the Java Runtime Environment:
#
#  EXCEPTION_ACCESS_VIOLATION (0xc0000005) at pc=0x00007ffcf0672b60, pid=4436, tid=6076
#
# JRE version: OpenJDK Runtime Environment Temurin-17.0.5+8 (17.0.5+8) (build 17.0.5+8)
# Java VM: OpenJDK 64-Bit Server VM Temurin-17.0.5+8 (17.0.5+8, mixed mode, sharing, tiered, compressed oops, compressed class ptrs, g1 gc, windows-amd64)
# Problematic frame:
# C  [atio6axx.dll+0x192b60]
#
# No core dump will be written. Minidumps are not enabled by default on client versions of Windows
#
# If you would like to submit a bug report, please visit:
#   https://github.com/adoptium/adoptium-support/issues
# The crash happened outside the Java Virtual Machine in native code.
# See problematic frame for where to report the bug.
#

---------------  S U M M A R Y ------------

Command Line: -Dforge.enableGameTest=true -Dforge.logging.console.level=debug -Dforge.logging.markers=REGISTRIES -DignoreList=bootstraplauncher,securejarhandler,asm-commons,asm-util,asm-analysis,asm-tree,asm,JarJarFileSystems,client-extra,fmlcore,javafmllanguage,lowcodelanguage,mclanguage,forge- -Djava.net.preferIPv6Addresses=system -DlegacyClassPath.file=C:\Users\yangj\MCreatorWorkspaces\mixed_ore\build\classpath\runClient_minecraftClasspath.txt -DmergeModules=jna-5.10.0.jar,jna-platform-5.10.0.jar -Dos.version=10.0 --module-path=C:\Users\yangj\.mcreator\gradle\caches\modules-2\files-2.1\cpw.mods\bootstraplauncher\1.1.2\c546e00443d8432cda6baa1c860346980742628\bootstraplauncher-1.1.2.jar;C:\Users\yangj\.mcreator\gradle\caches\modules-2\files-2.1\cpw.mods\securejarhandler\2.1.4\f47e3b9dd860a7b82154b8f90a650ffd0aaa5582\securejarhandler-2.1.4.jar;C:\Users\yangj\.mcreator\gradle\caches\modules-2\files-2.1\org.ow2.asm\asm-commons\9.3\1f2a432d1212f5c352ae607d7b61dcae20c20af5\asm-commons-9.3.jar;C:\Users\yangj\.mcreator\gradle\caches\modules-2\files-2.1\org.ow2.asm\asm-util\9.3\9595bc05510d0bd4b610188b77333fe4851a1975\asm-util-9.3.jar;C:\Users\yangj\.mcreator\gradle\caches\modules-2\files-2.1\org.ow2.asm\asm-analysis\9.3\4b071f211b37c38e0e9f5998550197c8593f6ad8\asm-analysis-9.3.jar;C:\Users\yangj\.mcreator\gradle\caches\modules-2\files-2.1\org.ow2.asm\asm-tree\9.3\78d2ecd61318b5a58cd04fb237636c0e86b77d97\asm-tree-9.3.jar;C:\Users\yangj\.mcreator\gradle\caches\modules-2\files-2.1\org.ow2.asm\asm\9.3\8e6300ef51c1d801a7ed62d07cd221aca3a90640\asm-9.3.jar;C:\Users\yangj\.mcreator\gradle\caches\modules-2\files-2.1\net.minecraftforge\JarJarFileSystems\0.3.16\e52afbb2599dc7c6f779efea0496d32fc01152e3\JarJarFileSystems-0.3.16.jar --add-modules=ALL-MODULE-PATH --add-opens=java.base/java.util.jar=cpw.mods.securejarhandler --add-opens=java.base/java.lang.invoke=cpw.mods.securejarhandler --add-exports=java.base/sun.security.util=cpw.mods.securejarhandler --add-exports=jdk.naming.dns/com.sun.jndi.dns=java.naming -XX:HeapDumpPath=MojangTricksIntelDriversForPerformance_javaw.exe_minecraft.exe.heapdump -Dos.name=Windows 10 -Dfile.encoding=UTF-8 -Duser.country=CN -Duser.language=zh -Duser.variant cpw.mods.bootstraplauncher.BootstrapLauncher --launchTarget forgeclientuserdev --version MOD_DEV --assetIndex 1.19 --assetsDir C:\Users\yangj\.mcreator\gradle\caches\forge_gradle\assets --gameDir . --fml.forgeVersion 43.2.0 --fml.mcVersion 1.19.2 --fml.forgeGroup net.minecraftforge --fml.mcpVersion 20220805.130853

Host: AMD Ryzen 7 3700U with Radeon Vega Mobile Gfx  , 8 cores, 13G,  Windows 11 , 64 bit Build 22621 (10.0.22621.1325)
Time: Sat Mar 25 22:41:54 2023  Windows 11 , 64 bit Build 22621 (10.0.22621.1325) elapsed time: 34.831651 seconds (0d 0h 0m 34s)

---------------  T H R E A D  ---------------

Current thread (0x000001e6acbdce00):  JavaThread "Render thread" [_thread_in_native, id=6076, stack(0x0000001943900000,0x0000001943a00000)]

Stack: [0x0000001943900000,0x0000001943a00000],  sp=0x00000019439fa8b8,  free space=1002k
Native frames: (J=compiled Java code, j=interpreted, Vv=VM code, C=native code)
C  [atio6axx.dll+0x192b60]

Java frames: (J=compiled Java code, j=interpreted, Vv=VM code)
j  org.lwjgl.system.JNI.invokePPPP(IIJJJJ)J+0 org.lwjgl@3.3.1+7
j  org.lwjgl.glfw.GLFW.nglfwCreateWindow(IIJJJ)J+14 org.lwjgl.glfw@3.3.1+7
j  org.lwjgl.glfw.GLFW.glfwCreateWindow(IILjava/lang/CharSequence;JJ)J+34 org.lwjgl.glfw@3.3.1+7
j  net.minecraftforge.client.loading.NoVizFallback.lambda$fallback$0(Ljava/util/function/IntSupplier;Ljava/util/function/IntSupplier;Ljava/util/function/Supplier;Ljava/util/function/LongSupplier;)J+28 forge@43.2.0
j  net.minecraftforge.client.loading.NoVizFallback$$Lambda$4379+0x000000080162d5c0.getAsLong()J+16 forge@43.2.0
j  net.minecraftforge.fml.loading.progress.EarlyProgressVisualization$Visualization$$Lambda$4380+0x0000000801626800.apply(Ljava/lang/Object;)Ljava/lang/Object;+4 fmlloader@1.19.2-43.2.0
J 4620 c2 java.util.Optional.map(Ljava/util/function/Function;)Ljava/util/Optional; java.base@17.0.5 (30 bytes) @ 0x000001e6bc509f88 [0x000001e6bc509f20+0x0000000000000068]
j  net.minecraftforge.fml.loading.progress.EarlyProgressVisualization$Visualization.handOffWindow(Ljava/util/function/IntSupplier;Ljava/util/function/IntSupplier;Ljava/util/function/Supplier;Ljava/util/function/LongSupplier;)J+48 fmlloader@1.19.2-43.2.0
j  net.minecraftforge.fml.loading.progress.EarlyProgressVisualization.handOffWindow(Ljava/util/function/IntSupplier;Ljava/util/function/IntSupplier;Ljava/util/function/Supplier;Ljava/util/function/LongSupplier;)J+9 fmlloader@1.19.2-43.2.0
j  com.mojang.blaze3d.platform.Window.<init>(Lcom/mojang/blaze3d/platform/WindowEventHandler;Lcom/mojang/blaze3d/platform/ScreenManager;Lcom/mojang/blaze3d/platform/DisplayData;Ljava/lang/String;Ljava/lang/String;)V+279 minecraft@1.19.2
j  net.minecraft.client.renderer.VirtualScreen.newWindow(Lcom/mojang/blaze3d/platform/DisplayData;Ljava/lang/String;Ljava/lang/String;)Lcom/mojang/blaze3d/platform/Window;+15 minecraft@1.19.2
j  net.minecraft.client.Minecraft.<init>(Lnet/minecraft/client/main/GameConfig;)V+723 minecraft@1.19.2
j  net.minecraft.client.main.Main.run([Ljava/lang/String;Z)V+1356 minecraft@1.19.2
j  net.minecraft.client.main.Main.main([Ljava/lang/String;)V+12 minecraft@1.19.2
v  ~StubRoutines::call_stub
j  jdk.internal.reflect.NativeMethodAccessorImpl.invoke0(Ljava/lang/reflect/Method;Ljava/lang/Object;[Ljava/lang/Object;)Ljava/lang/Object;+0 java.base@17.0.5
j  jdk.internal.reflect.NativeMethodAccessorImpl.invoke(Ljava/lang/Object;[Ljava/lang/Object;)Ljava/lang/Object;+133 java.base@17.0.5
j  jdk.internal.reflect.DelegatingMethodAccessorImpl.invoke(Ljava/lang/Object;[Ljava/lang/Object;)Ljava/lang/Object;+6 java.base@17.0.5
j  java.lang.reflect.Method.invoke(Ljava/lang/Object;[Ljava/lang/Object;)Ljava/lang/Object;+59 java.base@17.0.5
j  net.minecraftforge.fml.loading.targets.ForgeClientUserdevLaunchHandler.lambda$launchService$0([Ljava/lang/String;Ljava/lang/ModuleLayer;)V+47 fmlloader@1.19.2-43.2.0
j  net.minecraftforge.fml.loading.targets.ForgeClientUserdevLaunchHandler$$Lambda$856+0x0000000800fb15b0.run()V+12 fmlloader@1.19.2-43.2.0
j  cpw.mods.modlauncher.LaunchServiceHandlerDecorator.launch([Ljava/lang/String;Ljava/lang/ModuleLayer;)V+11 cpw.mods.modlauncher@10.0.8
j  cpw.mods.modlauncher.LaunchServiceHandler.launch(Ljava/lang/String;[Ljava/lang/String;Ljava/lang/ModuleLayer;Lcpw/mods/modlauncher/TransformingClassLoader;Lcpw/mods/modlauncher/LaunchPluginHandler;)V+58 cpw.mods.modlauncher@10.0.8
j  cpw.mods.modlauncher.LaunchServiceHandler.launch(Lcpw/mods/modlauncher/ArgumentHandler;Ljava/lang/ModuleLayer;Lcpw/mods/modlauncher/TransformingClassLoader;Lcpw/mods/modlauncher/LaunchPluginHandler;)V+21 cpw.mods.modlauncher@10.0.8
j  cpw.mods.modlauncher.Launcher.run([Ljava/lang/String;)V+310 cpw.mods.modlauncher@10.0.8
j  cpw.mods.modlauncher.Launcher.main([Ljava/lang/String;)V+78 cpw.mods.modlauncher@10.0.8
j  cpw.mods.modlauncher.BootstrapLaunchConsumer.accept([Ljava/lang/String;)V+1 cpw.mods.modlauncher@10.0.8
j  cpw.mods.modlauncher.BootstrapLaunchConsumer.accept(Ljava/lang/Object;)V+5 cpw.mods.modlauncher@10.0.8
j  cpw.mods.bootstraplauncher.BootstrapLauncher.main([Ljava/lang/String;)V+515 cpw.mods.bootstraplauncher@1.1.2
v  ~StubRoutines::call_stub

siginfo: EXCEPTION_ACCESS_VIOLATION (0xc0000005), reading address 0xffffffffffffffff


Register to memory mapping:

RIP=0x00007ffcf0672b60 atio6axx.dll
RAX=0x0 is NULL
RBX=0x00007ffcf3eb33b0 atio6axx.dll
RCX=0x6e6f6d6d6f635c73 is an unknown value
RDX=0x00000000000000d0 is an unknown value
RSP=0x00000019439fa8b8 is pointing into the stack for thread: 0x000001e6acbdce00
RBP=0x00000019439faa20 is pointing into the stack for thread: 0x000001e6acbdce00
RSI=0x00007ffcf3dc2d40 atio6axx.dll
RDI=0x00000019439fad10 is pointing into the stack for thread: 0x000001e6acbdce00
R8 =0x00000000000001a5 is an unknown value
R9 =0x6e6f6d6d6f635c73 is an unknown value
R10=0x0 is NULL
R11=0x0000000000000200 is an unknown value
R12=0x00007ffcf3eb3408 atio6axx.dll
R13=0x00007ffcf3eb5c08 atio6axx.dll
R14=0x00007ffcf3eb33b0 atio6axx.dll
R15=0x0 is NULL


Registers:
RAX=0x0000000000000000, RBX=0x00007ffcf3eb33b0, RCX=0x6e6f6d6d6f635c73, RDX=0x00000000000000d0
RSP=0x00000019439fa8b8, RBP=0x00000019439faa20, RSI=0x00007ffcf3dc2d40, RDI=0x00000019439fad10
R8 =0x00000000000001a5, R9 =0x6e6f6d6d6f635c73, R10=0x0000000000000000, R11=0x0000000000000200
R12=0x00007ffcf3eb3408, R13=0x00007ffcf3eb5c08, R14=0x00007ffcf3eb33b0, R15=0x0000000000000000
RIP=0x00007ffcf0672b60, EFLAGS=0x0000000000010206

Top of Stack: (sp=0x00000019439fa8b8)
0x00000019439fa8b8:   00007ffcf0672e7c 00007ffcf3eb6020
0x00000019439fa8c8:   000001e6d6ce3028 0000000000000000
0x00000019439fa8d8:   00007ffcf0673e8d 00000019439fad10
0x00000019439fa8e8:   00007ffcf062f484 00007ffcf3eb33b0
0x00000019439fa8f8:   00007ffcf3dc2d40 0000652e6176616a
0x00000019439fa908:   0000f4ce473f825e 00000019439fad10
0x00000019439fa918:   00007ffcf0630457 00007ffcf3eb33b8
0x00000019439fa928:   00007ffcf3dc2d40 00007ffcf3dc2d40
0x00000019439fa938:   00000019439fa828 00007ffcf3eb33b0
0x00000019439fa948:   00007ffd00000000 0000000000000009
0x00000019439fa958:   000001e6d15c8c6c 000001e6d15c8dc8
0x00000019439fa968:   00007ffcf3eb33b8 00000019439fad10
0x00000019439fa978:   00000019439faacd 00007f006176616a
0x00000019439fa988:   00007f006176616a 46676e697274535c
0x00000019439fa998:   5c6f666e49656c69 3062343039303430
0x00000019439fa9a8:   726556656c69465c 000000006e6f6973 

Instructions: (pc=0x00007ffcf0672b60)
0x00007ffcf0672a60:   74 09 33 c9 ff 15 e6 89 66 03 90 48 8b c3 48 83
0x00007ffcf0672a70:   c4 20 5b c3 cc cc cc cc cc cc cc cc cc cc cc cc
0x00007ffcf0672a80:   48 83 ec 28 48 8b 51 08 48 85 d2 74 09 33 c9 ff
0x00007ffcf0672a90:   15 bb 89 66 03 90 48 83 c4 28 c3 cc cc cc cc cc
0x00007ffcf0672aa0:   48 89 11 c3 cc cc cc cc cc cc cc cc cc cc cc cc
0x00007ffcf0672ab0:   48 8b c1 c3 cc cc cc cc cc cc cc cc cc cc cc cc
0x00007ffcf0672ac0:   48 3b ca 74 10 41 8b 00 39 01 74 09 48 83 c1 04
0x00007ffcf0672ad0:   48 3b ca 75 f3 48 8b c1 c3 cc cc cc cc cc cc cc
0x00007ffcf0672ae0:   48 8b c1 c3 cc cc cc cc cc cc cc cc cc cc cc cc
0x00007ffcf0672af0:   48 83 39 00 0f 94 c0 c3 cc cc cc cc cc cc cc cc
0x00007ffcf0672b00:   4c 8d 04 d5 00 00 00 00 33 d2 e9 c1 d0 dd 01 cc
0x00007ffcf0672b10:   4c 8b 41 08 48 8b 02 49 89 00 48 83 41 08 08 c3
0x00007ffcf0672b20:   48 8b c1 c3 cc cc cc cc cc cc cc cc cc cc cc cc
0x00007ffcf0672b30:   48 8b c1 c3 cc cc cc cc cc cc cc cc cc cc cc cc
0x00007ffcf0672b40:   49 8b 00 48 89 02 c3 cc cc cc cc cc cc cc cc cc
0x00007ffcf0672b50:   8b 81 40 39 00 00 c3 cc cc cc cc cc cc cc cc cc
0x00007ffcf0672b60:   8b 81 40 39 00 00 83 c0 f0 83 f8 67 0f 87 5a 01
0x00007ffcf0672b70:   00 00 48 8d 15 87 d4 e6 ff 0f b6 84 02 f0 2c 19
0x00007ffcf0672b80:   00 8b 8c 82 d0 2c 19 00 48 03 ca ff e1 48 8b 0d
0x00007ffcf0672b90:   6c 6f 7e 03 83 b9 b4 34 00 00 02 0f 87 2b 01 00
0x00007ffcf0672ba0:   00 48 8d 91 0c 29 00 00 c7 02 e1 00 00 00 e9 ce
0x00007ffcf0672bb0:   00 00 00 48 8b 0d 46 6f 7e 03 83 b9 b4 34 00 00
0x00007ffcf0672bc0:   02 0f 87 05 01 00 00 48 8d 91 0c 29 00 00 c7 02
0x00007ffcf0672bd0:   f0 00 00 00 e9 a8 00 00 00 48 8b 0d 20 6f 7e 03
0x00007ffcf0672be0:   83 b9 b4 34 00 00 02 0f 87 df 00 00 00 48 8d 91
0x00007ffcf0672bf0:   0c 29 00 00 c7 02 00 04 00 00 e9 82 00 00 00 48
0x00007ffcf0672c00:   8b 0d fa 6e 7e 03 83 b9 b4 34 00 00 02 0f 87 b9
0x00007ffcf0672c10:   00 00 00 48 8d 91 0c 29 00 00 c7 02 00 08 00 00
0x00007ffcf0672c20:   eb 5f 48 8b 0d d7 6e 7e 03 83 b9 b4 34 00 00 02
0x00007ffcf0672c30:   0f 87 96 00 00 00 48 8d 91 0c 29 00 00 c7 02 00
0x00007ffcf0672c40:   09 00 00 eb 3c 48 8b 0d b4 6e 7e 03 83 b9 b4 34
0x00007ffcf0672c50:   00 00 02 77 77 48 8d 91 0c 29 00 00 c7 02 3c 0f 


Stack slot to memory mapping:
stack at sp + 0 slots: 0x00007ffcf0672e7c atio6axx.dll
stack at sp + 1 slots: 0x00007ffcf3eb6020 atio6axx.dll
stack at sp + 2 slots: 0x000001e6d6ce3028 points into unknown readable memory: 0x00007ffcf36bf5f0 | f0 f5 6b f3 fc 7f 00 00
stack at sp + 3 slots: 0x0 is NULL
stack at sp + 4 slots: 0x00007ffcf0673e8d atio6axx.dll
stack at sp + 5 slots: 0x00000019439fad10 is pointing into the stack for thread: 0x000001e6acbdce00
stack at sp + 6 slots: 0x00007ffcf062f484 atio6axx.dll
stack at sp + 7 slots: 0x00007ffcf3eb33b0 atio6axx.dll


---------------  P R O C E S S  ---------------

Threads class SMR info:
_java_thread_list=0x000001e6d00cc1d0, length=17, elements={
0x000001e6acbdce00, 0x000001e6ce8e44c0, 0x000001e6ce8e7fb0, 0x000001e6ce8fa490,
0x000001e6ce8fad50, 0x000001e6ce901630, 0x000001e6ce905f10, 0x000001e6ce90a0b0,
0x000001e6cf4088a0, 0x000001e6cf409980, 0x000001e6cf4db970, 0x000001e6cf5168c0,
0x000001e6cf5f55c0, 0x000001e6d1f0dd50, 0x000001e6d1e0d950, 0x000001e6d13e4380,
0x000001e6d00f0f20
}

Java Threads: ( => current thread )
=>0x000001e6acbdce00 JavaThread "Render thread" [_thread_in_native, id=6076, stack(0x0000001943900000,0x0000001943a00000)]
  0x000001e6ce8e44c0 JavaThread "Reference Handler" daemon [_thread_blocked, id=1748, stack(0x0000001944000000,0x0000001944100000)]
  0x000001e6ce8e7fb0 JavaThread "Finalizer" daemon [_thread_blocked, id=6660, stack(0x0000001944100000,0x0000001944200000)]
  0x000001e6ce8fa490 JavaThread "Signal Dispatcher" daemon [_thread_blocked, id=13432, stack(0x0000001944200000,0x0000001944300000)]
  0x000001e6ce8fad50 JavaThread "Attach Listener" daemon [_thread_blocked, id=1028, stack(0x0000001944300000,0x0000001944400000)]
  0x000001e6ce901630 JavaThread "Service Thread" daemon [_thread_blocked, id=3588, stack(0x0000001944400000,0x0000001944500000)]
  0x000001e6ce905f10 JavaThread "Monitor Deflation Thread" daemon [_thread_blocked, id=3452, stack(0x0000001944500000,0x0000001944600000)]
  0x000001e6ce90a0b0 JavaThread "C2 CompilerThread0" daemon [_thread_blocked, id=7928, stack(0x0000001944600000,0x0000001944700000)]
  0x000001e6cf4088a0 JavaThread "C1 CompilerThread0" daemon [_thread_blocked, id=13996, stack(0x0000001944700000,0x0000001944800000)]
  0x000001e6cf409980 JavaThread "Sweeper thread" daemon [_thread_blocked, id=2572, stack(0x0000001944800000,0x0000001944900000)]
  0x000001e6cf4db970 JavaThread "Common-Cleaner" daemon [_thread_blocked, id=13736, stack(0x0000001944900000,0x0000001944a00000)]
  0x000001e6cf5168c0 JavaThread "C2 CompilerThread1" daemon [_thread_blocked, id=260, stack(0x0000001944a00000,0x0000001944b00000)]
  0x000001e6cf5f55c0 JavaThread "Notification Thread" daemon [_thread_blocked, id=14088, stack(0x0000001944c00000,0x0000001944d00000)]
  0x000001e6d1f0dd50 JavaThread "Thread-0" daemon [_thread_blocked, id=6200, stack(0x0000001945600000,0x0000001945700000)]
  0x000001e6d1e0d950 JavaThread "FileSystemWatchService" daemon [_thread_in_native, id=4940, stack(0x0000001945700000,0x0000001945800000)]
  0x000001e6d13e4380 JavaThread "pool-2-thread-1" daemon [_thread_blocked, id=10480, stack(0x0000001945a00000,0x0000001945b00000)]
  0x000001e6d00f0f20 JavaThread "Timer hack thread" daemon [_thread_blocked, id=13684, stack(0x0000001945e00000,0x0000001945f00000)]

Other Threads:
  0x000001e6ce8ddd70 VMThread "VM Thread" [stack: 0x0000001943f00000,0x0000001944000000] [id=11196]
  0x000001e6acbddc70 WatcherThread [stack: 0x0000001944d00000,0x0000001944e00000] [id=13828]
  0x000001e6acc3fcf0 GCTaskThread "GC Thread#0" [stack: 0x0000001943a00000,0x0000001943b00000] [id=7728]
  0x000001e6cf82bbd0 GCTaskThread "GC Thread#1" [stack: 0x0000001944e00000,0x0000001944f00000] [id=6112]
  0x000001e6cf82be80 GCTaskThread "GC Thread#2" [stack: 0x0000001944f00000,0x0000001945000000] [id=11308]
  0x000001e6cfec52a0 GCTaskThread "GC Thread#3" [stack: 0x0000001945000000,0x0000001945100000] [id=9408]
  0x000001e6cfec5550 GCTaskThread "GC Thread#4" [stack: 0x0000001945100000,0x0000001945200000] [id=13504]
  0x000001e6cfd00e80 GCTaskThread "GC Thread#5" [stack: 0x0000001945300000,0x0000001945400000] [id=7276]
  0x000001e6cfd01130 GCTaskThread "GC Thread#6" [stack: 0x0000001945400000,0x0000001945500000] [id=6508]
  0x000001e6d26a4540 GCTaskThread "GC Thread#7" [stack: 0x0000001945500000,0x0000001945600000] [id=10156]
  0x000001e6acc4ece0 ConcurrentGCThread "G1 Main Marker" [stack: 0x0000001943b00000,0x0000001943c00000] [id=4508]
  0x000001e6acc4fe90 ConcurrentGCThread "G1 Conc#0" [stack: 0x0000001943c00000,0x0000001943d00000] [id=9080]
  0x000001e6d124d040 ConcurrentGCThread "G1 Conc#1" [stack: 0x0000001945800000,0x0000001945900000] [id=6232]
  0x000001e6ce794190 ConcurrentGCThread "G1 Refine#0" [stack: 0x0000001943d00000,0x0000001943e00000] [id=14084]
  0x000001e6cfd45f30 ConcurrentGCThread "G1 Refine#1" [stack: 0x0000001945200000,0x0000001945300000] [id=6796]
  0x000001e6cfd7de80 ConcurrentGCThread "G1 Refine#2" [stack: 0x0000001945900000,0x0000001945a00000] [id=10168]
  0x000001e6d0a2de30 ConcurrentGCThread "G1 Refine#3" [stack: 0x0000001945f00000,0x0000001946000000] [id=13476]
  0x000001e6d2fd7740 ConcurrentGCThread "G1 Refine#4" [stack: 0x0000001946000000,0x0000001946100000] [id=13388]
  0x000001e6d2fd7d00 ConcurrentGCThread "G1 Refine#5" [stack: 0x0000001946100000,0x0000001946200000] [id=12480]
  0x000001e6ce794860 ConcurrentGCThread "G1 Service" [stack: 0x0000001943e00000,0x0000001943f00000] [id=13276]

Threads with active compile tasks:

VM state: not at safepoint (normal execution)

VM Mutex/Monitor currently owned by a thread: None

Heap address: 0x0000000720a00000, size: 3574 MB, Compressed Oops mode: Zero based, Oop shift amount: 3

CDS archive(s) mapped at: [0x0000000800000000-0x0000000800bc0000-0x0000000800bc0000), size 12320768, SharedBaseAddress: 0x0000000800000000, ArchiveRelocationMode: 0.
Compressed class space mapped at: 0x0000000800c00000-0x0000000840c00000, reserved size: 1073741824
Narrow klass base: 0x0000000800000000, Narrow klass shift: 0, Narrow klass range: 0x100000000

GC Precious Log:
 CPUs: 8 total, 8 available
 Memory: 14293M
 Large Page Support: Disabled
 NUMA Support: Disabled
 Compressed Oops: Enabled (Zero based)
 Heap Region Size: 2M
 Heap Min Capacity: 8M
 Heap Initial Capacity: 224M
 Heap Max Capacity: 3574M
 Pre-touch: Disabled
 Parallel Workers: 8
 Concurrent Workers: 2
 Concurrent Refinement Workers: 8
 Periodic GC: Disabled

Heap:
 garbage-first heap   total 317440K, used 188101K [0x0000000720a00000, 0x0000000800000000)
  region size 2048K, 13 young (26624K), 1 survivors (2048K)
 Metaspace       used 65370K, committed 66560K, reserved 1105920K
  class space    used 9947K, committed 10432K, reserved 1048576K

Heap Regions: E=young(eden), S=young(survivor), O=old, HS=humongous(starts), HC=humongous(continues), CS=collection set, F=free, OA=open archive, CA=closed archive, TAMS=top-at-mark-start (previous, next)
|   0|0x0000000720a00000, 0x0000000720c00000, 0x0000000720c00000|100%|HS|  |TAMS 0x0000000720c00000, 0x0000000720a00000| Complete 
|   1|0x0000000720c00000, 0x0000000720e00000, 0x0000000720e00000|100%| O|  |TAMS 0x0000000720e00000, 0x0000000720c00000| Untracked 
|   2|0x0000000720e00000, 0x0000000721000000, 0x0000000721000000|100%|HS|  |TAMS 0x0000000721000000, 0x0000000720e00000| Complete 
|   3|0x0000000721000000, 0x0000000721200000, 0x0000000721200000|100%| O|  |TAMS 0x0000000721200000, 0x0000000721000000| Untracked 
|   4|0x0000000721200000, 0x0000000721400000, 0x0000000721400000|100%| O|  |TAMS 0x0000000721400000, 0x0000000721200000| Untracked 
|   5|0x0000000721400000, 0x0000000721600000, 0x0000000721600000|100%| O|  |TAMS 0x0000000721600000, 0x0000000721400000| Untracked 
|   6|0x0000000721600000, 0x0000000721800000, 0x0000000721800000|100%|HS|  |TAMS 0x0000000721800000, 0x0000000721600000| Complete 
|   7|0x0000000721800000, 0x0000000721a00000, 0x0000000721a00000|100%|HS|  |TAMS 0x0000000721a00000, 0x0000000721800000| Complete 
|   8|0x0000000721a00000, 0x0000000721c00000, 0x0000000721c00000|100%| O|  |TAMS 0x0000000721c00000, 0x0000000721a00000| Untracked 
|   9|0x0000000721c00000, 0x0000000721e00000, 0x0000000721e00000|100%| O|  |TAMS 0x0000000721e00000, 0x0000000721c00000| Untracked 
|  10|0x0000000721e00000, 0x0000000722000000, 0x0000000722000000|100%| O|  |TAMS 0x0000000722000000, 0x0000000721e00000| Untracked 
|  11|0x0000000722000000, 0x0000000722200000, 0x0000000722200000|100%| O|  |TAMS 0x0000000722200000, 0x0000000722000000| Untracked 
|  12|0x0000000722200000, 0x0000000722400000, 0x0000000722400000|100%| O|  |TAMS 0x0000000722400000, 0x0000000722200000| Untracked 
|  13|0x0000000722400000, 0x0000000722600000, 0x0000000722600000|100%| O|  |TAMS 0x0000000722600000, 0x0000000722400000| Untracked 
|  14|0x0000000722600000, 0x0000000722800000, 0x0000000722800000|100%|HS|  |TAMS 0x0000000722800000, 0x0000000722600000| Complete 
|  15|0x0000000722800000, 0x0000000722a00000, 0x0000000722a00000|100%| O|  |TAMS 0x0000000722a00000, 0x0000000722800000| Untracked 
|  16|0x0000000722a00000, 0x0000000722c00000, 0x0000000722c00000|100%| O|  |TAMS 0x0000000722c00000, 0x0000000722a00000| Untracked 
|  17|0x0000000722c00000, 0x0000000722e00000, 0x0000000722e00000|100%| O|  |TAMS 0x0000000722e00000, 0x0000000722c00000| Untracked 
|  18|0x0000000722e00000, 0x0000000723000000, 0x0000000723000000|100%| O|  |TAMS 0x0000000723000000, 0x0000000722e00000| Untracked 
|  19|0x0000000723000000, 0x0000000723200000, 0x0000000723200000|100%| O|  |TAMS 0x0000000723200000, 0x0000000723000000| Untracked 
|  20|0x0000000723200000, 0x0000000723400000, 0x0000000723400000|100%| O|  |TAMS 0x0000000723400000, 0x0000000723200000| Untracked 
|  21|0x0000000723400000, 0x0000000723600000, 0x0000000723600000|100%| O|  |TAMS 0x0000000723600000, 0x0000000723400000| Untracked 
|  22|0x0000000723600000, 0x0000000723800000, 0x0000000723800000|100%| O|  |TAMS 0x0000000723800000, 0x0000000723600000| Untracked 
|  23|0x0000000723800000, 0x00000007239eb000, 0x0000000723a00000| 95%| O|  |TAMS 0x00000007239eb000, 0x0000000723800000| Untracked 
|  24|0x0000000723a00000, 0x0000000723c00000, 0x0000000723c00000|100%| O|  |TAMS 0x0000000723c00000, 0x0000000723a00000| Untracked 
|  25|0x0000000723c00000, 0x0000000723e00000, 0x0000000723e00000|100%| O|  |TAMS 0x0000000723e00000, 0x0000000723c00000| Untracked 
|  26|0x0000000723e00000, 0x0000000724000000, 0x0000000724000000|100%| O|  |TAMS 0x0000000724000000, 0x0000000723e00000| Untracked 
|  27|0x0000000724000000, 0x0000000724200000, 0x0000000724200000|100%| O|  |TAMS 0x0000000724200000, 0x0000000724000000| Untracked 
|  28|0x0000000724200000, 0x0000000724400000, 0x0000000724400000|100%| O|  |TAMS 0x0000000724400000, 0x0000000724200000| Untracked 
|  29|0x0000000724400000, 0x0000000724600000, 0x0000000724600000|100%| O|  |TAMS 0x0000000724600000, 0x0000000724400000| Untracked 
|  30|0x0000000724600000, 0x0000000724800000, 0x0000000724800000|100%| O|  |TAMS 0x0000000724800000, 0x0000000724600000| Untracked 
|  31|0x0000000724800000, 0x0000000724a00000, 0x0000000724a00000|100%| O|  |TAMS 0x0000000724a00000, 0x0000000724800000| Untracked 
|  32|0x0000000724a00000, 0x0000000724c00000, 0x0000000724c00000|100%| O|  |TAMS 0x0000000724c00000, 0x0000000724a00000| Untracked 
|  33|0x0000000724c00000, 0x0000000724e00000, 0x0000000724e00000|100%|HS|  |TAMS 0x0000000724e00000, 0x0000000724c00000| Complete 
|  34|0x0000000724e00000, 0x0000000725000000, 0x0000000725000000|100%|HC|  |TAMS 0x0000000725000000, 0x0000000724e00000| Complete 
|  35|0x0000000725000000, 0x0000000725200000, 0x0000000725200000|100%|HC|  |TAMS 0x0000000725200000, 0x0000000725000000| Complete 
|  36|0x0000000725200000, 0x0000000725400000, 0x0000000725400000|100%|HC|  |TAMS 0x0000000725400000, 0x0000000725200000| Complete 
|  37|0x0000000725400000, 0x0000000725600000, 0x0000000725600000|100%|HC|  |TAMS 0x0000000725600000, 0x0000000725400000| Complete 
|  38|0x0000000725600000, 0x0000000725800000, 0x0000000725800000|100%|HC|  |TAMS 0x0000000725800000, 0x0000000725600000| Complete 
|  39|0x0000000725800000, 0x0000000725a00000, 0x0000000725a00000|100%| O|  |TAMS 0x0000000725a00000, 0x0000000725800000| Untracked 
|  40|0x0000000725a00000, 0x0000000725c00000, 0x0000000725c00000|100%| O|  |TAMS 0x0000000725c00000, 0x0000000725a00000| Untracked 
|  41|0x0000000725c00000, 0x0000000725e00000, 0x0000000725e00000|100%| O|  |TAMS 0x0000000725e00000, 0x0000000725c00000| Untracked 
|  42|0x0000000725e00000, 0x0000000726000000, 0x0000000726000000|100%| O|  |TAMS 0x0000000726000000, 0x0000000725e00000| Untracked 
|  43|0x0000000726000000, 0x0000000726200000, 0x0000000726200000|100%| O|  |TAMS 0x0000000726200000, 0x0000000726000000| Untracked 
|  44|0x0000000726200000, 0x0000000726400000, 0x0000000726400000|100%| O|  |TAMS 0x0000000726400000, 0x0000000726200000| Untracked 
|  45|0x0000000726400000, 0x0000000726600000, 0x0000000726600000|100%| O|  |TAMS 0x0000000726600000, 0x0000000726400000| Untracked 
|  46|0x0000000726600000, 0x0000000726800000, 0x0000000726800000|100%| O|  |TAMS 0x0000000726800000, 0x0000000726600000| Untracked 
|  47|0x0000000726800000, 0x0000000726a00000, 0x0000000726a00000|100%| O|  |TAMS 0x0000000726a00000, 0x0000000726800000| Untracked 
|  48|0x0000000726a00000, 0x0000000726c00000, 0x0000000726c00000|100%| O|  |TAMS 0x0000000726c00000, 0x0000000726a00000| Untracked 
|  49|0x0000000726c00000, 0x0000000726e00000, 0x0000000726e00000|100%| O|  |TAMS 0x0000000726e00000, 0x0000000726c00000| Untracked 
|  50|0x0000000726e00000, 0x0000000727000000, 0x0000000727000000|100%| O|  |TAMS 0x0000000727000000, 0x0000000726e00000| Untracked 
|  51|0x0000000727000000, 0x0000000727200000, 0x0000000727200000|100%| O|  |TAMS 0x0000000727200000, 0x0000000727000000| Untracked 
|  52|0x0000000727200000, 0x0000000727400000, 0x0000000727400000|100%| O|  |TAMS 0x0000000727400000, 0x0000000727200000| Untracked 
|  53|0x0000000727400000, 0x0000000727600000, 0x0000000727600000|100%| O|  |TAMS 0x0000000727600000, 0x0000000727400000| Untracked 
|  54|0x0000000727600000, 0x0000000727800000, 0x0000000727800000|100%| O|  |TAMS 0x0000000727800000, 0x0000000727600000| Untracked 
|  55|0x0000000727800000, 0x0000000727a00000, 0x0000000727a00000|100%| O|  |TAMS 0x0000000727a00000, 0x0000000727800000| Untracked 
|  56|0x0000000727a00000, 0x0000000727c00000, 0x0000000727c00000|100%| O|  |TAMS 0x0000000727c00000, 0x0000000727a00000| Untracked 
|  57|0x0000000727c00000, 0x0000000727c00000, 0x0000000727e00000|  0%| F|  |TAMS 0x0000000727c00000, 0x0000000727c00000| Untracked 
|  58|0x0000000727e00000, 0x0000000728000000, 0x0000000728000000|100%| O|  |TAMS 0x0000000728000000, 0x0000000727e00000| Untracked 
|  59|0x0000000728000000, 0x0000000728200000, 0x0000000728200000|100%| O|  |TAMS 0x0000000728200000, 0x0000000728000000| Untracked 
|  60|0x0000000728200000, 0x0000000728400000, 0x0000000728400000|100%| O|  |TAMS 0x0000000728400000, 0x0000000728200000| Untracked 
|  61|0x0000000728400000, 0x0000000728600000, 0x0000000728600000|100%| O|  |TAMS 0x0000000728600000, 0x0000000728400000| Untracked 
|  62|0x0000000728600000, 0x0000000728800000, 0x0000000728800000|100%| O|  |TAMS 0x0000000728800000, 0x0000000728600000| Untracked 
|  63|0x0000000728800000, 0x0000000728a00000, 0x0000000728a00000|100%| O|  |TAMS 0x0000000728a00000, 0x0000000728800000| Untracked 
|  64|0x0000000728a00000, 0x0000000728c00000, 0x0000000728c00000|100%| O|  |TAMS 0x0000000728c00000, 0x0000000728a00000| Untracked 
|  65|0x0000000728c00000, 0x0000000728e00000, 0x0000000728e00000|100%| O|  |TAMS 0x0000000728e00000, 0x0000000728c00000| Untracked 
|  66|0x0000000728e00000, 0x0000000729000000, 0x0000000729000000|100%| O|  |TAMS 0x0000000729000000, 0x0000000728e00000| Untracked 
|  67|0x0000000729000000, 0x0000000729200000, 0x0000000729200000|100%| O|  |TAMS 0x0000000729200000, 0x0000000729000000| Untracked 
|  68|0x0000000729200000, 0x0000000729400000, 0x0000000729400000|100%| O|  |TAMS 0x0000000729400000, 0x0000000729200000| Untracked 
|  69|0x0000000729400000, 0x0000000729600000, 0x0000000729600000|100%| O|  |TAMS 0x0000000729600000, 0x0000000729400000| Untracked 
|  70|0x0000000729600000, 0x0000000729800000, 0x0000000729800000|100%| O|  |TAMS 0x0000000729800000, 0x0000000729600000| Untracked 
|  71|0x0000000729800000, 0x0000000729a00000, 0x0000000729a00000|100%| O|  |TAMS 0x00000007298a8e00, 0x0000000729800000| Untracked 
|  72|0x0000000729a00000, 0x0000000729c00000, 0x0000000729c00000|100%| O|  |TAMS 0x0000000729a00000, 0x0000000729a00000| Untracked 
|  73|0x0000000729c00000, 0x0000000729e00000, 0x0000000729e00000|100%| O|  |TAMS 0x0000000729c00000, 0x0000000729c00000| Untracked 
|  74|0x0000000729e00000, 0x000000072a000000, 0x000000072a000000|100%| O|  |TAMS 0x0000000729e00000, 0x0000000729e00000| Untracked 
|  75|0x000000072a000000, 0x000000072a200000, 0x000000072a200000|100%| O|  |TAMS 0x000000072a000000, 0x000000072a000000| Untracked 
|  76|0x000000072a200000, 0x000000072a400000, 0x000000072a400000|100%| O|  |TAMS 0x000000072a200000, 0x000000072a200000| Untracked 
|  77|0x000000072a400000, 0x000000072a600000, 0x000000072a600000|100%| O|  |TAMS 0x000000072a400000, 0x000000072a400000| Untracked 
|  78|0x000000072a600000, 0x000000072a800000, 0x000000072a800000|100%| O|  |TAMS 0x000000072a600000, 0x000000072a600000| Untracked 
|  79|0x000000072a800000, 0x000000072aa00000, 0x000000072aa00000|100%| O|  |TAMS 0x000000072a800000, 0x000000072a800000| Untracked 
|  80|0x000000072aa00000, 0x000000072ac00000, 0x000000072ac00000|100%| O|  |TAMS 0x000000072aa00000, 0x000000072aa00000| Untracked 
|  81|0x000000072ac00000, 0x000000072ac10e00, 0x000000072ae00000|  3%| O|  |TAMS 0x000000072ac00000, 0x000000072ac00000| Untracked 
|  82|0x000000072ae00000, 0x000000072ae00000, 0x000000072b000000|  0%| F|  |TAMS 0x000000072ae00000, 0x000000072ae00000| Untracked 
|  83|0x000000072b000000, 0x000000072b000000, 0x000000072b200000|  0%| F|  |TAMS 0x000000072b000000, 0x000000072b000000| Untracked 
|  84|0x000000072b200000, 0x000000072b200000, 0x000000072b400000|  0%| F|  |TAMS 0x000000072b200000, 0x000000072b200000| Untracked 
|  85|0x000000072b400000, 0x000000072b400000, 0x000000072b600000|  0%| F|  |TAMS 0x000000072b400000, 0x000000072b400000| Untracked 
|  86|0x000000072b600000, 0x000000072b600000, 0x000000072b800000|  0%| F|  |TAMS 0x000000072b600000, 0x000000072b600000| Untracked 
|  87|0x000000072b800000, 0x000000072b800000, 0x000000072ba00000|  0%| F|  |TAMS 0x000000072b800000, 0x000000072b800000| Untracked 
|  88|0x000000072ba00000, 0x000000072ba00000, 0x000000072bc00000|  0%| F|  |TAMS 0x000000072ba00000, 0x000000072ba00000| Untracked 
|  89|0x000000072bc00000, 0x000000072bc00000, 0x000000072be00000|  0%| F|  |TAMS 0x000000072bc00000, 0x000000072bc00000| Untracked 
|  90|0x000000072be00000, 0x000000072be00000, 0x000000072c000000|  0%| F|  |TAMS 0x000000072be00000, 0x000000072be00000| Untracked 
|  91|0x000000072c000000, 0x000000072c000000, 0x000000072c200000|  0%| F|  |TAMS 0x000000072c000000, 0x000000072c000000| Untracked 
|  92|0x000000072c200000, 0x000000072c200000, 0x000000072c400000|  0%| F|  |TAMS 0x000000072c200000, 0x000000072c200000| Untracked 
|  93|0x000000072c400000, 0x000000072c400000, 0x000000072c600000|  0%| F|  |TAMS 0x000000072c400000, 0x000000072c400000| Untracked 
|  94|0x000000072c600000, 0x000000072c600000, 0x000000072c800000|  0%| F|  |TAMS 0x000000072c600000, 0x000000072c600000| Untracked 
|  95|0x000000072c800000, 0x000000072c800000, 0x000000072ca00000|  0%| F|  |TAMS 0x000000072c800000, 0x000000072c800000| Untracked 
|  96|0x000000072ca00000, 0x000000072ca00000, 0x000000072cc00000|  0%| F|  |TAMS 0x000000072ca00000, 0x000000072ca00000| Untracked 
|  97|0x000000072cc00000, 0x000000072cc00000, 0x000000072ce00000|  0%| F|  |TAMS 0x000000072cc00000, 0x000000072cc00000| Untracked 
|  98|0x000000072ce00000, 0x000000072ce00000, 0x000000072d000000|  0%| F|  |TAMS 0x000000072ce00000, 0x000000072ce00000| Untracked 
|  99|0x000000072d000000, 0x000000072d000000, 0x000000072d200000|  0%| F|  |TAMS 0x000000072d000000, 0x000000072d000000| Untracked 
| 100|0x000000072d200000, 0x000000072d200000, 0x000000072d400000|  0%| F|  |TAMS 0x000000072d200000, 0x000000072d200000| Untracked 
| 101|0x000000072d400000, 0x000000072d400000, 0x000000072d600000|  0%| F|  |TAMS 0x000000072d400000, 0x000000072d400000| Untracked 
| 102|0x000000072d600000, 0x000000072d600000, 0x000000072d800000|  0%| F|  |TAMS 0x000000072d600000, 0x000000072d600000| Untracked 
| 103|0x000000072d800000, 0x000000072d800000, 0x000000072da00000|  0%| F|  |TAMS 0x000000072d800000, 0x000000072d800000| Untracked 
| 104|0x000000072da00000, 0x000000072da00000, 0x000000072dc00000|  0%| F|  |TAMS 0x000000072da00000, 0x000000072da00000| Untracked 
| 105|0x000000072dc00000, 0x000000072dc00000, 0x000000072de00000|  0%| F|  |TAMS 0x000000072dc00000, 0x000000072dc00000| Untracked 
| 106|0x000000072de00000, 0x000000072de00000, 0x000000072e000000|  0%| F|  |TAMS 0x000000072de00000, 0x000000072de00000| Untracked 
| 107|0x000000072e000000, 0x000000072e000000, 0x000000072e200000|  0%| F|  |TAMS 0x000000072e000000, 0x000000072e000000| Untracked 
| 108|0x000000072e200000, 0x000000072e200000, 0x000000072e400000|  0%| F|  |TAMS 0x000000072e200000, 0x000000072e200000| Untracked 
| 109|0x000000072e400000, 0x000000072e400000, 0x000000072e600000|  0%| F|  |TAMS 0x000000072e400000, 0x000000072e400000| Untracked 
| 110|0x000000072e600000, 0x000000072e600000, 0x000000072e800000|  0%| F|  |TAMS 0x000000072e600000, 0x000000072e600000| Untracked 
| 111|0x000000072e800000, 0x000000072e800000, 0x000000072ea00000|  0%| F|  |TAMS 0x000000072e800000, 0x000000072e800000| Untracked 
| 112|0x000000072ea00000, 0x000000072ea00000, 0x000000072ec00000|  0%| F|  |TAMS 0x000000072ea00000, 0x000000072ea00000| Untracked 
| 113|0x000000072ec00000, 0x000000072ec00000, 0x000000072ee00000|  0%| F|  |TAMS 0x000000072ec00000, 0x000000072ec00000| Untracked 
| 114|0x000000072ee00000, 0x000000072ee00000, 0x000000072f000000|  0%| F|  |TAMS 0x000000072ee00000, 0x000000072ee00000| Untracked 
| 115|0x000000072f000000, 0x000000072f000000, 0x000000072f200000|  0%| F|  |TAMS 0x000000072f000000, 0x000000072f000000| Untracked 
| 116|0x000000072f200000, 0x000000072f200000, 0x000000072f400000|  0%| F|  |TAMS 0x000000072f200000, 0x000000072f200000| Untracked 
| 117|0x000000072f400000, 0x000000072f400000, 0x000000072f600000|  0%| F|  |TAMS 0x000000072f400000, 0x000000072f400000| Untracked 
| 118|0x000000072f600000, 0x000000072f600000, 0x000000072f800000|  0%| F|  |TAMS 0x000000072f600000, 0x000000072f600000| Untracked 
| 119|0x000000072f800000, 0x000000072f800000, 0x000000072fa00000|  0%| F|  |TAMS 0x000000072f800000, 0x000000072f800000| Untracked 
| 120|0x000000072fa00000, 0x000000072fa00000, 0x000000072fc00000|  0%| F|  |TAMS 0x000000072fa00000, 0x000000072fa00000| Untracked 
| 121|0x000000072fc00000, 0x000000072fc00000, 0x000000072fe00000|  0%| F|  |TAMS 0x000000072fc00000, 0x000000072fc00000| Untracked 
| 122|0x000000072fe00000, 0x000000072fe00000, 0x0000000730000000|  0%| F|  |TAMS 0x000000072fe00000, 0x000000072fe00000| Untracked 
| 123|0x0000000730000000, 0x0000000730000000, 0x0000000730200000|  0%| F|  |TAMS 0x0000000730000000, 0x0000000730000000| Untracked 
| 124|0x0000000730200000, 0x0000000730200000, 0x0000000730400000|  0%| F|  |TAMS 0x0000000730200000, 0x0000000730200000| Untracked 
| 125|0x0000000730400000, 0x0000000730400000, 0x0000000730600000|  0%| F|  |TAMS 0x0000000730400000, 0x0000000730400000| Untracked 
| 126|0x0000000730600000, 0x0000000730600000, 0x0000000730800000|  0%| F|  |TAMS 0x0000000730600000, 0x0000000730600000| Untracked 
| 127|0x0000000730800000, 0x0000000730800000, 0x0000000730a00000|  0%| F|  |TAMS 0x0000000730800000, 0x0000000730800000| Untracked 
| 128|0x0000000730a00000, 0x0000000730a00000, 0x0000000730c00000|  0%| F|  |TAMS 0x0000000730a00000, 0x0000000730a00000| Untracked 
| 129|0x0000000730c00000, 0x0000000730c00000, 0x0000000730e00000|  0%| F|  |TAMS 0x0000000730c00000, 0x0000000730c00000| Untracked 
| 130|0x0000000730e00000, 0x0000000730e00000, 0x0000000731000000|  0%| F|  |TAMS 0x0000000730e00000, 0x0000000730e00000| Untracked 
| 131|0x0000000731000000, 0x0000000731000000, 0x0000000731200000|  0%| F|  |TAMS 0x0000000731000000, 0x0000000731000000| Untracked 
| 132|0x0000000731200000, 0x0000000731200000, 0x0000000731400000|  0%| F|  |TAMS 0x0000000731200000, 0x0000000731200000| Untracked 
| 133|0x0000000731400000, 0x0000000731400000, 0x0000000731600000|  0%| F|  |TAMS 0x0000000731400000, 0x0000000731400000| Untracked 
| 134|0x0000000731600000, 0x0000000731600000, 0x0000000731800000|  0%| F|  |TAMS 0x0000000731600000, 0x0000000731600000| Untracked 
| 135|0x0000000731800000, 0x0000000731800000, 0x0000000731a00000|  0%| F|  |TAMS 0x0000000731800000, 0x0000000731800000| Untracked 
| 136|0x0000000731a00000, 0x0000000731a00000, 0x0000000731c00000|  0%| F|  |TAMS 0x0000000731a00000, 0x0000000731a00000| Untracked 
| 137|0x0000000731c00000, 0x0000000731c00000, 0x0000000731e00000|  0%| F|  |TAMS 0x0000000731c00000, 0x0000000731c00000| Untracked 
| 138|0x0000000731e00000, 0x0000000731e00000, 0x0000000732000000|  0%| F|  |TAMS 0x0000000731e00000, 0x0000000731e00000| Untracked 
| 139|0x0000000732000000, 0x0000000732000000, 0x0000000732200000|  0%| F|  |TAMS 0x0000000732000000, 0x0000000732000000| Untracked 
| 140|0x0000000732200000, 0x0000000732200000, 0x0000000732400000|  0%| F|  |TAMS 0x0000000732200000, 0x0000000732200000| Untracked 
| 141|0x0000000732400000, 0x0000000732400000, 0x0000000732600000|  0%| F|  |TAMS 0x0000000732400000, 0x0000000732400000| Untracked 
| 142|0x0000000732600000, 0x00000007326031e0, 0x0000000732800000|  0%| E|  |TAMS 0x0000000732600000, 0x0000000732600000| Complete 
| 143|0x0000000732800000, 0x0000000732a00000, 0x0000000732a00000|100%| E|CS|TAMS 0x0000000732800000, 0x0000000732800000| Complete 
| 144|0x0000000732a00000, 0x0000000732c00000, 0x0000000732c00000|100%| E|CS|TAMS 0x0000000732a00000, 0x0000000732a00000| Complete 
| 145|0x0000000732c00000, 0x0000000732e00000, 0x0000000732e00000|100%| E|CS|TAMS 0x0000000732c00000, 0x0000000732c00000| Complete 
| 146|0x0000000732e00000, 0x0000000733000000, 0x0000000733000000|100%| E|CS|TAMS 0x0000000732e00000, 0x0000000732e00000| Complete 
| 147|0x0000000733000000, 0x0000000733200000, 0x0000000733200000|100%| E|CS|TAMS 0x0000000733000000, 0x0000000733000000| Complete 
| 148|0x0000000733200000, 0x0000000733400000, 0x0000000733400000|100%| E|CS|TAMS 0x0000000733200000, 0x0000000733200000| Complete 
| 149|0x0000000733400000, 0x0000000733600000, 0x0000000733600000|100%| E|CS|TAMS 0x0000000733400000, 0x0000000733400000| Complete 
| 150|0x0000000733600000, 0x0000000733800000, 0x0000000733800000|100%| E|CS|TAMS 0x0000000733600000, 0x0000000733600000| Complete 
| 151|0x0000000733800000, 0x0000000733a00000, 0x0000000733a00000|100%| E|CS|TAMS 0x0000000733800000, 0x0000000733800000| Complete 
| 152|0x0000000733a00000, 0x0000000733c00000, 0x0000000733c00000|100%| E|CS|TAMS 0x0000000733a00000, 0x0000000733a00000| Complete 
| 153|0x0000000733c00000, 0x0000000733db5870, 0x0000000733e00000| 85%| S|CS|TAMS 0x0000000733c00000, 0x0000000733c00000| Complete 
| 154|0x0000000733e00000, 0x0000000734000000, 0x0000000734000000|100%| E|CS|TAMS 0x0000000733e00000, 0x0000000733e00000| Complete 

Card table byte_map: [0x000001e6c40d0000,0x000001e6c47d0000] _byte_map_base: 0x000001e6c07cb000

Marking Bits (Prev, Next): (CMBitMap*) 0x000001e6acc40300, (CMBitMap*) 0x000001e6acc40340
 Prev Bits: [0x000001e6c4ed0000, 0x000001e6c86a8000)
 Next Bits: [0x000001e6c86b0000, 0x000001e6cbe88000)

Polling page: 0x000001e6aab30000

Metaspace:

Usage:
  Non-class:     54.12 MB used.
      Class:      9.71 MB used.
       Both:     63.84 MB used.

Virtual space:
  Non-class space:       56.00 MB reserved,      54.81 MB ( 98%) committed,  7 nodes.
      Class space:        1.00 GB reserved,      10.19 MB ( <1%) committed,  1 nodes.
             Both:        1.05 GB reserved,      65.00 MB (  6%) committed. 

Chunk freelists:
   Non-Class:  1.16 MB
       Class:  1.82 MB
        Both:  2.98 MB

MaxMetaspaceSize: unlimited
CompressedClassSpaceSize: 1.00 GB
Initial GC threshold: 21.00 MB
Current GC threshold: 97.94 MB
CDS: on
MetaspaceReclaimPolicy: balanced
 - commit_granule_bytes: 65536.
 - commit_granule_words: 8192.
 - virtual_space_node_default_size: 1048576.
 - enlarge_chunks_in_place: 1.
 - new_chunks_are_fully_committed: 0.
 - uncommit_free_chunks: 1.
 - use_allocation_guard: 0.
 - handle_deallocations: 1.


Internal statistics:

num_allocs_failed_limit: 6.
num_arena_births: 1718.
num_arena_deaths: 0.
num_vsnodes_births: 8.
num_vsnodes_deaths: 0.
num_space_committed: 1037.
num_space_uncommitted: 0.
num_chunks_returned_to_freelist: 6.
num_chunks_taken_from_freelist: 4405.
num_chunk_merges: 6.
num_chunk_splits: 2875.
num_chunks_enlarged: 1948.
num_purges: 0.
num_inconsistent_stats: 0.

CodeHeap 'non-profiled nmethods': size=120000Kb used=5848Kb max_used=6240Kb free=114151Kb
 bounds [0x000001e6bc170000, 0x000001e6bc790000, 0x000001e6c36a0000]
CodeHeap 'profiled nmethods': size=120000Kb used=10070Kb max_used=12787Kb free=109929Kb
 bounds [0x000001e6b4c40000, 0x000001e6b58c0000, 0x000001e6bc170000]
CodeHeap 'non-nmethods': size=5760Kb used=1952Kb max_used=2000Kb free=3807Kb
 bounds [0x000001e6b46a0000, 0x000001e6b4910000, 0x000001e6b4c40000]
 total_blobs=8145 nmethods=6668 adapters=1389
 compilation: enabled
              stopped_count=0, restarted_count=0
 full_count=0

Compilation events (20 events):
Event: 34.633 Thread 0x000001e6ce90a0b0 9771       4       java.util.Collections$UnmodifiableCollection::iterator (9 bytes)
Event: 34.633 Thread 0x000001e6cf4088a0 9772       3       org.objectweb.asm.SymbolTable::<init> (41 bytes)
Event: 34.633 Thread 0x000001e6cf5168c0 9775       4       org.objectweb.asm.tree.MethodNode::accept (874 bytes)
Event: 34.635 Thread 0x000001e6cf4088a0 nmethod 9772 0x000001e6b4c4e690 code [0x000001e6b4c4e860, 0x000001e6b4c4edf8]
Event: 34.635 Thread 0x000001e6cf4088a0 9773       3       org.objectweb.asm.ClassWriter::visit (160 bytes)
Event: 34.638 Thread 0x000001e6cf4088a0 nmethod 9773 0x000001e6b52a4710 code [0x000001e6b52a4940, 0x000001e6b52a51b8]
Event: 34.638 Thread 0x000001e6cf4088a0 9774       3       org.objectweb.asm.SymbolTable::setMajorVersionAndClassName (19 bytes)
Event: 34.639 Thread 0x000001e6cf4088a0 nmethod 9774 0x000001e6b4ca2d10 code [0x000001e6b4ca2ec0, 0x000001e6b4ca30c8]
Event: 34.639 Thread 0x000001e6cf4088a0 9776       3       org.objectweb.asm.ClassWriter::visitEnd (1 bytes)
Event: 34.640 Thread 0x000001e6cf4088a0 nmethod 9776 0x000001e6b4c65710 code [0x000001e6b4c658a0, 0x000001e6b4c659b8]
Event: 34.644 Thread 0x000001e6ce90a0b0 nmethod 9771 0x000001e6bc5c9710 code [0x000001e6bc5c98a0, 0x000001e6bc5c9b38]
Event: 34.646 Thread 0x000001e6cf4088a0 9779       3       cpw.mods.niofs.union.UnionFileSystem::getPath (53 bytes)
Event: 34.647 Thread 0x000001e6cf4088a0 nmethod 9779 0x000001e6b4eaef10 code [0x000001e6b4eaf100, 0x000001e6b4eaf8e8]
Event: 34.674 Thread 0x000001e6cf4088a0 9780       3       sun.misc.Unsafe::getInt (9 bytes)
Event: 34.674 Thread 0x000001e6cf4088a0 nmethod 9780 0x000001e6b4c81a90 code [0x000001e6b4c81c20, 0x000001e6b4c81d38]
Event: 34.674 Thread 0x000001e6cf4088a0 9781       3       org.lwjgl.system.CustomBuffer::address (19 bytes)
Event: 34.675 Thread 0x000001e6cf4088a0 nmethod 9781 0x000001e6b4ca4f10 code [0x000001e6b4ca50c0, 0x000001e6b4ca5328]
Event: 34.678 Thread 0x000001e6cf4088a0 9782       3       net.minecraftforge.eventbus.EventAccessTransformer$$Lambda$1075/0x000000080104ede0::test (8 bytes)
Event: 34.679 Thread 0x000001e6cf4088a0 nmethod 9782 0x000001e6b4dd6b90 code [0x000001e6b4dd6de0, 0x000001e6b4dd79c8]
Event: 34.699 Thread 0x000001e6cf5168c0 nmethod 9775 0x000001e6bc275490 code [0x000001e6bc275880, 0x000001e6bc277778]

GC Heap History (20 events):
Event: 19.819 GC heap before
{Heap before GC invocations=15 (full 0):
 garbage-first heap   total 239616K, used 146172K [0x0000000720a00000, 0x0000000800000000)
  region size 2048K, 33 young (67584K), 5 survivors (10240K)
 Metaspace       used 35180K, committed 36096K, reserved 1081344K
  class space    used 4413K, committed 4864K, reserved 1048576K
}
Event: 19.829 GC heap after
{Heap after GC invocations=16 (full 0):
 garbage-first heap   total 239616K, used 92672K [0x0000000720a00000, 0x0000000800000000)
  region size 2048K, 5 young (10240K), 5 survivors (10240K)
 Metaspace       used 35180K, committed 36096K, reserved 1081344K
  class space    used 4413K, committed 4864K, reserved 1048576K
}
Event: 21.907 GC heap before
{Heap before GC invocations=17 (full 0):
 garbage-first heap   total 239616K, used 199168K [0x0000000720a00000, 0x0000000800000000)
  region size 2048K, 57 young (116736K), 5 survivors (10240K)
 Metaspace       used 40426K, committed 41472K, reserved 1089536K
  class space    used 5372K, committed 5824K, reserved 1048576K
}
Event: 21.921 GC heap after
{Heap after GC invocations=18 (full 0):
 garbage-first heap   total 239616K, used 98227K [0x0000000720a00000, 0x0000000800000000)
  region size 2048K, 7 young (14336K), 7 survivors (14336K)
 Metaspace       used 40426K, committed 41472K, reserved 1089536K
  class space    used 5372K, committed 5824K, reserved 1048576K
}
Event: 22.699 GC heap before
{Heap before GC invocations=18 (full 0):
 garbage-first heap   total 239616K, used 198579K [0x0000000720a00000, 0x0000000800000000)
  region size 2048K, 56 young (114688K), 7 survivors (14336K)
 Metaspace       used 41484K, committed 42496K, reserved 1089536K
  class space    used 5537K, committed 6016K, reserved 1048576K
}
Event: 22.721 GC heap after
{Heap after GC invocations=19 (full 0):
 garbage-first heap   total 239616K, used 107364K [0x0000000720a00000, 0x0000000800000000)
  region size 2048K, 7 young (14336K), 7 survivors (14336K)
 Metaspace       used 41484K, committed 42496K, reserved 1089536K
  class space    used 5537K, committed 6016K, reserved 1048576K
}
Event: 23.071 GC heap before
{Heap before GC invocations=19 (full 0):
 garbage-first heap   total 239616K, used 195428K [0x0000000720a00000, 0x0000000800000000)
  region size 2048K, 50 young (102400K), 7 survivors (14336K)
 Metaspace       used 41713K, committed 42688K, reserved 1089536K
  class space    used 5581K, committed 6016K, reserved 1048576K
}
Event: 23.096 GC heap after
{Heap after GC invocations=20 (full 0):
 garbage-first heap   total 239616K, used 118236K [0x0000000720a00000, 0x0000000800000000)
  region size 2048K, 5 young (10240K), 5 survivors (10240K)
 Metaspace       used 41713K, committed 42688K, reserved 1089536K
  class space    used 5581K, committed 6016K, reserved 1048576K
}
Event: 23.441 GC heap before
{Heap before GC invocations=20 (full 0):
 garbage-first heap   total 239616K, used 196060K [0x0000000720a00000, 0x0000000800000000)
  region size 2048K, 43 young (88064K), 5 survivors (10240K)
 Metaspace       used 42214K, committed 43200K, reserved 1089536K
  class space    used 5647K, committed 6080K, reserved 1048576K
}
Event: 23.458 GC heap after
{Heap after GC invocations=21 (full 0):
 garbage-first heap   total 317440K, used 126418K [0x0000000720a00000, 0x0000000800000000)
  region size 2048K, 4 young (8192K), 4 survivors (8192K)
 Metaspace       used 42214K, committed 43200K, reserved 1089536K
  class space    used 5647K, committed 6080K, reserved 1048576K
}
Event: 26.267 GC heap before
{Heap before GC invocations=22 (full 0):
 garbage-first heap   total 317440K, used 253394K [0x0000000720a00000, 0x0000000800000000)
  region size 2048K, 66 young (135168K), 4 survivors (8192K)
 Metaspace       used 47277K, committed 48320K, reserved 1097728K
  class space    used 6447K, committed 6912K, reserved 1048576K
}
Event: 26.287 GC heap after
{Heap after GC invocations=23 (full 0):
 garbage-first heap   total 317440K, used 145259K [0x0000000720a00000, 0x0000000800000000)
  region size 2048K, 9 young (18432K), 9 survivors (18432K)
 Metaspace       used 47277K, committed 48320K, reserved 1097728K
  class space    used 6447K, committed 6912K, reserved 1048576K
}
Event: 29.813 GC heap before
{Heap before GC invocations=23 (full 0):
 garbage-first heap   total 317440K, used 249707K [0x0000000720a00000, 0x0000000800000000)
  region size 2048K, 60 young (122880K), 9 survivors (18432K)
 Metaspace       used 54884K, committed 55936K, reserved 1097728K
  class space    used 8160K, committed 8640K, reserved 1048576K
}
Event: 29.832 GC heap after
{Heap after GC invocations=24 (full 0):
 garbage-first heap   total 317440K, used 155545K [0x0000000720a00000, 0x0000000800000000)
  region size 2048K, 5 young (10240K), 5 survivors (10240K)
 Metaspace       used 54884K, committed 55936K, reserved 1097728K
  class space    used 8160K, committed 8640K, reserved 1048576K
}
Event: 31.708 GC heap before
{Heap before GC invocations=24 (full 0):
 garbage-first heap   total 317440K, used 251801K [0x0000000720a00000, 0x0000000800000000)
  region size 2048K, 52 young (106496K), 5 survivors (10240K)
 Metaspace       used 58730K, committed 59840K, reserved 1105920K
  class space    used 8882K, committed 9344K, reserved 1048576K
}
Event: 31.720 GC heap after
{Heap after GC invocations=25 (full 0):
 garbage-first heap   total 317440K, used 160598K [0x0000000720a00000, 0x0000000800000000)
  region size 2048K, 3 young (6144K), 3 survivors (6144K)
 Metaspace       used 58730K, committed 59840K, reserved 1105920K
  class space    used 8882K, committed 9344K, reserved 1048576K
}
Event: 34.059 GC heap before
{Heap before GC invocations=26 (full 0):
 garbage-first heap   total 317440K, used 256854K [0x0000000720a00000, 0x0000000800000000)
  region size 2048K, 50 young (102400K), 3 survivors (6144K)
 Metaspace       used 64299K, committed 65472K, reserved 1105920K
  class space    used 9734K, committed 10240K, reserved 1048576K
}
Event: 34.069 GC heap after
{Heap after GC invocations=27 (full 0):
 garbage-first heap   total 317440K, used 165601K [0x0000000720a00000, 0x0000000800000000)
  region size 2048K, 6 young (12288K), 6 survivors (12288K)
 Metaspace       used 64299K, committed 65472K, reserved 1105920K
  class space    used 9734K, committed 10240K, reserved 1048576K
}
Event: 34.117 GC heap before
{Heap before GC invocations=27 (full 0):
 garbage-first heap   total 317440K, used 167649K [0x0000000720a00000, 0x0000000800000000)
  region size 2048K, 7 young (14336K), 6 survivors (12288K)
 Metaspace       used 64339K, committed 65472K, reserved 1105920K
  class space    used 9748K, committed 10240K, reserved 1048576K
}
Event: 34.126 GC heap after
{Heap after GC invocations=28 (full 0):
 garbage-first heap   total 317440K, used 165573K [0x0000000720a00000, 0x0000000800000000)
  region size 2048K, 1 young (2048K), 1 survivors (2048K)
 Metaspace       used 64339K, committed 65472K, reserved 1105920K
  class space    used 9748K, committed 10240K, reserved 1048576K
}

Dll operation events (11 events):
Event: 0.017 Loaded shared library C:\Users\yangj\Desktop\MCreator20231\jdk\bin\java.dll
Event: 0.037 Loaded shared library C:\Users\yangj\Desktop\MCreator20231\jdk\bin\jsvml.dll
Event: 0.287 Loaded shared library C:\Users\yangj\Desktop\MCreator20231\jdk\bin\net.dll
Event: 0.290 Loaded shared library C:\Users\yangj\Desktop\MCreator20231\jdk\bin\nio.dll
Event: 0.296 Loaded shared library C:\Users\yangj\Desktop\MCreator20231\jdk\bin\zip.dll
Event: 0.442 Loaded shared library C:\Users\yangj\Desktop\MCreator20231\jdk\bin\jimage.dll
Event: 1.284 Loaded shared library C:\Users\yangj\Desktop\MCreator20231\jdk\bin\verify.dll
Event: 5.077 Loaded shared library C:\Users\yangj\Desktop\MCreator20231\jdk\bin\management.dll
Event: 5.086 Loaded shared library C:\Users\yangj\Desktop\MCreator20231\jdk\bin\management_ext.dll
Event: 16.535 Loaded shared library C:\Users\yangj\AppData\Local\Temp\jna-114744777\jna4774529644299928790.dll
Event: 32.948 Loaded shared library C:\Users\yangj\AppData\Local\Temp\lwjglyangj\3.3.1-build-7\lwjgl.dll

Deoptimization events (20 events):
Event: 34.486 Thread 0x000001e6acbdce00 DEOPT PACKING pc=0x000001e6bc6b5b54 sp=0x00000019439fd160
Event: 34.486 Thread 0x000001e6acbdce00 DEOPT UNPACKING pc=0x000001e6b46f23a3 sp=0x00000019439fd128 mode 2
Event: 34.501 Thread 0x000001e6acbdce00 Uncommon trap: trap_request=0xffffffc6 fr.pc=0x000001e6bc6b5b54 relative=0x0000000000000814
Event: 34.501 Thread 0x000001e6acbdce00 Uncommon trap: reason=bimorphic_or_optimized_type_check action=maybe_recompile pc=0x000001e6bc6b5b54 method=com.mojang.datafixers.util.Either$Left.map(Ljava/util/function/Function;Ljava/util/function/Function;)Ljava/lang/Object; @ 5 c2
Event: 34.501 Thread 0x000001e6acbdce00 DEOPT PACKING pc=0x000001e6bc6b5b54 sp=0x00000019439fcdf0
Event: 34.501 Thread 0x000001e6acbdce00 DEOPT UNPACKING pc=0x000001e6b46f23a3 sp=0x00000019439fcdb8 mode 2
Event: 34.517 Thread 0x000001e6acbdce00 DEOPT PACKING pc=0x000001e6b4dc3f14 sp=0x00000019439fdbd0
Event: 34.517 Thread 0x000001e6acbdce00 DEOPT UNPACKING pc=0x000001e6b46f2b43 sp=0x00000019439fd0a8 mode 0
Event: 34.521 Thread 0x000001e6acbdce00 Uncommon trap: trap_request=0xffffff45 fr.pc=0x000001e6bc771398 relative=0x0000000000003958
Event: 34.521 Thread 0x000001e6acbdce00 Uncommon trap: reason=unstable_if action=reinterpret pc=0x000001e6bc771398 method=com.google.gson.stream.JsonReader.peek()Lcom/google/gson/stream/JsonToken; @ 6 c2
Event: 34.521 Thread 0x000001e6acbdce00 DEOPT PACKING pc=0x000001e6bc771398 sp=0x00000019439fdbe0
Event: 34.521 Thread 0x000001e6acbdce00 DEOPT UNPACKING pc=0x000001e6b46f23a3 sp=0x00000019439fdb88 mode 2
Event: 34.598 Thread 0x000001e6acbdce00 Uncommon trap: trap_request=0xffffff45 fr.pc=0x000001e6bc71e350 relative=0x0000000000002bb0
Event: 34.599 Thread 0x000001e6acbdce00 Uncommon trap: reason=unstable_if action=reinterpret pc=0x000001e6bc71e350 method=cpw.mods.jarhandling.impl.Jar.findFile(Ljava/lang/String;)Ljava/util/Optional; @ 23 c2
Event: 34.599 Thread 0x000001e6acbdce00 DEOPT PACKING pc=0x000001e6bc71e350 sp=0x00000019439fac80
Event: 34.599 Thread 0x000001e6acbdce00 DEOPT UNPACKING pc=0x000001e6b46f23a3 sp=0x00000019439fabc8 mode 2
Event: 34.599 Thread 0x000001e6acbdce00 Uncommon trap: trap_request=0xffffff45 fr.pc=0x000001e6bc377384 relative=0x0000000000000164
Event: 34.599 Thread 0x000001e6acbdce00 Uncommon trap: reason=unstable_if action=reinterpret pc=0x000001e6bc377384 method=cpw.mods.niofs.union.UnionFileSystem.getPath(Ljava/lang/String;[Ljava/lang/String;)Ljava/nio/file/Path; @ 2 c2
Event: 34.599 Thread 0x000001e6acbdce00 DEOPT PACKING pc=0x000001e6bc377384 sp=0x00000019439faba0
Event: 34.599 Thread 0x000001e6acbdce00 DEOPT UNPACKING pc=0x000001e6b46f23a3 sp=0x00000019439fab48 mode 2

Classes unloaded (0 events):
No events

Classes redefined (0 events):
No events

Internal exceptions (20 events):
Event: 33.200 Thread 0x000001e6acbdce00 Exception <a 'sun/nio/fs/WindowsException'{0x000000072fcb5808}> (0x000000072fcb5808) 
thrown [s\src\hotspot\share\prims\jni.cpp, line 516]
Event: 33.671 Thread 0x000001e6acbdce00 Exception <a 'java/lang/NoSuchMethodError'{0x000000072ecbd710}: 'int java.lang.invoke.DirectMethodHandle$Holder.invokeStatic(java.lang.Object)'> (0x000000072ecbd710) 
thrown [s\src\hotspot\share\interpreter\linkResolver.cpp, line 759]
Event: 33.794 Thread 0x000001e6acbdce00 Exception <a 'java/lang/NoSuchMethodError'{0x000000072e8dda88}: 'java.lang.Object java.lang.invoke.Invokers$Holder.linkToTargetMethod(java.lang.Object, int, java.lang.Object, java.lang.Object)'> (0x000000072e8dda88) 
thrown [s\src\hotspot\share\interpreter\linkResolver.cpp, line 759]
Event: 33.803 Thread 0x000001e6acbdce00 Implicit null exception at 0x000001e6bc6ef502 to 0x000001e6bc6f0cc3
Event: 33.850 Thread 0x000001e6acbdce00 Exception <a 'java/lang/NoSuchMethodError'{0x000000072e991328}: 'int java.lang.invoke.DirectMethodHandle$Holder.invokeStaticInit(java.lang.Object)'> (0x000000072e991328) 
thrown [s\src\hotspot\share\interpreter\linkResolver.cpp, line 759]
Event: 33.853 Thread 0x000001e6acbdce00 Exception <a 'java/lang/NoSuchMethodError'{0x000000072e998710}: 'int java.lang.invoke.Invokers$Holder.invokeExact_MT(java.lang.Object, java.lang.Object)'> (0x000000072e998710) 
thrown [s\src\hotspot\share\interpreter\linkResolver.cpp, line 759]
Event: 33.859 Thread 0x000001e6acbdce00 Exception <a 'sun/nio/fs/WindowsException'{0x000000072e658960}> (0x000000072e658960) 
thrown [s\src\hotspot\share\prims\jni.cpp, line 516]
Event: 33.859 Thread 0x000001e6acbdce00 Exception <a 'sun/nio/fs/WindowsException'{0x000000072e658cc0}> (0x000000072e658cc0) 
thrown [s\src\hotspot\share\prims\jni.cpp, line 516]
Event: 33.885 Thread 0x000001e6acbdce00 Exception <a 'java/lang/NoSuchMethodError'{0x000000072e73ceb8}: 'java.lang.Object java.lang.invoke.DirectMethodHandle$Holder.invokeInterface(java.lang.Object, java.lang.Object, double)'> (0x000000072e73ceb8) 
thrown [s\src\hotspot\share\interpreter\linkResolver.cpp, line 759]
Event: 33.887 Thread 0x000001e6acbdce00 Exception <a 'java/lang/NoSuchMethodError'{0x000000072e7443d0}: 'double java.lang.invoke.DirectMethodHandle$Holder.invokeInterface(java.lang.Object, java.lang.Object, java.lang.Object)'> (0x000000072e7443d0) 
thrown [s\src\hotspot\share\interpreter\linkResolver.cpp, line 759]
Event: 34.253 Thread 0x000001e6acbdce00 Exception <a 'java/lang/NoSuchMethodError'{0x00000007338850f8}: 'java.lang.Object java.lang.invoke.DirectMethodHandle$Holder.newInvokeSpecial(java.lang.Object, java.lang.Object, java.lang.Object, java.lang.Object, java.lang.Object, java.lang.Object, java.lang.Object, java.lang.Object, java.lang.Object, java.lang.Object)'> (0x00000007338850f8) 
thrown [s\src\hotspot\share\interpreter\linkResolver.cpp, line 759]
Event: 34.254 Thread 0x000001e6acbdce00 Exception <a 'java/lang/NoSuchMethodError'{0x00000007338896c0}: 'java.lang.Object java.lang.invoke.Invokers$Holder.linkToTargetMethod(java.lang.Object, java.lang.Object, java.lang.Object, java.lang.Object, java.lang.Object, java.lang.Object, java.lang.Object, java.lang.Object, java.lang.Object, java.lang.Object)'> (0x00000007338896c0) 
thrown [s\src\hotspot\share\interpreter\linkResolver.cpp, line 759]
Event: 34.358 Thread 0x000001e6acbdce00 Exception <a 'java/lang/NoSuchMethodError'{0x00000007335d71f0}: 'java.lang.Object java.lang.invoke.Invokers$Holder.linkToTargetMethod(java.lang.Object, java.lang.Object, java.lang.Object, java.lang.Object, java.lang.Object, java.lang.Object, java.lang.Object, java.lang.Object, java.lang.Object)'> (0x00000007335d71f0) 
thrown [s\src\hotspot\share\interpreter\linkResolver.cpp, line 759]
Event: 34.474 Thread 0x000001e6acbdce00 Exception <a 'java/lang/NoSuchMethodError'{0x0000000732e95848}: 'java.lang.Object java.lang.invoke.DirectMethodHandle$Holder.invokeSpecial(java.lang.Object, java.lang.Object, java.lang.Object, java.lang.Object, java.lang.Object, int, java.lang.Object)'> (0x0000000732e95848) 
thrown [s\src\hotspot\share\interpreter\linkResolver.cpp, line 759]
Event: 34.475 Thread 0x000001e6acbdce00 Exception <a 'java/lang/NoSuchMethodError'{0x0000000732e9ded0}: 'java.lang.Object java.lang.invoke.DirectMethodHandle$Holder.invokeSpecial(java.lang.Object, java.lang.Object, java.lang.Object, java.lang.Object, java.lang.Object, java.lang.Object, int)'> (0x0000000732e9ded0) 
thrown [s\src\hotspot\share\interpreter\linkResolver.cpp, line 759]
Event: 34.475 Thread 0x000001e6acbdce00 Exception <a 'java/lang/NoSuchMethodError'{0x0000000732ea17b0}: 'java.lang.Object java.lang.invoke.Invokers$Holder.linkToTargetMethod(java.lang.Object, java.lang.Object, java.lang.Object, java.lang.Object, int, java.lang.Object)'> (0x0000000732ea17b0) 
thrown [s\src\hotspot\share\interpreter\linkResolver.cpp, line 759]
Event: 34.631 Thread 0x000001e6acbdce00 Exception <a 'java/lang/NoSuchMethodError'{0x0000000732822180}: 'long java.lang.invoke.DirectMethodHandle$Holder.invokeInterface(java.lang.Object, java.lang.Object)'> (0x0000000732822180) 
thrown [s\src\hotspot\share\interpreter\linkResolver.cpp, line 759]
Event: 34.643 Thread 0x000001e6acbdce00 Exception <a 'java/lang/NoSuchMethodError'{0x000000073288c6b8}: 'java.lang.Object java.lang.invoke.DirectMethodHandle$Holder.newInvokeSpecial(java.lang.Object, long)'> (0x000000073288c6b8) 
thrown [s\src\hotspot\share\interpreter\linkResolver.cpp, line 759]
Event: 34.680 Thread 0x000001e6acbdce00 Exception <a 'java/lang/NoSuchMethodError'{0x0000000732945470}: 'void java.lang.invoke.DirectMethodHandle$Holder.invokeSpecial(java.lang.Object, java.lang.Object, int, long)'> (0x0000000732945470) 
thrown [s\src\hotspot\share\interpreter\linkResolver.cpp, line 759]
Event: 34.681 Thread 0x000001e6acbdce00 Exception <a 'java/lang/NoSuchMethodError'{0x000000073294b3e8}: 'void java.lang.invoke.DirectMethodHandle$Holder.invokeStatic(java.lang.Object, int, long)'> (0x000000073294b3e8) 
thrown [s\src\hotspot\share\interpreter\linkResolver.cpp, line 759]

VM Operations (20 events):
Event: 31.691 Executing VM operation: G1CollectForAllocation
Event: 31.720 Executing VM operation: G1CollectForAllocation done
Event: 31.859 Executing VM operation: G1Concurrent
Event: 31.871 Executing VM operation: G1Concurrent done
Event: 31.936 Executing VM operation: G1Concurrent
Event: 31.937 Executing VM operation: G1Concurrent done
Event: 32.938 Executing VM operation: Cleanup
Event: 32.939 Executing VM operation: Cleanup done
Event: 34.059 Executing VM operation: G1CollectForAllocation
Event: 34.069 Executing VM operation: G1CollectForAllocation done
Event: 34.117 Executing VM operation: G1CollectForAllocation
Event: 34.127 Executing VM operation: G1CollectForAllocation done
Event: 34.472 Executing VM operation: HandshakeAllThreads
Event: 34.472 Executing VM operation: HandshakeAllThreads done
Event: 34.521 Executing VM operation: HandshakeAllThreads
Event: 34.521 Executing VM operation: HandshakeAllThreads done
Event: 34.586 Executing VM operation: HandshakeAllThreads
Event: 34.589 Executing VM operation: HandshakeAllThreads done
Event: 34.623 Executing VM operation: HandshakeAllThreads
Event: 34.623 Executing VM operation: HandshakeAllThreads done

Events (20 events):
Event: 34.641 Thread 0x000001e6cf409980 flushing nmethod 0x000001e6b5840090
Event: 34.641 Thread 0x000001e6cf409980 flushing nmethod 0x000001e6b5845490
Event: 34.642 Thread 0x000001e6cf409980 flushing nmethod 0x000001e6b5881e10
Event: 34.642 Thread 0x000001e6cf409980 flushing nmethod 0x000001e6b5882790
Event: 34.642 Thread 0x000001e6cf409980 flushing nmethod 0x000001e6b5883390
Event: 34.642 Thread 0x000001e6cf409980 flushing nmethod 0x000001e6b5883990
Event: 34.642 Thread 0x000001e6cf409980 flushing nmethod 0x000001e6b5884590
Event: 34.642 Thread 0x000001e6cf409980 flushing nmethod 0x000001e6b5884b90
Event: 34.642 Thread 0x000001e6cf409980 flushing nmethod 0x000001e6b5885190
Event: 34.642 Thread 0x000001e6cf409980 flushing nmethod 0x000001e6b5885590
Event: 34.642 Thread 0x000001e6cf409980 flushing nmethod 0x000001e6b5885a90
Event: 34.642 Thread 0x000001e6cf409980 flushing nmethod 0x000001e6b5886a10
Event: 34.642 Thread 0x000001e6cf409980 flushing nmethod 0x000001e6b5888210
Event: 34.642 Thread 0x000001e6cf409980 flushing nmethod 0x000001e6b5891310
Event: 34.642 Thread 0x000001e6cf409980 flushing nmethod 0x000001e6b5892510
Event: 34.642 Thread 0x000001e6cf409980 flushing nmethod 0x000001e6b5898390
Event: 34.642 Thread 0x000001e6cf409980 flushing nmethod 0x000001e6b589a610
Event: 34.642 Thread 0x000001e6cf409980 flushing nmethod 0x000001e6b589af90
Event: 34.642 Thread 0x000001e6cf409980 flushing nmethod 0x000001e6b589ba10
Event: 34.642 Thread 0x000001e6cf409980 flushing nmethod 0x000001e6b589eb10


Dynamic libraries:
0x00007ff69eb40000 - 0x00007ff69eb4e000 	C:\Users\yangj\Desktop\MCreator20231\jdk\bin\java.exe
0x00007ffd51bf0000 - 0x00007ffd51e04000 	C:\WINDOWS\SYSTEM32\ntdll.dll
0x00007ffd50600000 - 0x00007ffd506c3000 	C:\WINDOWS\System32\KERNEL32.DLL
0x00007ffd4f520000 - 0x00007ffd4f8c3000 	C:\WINDOWS\System32\KERNELBASE.dll
0x00007ffd4f010000 - 0x00007ffd4f121000 	C:\WINDOWS\System32\ucrtbase.dll
0x00007ffd44be0000 - 0x00007ffd44bf7000 	C:\Users\yangj\Desktop\MCreator20231\jdk\bin\jli.dll
0x00007ffd49390000 - 0x00007ffd493a9000 	C:\Users\yangj\Desktop\MCreator20231\jdk\bin\VCRUNTIME140.dll
0x00007ffd50180000 - 0x00007ffd5032d000 	C:\WINDOWS\System32\USER32.dll
0x00007ffd4f480000 - 0x00007ffd4f4a6000 	C:\WINDOWS\System32\win32u.dll
0x00007ffd36ca0000 - 0x00007ffd36f2e000 	C:\WINDOWS\WinSxS\amd64_microsoft.windows.common-controls_6595b64144ccf1df_6.0.22621.1465_none_271271ab738361f1\COMCTL32.dll
0x00007ffd512d0000 - 0x00007ffd512f9000 	C:\WINDOWS\System32\GDI32.dll
0x00007ffd504d0000 - 0x00007ffd50577000 	C:\WINDOWS\System32\msvcrt.dll
0x00007ffd4f8d0000 - 0x00007ffd4f9e3000 	C:\WINDOWS\System32\gdi32full.dll
0x00007ffd4f3e0000 - 0x00007ffd4f47a000 	C:\WINDOWS\System32\msvcp_win.dll
0x00007ffd50d70000 - 0x00007ffd50da1000 	C:\WINDOWS\System32\IMM32.DLL
0x00007ffd4c100000 - 0x00007ffd4c10c000 	C:\Users\yangj\Desktop\MCreator20231\jdk\bin\vcruntime140_1.dll
0x00007ffd0bfb0000 - 0x00007ffd0c041000 	C:\Users\yangj\Desktop\MCreator20231\jdk\bin\msvcp140.dll
0x00007ffcfe3f0000 - 0x00007ffcff034000 	C:\Users\yangj\Desktop\MCreator20231\jdk\bin\server\jvm.dll
0x00007ffd51300000 - 0x00007ffd513ae000 	C:\WINDOWS\System32\ADVAPI32.dll
0x00007ffd50390000 - 0x00007ffd50434000 	C:\WINDOWS\System32\sechost.dll
0x00007ffd50e20000 - 0x00007ffd50f35000 	C:\WINDOWS\System32\RPCRT4.dll
0x00007ffd4c060000 - 0x00007ffd4c069000 	C:\WINDOWS\SYSTEM32\WSOCK32.dll
0x00007ffd468f0000 - 0x00007ffd46924000 	C:\WINDOWS\SYSTEM32\WINMM.dll
0x00007ffd506e0000 - 0x00007ffd50751000 	C:\WINDOWS\System32\WS2_32.dll
0x00007ffd49090000 - 0x00007ffd4909a000 	C:\WINDOWS\SYSTEM32\VERSION.dll
0x00007ffd4e000000 - 0x00007ffd4e018000 	C:\WINDOWS\SYSTEM32\kernel.appcore.dll
0x00007ffd44bd0000 - 0x00007ffd44bda000 	C:\Users\yangj\Desktop\MCreator20231\jdk\bin\jimage.dll
0x00007ffd45c40000 - 0x00007ffd45e6e000 	C:\WINDOWS\SYSTEM32\DBGHELP.DLL
0x00007ffd50f40000 - 0x00007ffd512c9000 	C:\WINDOWS\System32\combase.dll
0x00007ffd4f9f0000 - 0x00007ffd4fac7000 	C:\WINDOWS\System32\OLEAUT32.dll
0x00007ffd3c3a0000 - 0x00007ffd3c3d2000 	C:\WINDOWS\SYSTEM32\dbgcore.DLL
0x00007ffd4f360000 - 0x00007ffd4f3db000 	C:\WINDOWS\System32\bcryptPrimitives.dll
0x00007ffd34630000 - 0x00007ffd34655000 	C:\Users\yangj\Desktop\MCreator20231\jdk\bin\java.dll
0x00007ffd082f0000 - 0x00007ffd083c6000 	C:\Users\yangj\Desktop\MCreator20231\jdk\bin\jsvml.dll
0x00007ffd513b0000 - 0x00007ffd51ba9000 	C:\WINDOWS\System32\SHELL32.dll
0x00007ffd4cfb0000 - 0x00007ffd4d87e000 	C:\WINDOWS\SYSTEM32\windows.storage.dll
0x00007ffd4ce70000 - 0x00007ffd4cfae000 	C:\WINDOWS\SYSTEM32\wintypes.dll
0x00007ffd4fe30000 - 0x00007ffd4ff21000 	C:\WINDOWS\System32\SHCORE.dll
0x00007ffd50330000 - 0x00007ffd5038e000 	C:\WINDOWS\System32\shlwapi.dll
0x00007ffd4ef40000 - 0x00007ffd4ef61000 	C:\WINDOWS\SYSTEM32\profapi.dll
0x00007ffd41c00000 - 0x00007ffd41c19000 	C:\Users\yangj\Desktop\MCreator20231\jdk\bin\net.dll
0x00007ffd47880000 - 0x00007ffd479af000 	C:\WINDOWS\SYSTEM32\WINHTTP.dll
0x00007ffd4e460000 - 0x00007ffd4e4c9000 	C:\WINDOWS\system32\mswsock.dll
0x00007ffd3b740000 - 0x00007ffd3b755000 	C:\Users\yangj\Desktop\MCreator20231\jdk\bin\nio.dll
0x00007ffd2f0a0000 - 0x00007ffd2f0b8000 	C:\Users\yangj\Desktop\MCreator20231\jdk\bin\zip.dll
0x00007ffd336f0000 - 0x00007ffd33700000 	C:\Users\yangj\Desktop\MCreator20231\jdk\bin\verify.dll
0x00007ffd44200000 - 0x00007ffd44209000 	C:\Users\yangj\Desktop\MCreator20231\jdk\bin\management.dll
0x00007ffd42a10000 - 0x00007ffd42a1b000 	C:\Users\yangj\Desktop\MCreator20231\jdk\bin\management_ext.dll
0x00007ffd50d60000 - 0x00007ffd50d68000 	C:\WINDOWS\System32\PSAPI.DLL
0x00007ffd01d10000 - 0x00007ffd01d27000 	C:\WINDOWS\system32\napinsp.dll
0x00007ffd01cf0000 - 0x00007ffd01d0b000 	C:\WINDOWS\system32\pnrpnsp.dll
0x00007ffd4db00000 - 0x00007ffd4dbf3000 	C:\WINDOWS\SYSTEM32\DNSAPI.dll
0x00007ffd4dad0000 - 0x00007ffd4dafd000 	C:\WINDOWS\SYSTEM32\IPHLPAPI.DLL
0x00007ffd50590000 - 0x00007ffd50599000 	C:\WINDOWS\System32\NSI.dll
0x00007ffd01cd0000 - 0x00007ffd01ce1000 	C:\WINDOWS\System32\winrnr.dll
0x00007ffd479b0000 - 0x00007ffd479c5000 	C:\WINDOWS\system32\wshbth.dll
0x00007ffd26c80000 - 0x00007ffd26ca1000 	C:\WINDOWS\system32\nlansp_c.dll
0x00007ffd413a0000 - 0x00007ffd413aa000 	C:\Windows\System32\rasadhlp.dll
0x00007ffd43bc0000 - 0x00007ffd43c43000 	C:\WINDOWS\System32\fwpuclnt.dll
0x00007ffd4e780000 - 0x00007ffd4e79b000 	C:\WINDOWS\SYSTEM32\CRYPTSP.dll
0x00007ffd4df70000 - 0x00007ffd4dfa5000 	C:\WINDOWS\system32\rsaenh.dll
0x00007ffd4e500000 - 0x00007ffd4e528000 	C:\WINDOWS\SYSTEM32\USERENV.dll
0x00007ffd4e8f0000 - 0x00007ffd4e918000 	C:\WINDOWS\SYSTEM32\bcrypt.dll
0x00007ffd4e760000 - 0x00007ffd4e76c000 	C:\WINDOWS\SYSTEM32\CRYPTBASE.dll
0x00007ffd479e0000 - 0x00007ffd479f9000 	C:\WINDOWS\SYSTEM32\dhcpcsvc6.DLL
0x00007ffd46dd0000 - 0x00007ffd46def000 	C:\WINDOWS\SYSTEM32\dhcpcsvc.DLL
0x00007ffd07a50000 - 0x00007ffd07a95000 	C:\Users\yangj\AppData\Local\Temp\jna-114744777\jna4774529644299928790.dll
0x00007ffd4ff30000 - 0x00007ffd500cc000 	C:\WINDOWS\System32\Ole32.dll
0x00007ffd500d0000 - 0x00007ffd50180000 	C:\WINDOWS\System32\clbcatq.dll
0x00007ffd27010000 - 0x00007ffd2702d000 	C:\WINDOWS\SYSTEM32\amsi.dll
0x00007ffd26f90000 - 0x00007ffd2700b000 	C:\ProgramData\Microsoft\Windows Defender\Platform\4.18.2301.6-0\MpOav.dll
0x00007ffd37cd0000 - 0x00007ffd37d20000 	C:\WINDOWS\SYSTEM32\Pdh.dll
0x00007ffd3fea0000 - 0x00007ffd3feb0000 	C:\WINDOWS\System32\perfos.dll
0x00007ffd4c5b0000 - 0x00007ffd4c5c0000 	C:\WINDOWS\SYSTEM32\pfclient.dll
0x00007ffd06690000 - 0x00007ffd06705000 	C:\Users\yangj\AppData\Local\Temp\lwjglyangj\3.3.1-build-7\lwjgl.dll
0x00007ffcfe190000 - 0x00007ffcfe3e9000 	C:\Users\yangj\AppData\Local\Temp\lwjglyangj\3.3.1-build-7\jemalloc.dll
0x00007ffd05210000 - 0x00007ffd05271000 	C:\Users\yangj\AppData\Local\Temp\lwjglyangj\3.3.1-build-7\glfw.dll
0x00007ffd07a00000 - 0x00007ffd07a46000 	C:\WINDOWS\SYSTEM32\dinput8.dll
0x00007ffd28220000 - 0x00007ffd28231000 	C:\WINDOWS\SYSTEM32\xinput1_4.dll
0x00007ffd4ebe0000 - 0x00007ffd4ec0c000 	C:\WINDOWS\SYSTEM32\DEVOBJ.dll
0x00007ffd4ec10000 - 0x00007ffd4ec5e000 	C:\WINDOWS\SYSTEM32\cfgmgr32.dll
0x00007ffd4c810000 - 0x00007ffd4c83b000 	C:\WINDOWS\SYSTEM32\dwmapi.dll
0x00007ffd41c20000 - 0x00007ffd41e21000 	C:\WINDOWS\SYSTEM32\inputhost.dll
0x00007ffd4c2e0000 - 0x00007ffd4c413000 	C:\WINDOWS\SYSTEM32\CoreMessaging.dll
0x00007ffd4c5c0000 - 0x00007ffd4c66b000 	C:\WINDOWS\system32\uxtheme.dll
0x00007ffd4fad0000 - 0x00007ffd4fbee000 	C:\WINDOWS\System32\MSCTF.dll
0x00007ffd379a0000 - 0x00007ffd37aa0000 	C:\WINDOWS\SYSTEM32\opengl32.dll
0x00007ffd2e330000 - 0x00007ffd2e35d000 	C:\WINDOWS\SYSTEM32\GLU32.dll
0x00007ffd4c6c0000 - 0x00007ffd4c6f6000 	C:\WINDOWS\SYSTEM32\dxcore.dll
0x00007ffd49920000 - 0x00007ffd49969000 	C:\WINDOWS\SYSTEM32\directxdatabasehelper.dll
0x00007ffd40190000 - 0x00007ffd401bd000 	C:\WINDOWS\System32\DriverStore\FileRepository\u0389799.inf_amd64_fee8ccdf6ded0d15\B389721\atig6pxx.dll
0x00007ffcf04e0000 - 0x00007ffcf4115000 	C:\WINDOWS\System32\DriverStore\FileRepository\u0389799.inf_amd64_fee8ccdf6ded0d15\B389721\atio6axx.dll
0x00007ffd507e0000 - 0x00007ffd50c54000 	C:\WINDOWS\System32\SETUPAPI.dll
0x00007ffd4f4b0000 - 0x00007ffd4f51b000 	C:\WINDOWS\System32\WINTRUST.dll
0x00007ffd4f1f0000 - 0x00007ffd4f356000 	C:\WINDOWS\System32\CRYPT32.dll
0x00007ffd4e7d0000 - 0x00007ffd4e7e2000 	C:\WINDOWS\SYSTEM32\MSASN1.dll

dbghelp: loaded successfully - version: 4.0.5 - missing functions: none
symbol engine: initialized successfully - sym options: 0x614 - pdb path: .;C:\Users\yangj\Desktop\MCreator20231\jdk\bin;C:\WINDOWS\SYSTEM32;C:\WINDOWS\WinSxS\amd64_microsoft.windows.common-controls_6595b64144ccf1df_6.0.22621.1465_none_271271ab738361f1;C:\Users\yangj\Desktop\MCreator20231\jdk\bin\server;C:\Users\yangj\AppData\Local\Temp\jna-114744777;C:\ProgramData\Microsoft\Windows Defender\Platform\4.18.2301.6-0;C:\Users\yangj\AppData\Local\Temp\lwjglyangj\3.3.1-build-7;C:\WINDOWS\System32\DriverStore\FileRepository\u0389799.inf_amd64_fee8ccdf6ded0d15\B389721

VM Arguments:
jvm_args: -Dforge.enableGameTest=true -Dforge.logging.console.level=debug -Dforge.logging.markers=REGISTRIES -DignoreList=bootstraplauncher,securejarhandler,asm-commons,asm-util,asm-analysis,asm-tree,asm,JarJarFileSystems,client-extra,fmlcore,javafmllanguage,lowcodelanguage,mclanguage,forge- -Djava.net.preferIPv6Addresses=system -DlegacyClassPath.file=C:\Users\yangj\MCreatorWorkspaces\mixed_ore\build\classpath\runClient_minecraftClasspath.txt -DmergeModules=jna-5.10.0.jar,jna-platform-5.10.0.jar -Dos.version=10.0 --module-path=C:\Users\yangj\.mcreator\gradle\caches\modules-2\files-2.1\cpw.mods\bootstraplauncher\1.1.2\c546e00443d8432cda6baa1c860346980742628\bootstraplauncher-1.1.2.jar;C:\Users\yangj\.mcreator\gradle\caches\modules-2\files-2.1\cpw.mods\securejarhandler\2.1.4\f47e3b9dd860a7b82154b8f90a650ffd0aaa5582\securejarhandler-2.1.4.jar;C:\Users\yangj\.mcreator\gradle\caches\modules-2\files-2.1\org.ow2.asm\asm-commons\9.3\1f2a432d1212f5c352ae607d7b61dcae20c20af5\asm-commons-9.3.jar;C:\Users\yangj\.mcreator\gradle\caches\modules-2\files-2.1\org.ow2.asm\asm-util\9.3\9595bc05510d0bd4b610188b77333fe4851a1975\asm-util-9.3.jar;C:\Users\yangj\.mcreator\gradle\caches\modules-2\files-2.1\org.ow2.asm\asm-analysis\9.3\4b071f211b37c38e0e9f5998550197c8593f6ad8\asm-analysis-9.3.jar;C:\Users\yangj\.mcreator\gradle\caches\modules-2\files-2.1\org.ow2.asm\asm-tree\9.3\78d2ecd61318b5a58cd04fb237636c0e86b77d97\asm-tree-9.3.jar;C:\Users\yangj\.mcreator\gradle\caches\modules-2\files-2.1\org.ow2.asm\asm\9.3\8e6300ef51c1d801a7ed62d07cd221aca3a90640\asm-9.3.jar;C:\Users\yangj\.mcreator\gradle\caches\modules-2\files-2.1\net.minecraftforge\JarJarFileSystems\0.3.16\e52afbb2599dc7c6f779efea0496d32fc01152e3\JarJarFileSystems-0.3.16.jar --add-modules=ALL-MODULE-PATH --add-opens=java.base/java.util.jar=cpw.mods.securejarhandler --add-opens=java.base/java.lang.invoke=cpw.mods.securejarhandler --add-exports=java.base/sun.security.util=cpw.mods.securejarhandler --add-exports=jdk.naming.dns/com.sun.jndi.dns=java.naming -XX:HeapDumpPath=MojangTricksIntelDriversForPerformance_javaw.exe_minecraft.exe.heapdump -Dos.name=Windows 10 -Dfile.encoding=UTF-8 -Duser.country=CN -Duser.language=zh -Duser.variant 
java_command: cpw.mods.bootstraplauncher.BootstrapLauncher --launchTarget forgeclientuserdev --version MOD_DEV --assetIndex 1.19 --assetsDir C:\Users\yangj\.mcreator\gradle\caches\forge_gradle\assets --gameDir . --fml.forgeVersion 43.2.0 --fml.mcVersion 1.19.2 --fml.forgeGroup net.minecraftforge --fml.mcpVersion 20220805.130853
java_class_path (initial): C:\Users\yangj\MCreatorWorkspaces\mixed_ore\build\classes\java\main;C:\Users\yangj\MCreatorWorkspaces\mixed_ore\build\resources\main;C:\Users\yangj\MCreatorWorkspaces\mixed_ore\build\fg_cache\net\minecraftforge\forge\1.19.2-43.2.0_mapped_official_1.19.2\forge-1.19.2-43.2.0_mapped_official_1.19.2-recomp.jar;C:\Users\yangj\.mcreator\gradle\caches\forge_gradle\minecraft_repo\versions\1.19.2\client-extra.jar;C:\Users\yangj\.mcreator\gradle\caches\modules-2\files-2.1\net.minecraftforge\javafmllanguage\1.19.2-43.2.0\5713dfd49576886a7ffc353f14f067ad42369592\javafmllanguage-1.19.2-43.2.0.jar;C:\Users\yangj\.mcreator\gradle\caches\modules-2\files-2.1\net.minecraftforge\lowcodelanguage\1.19.2-43.2.0\51c88985dd125457fb8b6c2c58a4f3b9349a6b57\lowcodelanguage-1.19.2-43.2.0.jar;C:\Users\yangj\.mcreator\gradle\caches\modules-2\files-2.1\net.minecraftforge\mclanguage\1.19.2-43.2.0\f4fa83ef8129c7f7cc5847fbafb07f7ae86c1bb\mclanguage-1.19.2-43.2.0.jar;C:\Users\yangj\.mcreator\gradle\caches\modules-2\files-2.1\net.minecraftforge\fmlcore\1.19.2-43.2.0\d4dcb5b809b7f035ac22b058941cf81f84451545\fmlcore-1.19.2-43.2.0.jar;C:\Users\yangj\.mcreator\gradle\caches\modules-2\files-2.1\net.minecraftforge\fmlloader\1.19.2-43.2.0\3e6e8b7b5e1dbc6ee01a20f74675f223b64c7847\fmlloader-1.19.2-43.2.0.jar;C:\Users\yangj\.mcreator\gradle\caches\modules-2\files-2.1\net.minecraftforge\JarJarSelector\0.3.16\2a31421fb5e267249da103a644f23afb43d158af\JarJarSelector-0.3.16.jar;C:\Users\yangj\.mcreator\gradle\caches\modules-2\files-2.1\net.minecraftforge\JarJarMetadata\0.3.16\f62c8c898dffc8666f5097a8587ed72095e8e83a\JarJarMetadata-0.3.16.jar;C:\Users\yangj\.mcreator\gradle\caches\modules-2\files-2.1\com.google.guava\guava\31.0.1-jre\119ea2b2bc205b138974d351777b20f02b92704b\guava-31.0.1-jre.jar;C:\Users\yangj\.mcreator\gradle\caches\modules-2\files-2.1\com.google.code.findbugs\jsr305\3.0.2\25ea2e8b0c338a877313bd4672d3fe056ea78f0d\jsr305-3.0.2.jar;C:\Users\yangj\.mcreator\gradle\caches\modu
Launcher Type: SUN_STANDARD

[Global flags]
     intx CICompilerCount                          = 4                                         {product} {ergonomic}
     uint ConcGCThreads                            = 2                                         {product} {ergonomic}
     uint G1ConcRefinementThreads                  = 8                                         {product} {ergonomic}
   size_t G1HeapRegionSize                         = 2097152                                   {product} {ergonomic}
    uintx GCDrainStackTargetSize                   = 64                                        {product} {ergonomic}
    ccstr HeapDumpPath                             = MojangTricksIntelDriversForPerformance_javaw.exe_minecraft.exe.heapdump         {manageable} {command line}
   size_t InitialHeapSize                          = 234881024                                 {product} {ergonomic}
   size_t MarkStackSize                            = 4194304                                   {product} {ergonomic}
   size_t MaxHeapSize                              = 3747610624                                {product} {ergonomic}
   size_t MaxNewSize                               = 2248146944                                {product} {ergonomic}
   size_t MinHeapDeltaBytes                        = 2097152                                   {product} {ergonomic}
   size_t MinHeapSize                              = 8388608                                   {product} {ergonomic}
    uintx NonNMethodCodeHeapSize                   = 5839372                                {pd product} {ergonomic}
    uintx NonProfiledCodeHeapSize                  = 122909434                              {pd product} {ergonomic}
    uintx ProfiledCodeHeapSize                     = 122909434                              {pd product} {ergonomic}
    uintx ReservedCodeCacheSize                    = 251658240                              {pd product} {ergonomic}
     bool SegmentedCodeCache                       = true                                      {product} {ergonomic}
   size_t SoftMaxHeapSize                          = 3747610624                             {manageable} {ergonomic}
     bool UseCompressedClassPointers               = true                           {product lp64_product} {ergonomic}
     bool UseCompressedOops                        = true                           {product lp64_product} {ergonomic}
     bool UseG1GC                                  = true                                      {product} {ergonomic}
     bool UseLargePagesIndividualAllocation        = false                                  {pd product} {ergonomic}

Logging:
Log output configuration:
 #0: stdout all=warning uptime,level,tags
 #1: stderr all=off uptime,level,tags

Environment Variables:
JAVA_HOME=C:\Users\yangj\Desktop\MCreator20231\jdk
PATH=C:\Program Files\Common Files\Oracle\Java\javapath;C:\Program Files (x86)\Common Files\Oracle\Java\javapath;C:\WINDOWS\system32;C:\WINDOWS;C:\WINDOWS\System32\Wbem;C:\WINDOWS\System32\WindowsPowerShell\v1.0\;C:\WINDOWS\System32\OpenSSH\;C:\Program Files\Bandizip\;C:\Program Files\Common Files\Oracle\Java\javapath;C:\Program Files (x86)\Common Files\Oracle\Java\javapath;C:\WINDOWS\system32;C:\WINDOWS;C:\WINDOWS\System32\Wbem;C:\WINDOWS\System32\WindowsPowerShell\v1.0\;C:\WINDOWS\System32\OpenSSH\;C:\Program Files\Bandizip\;C:\Users\yangj\AppData\Local\Microsoft\WindowsApps;C:\Users\yangj\Desktop\z\;C:\Users\yangj\Desktop\z\jdk\bin\;C:\Users\yangj\Desktop\z\jdk\jre\bin\;C:\Users\yangj\Desktop\z\;C:\Users\yangj\Desktop\z\jdk\bin\;C:\Users\yangj\Desktop\z\jdk\jre\bin\;C:\Users\yangj\Desktop\z\;C:\Users\yangj\Desktop\z\jdk\bin\;C:\Users\yangj\Desktop\z\jdk\jre\bin\;C:\Users\yangj\Desktop\z\;C:\Users\yangj\Desktop\z\jdk\bin\;C:\Users\yangj\Desktop\z\jdk\jre\bin\;C:\Users\yangj\Desktop\z\;C:\Users\yangj\Desktop\z\;C:\Users\yangj\Desktop\z\;C:\Users\yangj\Desktop\z\jdk\bin\;C:\Users\yangj\Desktop\z\jdk\jre\bin\;;C:\Users\yangj\Desktop\z\;C:\Users\yangj\Desktop\z\jdk\bin\;C:\Users\yangj\Desktop\z\jdk\jre\bin\;;C:\Users\yangj\AppData\Local\Programs\Microsoft VS Code\bin;C:\Users\yangj\Desktop\MCreator20231\jdk\bin
USERNAME=yangj
OS=Windows_NT
PROCESSOR_IDENTIFIER=AMD64 Family 23 Model 24 Stepping 1, AuthenticAMD
TMP=C:\Users\yangj\AppData\Local\Temp
TEMP=C:\Users\yangj\AppData\Local\Temp



---------------  S Y S T E M  ---------------

OS:
 Windows 11 , 64 bit Build 22621 (10.0.22621.1325)
OS uptime: 0 days 9:28 hours
Hyper-V role detected

CPU: total 8 (initial active 8) (8 cores per cpu, 2 threads per core) family 23 model 24 stepping 1 microcode 0x0, cx8, cmov, fxsr, ht, mmx, 3dnowpref, sse, sse2, sse3, ssse3, sse4a, sse4.1, sse4.2, popcnt, lzcnt, tsc, tscinvbit, avx, avx2, aes, clmul, bmi1, bmi2, adx, sha, fma, vzeroupper, clflush, clflushopt, hv

Memory: 4k page, system-wide physical 14293M (6063M free)
TotalPageFile size 25557M (AvailPageFile size 13583M)
current process WorkingSet (physical memory assigned to process): 528M, peak: 535M
current process commit charge ("private bytes"): 603M, peak: 614M

vm_info: OpenJDK 64-Bit Server VM (17.0.5+8) for windows-amd64 JRE (17.0.5+8), built on Oct 19 2022 04:48:13 by "temurin" with MS VC++ 16.7 (VS2019)

END.
