#
# A fatal error has been detected by the Java Runtime Environment:
#
#  EXCEPTION_ACCESS_VIOLATION (0xc0000005) at pc=0x00007fff9bae2b60, pid=9980, tid=14020
#
# JRE version: OpenJDK Runtime Environment Temurin-17.0.5+8 (17.0.5+8) (build 17.0.5+8)
# Java VM: OpenJDK 64-Bit Server VM Temurin-17.0.5+8 (17.0.5+8, mixed mode, sharing, tiered, compressed oops, compressed class ptrs, g1 gc, windows-amd64)
# Problematic frame:
# C  [atio6axx.dll+0x192b60]
#
# No core dump will be written. Minidumps are not enabled by default on client versions of Windows
#
# If you would like to submit a bug report, please visit:
#   https://github.com/adoptium/adoptium-support/issues
# The crash happened outside the Java Virtual Machine in native code.
# See problematic frame for where to report the bug.
#

---------------  S U M M A R Y ------------

Command Line: -Dforge.enableGameTest=true -Dforge.logging.console.level=debug -Dforge.logging.markers=REGISTRIES -DignoreList=bootstraplauncher,securejarhandler,asm-commons,asm-util,asm-analysis,asm-tree,asm,JarJarFileSystems,client-extra,fmlcore,javafmllanguage,lowcodelanguage,mclanguage,forge- -Djava.net.preferIPv6Addresses=system -DlegacyClassPath.file=C:\Users\yangj\MCreatorWorkspaces\mixed_ore\build\classpath\runClient_minecraftClasspath.txt -DmergeModules=jna-5.10.0.jar,jna-platform-5.10.0.jar -Dos.version=10.0 --module-path=C:\Users\yangj\.mcreator\gradle\caches\modules-2\files-2.1\cpw.mods\bootstraplauncher\1.1.2\c546e00443d8432cda6baa1c860346980742628\bootstraplauncher-1.1.2.jar;C:\Users\yangj\.mcreator\gradle\caches\modules-2\files-2.1\cpw.mods\securejarhandler\2.1.4\f47e3b9dd860a7b82154b8f90a650ffd0aaa5582\securejarhandler-2.1.4.jar;C:\Users\yangj\.mcreator\gradle\caches\modules-2\files-2.1\org.ow2.asm\asm-commons\9.3\1f2a432d1212f5c352ae607d7b61dcae20c20af5\asm-commons-9.3.jar;C:\Users\yangj\.mcreator\gradle\caches\modules-2\files-2.1\org.ow2.asm\asm-util\9.3\9595bc05510d0bd4b610188b77333fe4851a1975\asm-util-9.3.jar;C:\Users\yangj\.mcreator\gradle\caches\modules-2\files-2.1\org.ow2.asm\asm-analysis\9.3\4b071f211b37c38e0e9f5998550197c8593f6ad8\asm-analysis-9.3.jar;C:\Users\yangj\.mcreator\gradle\caches\modules-2\files-2.1\org.ow2.asm\asm-tree\9.3\78d2ecd61318b5a58cd04fb237636c0e86b77d97\asm-tree-9.3.jar;C:\Users\yangj\.mcreator\gradle\caches\modules-2\files-2.1\org.ow2.asm\asm\9.3\8e6300ef51c1d801a7ed62d07cd221aca3a90640\asm-9.3.jar;C:\Users\yangj\.mcreator\gradle\caches\modules-2\files-2.1\net.minecraftforge\JarJarFileSystems\0.3.16\e52afbb2599dc7c6f779efea0496d32fc01152e3\JarJarFileSystems-0.3.16.jar --add-modules=ALL-MODULE-PATH --add-opens=java.base/java.util.jar=cpw.mods.securejarhandler --add-opens=java.base/java.lang.invoke=cpw.mods.securejarhandler --add-exports=java.base/sun.security.util=cpw.mods.securejarhandler --add-exports=jdk.naming.dns/com.sun.jndi.dns=java.naming -XX:HeapDumpPath=MojangTricksIntelDriversForPerformance_javaw.exe_minecraft.exe.heapdump -Dos.name=Windows 10 -Dfile.encoding=UTF-8 -Duser.country=CN -Duser.language=zh -Duser.variant cpw.mods.bootstraplauncher.BootstrapLauncher --launchTarget forgeclientuserdev --version MOD_DEV --assetIndex 1.19 --assetsDir C:\Users\yangj\.mcreator\gradle\caches\forge_gradle\assets --gameDir . --fml.forgeVersion 43.2.0 --fml.mcVersion 1.19.2 --fml.forgeGroup net.minecraftforge --fml.mcpVersion 20220805.130853

Host: AMD Ryzen 7 3700U with Radeon Vega Mobile Gfx  , 8 cores, 13G,  Windows 11 , 64 bit Build 22621 (10.0.22621.1325)
Time: Sat Mar 18 19:43:49 2023  Windows 11 , 64 bit Build 22621 (10.0.22621.1325) elapsed time: 20.975194 seconds (0d 0h 0m 20s)

---------------  T H R E A D  ---------------

Current thread (0x0000028fd3c9d800):  JavaThread "Render thread" [_thread_in_native, id=14020, stack(0x000000c315f00000,0x000000c316000000)]

Stack: [0x000000c315f00000,0x000000c316000000],  sp=0x000000c315ffaa98,  free space=1002k
Native frames: (J=compiled Java code, j=interpreted, Vv=VM code, C=native code)
C  [atio6axx.dll+0x192b60]

Java frames: (J=compiled Java code, j=interpreted, Vv=VM code)
j  org.lwjgl.system.JNI.invokePPPP(IIJJJJ)J+0 org.lwjgl@3.3.1+7
j  org.lwjgl.glfw.GLFW.nglfwCreateWindow(IIJJJ)J+14 org.lwjgl.glfw@3.3.1+7
j  org.lwjgl.glfw.GLFW.glfwCreateWindow(IILjava/lang/CharSequence;JJ)J+34 org.lwjgl.glfw@3.3.1+7
j  net.minecraftforge.client.loading.NoVizFallback.lambda$fallback$0(Ljava/util/function/IntSupplier;Ljava/util/function/IntSupplier;Ljava/util/function/Supplier;Ljava/util/function/LongSupplier;)J+28 forge@43.2.0
j  net.minecraftforge.client.loading.NoVizFallback$$Lambda$4374+0x000000080162c640.getAsLong()J+16 forge@43.2.0
j  net.minecraftforge.fml.loading.progress.EarlyProgressVisualization$Visualization$$Lambda$4375+0x0000000801626e58.apply(Ljava/lang/Object;)Ljava/lang/Object;+4 fmlloader@1.19.2-43.2.0
J 7975 c2 java.util.Optional.map(Ljava/util/function/Function;)Ljava/util/Optional; java.base@17.0.5 (30 bytes) @ 0x0000028fe3693c08 [0x0000028fe3693ba0+0x0000000000000068]
j  net.minecraftforge.fml.loading.progress.EarlyProgressVisualization$Visualization.handOffWindow(Ljava/util/function/IntSupplier;Ljava/util/function/IntSupplier;Ljava/util/function/Supplier;Ljava/util/function/LongSupplier;)J+48 fmlloader@1.19.2-43.2.0
j  net.minecraftforge.fml.loading.progress.EarlyProgressVisualization.handOffWindow(Ljava/util/function/IntSupplier;Ljava/util/function/IntSupplier;Ljava/util/function/Supplier;Ljava/util/function/LongSupplier;)J+9 fmlloader@1.19.2-43.2.0
j  com.mojang.blaze3d.platform.Window.<init>(Lcom/mojang/blaze3d/platform/WindowEventHandler;Lcom/mojang/blaze3d/platform/ScreenManager;Lcom/mojang/blaze3d/platform/DisplayData;Ljava/lang/String;Ljava/lang/String;)V+279 minecraft@1.19.2
j  net.minecraft.client.renderer.VirtualScreen.newWindow(Lcom/mojang/blaze3d/platform/DisplayData;Ljava/lang/String;Ljava/lang/String;)Lcom/mojang/blaze3d/platform/Window;+15 minecraft@1.19.2
j  net.minecraft.client.Minecraft.<init>(Lnet/minecraft/client/main/GameConfig;)V+723 minecraft@1.19.2
j  net.minecraft.client.main.Main.run([Ljava/lang/String;Z)V+1356 minecraft@1.19.2
j  net.minecraft.client.main.Main.main([Ljava/lang/String;)V+12 minecraft@1.19.2
v  ~StubRoutines::call_stub
j  jdk.internal.reflect.NativeMethodAccessorImpl.invoke0(Ljava/lang/reflect/Method;Ljava/lang/Object;[Ljava/lang/Object;)Ljava/lang/Object;+0 java.base@17.0.5
j  jdk.internal.reflect.NativeMethodAccessorImpl.invoke(Ljava/lang/Object;[Ljava/lang/Object;)Ljava/lang/Object;+133 java.base@17.0.5
j  jdk.internal.reflect.DelegatingMethodAccessorImpl.invoke(Ljava/lang/Object;[Ljava/lang/Object;)Ljava/lang/Object;+6 java.base@17.0.5
j  java.lang.reflect.Method.invoke(Ljava/lang/Object;[Ljava/lang/Object;)Ljava/lang/Object;+59 java.base@17.0.5
j  net.minecraftforge.fml.loading.targets.ForgeClientUserdevLaunchHandler.lambda$launchService$0([Ljava/lang/String;Ljava/lang/ModuleLayer;)V+47 fmlloader@1.19.2-43.2.0
j  net.minecraftforge.fml.loading.targets.ForgeClientUserdevLaunchHandler$$Lambda$856+0x0000000800fb15b0.run()V+12 fmlloader@1.19.2-43.2.0
j  cpw.mods.modlauncher.LaunchServiceHandlerDecorator.launch([Ljava/lang/String;Ljava/lang/ModuleLayer;)V+11 cpw.mods.modlauncher@10.0.8
j  cpw.mods.modlauncher.LaunchServiceHandler.launch(Ljava/lang/String;[Ljava/lang/String;Ljava/lang/ModuleLayer;Lcpw/mods/modlauncher/TransformingClassLoader;Lcpw/mods/modlauncher/LaunchPluginHandler;)V+58 cpw.mods.modlauncher@10.0.8
j  cpw.mods.modlauncher.LaunchServiceHandler.launch(Lcpw/mods/modlauncher/ArgumentHandler;Ljava/lang/ModuleLayer;Lcpw/mods/modlauncher/TransformingClassLoader;Lcpw/mods/modlauncher/LaunchPluginHandler;)V+21 cpw.mods.modlauncher@10.0.8
j  cpw.mods.modlauncher.Launcher.run([Ljava/lang/String;)V+310 cpw.mods.modlauncher@10.0.8
j  cpw.mods.modlauncher.Launcher.main([Ljava/lang/String;)V+78 cpw.mods.modlauncher@10.0.8
j  cpw.mods.modlauncher.BootstrapLaunchConsumer.accept([Ljava/lang/String;)V+1 cpw.mods.modlauncher@10.0.8
j  cpw.mods.modlauncher.BootstrapLaunchConsumer.accept(Ljava/lang/Object;)V+5 cpw.mods.modlauncher@10.0.8
j  cpw.mods.bootstraplauncher.BootstrapLauncher.main([Ljava/lang/String;)V+515 cpw.mods.bootstraplauncher@1.1.2
v  ~StubRoutines::call_stub

siginfo: EXCEPTION_ACCESS_VIOLATION (0xc0000005), reading address 0xffffffffffffffff


Register to memory mapping:

RIP=0x00007fff9bae2b60 atio6axx.dll
RAX=0x0 is NULL
RBX=0x00007fff9f3233b0 atio6axx.dll
RCX=0x72706d6f632d736e is an unknown value
RDX=0x00000000000000d0 is an unknown value
RSP=0x000000c315ffaa98 is pointing into the stack for thread: 0x0000028fd3c9d800
RBP=0x000000c315ffac00 is pointing into the stack for thread: 0x0000028fd3c9d800
RSI=0x00007fff9f232d40 atio6axx.dll
RDI=0x000000c315ffaef0 is pointing into the stack for thread: 0x0000028fd3c9d800
R8 =0x00000000000001a5 is an unknown value
R9 =0x72706d6f632d736e is an unknown value
R10=0x0 is NULL
R11=0x0000000000000200 is an unknown value
R12=0x00007fff9f323408 atio6axx.dll
R13=0x00007fff9f325c08 atio6axx.dll
R14=0x00007fff9f3233b0 atio6axx.dll
R15=0x0 is NULL


Registers:
RAX=0x0000000000000000, RBX=0x00007fff9f3233b0, RCX=0x72706d6f632d736e, RDX=0x00000000000000d0
RSP=0x000000c315ffaa98, RBP=0x000000c315ffac00, RSI=0x00007fff9f232d40, RDI=0x000000c315ffaef0
R8 =0x00000000000001a5, R9 =0x72706d6f632d736e, R10=0x0000000000000000, R11=0x0000000000000200
R12=0x00007fff9f323408, R13=0x00007fff9f325c08, R14=0x00007fff9f3233b0, R15=0x0000000000000000
RIP=0x00007fff9bae2b60, EFLAGS=0x0000000000010206

Top of Stack: (sp=0x000000c315ffaa98)
0x000000c315ffaa98:   00007fff9bae2e7c 00007fff9f326020
0x000000c315ffaaa8:   0000028ffabbbf98 0000000000000000
0x000000c315ffaab8:   00007fff9bae3e8d 000000c315ffaef0
0x000000c315ffaac8:   00007fff9ba9f484 00007fff9f3233b0
0x000000c315ffaad8:   00007fff9f232d40 0000652e6176616a
0x000000c315ffaae8:   0000a4b8c25bb7a7 000000c315ffaef0
0x000000c315ffaaf8:   00007fff9baa0457 00007fff9f3233b8
0x000000c315ffab08:   00007fff9f232d40 00007fff9f232d40
0x000000c315ffab18:   000000c315ffaa08 00007fff9f3233b0
0x000000c315ffab28:   00007fff00000000 0000000000000009
0x000000c315ffab38:   0000028ff8a8998c 0000028ff8a89ae8
0x000000c315ffab48:   00007fff9f3233b8 000000c315ffaef0
0x000000c315ffab58:   000000c315ffacad 00007f006176616a
0x000000c315ffab68:   00007f006176616a 46676e697274535c
0x000000c315ffab78:   5c6f666e49656c69 3062343039303430
0x000000c315ffab88:   726556656c69465c 000000006e6f6973 

Instructions: (pc=0x00007fff9bae2b60)
0x00007fff9bae2a60:   74 09 33 c9 ff 15 e6 89 66 03 90 48 8b c3 48 83
0x00007fff9bae2a70:   c4 20 5b c3 cc cc cc cc cc cc cc cc cc cc cc cc
0x00007fff9bae2a80:   48 83 ec 28 48 8b 51 08 48 85 d2 74 09 33 c9 ff
0x00007fff9bae2a90:   15 bb 89 66 03 90 48 83 c4 28 c3 cc cc cc cc cc
0x00007fff9bae2aa0:   48 89 11 c3 cc cc cc cc cc cc cc cc cc cc cc cc
0x00007fff9bae2ab0:   48 8b c1 c3 cc cc cc cc cc cc cc cc cc cc cc cc
0x00007fff9bae2ac0:   48 3b ca 74 10 41 8b 00 39 01 74 09 48 83 c1 04
0x00007fff9bae2ad0:   48 3b ca 75 f3 48 8b c1 c3 cc cc cc cc cc cc cc
0x00007fff9bae2ae0:   48 8b c1 c3 cc cc cc cc cc cc cc cc cc cc cc cc
0x00007fff9bae2af0:   48 83 39 00 0f 94 c0 c3 cc cc cc cc cc cc cc cc
0x00007fff9bae2b00:   4c 8d 04 d5 00 00 00 00 33 d2 e9 c1 d0 dd 01 cc
0x00007fff9bae2b10:   4c 8b 41 08 48 8b 02 49 89 00 48 83 41 08 08 c3
0x00007fff9bae2b20:   48 8b c1 c3 cc cc cc cc cc cc cc cc cc cc cc cc
0x00007fff9bae2b30:   48 8b c1 c3 cc cc cc cc cc cc cc cc cc cc cc cc
0x00007fff9bae2b40:   49 8b 00 48 89 02 c3 cc cc cc cc cc cc cc cc cc
0x00007fff9bae2b50:   8b 81 40 39 00 00 c3 cc cc cc cc cc cc cc cc cc
0x00007fff9bae2b60:   8b 81 40 39 00 00 83 c0 f0 83 f8 67 0f 87 5a 01
0x00007fff9bae2b70:   00 00 48 8d 15 87 d4 e6 ff 0f b6 84 02 f0 2c 19
0x00007fff9bae2b80:   00 8b 8c 82 d0 2c 19 00 48 03 ca ff e1 48 8b 0d
0x00007fff9bae2b90:   6c 6f 7e 03 83 b9 b4 34 00 00 02 0f 87 2b 01 00
0x00007fff9bae2ba0:   00 48 8d 91 0c 29 00 00 c7 02 e1 00 00 00 e9 ce
0x00007fff9bae2bb0:   00 00 00 48 8b 0d 46 6f 7e 03 83 b9 b4 34 00 00
0x00007fff9bae2bc0:   02 0f 87 05 01 00 00 48 8d 91 0c 29 00 00 c7 02
0x00007fff9bae2bd0:   f0 00 00 00 e9 a8 00 00 00 48 8b 0d 20 6f 7e 03
0x00007fff9bae2be0:   83 b9 b4 34 00 00 02 0f 87 df 00 00 00 48 8d 91
0x00007fff9bae2bf0:   0c 29 00 00 c7 02 00 04 00 00 e9 82 00 00 00 48
0x00007fff9bae2c00:   8b 0d fa 6e 7e 03 83 b9 b4 34 00 00 02 0f 87 b9
0x00007fff9bae2c10:   00 00 00 48 8d 91 0c 29 00 00 c7 02 00 08 00 00
0x00007fff9bae2c20:   eb 5f 48 8b 0d d7 6e 7e 03 83 b9 b4 34 00 00 02
0x00007fff9bae2c30:   0f 87 96 00 00 00 48 8d 91 0c 29 00 00 c7 02 00
0x00007fff9bae2c40:   09 00 00 eb 3c 48 8b 0d b4 6e 7e 03 83 b9 b4 34
0x00007fff9bae2c50:   00 00 02 77 77 48 8d 91 0c 29 00 00 c7 02 3c 0f 


Stack slot to memory mapping:
stack at sp + 0 slots: 0x00007fff9bae2e7c atio6axx.dll
stack at sp + 1 slots: 0x00007fff9f326020 atio6axx.dll
stack at sp + 2 slots: 0x0000028ffabbbf98 points into unknown readable memory: 0x00007fff9eb2f5f0 | f0 f5 b2 9e ff 7f 00 00
stack at sp + 3 slots: 0x0 is NULL
stack at sp + 4 slots: 0x00007fff9bae3e8d atio6axx.dll
stack at sp + 5 slots: 0x000000c315ffaef0 is pointing into the stack for thread: 0x0000028fd3c9d800
stack at sp + 6 slots: 0x00007fff9ba9f484 atio6axx.dll
stack at sp + 7 slots: 0x00007fff9f3233b0 atio6axx.dll


---------------  P R O C E S S  ---------------

Threads class SMR info:
_java_thread_list=0x0000028ffb185650, length=17, elements={
0x0000028fd3c9d800, 0x0000028ff59a0920, 0x0000028ff59a5a20, 0x0000028ff64033e0,
0x0000028ff6403ca0, 0x0000028ff6408690, 0x0000028ff59bef60, 0x0000028ff6412290,
0x0000028ff59c8840, 0x0000028ff59c8d50, 0x0000028ff64c2a10, 0x0000028ff655f310,
0x0000028ff66144b0, 0x0000028ff8f69930, 0x0000028ffc59a960, 0x0000028ff6542f00,
0x0000028ff7050ea0
}

Java Threads: ( => current thread )
=>0x0000028fd3c9d800 JavaThread "Render thread" [_thread_in_native, id=14020, stack(0x000000c315f00000,0x000000c316000000)]
  0x0000028ff59a0920 JavaThread "Reference Handler" daemon [_thread_blocked, id=3424, stack(0x000000c316600000,0x000000c316700000)]
  0x0000028ff59a5a20 JavaThread "Finalizer" daemon [_thread_blocked, id=10916, stack(0x000000c316700000,0x000000c316800000)]
  0x0000028ff64033e0 JavaThread "Signal Dispatcher" daemon [_thread_blocked, id=11248, stack(0x000000c316800000,0x000000c316900000)]
  0x0000028ff6403ca0 JavaThread "Attach Listener" daemon [_thread_blocked, id=11744, stack(0x000000c316900000,0x000000c316a00000)]
  0x0000028ff6408690 JavaThread "Service Thread" daemon [_thread_blocked, id=8112, stack(0x000000c316a00000,0x000000c316b00000)]
  0x0000028ff59bef60 JavaThread "Monitor Deflation Thread" daemon [_thread_blocked, id=15152, stack(0x000000c316b00000,0x000000c316c00000)]
  0x0000028ff6412290 JavaThread "C2 CompilerThread0" daemon [_thread_blocked, id=14460, stack(0x000000c316c00000,0x000000c316d00000)]
  0x0000028ff59c8840 JavaThread "C1 CompilerThread0" daemon [_thread_blocked, id=14728, stack(0x000000c316d00000,0x000000c316e00000)]
  0x0000028ff59c8d50 JavaThread "Sweeper thread" daemon [_thread_blocked, id=6808, stack(0x000000c316e00000,0x000000c316f00000)]
  0x0000028ff64c2a10 JavaThread "Common-Cleaner" daemon [_thread_blocked, id=11152, stack(0x000000c316f00000,0x000000c317000000)]
  0x0000028ff655f310 JavaThread "C2 CompilerThread1" daemon [_thread_blocked, id=10272, stack(0x000000c317000000,0x000000c317100000)]
  0x0000028ff66144b0 JavaThread "Notification Thread" daemon [_thread_blocked, id=9972, stack(0x000000c317100000,0x000000c317200000)]
  0x0000028ff8f69930 JavaThread "Thread-0" daemon [_thread_blocked, id=1264, stack(0x000000c317c00000,0x000000c317d00000)]
  0x0000028ffc59a960 JavaThread "FileSystemWatchService" daemon [_thread_in_native, id=4172, stack(0x000000c317d00000,0x000000c317e00000)]
  0x0000028ff6542f00 JavaThread "pool-2-thread-1" daemon [_thread_blocked, id=13760, stack(0x000000c317f00000,0x000000c318000000)]
  0x0000028ff7050ea0 JavaThread "Timer hack thread" daemon [_thread_blocked, id=1028, stack(0x000000c318300000,0x000000c318400000)]

Other Threads:
  0x0000028ff599e2e0 VMThread "VM Thread" [stack: 0x000000c316500000,0x000000c316600000] [id=13688]
  0x0000028fd3c9e480 WatcherThread [stack: 0x000000c317200000,0x000000c317300000] [id=2264]
  0x0000028fd3d01510 GCTaskThread "GC Thread#0" [stack: 0x000000c316000000,0x000000c316100000] [id=10396]
  0x0000028ff6e4c800 GCTaskThread "GC Thread#1" [stack: 0x000000c317400000,0x000000c317500000] [id=6676]
  0x0000028ff6e4cab0 GCTaskThread "GC Thread#2" [stack: 0x000000c317500000,0x000000c317600000] [id=10828]
  0x0000028ff6d409a0 GCTaskThread "GC Thread#3" [stack: 0x000000c317600000,0x000000c317700000] [id=12616]
  0x0000028ff6d40c50 GCTaskThread "GC Thread#4" [stack: 0x000000c317700000,0x000000c317800000] [id=15348]
  0x0000028ff6cac4f0 GCTaskThread "GC Thread#5" [stack: 0x000000c317900000,0x000000c317a00000] [id=13248]
  0x0000028ff6f7f9e0 GCTaskThread "GC Thread#6" [stack: 0x000000c317a00000,0x000000c317b00000] [id=13168]
  0x0000028ffa4cfa30 GCTaskThread "GC Thread#7" [stack: 0x000000c317b00000,0x000000c317c00000] [id=10764]
  0x0000028fd3d10500 ConcurrentGCThread "G1 Main Marker" [stack: 0x000000c316100000,0x000000c316200000] [id=8100]
  0x0000028fd3d12560 ConcurrentGCThread "G1 Conc#0" [stack: 0x000000c316200000,0x000000c316300000] [id=12048]
  0x0000028ff90605c0 ConcurrentGCThread "G1 Conc#1" [stack: 0x000000c317e00000,0x000000c317f00000] [id=14608]
  0x0000028fd3d3dfd0 ConcurrentGCThread "G1 Refine#0" [stack: 0x000000c316300000,0x000000c316400000] [id=15244]
  0x0000028ff6eef410 ConcurrentGCThread "G1 Refine#1" [stack: 0x000000c317800000,0x000000c317900000] [id=7192]
  0x0000028ffca73340 ConcurrentGCThread "G1 Refine#2" [stack: 0x000000c318400000,0x000000c318500000] [id=15308]
  0x0000028ff924ee60 ConcurrentGCThread "G1 Refine#3" [stack: 0x000000c318500000,0x000000c318600000] [id=5352]
  0x0000028ff924c340 ConcurrentGCThread "G1 Refine#4" [stack: 0x000000c318600000,0x000000c318700000] [id=8164]
  0x0000028ff924e2e0 ConcurrentGCThread "G1 Refine#5" [stack: 0x000000c318700000,0x000000c318800000] [id=6720]
  0x0000028fd3d3e890 ConcurrentGCThread "G1 Service" [stack: 0x000000c316400000,0x000000c316500000] [id=9968]

Threads with active compile tasks:

VM state: not at safepoint (normal execution)

VM Mutex/Monitor currently owned by a thread: None

Heap address: 0x0000000720a00000, size: 3574 MB, Compressed Oops mode: Zero based, Oop shift amount: 3

CDS archive(s) mapped at: [0x0000000800000000-0x0000000800bc0000-0x0000000800bc0000), size 12320768, SharedBaseAddress: 0x0000000800000000, ArchiveRelocationMode: 0.
Compressed class space mapped at: 0x0000000800c00000-0x0000000840c00000, reserved size: 1073741824
Narrow klass base: 0x0000000800000000, Narrow klass shift: 0, Narrow klass range: 0x100000000

GC Precious Log:
 CPUs: 8 total, 8 available
 Memory: 14293M
 Large Page Support: Disabled
 NUMA Support: Disabled
 Compressed Oops: Enabled (Zero based)
 Heap Region Size: 2M
 Heap Min Capacity: 8M
 Heap Initial Capacity: 224M
 Heap Max Capacity: 3574M
 Pre-touch: Disabled
 Parallel Workers: 8
 Concurrent Workers: 2
 Concurrent Refinement Workers: 8
 Periodic GC: Disabled

Heap:
 garbage-first heap   total 333824K, used 259738K [0x0000000720a00000, 0x0000000800000000)
  region size 2048K, 57 young (116736K), 6 survivors (12288K)
 Metaspace       used 71379K, committed 72512K, reserved 1114112K
  class space    used 9938K, committed 10432K, reserved 1048576K

Heap Regions: E=young(eden), S=young(survivor), O=old, HS=humongous(starts), HC=humongous(continues), CS=collection set, F=free, OA=open archive, CA=closed archive, TAMS=top-at-mark-start (previous, next)
|   0|0x0000000720a00000, 0x0000000720c00000, 0x0000000720c00000|100%|HS|  |TAMS 0x0000000720c00000, 0x0000000720a00000| Complete 
|   1|0x0000000720c00000, 0x0000000720e00000, 0x0000000720e00000|100%| O|  |TAMS 0x0000000720e00000, 0x0000000720c00000| Untracked 
|   2|0x0000000720e00000, 0x0000000721000000, 0x0000000721000000|100%|HS|  |TAMS 0x0000000721000000, 0x0000000720e00000| Complete 
|   3|0x0000000721000000, 0x0000000721200000, 0x0000000721200000|100%| O|  |TAMS 0x0000000721200000, 0x0000000721000000| Untracked 
|   4|0x0000000721200000, 0x0000000721400000, 0x0000000721400000|100%| O|  |TAMS 0x0000000721400000, 0x0000000721200000| Untracked 
|   5|0x0000000721400000, 0x0000000721600000, 0x0000000721600000|100%| O|  |TAMS 0x0000000721600000, 0x0000000721400000| Untracked 
|   6|0x0000000721600000, 0x0000000721800000, 0x0000000721800000|100%|HS|  |TAMS 0x0000000721800000, 0x0000000721600000| Complete 
|   7|0x0000000721800000, 0x0000000721a00000, 0x0000000721a00000|100%|HS|  |TAMS 0x0000000721a00000, 0x0000000721800000| Complete 
|   8|0x0000000721a00000, 0x0000000721c00000, 0x0000000721c00000|100%| O|  |TAMS 0x0000000721c00000, 0x0000000721a00000| Untracked 
|   9|0x0000000721c00000, 0x0000000721e00000, 0x0000000721e00000|100%| O|  |TAMS 0x0000000721e00000, 0x0000000721c00000| Untracked 
|  10|0x0000000721e00000, 0x0000000722000000, 0x0000000722000000|100%| O|  |TAMS 0x0000000722000000, 0x0000000721e00000| Untracked 
|  11|0x0000000722000000, 0x0000000722200000, 0x0000000722200000|100%| O|  |TAMS 0x0000000722200000, 0x0000000722000000| Untracked 
|  12|0x0000000722200000, 0x0000000722400000, 0x0000000722400000|100%|HS|  |TAMS 0x0000000722400000, 0x0000000722200000| Complete 
|  13|0x0000000722400000, 0x0000000722600000, 0x0000000722600000|100%| O|  |TAMS 0x0000000722600000, 0x0000000722400000| Untracked 
|  14|0x0000000722600000, 0x0000000722800000, 0x0000000722800000|100%| O|  |TAMS 0x0000000722800000, 0x0000000722600000| Untracked 
|  15|0x0000000722800000, 0x0000000722a00000, 0x0000000722a00000|100%| O|  |TAMS 0x0000000722a00000, 0x0000000722800000| Untracked 
|  16|0x0000000722a00000, 0x0000000722c00000, 0x0000000722c00000|100%| O|  |TAMS 0x0000000722c00000, 0x0000000722a00000| Untracked 
|  17|0x0000000722c00000, 0x0000000722e00000, 0x0000000722e00000|100%| O|  |TAMS 0x0000000722e00000, 0x0000000722c00000| Untracked 
|  18|0x0000000722e00000, 0x0000000723000000, 0x0000000723000000|100%| O|  |TAMS 0x0000000723000000, 0x0000000722e00000| Untracked 
|  19|0x0000000723000000, 0x0000000723200000, 0x0000000723200000|100%| O|  |TAMS 0x0000000723200000, 0x0000000723000000| Untracked 
|  20|0x0000000723200000, 0x0000000723400000, 0x0000000723400000|100%| O|  |TAMS 0x0000000723400000, 0x0000000723200000| Untracked 
|  21|0x0000000723400000, 0x0000000723580400, 0x0000000723600000| 75%| O|  |TAMS 0x0000000723580400, 0x0000000723400000| Untracked 
|  22|0x0000000723600000, 0x0000000723800000, 0x0000000723800000|100%| O|  |TAMS 0x0000000723800000, 0x0000000723600000| Untracked 
|  23|0x0000000723800000, 0x0000000723a00000, 0x0000000723a00000|100%| O|  |TAMS 0x0000000723a00000, 0x0000000723800000| Untracked 
|  24|0x0000000723a00000, 0x0000000723c00000, 0x0000000723c00000|100%| O|  |TAMS 0x0000000723c00000, 0x0000000723a00000| Untracked 
|  25|0x0000000723c00000, 0x0000000723e00000, 0x0000000723e00000|100%| O|  |TAMS 0x0000000723e00000, 0x0000000723c00000| Untracked 
|  26|0x0000000723e00000, 0x0000000724000000, 0x0000000724000000|100%| O|  |TAMS 0x0000000724000000, 0x0000000723e00000| Untracked 
|  27|0x0000000724000000, 0x0000000724200000, 0x0000000724200000|100%| O|  |TAMS 0x0000000724200000, 0x0000000724000000| Untracked 
|  28|0x0000000724200000, 0x0000000724400000, 0x0000000724400000|100%| O|  |TAMS 0x0000000724400000, 0x0000000724200000| Untracked 
|  29|0x0000000724400000, 0x0000000724600000, 0x0000000724600000|100%| O|  |TAMS 0x0000000724600000, 0x0000000724400000| Untracked 
|  30|0x0000000724600000, 0x0000000724800000, 0x0000000724800000|100%| O|  |TAMS 0x0000000724800000, 0x0000000724600000| Untracked 
|  31|0x0000000724800000, 0x0000000724a00000, 0x0000000724a00000|100%| O|  |TAMS 0x0000000724a00000, 0x0000000724800000| Untracked 
|  32|0x0000000724a00000, 0x0000000724c00000, 0x0000000724c00000|100%|HS|  |TAMS 0x0000000724c00000, 0x0000000724a00000| Complete 
|  33|0x0000000724c00000, 0x0000000724e00000, 0x0000000724e00000|100%|HC|  |TAMS 0x0000000724e00000, 0x0000000724c00000| Complete 
|  34|0x0000000724e00000, 0x0000000725000000, 0x0000000725000000|100%|HC|  |TAMS 0x0000000725000000, 0x0000000724e00000| Complete 
|  35|0x0000000725000000, 0x0000000725200000, 0x0000000725200000|100%|HC|  |TAMS 0x0000000725200000, 0x0000000725000000| Complete 
|  36|0x0000000725200000, 0x0000000725400000, 0x0000000725400000|100%|HC|  |TAMS 0x0000000725400000, 0x0000000725200000| Complete 
|  37|0x0000000725400000, 0x0000000725600000, 0x0000000725600000|100%|HC|  |TAMS 0x0000000725600000, 0x0000000725400000| Complete 
|  38|0x0000000725600000, 0x0000000725800000, 0x0000000725800000|100%| O|  |TAMS 0x0000000725800000, 0x0000000725600000| Untracked 
|  39|0x0000000725800000, 0x0000000725a00000, 0x0000000725a00000|100%| O|  |TAMS 0x0000000725a00000, 0x0000000725800000| Untracked 
|  40|0x0000000725a00000, 0x0000000725c00000, 0x0000000725c00000|100%| O|  |TAMS 0x0000000725c00000, 0x0000000725a00000| Untracked 
|  41|0x0000000725c00000, 0x0000000725e00000, 0x0000000725e00000|100%| O|  |TAMS 0x0000000725e00000, 0x0000000725c00000| Untracked 
|  42|0x0000000725e00000, 0x0000000726000000, 0x0000000726000000|100%| O|  |TAMS 0x0000000726000000, 0x0000000725e00000| Untracked 
|  43|0x0000000726000000, 0x0000000726200000, 0x0000000726200000|100%| O|  |TAMS 0x0000000726200000, 0x0000000726000000| Untracked 
|  44|0x0000000726200000, 0x0000000726400000, 0x0000000726400000|100%| O|  |TAMS 0x0000000726400000, 0x0000000726200000| Untracked 
|  45|0x0000000726400000, 0x0000000726600000, 0x0000000726600000|100%| O|  |TAMS 0x0000000726600000, 0x0000000726400000| Untracked 
|  46|0x0000000726600000, 0x0000000726800000, 0x0000000726800000|100%| O|  |TAMS 0x0000000726800000, 0x0000000726600000| Untracked 
|  47|0x0000000726800000, 0x0000000726a00000, 0x0000000726a00000|100%| O|  |TAMS 0x0000000726a00000, 0x0000000726800000| Untracked 
|  48|0x0000000726a00000, 0x0000000726c00000, 0x0000000726c00000|100%| O|  |TAMS 0x0000000726c00000, 0x0000000726a00000| Untracked 
|  49|0x0000000726c00000, 0x0000000726e00000, 0x0000000726e00000|100%| O|  |TAMS 0x0000000726e00000, 0x0000000726c00000| Untracked 
|  50|0x0000000726e00000, 0x0000000727000000, 0x0000000727000000|100%| O|  |TAMS 0x0000000727000000, 0x0000000726e00000| Untracked 
|  51|0x0000000727000000, 0x0000000727200000, 0x0000000727200000|100%| O|  |TAMS 0x0000000727200000, 0x0000000727000000| Untracked 
|  52|0x0000000727200000, 0x0000000727400000, 0x0000000727400000|100%| O|  |TAMS 0x000000072733be00, 0x0000000727200000| Untracked 
|  53|0x0000000727400000, 0x0000000727600000, 0x0000000727600000|100%| O|  |TAMS 0x0000000727400000, 0x0000000727400000| Untracked 
|  54|0x0000000727600000, 0x0000000727800000, 0x0000000727800000|100%| O|  |TAMS 0x0000000727600000, 0x0000000727600000| Untracked 
|  55|0x0000000727800000, 0x0000000727a00000, 0x0000000727a00000|100%| O|  |TAMS 0x0000000727800000, 0x0000000727800000| Untracked 
|  56|0x0000000727a00000, 0x0000000727c00000, 0x0000000727c00000|100%| O|  |TAMS 0x0000000727a00000, 0x0000000727a00000| Untracked 
|  57|0x0000000727c00000, 0x0000000727e00000, 0x0000000727e00000|100%| O|  |TAMS 0x0000000727c00000, 0x0000000727c00000| Untracked 
|  58|0x0000000727e00000, 0x0000000728000000, 0x0000000728000000|100%| O|  |TAMS 0x0000000727e00000, 0x0000000727e00000| Untracked 
|  59|0x0000000728000000, 0x0000000728200000, 0x0000000728200000|100%| O|  |TAMS 0x0000000728000000, 0x0000000728000000| Untracked 
|  60|0x0000000728200000, 0x0000000728400000, 0x0000000728400000|100%| O|  |TAMS 0x0000000728200000, 0x0000000728200000| Untracked 
|  61|0x0000000728400000, 0x0000000728600000, 0x0000000728600000|100%| O|  |TAMS 0x0000000728400000, 0x0000000728400000| Untracked 
|  62|0x0000000728600000, 0x0000000728800000, 0x0000000728800000|100%| O|  |TAMS 0x0000000728600000, 0x0000000728600000| Untracked 
|  63|0x0000000728800000, 0x0000000728a00000, 0x0000000728a00000|100%| O|  |TAMS 0x0000000728800000, 0x0000000728800000| Untracked 
|  64|0x0000000728a00000, 0x0000000728c00000, 0x0000000728c00000|100%| O|  |TAMS 0x0000000728a00000, 0x0000000728a00000| Untracked 
|  65|0x0000000728c00000, 0x0000000728e00000, 0x0000000728e00000|100%| O|  |TAMS 0x0000000728c00000, 0x0000000728c00000| Untracked 
|  66|0x0000000728e00000, 0x0000000729000000, 0x0000000729000000|100%| O|  |TAMS 0x0000000728e00000, 0x0000000728e00000| Untracked 
|  67|0x0000000729000000, 0x0000000729200000, 0x0000000729200000|100%| O|  |TAMS 0x0000000729000000, 0x0000000729000000| Untracked 
|  68|0x0000000729200000, 0x0000000729400000, 0x0000000729400000|100%| O|  |TAMS 0x0000000729200000, 0x0000000729200000| Untracked 
|  69|0x0000000729400000, 0x0000000729600000, 0x0000000729600000|100%| O|  |TAMS 0x0000000729400000, 0x0000000729400000| Untracked 
|  70|0x0000000729600000, 0x0000000729800000, 0x0000000729800000|100%| O|  |TAMS 0x0000000729600000, 0x0000000729600000| Untracked 
|  71|0x0000000729800000, 0x0000000729a00000, 0x0000000729a00000|100%| O|  |TAMS 0x0000000729800000, 0x0000000729800000| Untracked 
|  72|0x0000000729a00000, 0x0000000729b2de00, 0x0000000729c00000| 58%| O|  |TAMS 0x0000000729a00000, 0x0000000729a00000| Untracked 
|  73|0x0000000729c00000, 0x0000000729c00000, 0x0000000729e00000|  0%| F|  |TAMS 0x0000000729c00000, 0x0000000729c00000| Untracked 
|  74|0x0000000729e00000, 0x0000000729e00000, 0x000000072a000000|  0%| F|  |TAMS 0x0000000729e00000, 0x0000000729e00000| Untracked 
|  75|0x000000072a000000, 0x000000072a000000, 0x000000072a200000|  0%| F|  |TAMS 0x000000072a000000, 0x000000072a000000| Untracked 
|  76|0x000000072a200000, 0x000000072a200000, 0x000000072a400000|  0%| F|  |TAMS 0x000000072a200000, 0x000000072a200000| Untracked 
|  77|0x000000072a400000, 0x000000072a400000, 0x000000072a600000|  0%| F|  |TAMS 0x000000072a400000, 0x000000072a400000| Untracked 
|  78|0x000000072a600000, 0x000000072a600000, 0x000000072a800000|  0%| F|  |TAMS 0x000000072a600000, 0x000000072a600000| Untracked 
|  79|0x000000072a800000, 0x000000072a800000, 0x000000072aa00000|  0%| F|  |TAMS 0x000000072a800000, 0x000000072a800000| Untracked 
|  80|0x000000072aa00000, 0x000000072aa00000, 0x000000072ac00000|  0%| F|  |TAMS 0x000000072aa00000, 0x000000072aa00000| Untracked 
|  81|0x000000072ac00000, 0x000000072ac00000, 0x000000072ae00000|  0%| F|  |TAMS 0x000000072ac00000, 0x000000072ac00000| Untracked 
|  82|0x000000072ae00000, 0x000000072ae00000, 0x000000072b000000|  0%| F|  |TAMS 0x000000072ae00000, 0x000000072ae00000| Untracked 
|  83|0x000000072b000000, 0x000000072b000000, 0x000000072b200000|  0%| F|  |TAMS 0x000000072b000000, 0x000000072b000000| Untracked 
|  84|0x000000072b200000, 0x000000072b200000, 0x000000072b400000|  0%| F|  |TAMS 0x000000072b200000, 0x000000072b200000| Untracked 
|  85|0x000000072b400000, 0x000000072b400000, 0x000000072b600000|  0%| F|  |TAMS 0x000000072b400000, 0x000000072b400000| Untracked 
|  86|0x000000072b600000, 0x000000072b600000, 0x000000072b800000|  0%| F|  |TAMS 0x000000072b600000, 0x000000072b600000| Untracked 
|  87|0x000000072b800000, 0x000000072b800000, 0x000000072ba00000|  0%| F|  |TAMS 0x000000072b800000, 0x000000072b800000| Untracked 
|  88|0x000000072ba00000, 0x000000072ba00000, 0x000000072bc00000|  0%| F|  |TAMS 0x000000072ba00000, 0x000000072ba00000| Untracked 
|  89|0x000000072bc00000, 0x000000072bc00000, 0x000000072be00000|  0%| F|  |TAMS 0x000000072bc00000, 0x000000072bc00000| Untracked 
|  90|0x000000072be00000, 0x000000072be00000, 0x000000072c000000|  0%| F|  |TAMS 0x000000072be00000, 0x000000072be00000| Untracked 
|  91|0x000000072c000000, 0x000000072c000000, 0x000000072c200000|  0%| F|  |TAMS 0x000000072c000000, 0x000000072c000000| Untracked 
|  92|0x000000072c200000, 0x000000072c200000, 0x000000072c400000|  0%| F|  |TAMS 0x000000072c200000, 0x000000072c200000| Untracked 
|  93|0x000000072c400000, 0x000000072c400000, 0x000000072c600000|  0%| F|  |TAMS 0x000000072c400000, 0x000000072c400000| Untracked 
|  94|0x000000072c600000, 0x000000072c600000, 0x000000072c800000|  0%| F|  |TAMS 0x000000072c600000, 0x000000072c600000| Untracked 
|  95|0x000000072c800000, 0x000000072c800000, 0x000000072ca00000|  0%| F|  |TAMS 0x000000072c800000, 0x000000072c800000| Untracked 
|  96|0x000000072ca00000, 0x000000072ca00000, 0x000000072cc00000|  0%| F|  |TAMS 0x000000072ca00000, 0x000000072ca00000| Untracked 
|  97|0x000000072cc00000, 0x000000072cc00000, 0x000000072ce00000|  0%| F|  |TAMS 0x000000072cc00000, 0x000000072cc00000| Untracked 
|  98|0x000000072ce00000, 0x000000072ce00000, 0x000000072d000000|  0%| F|  |TAMS 0x000000072ce00000, 0x000000072ce00000| Untracked 
|  99|0x000000072d000000, 0x000000072d000000, 0x000000072d200000|  0%| F|  |TAMS 0x000000072d000000, 0x000000072d000000| Untracked 
| 100|0x000000072d200000, 0x000000072d2f86c0, 0x000000072d400000| 48%| S|CS|TAMS 0x000000072d200000, 0x000000072d200000| Complete 
| 101|0x000000072d400000, 0x000000072d600000, 0x000000072d600000|100%| S|CS|TAMS 0x000000072d400000, 0x000000072d400000| Complete 
| 102|0x000000072d600000, 0x000000072d800000, 0x000000072d800000|100%| S|CS|TAMS 0x000000072d600000, 0x000000072d600000| Complete 
| 103|0x000000072d800000, 0x000000072da00000, 0x000000072da00000|100%| S|CS|TAMS 0x000000072d800000, 0x000000072d800000| Complete 
| 104|0x000000072da00000, 0x000000072da00000, 0x000000072dc00000|  0%| F|  |TAMS 0x000000072da00000, 0x000000072da00000| Untracked 
| 105|0x000000072dc00000, 0x000000072dc00000, 0x000000072de00000|  0%| F|  |TAMS 0x000000072dc00000, 0x000000072dc00000| Untracked 
| 106|0x000000072de00000, 0x000000072de00000, 0x000000072e000000|  0%| F|  |TAMS 0x000000072de00000, 0x000000072de00000| Untracked 
| 107|0x000000072e000000, 0x000000072e000000, 0x000000072e200000|  0%| F|  |TAMS 0x000000072e000000, 0x000000072e000000| Untracked 
| 108|0x000000072e200000, 0x000000072e400000, 0x000000072e400000|100%| S|CS|TAMS 0x000000072e200000, 0x000000072e200000| Complete 
| 109|0x000000072e400000, 0x000000072e600000, 0x000000072e600000|100%| S|CS|TAMS 0x000000072e400000, 0x000000072e400000| Complete 
| 110|0x000000072e600000, 0x000000072e600000, 0x000000072e800000|  0%| F|  |TAMS 0x000000072e600000, 0x000000072e600000| Untracked 
| 111|0x000000072e800000, 0x000000072e800000, 0x000000072ea00000|  0%| F|  |TAMS 0x000000072e800000, 0x000000072e800000| Untracked 
| 112|0x000000072ea00000, 0x000000072eb709c0, 0x000000072ec00000| 71%| E|  |TAMS 0x000000072ea00000, 0x000000072ea00000| Complete 
| 113|0x000000072ec00000, 0x000000072ee00000, 0x000000072ee00000|100%| E|CS|TAMS 0x000000072ec00000, 0x000000072ec00000| Complete 
| 114|0x000000072ee00000, 0x000000072f000000, 0x000000072f000000|100%| E|CS|TAMS 0x000000072ee00000, 0x000000072ee00000| Complete 
| 115|0x000000072f000000, 0x000000072f200000, 0x000000072f200000|100%| E|CS|TAMS 0x000000072f000000, 0x000000072f000000| Complete 
| 116|0x000000072f200000, 0x000000072f400000, 0x000000072f400000|100%| E|CS|TAMS 0x000000072f200000, 0x000000072f200000| Complete 
| 117|0x000000072f400000, 0x000000072f600000, 0x000000072f600000|100%| E|CS|TAMS 0x000000072f400000, 0x000000072f400000| Complete 
| 118|0x000000072f600000, 0x000000072f800000, 0x000000072f800000|100%| E|CS|TAMS 0x000000072f600000, 0x000000072f600000| Complete 
| 119|0x000000072f800000, 0x000000072fa00000, 0x000000072fa00000|100%| E|CS|TAMS 0x000000072f800000, 0x000000072f800000| Complete 
| 120|0x000000072fa00000, 0x000000072fc00000, 0x000000072fc00000|100%| E|CS|TAMS 0x000000072fa00000, 0x000000072fa00000| Complete 
| 121|0x000000072fc00000, 0x000000072fe00000, 0x000000072fe00000|100%| E|CS|TAMS 0x000000072fc00000, 0x000000072fc00000| Complete 
| 122|0x000000072fe00000, 0x0000000730000000, 0x0000000730000000|100%| E|CS|TAMS 0x000000072fe00000, 0x000000072fe00000| Complete 
| 123|0x0000000730000000, 0x0000000730200000, 0x0000000730200000|100%| E|CS|TAMS 0x0000000730000000, 0x0000000730000000| Complete 
| 124|0x0000000730200000, 0x0000000730400000, 0x0000000730400000|100%| E|CS|TAMS 0x0000000730200000, 0x0000000730200000| Complete 
| 125|0x0000000730400000, 0x0000000730600000, 0x0000000730600000|100%| E|CS|TAMS 0x0000000730400000, 0x0000000730400000| Complete 
| 126|0x0000000730600000, 0x0000000730800000, 0x0000000730800000|100%| E|CS|TAMS 0x0000000730600000, 0x0000000730600000| Complete 
| 127|0x0000000730800000, 0x0000000730a00000, 0x0000000730a00000|100%| E|  |TAMS 0x0000000730800000, 0x0000000730800000| Complete 
| 128|0x0000000730a00000, 0x0000000730c00000, 0x0000000730c00000|100%| E|CS|TAMS 0x0000000730a00000, 0x0000000730a00000| Complete 
| 129|0x0000000730c00000, 0x0000000730e00000, 0x0000000730e00000|100%| E|CS|TAMS 0x0000000730c00000, 0x0000000730c00000| Complete 
| 130|0x0000000730e00000, 0x0000000731000000, 0x0000000731000000|100%| E|CS|TAMS 0x0000000730e00000, 0x0000000730e00000| Complete 
| 131|0x0000000731000000, 0x0000000731200000, 0x0000000731200000|100%| E|CS|TAMS 0x0000000731000000, 0x0000000731000000| Complete 
| 132|0x0000000731200000, 0x0000000731400000, 0x0000000731400000|100%| E|CS|TAMS 0x0000000731200000, 0x0000000731200000| Complete 
| 133|0x0000000731400000, 0x0000000731600000, 0x0000000731600000|100%| E|CS|TAMS 0x0000000731400000, 0x0000000731400000| Complete 
| 134|0x0000000731600000, 0x0000000731800000, 0x0000000731800000|100%| E|CS|TAMS 0x0000000731600000, 0x0000000731600000| Complete 
| 135|0x0000000731800000, 0x0000000731a00000, 0x0000000731a00000|100%| E|CS|TAMS 0x0000000731800000, 0x0000000731800000| Complete 
| 136|0x0000000731a00000, 0x0000000731c00000, 0x0000000731c00000|100%| E|CS|TAMS 0x0000000731a00000, 0x0000000731a00000| Complete 
| 137|0x0000000731c00000, 0x0000000731e00000, 0x0000000731e00000|100%| E|CS|TAMS 0x0000000731c00000, 0x0000000731c00000| Complete 
| 138|0x0000000731e00000, 0x0000000732000000, 0x0000000732000000|100%| E|CS|TAMS 0x0000000731e00000, 0x0000000731e00000| Complete 
| 139|0x0000000732000000, 0x0000000732200000, 0x0000000732200000|100%| E|CS|TAMS 0x0000000732000000, 0x0000000732000000| Complete 
| 140|0x0000000732200000, 0x0000000732400000, 0x0000000732400000|100%| E|CS|TAMS 0x0000000732200000, 0x0000000732200000| Complete 
| 141|0x0000000732400000, 0x0000000732600000, 0x0000000732600000|100%| E|CS|TAMS 0x0000000732400000, 0x0000000732400000| Complete 
| 142|0x0000000732600000, 0x0000000732800000, 0x0000000732800000|100%| E|CS|TAMS 0x0000000732600000, 0x0000000732600000| Complete 
| 143|0x0000000732800000, 0x0000000732a00000, 0x0000000732a00000|100%| E|CS|TAMS 0x0000000732800000, 0x0000000732800000| Complete 
| 144|0x0000000732a00000, 0x0000000732c00000, 0x0000000732c00000|100%| E|CS|TAMS 0x0000000732a00000, 0x0000000732a00000| Complete 
| 145|0x0000000732c00000, 0x0000000732e00000, 0x0000000732e00000|100%| E|CS|TAMS 0x0000000732c00000, 0x0000000732c00000| Complete 
| 146|0x0000000732e00000, 0x0000000733000000, 0x0000000733000000|100%| E|CS|TAMS 0x0000000732e00000, 0x0000000732e00000| Complete 
| 147|0x0000000733000000, 0x0000000733200000, 0x0000000733200000|100%| E|CS|TAMS 0x0000000733000000, 0x0000000733000000| Complete 
| 148|0x0000000733200000, 0x0000000733400000, 0x0000000733400000|100%| E|CS|TAMS 0x0000000733200000, 0x0000000733200000| Complete 
| 149|0x0000000733400000, 0x0000000733600000, 0x0000000733600000|100%| E|CS|TAMS 0x0000000733400000, 0x0000000733400000| Complete 
| 150|0x0000000733600000, 0x0000000733800000, 0x0000000733800000|100%| E|CS|TAMS 0x0000000733600000, 0x0000000733600000| Complete 
| 151|0x0000000733800000, 0x0000000733a00000, 0x0000000733a00000|100%| E|CS|TAMS 0x0000000733800000, 0x0000000733800000| Complete 
| 152|0x0000000733a00000, 0x0000000733c00000, 0x0000000733c00000|100%| E|CS|TAMS 0x0000000733a00000, 0x0000000733a00000| Complete 
| 153|0x0000000733c00000, 0x0000000733e00000, 0x0000000733e00000|100%| E|CS|TAMS 0x0000000733c00000, 0x0000000733c00000| Complete 
| 154|0x0000000733e00000, 0x0000000734000000, 0x0000000734000000|100%| E|CS|TAMS 0x0000000733e00000, 0x0000000733e00000| Complete 
| 155|0x0000000734000000, 0x0000000734200000, 0x0000000734200000|100%| E|CS|TAMS 0x0000000734000000, 0x0000000734000000| Complete 
| 156|0x0000000734200000, 0x0000000734400000, 0x0000000734400000|100%| E|CS|TAMS 0x0000000734200000, 0x0000000734200000| Complete 
| 157|0x0000000734400000, 0x0000000734600000, 0x0000000734600000|100%| E|CS|TAMS 0x0000000734400000, 0x0000000734400000| Complete 
| 158|0x0000000734600000, 0x0000000734800000, 0x0000000734800000|100%| E|CS|TAMS 0x0000000734600000, 0x0000000734600000| Complete 
| 159|0x0000000734800000, 0x0000000734a00000, 0x0000000734a00000|100%| E|CS|TAMS 0x0000000734800000, 0x0000000734800000| Complete 
| 160|0x0000000734a00000, 0x0000000734c00000, 0x0000000734c00000|100%| E|CS|TAMS 0x0000000734a00000, 0x0000000734a00000| Complete 
| 161|0x0000000734c00000, 0x0000000734e00000, 0x0000000734e00000|100%| E|CS|TAMS 0x0000000734c00000, 0x0000000734c00000| Complete 
| 162|0x0000000734e00000, 0x0000000735000000, 0x0000000735000000|100%| E|CS|TAMS 0x0000000734e00000, 0x0000000734e00000| Complete 

Card table byte_map: [0x0000028feb190000,0x0000028feb890000] _byte_map_base: 0x0000028fe788b000

Marking Bits (Prev, Next): (CMBitMap*) 0x0000028fd3d01b20, (CMBitMap*) 0x0000028fd3d01b60
 Prev Bits: [0x0000028febf90000, 0x0000028fef768000)
 Next Bits: [0x0000028fef770000, 0x0000028ff2f48000)

Polling page: 0x0000028fd1c10000

Metaspace:

Usage:
  Non-class:     60.00 MB used.
      Class:      9.71 MB used.
       Both:     69.71 MB used.

Virtual space:
  Non-class space:       64.00 MB reserved,      60.62 MB ( 95%) committed,  8 nodes.
      Class space:        1.00 GB reserved,      10.19 MB ( <1%) committed,  1 nodes.
             Both:        1.06 GB reserved,      70.81 MB (  7%) committed. 

Chunk freelists:
   Non-Class:  3.28 MB
       Class:  1.83 MB
        Both:  5.10 MB

MaxMetaspaceSize: unlimited
CompressedClassSpaceSize: 1.00 GB
Initial GC threshold: 21.00 MB
Current GC threshold: 72.94 MB
CDS: on
MetaspaceReclaimPolicy: balanced
 - commit_granule_bytes: 65536.
 - commit_granule_words: 8192.
 - virtual_space_node_default_size: 1048576.
 - enlarge_chunks_in_place: 1.
 - new_chunks_are_fully_committed: 0.
 - uncommit_free_chunks: 1.
 - use_allocation_guard: 0.
 - handle_deallocations: 1.


Internal statistics:

num_allocs_failed_limit: 9.
num_arena_births: 1726.
num_arena_deaths: 0.
num_vsnodes_births: 9.
num_vsnodes_deaths: 0.
num_space_committed: 1130.
num_space_uncommitted: 0.
num_chunks_returned_to_freelist: 9.
num_chunks_taken_from_freelist: 4618.
num_chunk_merges: 9.
num_chunk_splits: 3058.
num_chunks_enlarged: 2108.
num_purges: 0.
num_inconsistent_stats: 0.

CodeHeap 'non-profiled nmethods': size=120000Kb used=6146Kb max_used=6146Kb free=113853Kb
 bounds [0x0000028fe3230000, 0x0000028fe3840000, 0x0000028fea760000]
CodeHeap 'profiled nmethods': size=120000Kb used=11461Kb max_used=12097Kb free=108538Kb
 bounds [0x0000028fdbd00000, 0x0000028fdc8f0000, 0x0000028fe3230000]
CodeHeap 'non-nmethods': size=5760Kb used=1954Kb max_used=2008Kb free=3805Kb
 bounds [0x0000028fdb760000, 0x0000028fdb9d0000, 0x0000028fdbd00000]
 total_blobs=8646 nmethods=7168 adapters=1390
 compilation: enabled
              stopped_count=0, restarted_count=0
 full_count=0

Compilation events (20 events):
Event: 20.731 Thread 0x0000028ff59c8840 9805       3       java.util.concurrent.ConcurrentHashMap$BaseIterator::<init> (21 bytes)
Event: 20.732 Thread 0x0000028ff59c8840 nmethod 9805 0x0000028fdc775410 code [0x0000028fdc7755c0, 0x0000028fdc7757b8]
Event: 20.732 Thread 0x0000028ff59c8840 9806       3       java.util.concurrent.ConcurrentHashMap$Traverser::<init> (36 bytes)
Event: 20.732 Thread 0x0000028ff59c8840 nmethod 9806 0x0000028fdbd78290 code [0x0000028fdbd78420, 0x0000028fdbd78638]
Event: 20.740 Thread 0x0000028ff59c8840 9807       3       java.util.concurrent.ConcurrentHashMap::values (25 bytes)
Event: 20.741 Thread 0x0000028ff59c8840 nmethod 9807 0x0000028fdbd77c10 code [0x0000028fdbd77dc0, 0x0000028fdbd78178]
Event: 20.741 Thread 0x0000028ff59c8840 9808       3       java.util.concurrent.ConcurrentHashMap$ValuesView::iterator (34 bytes)
Event: 20.742 Thread 0x0000028ff59c8840 nmethod 9808 0x0000028fdbd77710 code [0x0000028fdbd778c0, 0x0000028fdbd77b08]
Event: 20.742 Thread 0x0000028ff655f310 nmethod 9791 0x0000028fe3819b90 code [0x0000028fe3819ec0, 0x0000028fe381b9a8]
Event: 20.743 Thread 0x0000028ff655f310 9800       4       java.nio.Buffer::remaining (20 bytes)
Event: 20.743 Thread 0x0000028ff655f310 nmethod 9800 0x0000028fe381d010 code [0x0000028fe381d180, 0x0000028fe381d218]
Event: 20.756 Thread 0x0000028ff59c8840 9809       3       java.util.concurrent.ConcurrentHashMap::isEmpty (15 bytes)
Event: 20.756 Thread 0x0000028ff59c8840 nmethod 9809 0x0000028fdc775010 code [0x0000028fdc7751c0, 0x0000028fdc775368]
Event: 20.759 Thread 0x0000028ff59c8840 9811       3       cpw.mods.jarhandling.impl.Jar$$Lambda$101/0x0000000800c16648::apply (10 bytes)
Event: 20.760 Thread 0x0000028ff59c8840 nmethod 9811 0x0000028fdbd77190 code [0x0000028fdbd77340, 0x0000028fdbd77628]
Event: 20.783 Thread 0x0000028ff59c8840 9814       3       sun.misc.Unsafe::getInt (9 bytes)
Event: 20.783 Thread 0x0000028ff59c8840 nmethod 9814 0x0000028fdc738110 code [0x0000028fdc7382a0, 0x0000028fdc7383b8]
Event: 20.783 Thread 0x0000028ff59c8840 9815       3       org.lwjgl.system.CustomBuffer::address (19 bytes)
Event: 20.784 Thread 0x0000028ff59c8840 nmethod 9815 0x0000028fdbfb3290 code [0x0000028fdbfb3440, 0x0000028fdbfb36a8]
Event: 20.847 Thread 0x0000028ff6412290 nmethod 9619 0x0000028fe381e510 code [0x0000028fe381eea0, 0x0000028fe3828b70]

GC Heap History (20 events):
Event: 10.021 GC heap before
{Heap before GC invocations=14 (full 0):
 garbage-first heap   total 239616K, used 196827K [0x0000000720a00000, 0x0000000800000000)
  region size 2048K, 63 young (129024K), 2 survivors (4096K)
 Metaspace       used 29050K, committed 29888K, reserved 1081344K
  class space    used 3643K, committed 4032K, reserved 1048576K
}
Event: 10.026 GC heap after
{Heap after GC invocations=15 (full 0):
 garbage-first heap   total 239616K, used 76406K [0x0000000720a00000, 0x0000000800000000)
  region size 2048K, 4 young (8192K), 4 survivors (8192K)
 Metaspace       used 29050K, committed 29888K, reserved 1081344K
  class space    used 3643K, committed 4032K, reserved 1048576K
}
Event: 10.486 GC heap before
{Heap before GC invocations=15 (full 0):
 garbage-first heap   total 239616K, used 211574K [0x0000000720a00000, 0x0000000800000000)
  region size 2048K, 64 young (131072K), 4 survivors (8192K)
 Metaspace       used 30647K, committed 31552K, reserved 1081344K
  class space    used 3846K, committed 4224K, reserved 1048576K
}
Event: 10.493 GC heap after
{Heap after GC invocations=16 (full 0):
 garbage-first heap   total 239616K, used 90759K [0x0000000720a00000, 0x0000000800000000)
  region size 2048K, 5 young (10240K), 5 survivors (10240K)
 Metaspace       used 30647K, committed 31552K, reserved 1081344K
  class space    used 3846K, committed 4224K, reserved 1048576K
}
Event: 12.102 GC heap before
{Heap before GC invocations=16 (full 0):
 garbage-first heap   total 239616K, used 170631K [0x0000000720a00000, 0x0000000800000000)
  region size 2048K, 45 young (92160K), 5 survivors (10240K)
 Metaspace       used 35038K, committed 35968K, reserved 1081344K
  class space    used 4309K, committed 4736K, reserved 1048576K
}
Event: 12.111 GC heap after
{Heap after GC invocations=17 (full 0):
 garbage-first heap   total 239616K, used 92473K [0x0000000720a00000, 0x0000000800000000)
  region size 2048K, 5 young (10240K), 5 survivors (10240K)
 Metaspace       used 35038K, committed 35968K, reserved 1081344K
  class space    used 4309K, committed 4736K, reserved 1048576K
}
Event: 13.387 GC heap before
{Heap before GC invocations=18 (full 0):
 garbage-first heap   total 239616K, used 203065K [0x0000000720a00000, 0x0000000800000000)
  region size 2048K, 59 young (120832K), 5 survivors (10240K)
 Metaspace       used 41303K, committed 42304K, reserved 1089536K
  class space    used 5312K, committed 5760K, reserved 1048576K
}
Event: 13.403 GC heap after
{Heap after GC invocations=19 (full 0):
 garbage-first heap   total 239616K, used 98121K [0x0000000720a00000, 0x0000000800000000)
  region size 2048K, 7 young (14336K), 7 survivors (14336K)
 Metaspace       used 41303K, committed 42304K, reserved 1089536K
  class space    used 5312K, committed 5760K, reserved 1048576K
}
Event: 13.994 GC heap before
{Heap before GC invocations=20 (full 0):
 garbage-first heap   total 239616K, used 198473K [0x0000000720a00000, 0x0000000800000000)
  region size 2048K, 56 young (114688K), 7 survivors (14336K)
 Metaspace       used 42866K, committed 43776K, reserved 1089536K
  class space    used 5534K, committed 5952K, reserved 1048576K
}
Event: 14.018 GC heap after
{Heap after GC invocations=21 (full 0):
 garbage-first heap   total 239616K, used 106840K [0x0000000720a00000, 0x0000000800000000)
  region size 2048K, 7 young (14336K), 7 survivors (14336K)
 Metaspace       used 42866K, committed 43776K, reserved 1089536K
  class space    used 5534K, committed 5952K, reserved 1048576K
}
Event: 14.253 GC heap before
{Heap before GC invocations=21 (full 0):
 garbage-first heap   total 239616K, used 196952K [0x0000000720a00000, 0x0000000800000000)
  region size 2048K, 51 young (104448K), 7 survivors (14336K)
 Metaspace       used 43169K, committed 44160K, reserved 1089536K
  class space    used 5577K, committed 6016K, reserved 1048576K
}
Event: 14.275 GC heap after
{Heap after GC invocations=22 (full 0):
 garbage-first heap   total 239616K, used 118037K [0x0000000720a00000, 0x0000000800000000)
  region size 2048K, 6 young (12288K), 6 survivors (12288K)
 Metaspace       used 43169K, committed 44160K, reserved 1089536K
  class space    used 5577K, committed 6016K, reserved 1048576K
}
Event: 14.491 GC heap before
{Heap before GC invocations=22 (full 0):
 garbage-first heap   total 239616K, used 193813K [0x0000000720a00000, 0x0000000800000000)
  region size 2048K, 43 young (88064K), 6 survivors (12288K)
 Metaspace       used 43626K, committed 44672K, reserved 1089536K
  class space    used 5619K, committed 6080K, reserved 1048576K
}
Event: 14.506 GC heap after
{Heap after GC invocations=23 (full 0):
 garbage-first heap   total 333824K, used 126386K [0x0000000720a00000, 0x0000000800000000)
  region size 2048K, 4 young (8192K), 4 survivors (8192K)
 Metaspace       used 43626K, committed 44672K, reserved 1089536K
  class space    used 5619K, committed 6080K, reserved 1048576K
}
Event: 16.166 GC heap before
{Heap before GC invocations=24 (full 0):
 garbage-first heap   total 333824K, used 267698K [0x0000000720a00000, 0x0000000800000000)
  region size 2048K, 73 young (149504K), 4 survivors (8192K)
 Metaspace       used 49839K, committed 50816K, reserved 1097728K
  class space    used 6467K, committed 6912K, reserved 1048576K
}
Event: 16.185 GC heap after
{Heap after GC invocations=25 (full 0):
 garbage-first heap   total 333824K, used 147241K [0x0000000720a00000, 0x0000000800000000)
  region size 2048K, 10 young (20480K), 10 survivors (20480K)
 Metaspace       used 49839K, committed 50816K, reserved 1097728K
  class space    used 6467K, committed 6912K, reserved 1048576K
}
Event: 17.990 GC heap before
{Heap before GC invocations=25 (full 0):
 garbage-first heap   total 333824K, used 259881K [0x0000000720a00000, 0x0000000800000000)
  region size 2048K, 65 young (133120K), 10 survivors (20480K)
 Metaspace       used 60262K, committed 61312K, reserved 1105920K
  class space    used 8295K, committed 8768K, reserved 1048576K
}
Event: 18.006 GC heap after
{Heap after GC invocations=26 (full 0):
 garbage-first heap   total 333824K, used 155777K [0x0000000720a00000, 0x0000000800000000)
  region size 2048K, 4 young (8192K), 4 survivors (8192K)
 Metaspace       used 60262K, committed 61312K, reserved 1105920K
  class space    used 8295K, committed 8768K, reserved 1048576K
}
Event: 19.243 GC heap before
{Heap before GC invocations=26 (full 0):
 garbage-first heap   total 333824K, used 264321K [0x0000000720a00000, 0x0000000800000000)
  region size 2048K, 57 young (116736K), 4 survivors (8192K)
 Metaspace       used 65525K, committed 66688K, reserved 1105920K
  class space    used 9103K, committed 9600K, reserved 1048576K
}
Event: 19.251 GC heap after
{Heap after GC invocations=27 (full 0):
 garbage-first heap   total 333824K, used 159386K [0x0000000720a00000, 0x0000000800000000)
  region size 2048K, 6 young (12288K), 6 survivors (12288K)
 Metaspace       used 65525K, committed 66688K, reserved 1105920K
  class space    used 9103K, committed 9600K, reserved 1048576K
}

Dll operation events (11 events):
Event: 0.011 Loaded shared library C:\Users\yangj\Desktop\MCreator20231\jdk\bin\java.dll
Event: 0.030 Loaded shared library C:\Users\yangj\Desktop\MCreator20231\jdk\bin\jsvml.dll
Event: 0.199 Loaded shared library C:\Users\yangj\Desktop\MCreator20231\jdk\bin\net.dll
Event: 0.202 Loaded shared library C:\Users\yangj\Desktop\MCreator20231\jdk\bin\nio.dll
Event: 0.207 Loaded shared library C:\Users\yangj\Desktop\MCreator20231\jdk\bin\zip.dll
Event: 0.318 Loaded shared library C:\Users\yangj\Desktop\MCreator20231\jdk\bin\jimage.dll
Event: 0.831 Loaded shared library C:\Users\yangj\Desktop\MCreator20231\jdk\bin\verify.dll
Event: 3.311 Loaded shared library C:\Users\yangj\Desktop\MCreator20231\jdk\bin\management.dll
Event: 3.317 Loaded shared library C:\Users\yangj\Desktop\MCreator20231\jdk\bin\management_ext.dll
Event: 10.262 Loaded shared library C:\Users\yangj\AppData\Local\Temp\jna-114744777\jna14880989835919699423.dll
Event: 19.631 Loaded shared library C:\Users\yangj\AppData\Local\Temp\lwjglyangj\3.3.1-build-7\lwjgl.dll

Deoptimization events (20 events):
Event: 20.688 Thread 0x0000028fd3c9d800 Uncommon trap: trap_request=0xffffff45 fr.pc=0x0000028fe37e05ec relative=0x000000000000028c
Event: 20.688 Thread 0x0000028fd3c9d800 Uncommon trap: reason=unstable_if action=reinterpret pc=0x0000028fe37e05ec method=com.google.gson.stream.JsonReader.doPeek()I @ 315 c2
Event: 20.688 Thread 0x0000028fd3c9d800 DEOPT PACKING pc=0x0000028fe37e05ec sp=0x000000c315ffde80
Event: 20.688 Thread 0x0000028fd3c9d800 DEOPT UNPACKING pc=0x0000028fdb7b23a3 sp=0x000000c315ffde08 mode 2
Event: 20.688 Thread 0x0000028fd3c9d800 Uncommon trap: trap_request=0xffffff45 fr.pc=0x0000028fe37e0e40 relative=0x00000000000000a0
Event: 20.688 Thread 0x0000028fd3c9d800 Uncommon trap: reason=unstable_if action=reinterpret pc=0x0000028fe37e0e40 method=com.google.gson.stream.JsonReader.peek()Lcom/google/gson/stream/JsonToken; @ 15 c2
Event: 20.688 Thread 0x0000028fd3c9d800 DEOPT PACKING pc=0x0000028fe37e0e40 sp=0x000000c315ffdec0
Event: 20.688 Thread 0x0000028fd3c9d800 DEOPT UNPACKING pc=0x0000028fdb7b23a3 sp=0x000000c315ffde58 mode 2
Event: 20.688 Thread 0x0000028fd3c9d800 Uncommon trap: trap_request=0xffffff45 fr.pc=0x0000028fe380b334 relative=0x00000000000079b4
Event: 20.688 Thread 0x0000028fd3c9d800 Uncommon trap: reason=unstable_if action=reinterpret pc=0x0000028fe380b334 method=com.google.gson.stream.JsonReader.peek()Lcom/google/gson/stream/JsonToken; @ 6 c2
Event: 20.688 Thread 0x0000028fd3c9d800 DEOPT PACKING pc=0x0000028fe380b334 sp=0x000000c315ffdd90
Event: 20.688 Thread 0x0000028fd3c9d800 DEOPT UNPACKING pc=0x0000028fdb7b23a3 sp=0x000000c315ffdd68 mode 2
Event: 20.729 Thread 0x0000028fd3c9d800 Uncommon trap: trap_request=0xffffff45 fr.pc=0x0000028fe34763a8 relative=0x00000000000002e8
Event: 20.729 Thread 0x0000028fd3c9d800 Uncommon trap: reason=unstable_if action=reinterpret pc=0x0000028fe34763a8 method=cpw.mods.jarhandling.impl.Jar.findFile(Ljava/lang/String;)Ljava/util/Optional; @ 23 c2
Event: 20.729 Thread 0x0000028fd3c9d800 DEOPT PACKING pc=0x0000028fe34763a8 sp=0x000000c315ffae00
Event: 20.729 Thread 0x0000028fd3c9d800 DEOPT UNPACKING pc=0x0000028fdb7b23a3 sp=0x000000c315ffadc8 mode 2
Event: 20.729 Thread 0x0000028fd3c9d800 Uncommon trap: trap_request=0xffffff45 fr.pc=0x0000028fe3510760 relative=0x0000000000003200
Event: 20.729 Thread 0x0000028fd3c9d800 Uncommon trap: reason=unstable_if action=reinterpret pc=0x0000028fe3510760 method=cpw.mods.niofs.union.UnionFileSystem.getPath(Ljava/lang/String;[Ljava/lang/String;)Ljava/nio/file/Path; @ 2 c2
Event: 20.729 Thread 0x0000028fd3c9d800 DEOPT PACKING pc=0x0000028fe3510760 sp=0x000000c315fface0
Event: 20.729 Thread 0x0000028fd3c9d800 DEOPT UNPACKING pc=0x0000028fdb7b23a3 sp=0x000000c315ffad48 mode 2

Classes unloaded (0 events):
No events

Classes redefined (0 events):
No events

Internal exceptions (20 events):
Event: 19.830 Thread 0x0000028fd3c9d800 Exception <a 'sun/nio/fs/WindowsException'{0x0000000731fa7938}> (0x0000000731fa7938) 
thrown [s\src\hotspot\share\prims\jni.cpp, line 516]
Event: 19.830 Thread 0x0000028fd3c9d800 Exception <a 'sun/nio/fs/WindowsException'{0x0000000731fa9118}> (0x0000000731fa9118) 
thrown [s\src\hotspot\share\prims\jni.cpp, line 516]
Event: 20.063 Thread 0x0000028fd3c9d800 Exception <a 'java/lang/NoSuchMethodError'{0x0000000730ff0a20}: 'int java.lang.invoke.DirectMethodHandle$Holder.invokeStatic(java.lang.Object)'> (0x0000000730ff0a20) 
thrown [s\src\hotspot\share\interpreter\linkResolver.cpp, line 759]
Event: 20.130 Thread 0x0000028fd3c9d800 Exception <a 'java/lang/NoSuchMethodError'{0x0000000730839198}: 'java.lang.Object java.lang.invoke.Invokers$Holder.linkToTargetMethod(java.lang.Object, int, java.lang.Object, java.lang.Object)'> (0x0000000730839198) 
thrown [s\src\hotspot\share\interpreter\linkResolver.cpp, line 759]
Event: 20.148 Thread 0x0000028fd3c9d800 Exception <a 'java/lang/NoSuchMethodError'{0x00000007308eb090}: 'int java.lang.invoke.DirectMethodHandle$Holder.invokeStaticInit(java.lang.Object)'> (0x00000007308eb090) 
thrown [s\src\hotspot\share\interpreter\linkResolver.cpp, line 759]
Event: 20.149 Thread 0x0000028fd3c9d800 Exception <a 'java/lang/NoSuchMethodError'{0x00000007308f2478}: 'int java.lang.invoke.Invokers$Holder.invokeExact_MT(java.lang.Object, java.lang.Object)'> (0x00000007308f2478) 
thrown [s\src\hotspot\share\interpreter\linkResolver.cpp, line 759]
Event: 20.155 Thread 0x0000028fd3c9d800 Exception <a 'sun/nio/fs/WindowsException'{0x00000007309b5000}> (0x00000007309b5000) 
thrown [s\src\hotspot\share\prims\jni.cpp, line 516]
Event: 20.156 Thread 0x0000028fd3c9d800 Exception <a 'sun/nio/fs/WindowsException'{0x00000007309b5360}> (0x00000007309b5360) 
thrown [s\src\hotspot\share\prims\jni.cpp, line 516]
Event: 20.167 Thread 0x0000028fd3c9d800 Exception <a 'java/lang/NoSuchMethodError'{0x00000007306a3048}: 'java.lang.Object java.lang.invoke.DirectMethodHandle$Holder.invokeInterface(java.lang.Object, java.lang.Object, double)'> (0x00000007306a3048) 
thrown [s\src\hotspot\share\interpreter\linkResolver.cpp, line 759]
Event: 20.168 Thread 0x0000028fd3c9d800 Exception <a 'java/lang/NoSuchMethodError'{0x00000007306a9890}: 'double java.lang.invoke.DirectMethodHandle$Holder.invokeInterface(java.lang.Object, java.lang.Object, java.lang.Object)'> (0x00000007306a9890) 
thrown [s\src\hotspot\share\interpreter\linkResolver.cpp, line 759]
Event: 20.403 Thread 0x0000028fd3c9d800 Exception <a 'java/lang/NoSuchMethodError'{0x000000072fdf5310}: 'java.lang.Object java.lang.invoke.DirectMethodHandle$Holder.newInvokeSpecial(java.lang.Object, java.lang.Object, java.lang.Object, java.lang.Object, java.lang.Object, java.lang.Object, java.lang.Object, java.lang.Object, java.lang.Object, java.lang.Object)'> (0x000000072fdf5310) 
thrown [s\src\hotspot\share\interpreter\linkResolver.cpp, line 759]
Event: 20.403 Thread 0x0000028fd3c9d800 Exception <a 'java/lang/NoSuchMethodError'{0x000000072fdf98d8}: 'java.lang.Object java.lang.invoke.Invokers$Holder.linkToTargetMethod(java.lang.Object, java.lang.Object, java.lang.Object, java.lang.Object, java.lang.Object, java.lang.Object, java.lang.Object, java.lang.Object, java.lang.Object, java.lang.Object)'> (0x000000072fdf98d8) 
thrown [s\src\hotspot\share\interpreter\linkResolver.cpp, line 759]
Event: 20.530 Thread 0x0000028fd3c9d800 Exception <a 'java/lang/NoSuchMethodError'{0x000000072f748d60}: 'java.lang.Object java.lang.invoke.Invokers$Holder.linkToTargetMethod(java.lang.Object, java.lang.Object, java.lang.Object, java.lang.Object, java.lang.Object, java.lang.Object, java.lang.Object, java.lang.Object, java.lang.Object)'> (0x000000072f748d60) 
thrown [s\src\hotspot\share\interpreter\linkResolver.cpp, line 759]
Event: 20.637 Thread 0x0000028fd3c9d800 Exception <a 'java/lang/NoSuchMethodError'{0x000000072f0095b8}: 'java.lang.Object java.lang.invoke.DirectMethodHandle$Holder.invokeSpecial(java.lang.Object, java.lang.Object, java.lang.Object, java.lang.Object, java.lang.Object, int, java.lang.Object)'> (0x000000072f0095b8) 
thrown [s\src\hotspot\share\interpreter\linkResolver.cpp, line 759]
Event: 20.637 Thread 0x0000028fd3c9d800 Exception <a 'java/lang/NoSuchMethodError'{0x000000072f011c40}: 'java.lang.Object java.lang.invoke.DirectMethodHandle$Holder.invokeSpecial(java.lang.Object, java.lang.Object, java.lang.Object, java.lang.Object, java.lang.Object, java.lang.Object, int)'> (0x000000072f011c40) 
thrown [s\src\hotspot\share\interpreter\linkResolver.cpp, line 759]
Event: 20.638 Thread 0x0000028fd3c9d800 Exception <a 'java/lang/NoSuchMethodError'{0x000000072f015520}: 'java.lang.Object java.lang.invoke.Invokers$Holder.linkToTargetMethod(java.lang.Object, java.lang.Object, java.lang.Object, java.lang.Object, int, java.lang.Object)'> (0x000000072f015520) 
thrown [s\src\hotspot\share\interpreter\linkResolver.cpp, line 759]
Event: 20.756 Thread 0x0000028fd3c9d800 Exception <a 'java/lang/NoSuchMethodError'{0x000000072eda2dc8}: 'long java.lang.invoke.DirectMethodHandle$Holder.invokeInterface(java.lang.Object, java.lang.Object)'> (0x000000072eda2dc8) 
thrown [s\src\hotspot\share\interpreter\linkResolver.cpp, line 759]
Event: 20.761 Thread 0x0000028fd3c9d800 Exception <a 'java/lang/NoSuchMethodError'{0x000000072ea11820}: 'java.lang.Object java.lang.invoke.DirectMethodHandle$Holder.newInvokeSpecial(java.lang.Object, long)'> (0x000000072ea11820) 
thrown [s\src\hotspot\share\interpreter\linkResolver.cpp, line 759]
Event: 20.789 Thread 0x0000028fd3c9d800 Exception <a 'java/lang/NoSuchMethodError'{0x000000072eacaf98}: 'void java.lang.invoke.DirectMethodHandle$Holder.invokeSpecial(java.lang.Object, java.lang.Object, int, long)'> (0x000000072eacaf98) 
thrown [s\src\hotspot\share\interpreter\linkResolver.cpp, line 759]
Event: 20.790 Thread 0x0000028fd3c9d800 Exception <a 'java/lang/NoSuchMethodError'{0x000000072ead0f10}: 'void java.lang.invoke.DirectMethodHandle$Holder.invokeStatic(java.lang.Object, int, long)'> (0x000000072ead0f10) 
thrown [s\src\hotspot\share\interpreter\linkResolver.cpp, line 759]

VM Operations (20 events):
Event: 17.990 Executing VM operation: G1CollectForAllocation
Event: 18.006 Executing VM operation: G1CollectForAllocation done
Event: 18.024 Executing VM operation: HandshakeAllThreads
Event: 18.024 Executing VM operation: HandshakeAllThreads done
Event: 18.069 Executing VM operation: HandshakeAllThreads
Event: 18.069 Executing VM operation: HandshakeAllThreads done
Event: 18.097 Executing VM operation: HandshakeAllThreads
Event: 18.098 Executing VM operation: HandshakeAllThreads done
Event: 18.199 Executing VM operation: HandshakeAllThreads
Event: 18.199 Executing VM operation: HandshakeAllThreads done
Event: 18.330 Executing VM operation: ICBufferFull
Event: 18.330 Executing VM operation: ICBufferFull done
Event: 19.243 Executing VM operation: G1CollectForAllocation
Event: 19.251 Executing VM operation: G1CollectForAllocation done
Event: 20.251 Executing VM operation: Cleanup
Event: 20.252 Executing VM operation: Cleanup done
Event: 20.635 Executing VM operation: HandshakeAllThreads
Event: 20.635 Executing VM operation: HandshakeAllThreads done
Event: 20.844 Executing VM operation: HandshakeAllThreads
Event: 20.844 Executing VM operation: HandshakeAllThreads done

Events (20 events):
Event: 19.635 loading class java/nio/DirectDoubleBufferU done
Event: 19.662 loading class java/nio/InvalidMarkException
Event: 19.663 loading class java/nio/InvalidMarkException done
Event: 19.663 loading class java/nio/BufferUnderflowException
Event: 19.663 loading class java/nio/BufferUnderflowException done
Event: 19.834 loading class java/util/function/IntSupplier
Event: 19.834 loading class java/util/function/IntSupplier done
Event: 19.923 loading class java/io/CharArrayWriter
Event: 19.923 loading class java/io/CharArrayWriter done
Event: 20.148 loading class java/lang/invoke/DirectMethodHandle$StaticAccessor
Event: 20.149 loading class java/lang/invoke/DirectMethodHandle$StaticAccessor done
Event: 20.162 loading class java/util/function/DoubleFunction
Event: 20.162 loading class java/util/function/DoubleFunction done
Event: 20.595 Thread 0x0000028ff9f663b0 Thread exited: 0x0000028ff9f663b0
Event: 20.699 loading class java/util/EnumMap$Values
Event: 20.699 loading class java/util/EnumMap$Values done
Event: 20.699 loading class java/util/EnumMap$ValueIterator
Event: 20.699 loading class java/util/EnumMap$ValueIterator done
Event: 20.850 Thread 0x0000028ff59c8d50 flushing nmethod 0x0000028fdbe29c10
Event: 20.851 Thread 0x0000028ff59c8d50 flushing nmethod 0x0000028fdbeba890


Dynamic libraries:
0x00007ff7a9390000 - 0x00007ff7a939e000 	C:\Users\yangj\Desktop\MCreator20231\jdk\bin\java.exe
0x00007ffff5290000 - 0x00007ffff54a4000 	C:\WINDOWS\SYSTEM32\ntdll.dll
0x00007ffff48a0000 - 0x00007ffff4963000 	C:\WINDOWS\System32\KERNEL32.DLL
0x00007ffff2730000 - 0x00007ffff2ad3000 	C:\WINDOWS\System32\KERNELBASE.dll
0x00007ffff2f70000 - 0x00007ffff3081000 	C:\WINDOWS\System32\ucrtbase.dll
0x00007fffedb60000 - 0x00007fffedb79000 	C:\Users\yangj\Desktop\MCreator20231\jdk\bin\VCRUNTIME140.dll
0x00007fffedab0000 - 0x00007fffedac7000 	C:\Users\yangj\Desktop\MCreator20231\jdk\bin\jli.dll
0x00007ffff4560000 - 0x00007ffff470d000 	C:\WINDOWS\System32\USER32.dll
0x00007fffd2a20000 - 0x00007fffd2cae000 	C:\WINDOWS\WinSxS\amd64_microsoft.windows.common-controls_6595b64144ccf1df_6.0.22621.1465_none_271271ab738361f1\COMCTL32.dll
0x00007ffff2dd0000 - 0x00007ffff2df6000 	C:\WINDOWS\System32\win32u.dll
0x00007ffff4990000 - 0x00007ffff4a37000 	C:\WINDOWS\System32\msvcrt.dll
0x00007ffff3c40000 - 0x00007ffff3c69000 	C:\WINDOWS\System32\GDI32.dll
0x00007ffff2ba0000 - 0x00007ffff2cb3000 	C:\WINDOWS\System32\gdi32full.dll
0x00007ffff2d30000 - 0x00007ffff2dca000 	C:\WINDOWS\System32\msvcp_win.dll
0x00007ffff4a40000 - 0x00007ffff4a71000 	C:\WINDOWS\System32\IMM32.DLL
0x00007fffef9d0000 - 0x00007fffef9dc000 	C:\Users\yangj\Desktop\MCreator20231\jdk\bin\vcruntime140_1.dll
0x00007fffda7a0000 - 0x00007fffda831000 	C:\Users\yangj\Desktop\MCreator20231\jdk\bin\msvcp140.dll
0x00007fffb2160000 - 0x00007fffb2da4000 	C:\Users\yangj\Desktop\MCreator20231\jdk\bin\server\jvm.dll
0x00007ffff3090000 - 0x00007ffff313e000 	C:\WINDOWS\System32\ADVAPI32.dll
0x00007ffff34d0000 - 0x00007ffff3574000 	C:\WINDOWS\System32\sechost.dll
0x00007ffff4710000 - 0x00007ffff4825000 	C:\WINDOWS\System32\RPCRT4.dll
0x00007fffe9690000 - 0x00007fffe969a000 	C:\WINDOWS\SYSTEM32\VERSION.dll
0x00007fffe9800000 - 0x00007fffe9834000 	C:\WINDOWS\SYSTEM32\WINMM.dll
0x00007fffedd30000 - 0x00007fffedd39000 	C:\WINDOWS\SYSTEM32\WSOCK32.dll
0x00007ffff3580000 - 0x00007ffff35f1000 	C:\WINDOWS\System32\WS2_32.dll
0x00007ffff16a0000 - 0x00007ffff16b8000 	C:\WINDOWS\SYSTEM32\kernel.appcore.dll
0x00007fffedaa0000 - 0x00007fffedaaa000 	C:\Users\yangj\Desktop\MCreator20231\jdk\bin\jimage.dll
0x00007fffe9cb0000 - 0x00007fffe9ede000 	C:\WINDOWS\SYSTEM32\DBGHELP.DLL
0x00007ffff3140000 - 0x00007ffff34c9000 	C:\WINDOWS\System32\combase.dll
0x00007ffff5050000 - 0x00007ffff5127000 	C:\WINDOWS\System32\OLEAUT32.dll
0x00007fffe0100000 - 0x00007fffe0132000 	C:\WINDOWS\SYSTEM32\dbgcore.DLL
0x00007ffff26b0000 - 0x00007ffff272b000 	C:\WINDOWS\System32\bcryptPrimitives.dll
0x00007fffe0d10000 - 0x00007fffe0d35000 	C:\Users\yangj\Desktop\MCreator20231\jdk\bin\java.dll
0x00007fffd8770000 - 0x00007fffd8846000 	C:\Users\yangj\Desktop\MCreator20231\jdk\bin\jsvml.dll
0x00007ffff3c70000 - 0x00007ffff4469000 	C:\WINDOWS\System32\SHELL32.dll
0x00007ffff0650000 - 0x00007ffff0f1e000 	C:\WINDOWS\SYSTEM32\windows.storage.dll
0x00007ffff0510000 - 0x00007ffff064e000 	C:\WINDOWS\SYSTEM32\wintypes.dll
0x00007ffff5130000 - 0x00007ffff5221000 	C:\WINDOWS\System32\SHCORE.dll
0x00007ffff4ff0000 - 0x00007ffff504e000 	C:\WINDOWS\System32\shlwapi.dll
0x00007ffff25e0000 - 0x00007ffff2601000 	C:\WINDOWS\SYSTEM32\profapi.dll
0x00007fffe7610000 - 0x00007fffe7629000 	C:\Users\yangj\Desktop\MCreator20231\jdk\bin\net.dll
0x00007fffeb390000 - 0x00007fffeb4bf000 	C:\WINDOWS\SYSTEM32\WINHTTP.dll
0x00007ffff1b00000 - 0x00007ffff1b69000 	C:\WINDOWS\system32\mswsock.dll
0x00007fffdf540000 - 0x00007fffdf555000 	C:\Users\yangj\Desktop\MCreator20231\jdk\bin\nio.dll
0x00007fffdf520000 - 0x00007fffdf538000 	C:\Users\yangj\Desktop\MCreator20231\jdk\bin\zip.dll
0x00007fffe36c0000 - 0x00007fffe36d0000 	C:\Users\yangj\Desktop\MCreator20231\jdk\bin\verify.dll
0x00007fffeda90000 - 0x00007fffeda99000 	C:\Users\yangj\Desktop\MCreator20231\jdk\bin\management.dll
0x00007fffe8500000 - 0x00007fffe850b000 	C:\Users\yangj\Desktop\MCreator20231\jdk\bin\management_ext.dll
0x00007ffff4470000 - 0x00007ffff4478000 	C:\WINDOWS\System32\PSAPI.DLL
0x00007fffa2930000 - 0x00007fffa2947000 	C:\WINDOWS\system32\napinsp.dll
0x00007fffa2910000 - 0x00007fffa292b000 	C:\WINDOWS\system32\pnrpnsp.dll
0x00007ffff11a0000 - 0x00007ffff1293000 	C:\WINDOWS\SYSTEM32\DNSAPI.dll
0x00007ffff1170000 - 0x00007ffff119d000 	C:\WINDOWS\SYSTEM32\IPHLPAPI.DLL
0x00007ffff3c30000 - 0x00007ffff3c39000 	C:\WINDOWS\System32\NSI.dll
0x00007fffa28f0000 - 0x00007fffa2901000 	C:\WINDOWS\System32\winrnr.dll
0x00007fffeb7d0000 - 0x00007fffeb7e5000 	C:\WINDOWS\system32\wshbth.dll
0x00007fffc6ed0000 - 0x00007fffc6ef1000 	C:\WINDOWS\system32\nlansp_c.dll
0x00007fffe8370000 - 0x00007fffe837a000 	C:\Windows\System32\rasadhlp.dll
0x00007fffe9540000 - 0x00007fffe95c3000 	C:\WINDOWS\System32\fwpuclnt.dll
0x00007ffff1e20000 - 0x00007ffff1e3b000 	C:\WINDOWS\SYSTEM32\CRYPTSP.dll
0x00007ffff1610000 - 0x00007ffff1645000 	C:\WINDOWS\system32\rsaenh.dll
0x00007ffff1ba0000 - 0x00007ffff1bc8000 	C:\WINDOWS\SYSTEM32\USERENV.dll
0x00007ffff1f90000 - 0x00007ffff1fb8000 	C:\WINDOWS\SYSTEM32\bcrypt.dll
0x00007ffff1e00000 - 0x00007ffff1e0c000 	C:\WINDOWS\SYSTEM32\CRYPTBASE.dll
0x00007fffeaa00000 - 0x00007fffeaa19000 	C:\WINDOWS\SYSTEM32\dhcpcsvc6.DLL
0x00007fffea9e0000 - 0x00007fffea9ff000 	C:\WINDOWS\SYSTEM32\dhcpcsvc.DLL
0x00007fffd88b0000 - 0x00007fffd88f5000 	C:\Users\yangj\AppData\Local\Temp\jna-114744777\jna14880989835919699423.dll
0x00007ffff3600000 - 0x00007ffff379c000 	C:\WINDOWS\System32\Ole32.dll
0x00007ffff4dc0000 - 0x00007ffff4e70000 	C:\WINDOWS\System32\clbcatq.dll
0x00007fffcc340000 - 0x00007fffcc35d000 	C:\WINDOWS\SYSTEM32\amsi.dll
0x00007fffc77a0000 - 0x00007fffc781b000 	C:\ProgramData\Microsoft\Windows Defender\Platform\4.18.2301.6-0\MpOav.dll
0x00007fffae940000 - 0x00007fffae990000 	C:\WINDOWS\SYSTEM32\Pdh.dll
0x00007fffdf100000 - 0x00007fffdf110000 	C:\WINDOWS\System32\perfos.dll
0x00007fffefc50000 - 0x00007fffefc60000 	C:\WINDOWS\SYSTEM32\pfclient.dll
0x00007fffd86f0000 - 0x00007fffd8765000 	C:\Users\yangj\AppData\Local\Temp\lwjglyangj\3.3.1-build-7\lwjgl.dll
0x00007fffc5310000 - 0x00007fffc5569000 	C:\Users\yangj\AppData\Local\Temp\lwjglyangj\3.3.1-build-7\jemalloc.dll
0x00007fffd8620000 - 0x00007fffd8681000 	C:\Users\yangj\AppData\Local\Temp\lwjglyangj\3.3.1-build-7\glfw.dll
0x00007fffd8860000 - 0x00007fffd88a6000 	C:\WINDOWS\SYSTEM32\dinput8.dll
0x00007fffdd330000 - 0x00007fffdd341000 	C:\WINDOWS\SYSTEM32\xinput1_4.dll
0x00007ffff22e0000 - 0x00007ffff232e000 	C:\WINDOWS\SYSTEM32\cfgmgr32.dll
0x00007ffff2280000 - 0x00007ffff22ac000 	C:\WINDOWS\SYSTEM32\DEVOBJ.dll
0x00007fffdd470000 - 0x00007fffdd671000 	C:\WINDOWS\SYSTEM32\inputhost.dll
0x00007fffef840000 - 0x00007fffef973000 	C:\WINDOWS\SYSTEM32\CoreMessaging.dll
0x00007fffefeb0000 - 0x00007fffefedb000 	C:\WINDOWS\SYSTEM32\dwmapi.dll
0x00007fffefc60000 - 0x00007fffefd0b000 	C:\WINDOWS\system32\uxtheme.dll
0x00007ffff4e70000 - 0x00007ffff4f8e000 	C:\WINDOWS\System32\MSCTF.dll
0x00007fffab230000 - 0x00007fffab330000 	C:\WINDOWS\SYSTEM32\opengl32.dll
0x00007fffd29f0000 - 0x00007fffd2a1d000 	C:\WINDOWS\SYSTEM32\GLU32.dll
0x00007fffefd60000 - 0x00007fffefd96000 	C:\WINDOWS\SYSTEM32\dxcore.dll
0x00007fffed040000 - 0x00007fffed089000 	C:\WINDOWS\SYSTEM32\directxdatabasehelper.dll
0x00007fffdf1b0000 - 0x00007fffdf1dd000 	C:\WINDOWS\System32\DriverStore\FileRepository\u0387948.inf_amd64_849b4630364e9ceb\B387945\atig6pxx.dll
0x00007fff9b950000 - 0x00007fff9f585000 	C:\WINDOWS\System32\DriverStore\FileRepository\u0387948.inf_amd64_849b4630364e9ceb\B387945\atio6axx.dll
0x00007ffff37b0000 - 0x00007ffff3c24000 	C:\WINDOWS\System32\SETUPAPI.dll
0x00007ffff2cc0000 - 0x00007ffff2d2b000 	C:\WINDOWS\System32\WINTRUST.dll
0x00007ffff2e00000 - 0x00007ffff2f66000 	C:\WINDOWS\System32\CRYPT32.dll
0x00007ffff1e70000 - 0x00007ffff1e82000 	C:\WINDOWS\SYSTEM32\MSASN1.dll

dbghelp: loaded successfully - version: 4.0.5 - missing functions: none
symbol engine: initialized successfully - sym options: 0x614 - pdb path: .;C:\Users\yangj\Desktop\MCreator20231\jdk\bin;C:\WINDOWS\SYSTEM32;C:\WINDOWS\WinSxS\amd64_microsoft.windows.common-controls_6595b64144ccf1df_6.0.22621.1465_none_271271ab738361f1;C:\Users\yangj\Desktop\MCreator20231\jdk\bin\server;C:\Users\yangj\AppData\Local\Temp\jna-114744777;C:\ProgramData\Microsoft\Windows Defender\Platform\4.18.2301.6-0;C:\Users\yangj\AppData\Local\Temp\lwjglyangj\3.3.1-build-7;C:\WINDOWS\System32\DriverStore\FileRepository\u0387948.inf_amd64_849b4630364e9ceb\B387945

VM Arguments:
jvm_args: -Dforge.enableGameTest=true -Dforge.logging.console.level=debug -Dforge.logging.markers=REGISTRIES -DignoreList=bootstraplauncher,securejarhandler,asm-commons,asm-util,asm-analysis,asm-tree,asm,JarJarFileSystems,client-extra,fmlcore,javafmllanguage,lowcodelanguage,mclanguage,forge- -Djava.net.preferIPv6Addresses=system -DlegacyClassPath.file=C:\Users\yangj\MCreatorWorkspaces\mixed_ore\build\classpath\runClient_minecraftClasspath.txt -DmergeModules=jna-5.10.0.jar,jna-platform-5.10.0.jar -Dos.version=10.0 --module-path=C:\Users\yangj\.mcreator\gradle\caches\modules-2\files-2.1\cpw.mods\bootstraplauncher\1.1.2\c546e00443d8432cda6baa1c860346980742628\bootstraplauncher-1.1.2.jar;C:\Users\yangj\.mcreator\gradle\caches\modules-2\files-2.1\cpw.mods\securejarhandler\2.1.4\f47e3b9dd860a7b82154b8f90a650ffd0aaa5582\securejarhandler-2.1.4.jar;C:\Users\yangj\.mcreator\gradle\caches\modules-2\files-2.1\org.ow2.asm\asm-commons\9.3\1f2a432d1212f5c352ae607d7b61dcae20c20af5\asm-commons-9.3.jar;C:\Users\yangj\.mcreator\gradle\caches\modules-2\files-2.1\org.ow2.asm\asm-util\9.3\9595bc05510d0bd4b610188b77333fe4851a1975\asm-util-9.3.jar;C:\Users\yangj\.mcreator\gradle\caches\modules-2\files-2.1\org.ow2.asm\asm-analysis\9.3\4b071f211b37c38e0e9f5998550197c8593f6ad8\asm-analysis-9.3.jar;C:\Users\yangj\.mcreator\gradle\caches\modules-2\files-2.1\org.ow2.asm\asm-tree\9.3\78d2ecd61318b5a58cd04fb237636c0e86b77d97\asm-tree-9.3.jar;C:\Users\yangj\.mcreator\gradle\caches\modules-2\files-2.1\org.ow2.asm\asm\9.3\8e6300ef51c1d801a7ed62d07cd221aca3a90640\asm-9.3.jar;C:\Users\yangj\.mcreator\gradle\caches\modules-2\files-2.1\net.minecraftforge\JarJarFileSystems\0.3.16\e52afbb2599dc7c6f779efea0496d32fc01152e3\JarJarFileSystems-0.3.16.jar --add-modules=ALL-MODULE-PATH --add-opens=java.base/java.util.jar=cpw.mods.securejarhandler --add-opens=java.base/java.lang.invoke=cpw.mods.securejarhandler --add-exports=java.base/sun.security.util=cpw.mods.securejarhandler --add-exports=jdk.naming.dns/com.sun.jndi.dns=java.naming -XX:HeapDumpPath=MojangTricksIntelDriversForPerformance_javaw.exe_minecraft.exe.heapdump -Dos.name=Windows 10 -Dfile.encoding=UTF-8 -Duser.country=CN -Duser.language=zh -Duser.variant 
java_command: cpw.mods.bootstraplauncher.BootstrapLauncher --launchTarget forgeclientuserdev --version MOD_DEV --assetIndex 1.19 --assetsDir C:\Users\yangj\.mcreator\gradle\caches\forge_gradle\assets --gameDir . --fml.forgeVersion 43.2.0 --fml.mcVersion 1.19.2 --fml.forgeGroup net.minecraftforge --fml.mcpVersion 20220805.130853
java_class_path (initial): C:\Users\yangj\MCreatorWorkspaces\mixed_ore\build\classes\java\main;C:\Users\yangj\MCreatorWorkspaces\mixed_ore\build\resources\main;C:\Users\yangj\MCreatorWorkspaces\mixed_ore\build\fg_cache\net\minecraftforge\forge\1.19.2-43.2.0_mapped_official_1.19.2\forge-1.19.2-43.2.0_mapped_official_1.19.2.jar;C:\Users\yangj\.mcreator\gradle\caches\forge_gradle\minecraft_repo\versions\1.19.2\client-extra.jar;C:\Users\yangj\.mcreator\gradle\caches\modules-2\files-2.1\net.minecraftforge\javafmllanguage\1.19.2-43.2.0\5713dfd49576886a7ffc353f14f067ad42369592\javafmllanguage-1.19.2-43.2.0.jar;C:\Users\yangj\.mcreator\gradle\caches\modules-2\files-2.1\net.minecraftforge\lowcodelanguage\1.19.2-43.2.0\51c88985dd125457fb8b6c2c58a4f3b9349a6b57\lowcodelanguage-1.19.2-43.2.0.jar;C:\Users\yangj\.mcreator\gradle\caches\modules-2\files-2.1\net.minecraftforge\mclanguage\1.19.2-43.2.0\f4fa83ef8129c7f7cc5847fbafb07f7ae86c1bb\mclanguage-1.19.2-43.2.0.jar;C:\Users\yangj\.mcreator\gradle\caches\modules-2\files-2.1\net.minecraftforge\fmlcore\1.19.2-43.2.0\d4dcb5b809b7f035ac22b058941cf81f84451545\fmlcore-1.19.2-43.2.0.jar;C:\Users\yangj\.mcreator\gradle\caches\modules-2\files-2.1\net.minecraftforge\fmlloader\1.19.2-43.2.0\3e6e8b7b5e1dbc6ee01a20f74675f223b64c7847\fmlloader-1.19.2-43.2.0.jar;C:\Users\yangj\.mcreator\gradle\caches\modules-2\files-2.1\net.minecraftforge\JarJarSelector\0.3.16\2a31421fb5e267249da103a644f23afb43d158af\JarJarSelector-0.3.16.jar;C:\Users\yangj\.mcreator\gradle\caches\modules-2\files-2.1\net.minecraftforge\JarJarMetadata\0.3.16\f62c8c898dffc8666f5097a8587ed72095e8e83a\JarJarMetadata-0.3.16.jar;C:\Users\yangj\.mcreator\gradle\caches\modules-2\files-2.1\com.google.guava\guava\31.0.1-jre\119ea2b2bc205b138974d351777b20f02b92704b\guava-31.0.1-jre.jar;C:\Users\yangj\.mcreator\gradle\caches\modules-2\files-2.1\com.google.code.findbugs\jsr305\3.0.2\25ea2e8b0c338a877313bd4672d3fe056ea78f0d\jsr305-3.0.2.jar;C:\Users\yangj\.mcreator\gradle\caches\modules-2\f
Launcher Type: SUN_STANDARD

[Global flags]
     intx CICompilerCount                          = 4                                         {product} {ergonomic}
     uint ConcGCThreads                            = 2                                         {product} {ergonomic}
     uint G1ConcRefinementThreads                  = 8                                         {product} {ergonomic}
   size_t G1HeapRegionSize                         = 2097152                                   {product} {ergonomic}
    uintx GCDrainStackTargetSize                   = 64                                        {product} {ergonomic}
    ccstr HeapDumpPath                             = MojangTricksIntelDriversForPerformance_javaw.exe_minecraft.exe.heapdump         {manageable} {command line}
   size_t InitialHeapSize                          = 234881024                                 {product} {ergonomic}
   size_t MarkStackSize                            = 4194304                                   {product} {ergonomic}
   size_t MaxHeapSize                              = 3747610624                                {product} {ergonomic}
   size_t MaxNewSize                               = 2248146944                                {product} {ergonomic}
   size_t MinHeapDeltaBytes                        = 2097152                                   {product} {ergonomic}
   size_t MinHeapSize                              = 8388608                                   {product} {ergonomic}
    uintx NonNMethodCodeHeapSize                   = 5839372                                {pd product} {ergonomic}
    uintx NonProfiledCodeHeapSize                  = 122909434                              {pd product} {ergonomic}
    uintx ProfiledCodeHeapSize                     = 122909434                              {pd product} {ergonomic}
    uintx ReservedCodeCacheSize                    = 251658240                              {pd product} {ergonomic}
     bool SegmentedCodeCache                       = true                                      {product} {ergonomic}
   size_t SoftMaxHeapSize                          = 3747610624                             {manageable} {ergonomic}
     bool UseCompressedClassPointers               = true                           {product lp64_product} {ergonomic}
     bool UseCompressedOops                        = true                           {product lp64_product} {ergonomic}
     bool UseG1GC                                  = true                                      {product} {ergonomic}
     bool UseLargePagesIndividualAllocation        = false                                  {pd product} {ergonomic}

Logging:
Log output configuration:
 #0: stdout all=warning uptime,level,tags
 #1: stderr all=off uptime,level,tags

Environment Variables:
JAVA_HOME=C:\Users\yangj\Desktop\MCreator20231\jdk
PATH=C:\Program Files\Common Files\Oracle\Java\javapath;C:\Program Files (x86)\Common Files\Oracle\Java\javapath;C:\WINDOWS\system32;C:\WINDOWS;C:\WINDOWS\System32\Wbem;C:\WINDOWS\System32\WindowsPowerShell\v1.0\;C:\WINDOWS\System32\OpenSSH\;C:\Program Files\Bandizip\;C:\Program Files\Common Files\Oracle\Java\javapath;C:\Program Files (x86)\Common Files\Oracle\Java\javapath;C:\WINDOWS\system32;C:\WINDOWS;C:\WINDOWS\System32\Wbem;C:\WINDOWS\System32\WindowsPowerShell\v1.0\;C:\WINDOWS\System32\OpenSSH\;C:\Program Files\Bandizip\;C:\Users\yangj\AppData\Local\Microsoft\WindowsApps;C:\Users\yangj\Desktop\z\;C:\Users\yangj\Desktop\z\jdk\bin\;C:\Users\yangj\Desktop\z\jdk\jre\bin\;C:\Users\yangj\Desktop\z\;C:\Users\yangj\Desktop\z\jdk\bin\;C:\Users\yangj\Desktop\z\jdk\jre\bin\;C:\Users\yangj\Desktop\z\;C:\Users\yangj\Desktop\z\jdk\bin\;C:\Users\yangj\Desktop\z\jdk\jre\bin\;C:\Users\yangj\Desktop\z\;C:\Users\yangj\Desktop\z\jdk\bin\;C:\Users\yangj\Desktop\z\jdk\jre\bin\;C:\Users\yangj\Desktop\z\;C:\Users\yangj\Desktop\z\;C:\Users\yangj\Desktop\z\;C:\Users\yangj\Desktop\z\jdk\bin\;C:\Users\yangj\Desktop\z\jdk\jre\bin\;;C:\Users\yangj\Desktop\z\;C:\Users\yangj\Desktop\z\jdk\bin\;C:\Users\yangj\Desktop\z\jdk\jre\bin\;;C:\Users\yangj\AppData\Local\Programs\Microsoft VS Code\bin;C:\Users\yangj\Desktop\MCreator20231\jdk\bin
USERNAME=yangj
OS=Windows_NT
PROCESSOR_IDENTIFIER=AMD64 Family 23 Model 24 Stepping 1, AuthenticAMD
TMP=C:\Users\yangj\AppData\Local\Temp
TEMP=C:\Users\yangj\AppData\Local\Temp



---------------  S Y S T E M  ---------------

OS:
 Windows 11 , 64 bit Build 22621 (10.0.22621.1325)
OS uptime: 0 days 7:51 hours
Hyper-V role detected

CPU: total 8 (initial active 8) (8 cores per cpu, 2 threads per core) family 23 model 24 stepping 1 microcode 0x0, cx8, cmov, fxsr, ht, mmx, 3dnowpref, sse, sse2, sse3, ssse3, sse4a, sse4.1, sse4.2, popcnt, lzcnt, tsc, tscinvbit, avx, avx2, aes, clmul, bmi1, bmi2, adx, sha, fma, vzeroupper, clflush, clflushopt, hv

Memory: 4k page, system-wide physical 14293M (6552M free)
TotalPageFile size 18239M (AvailPageFile size 8191M)
current process WorkingSet (physical memory assigned to process): 554M, peak: 567M
current process commit charge ("private bytes"): 627M, peak: 645M

vm_info: OpenJDK 64-Bit Server VM (17.0.5+8) for windows-amd64 JRE (17.0.5+8), built on Oct 19 2022 04:48:13 by "temurin" with MS VC++ 16.7 (VS2019)

END.
