#
# A fatal error has been detected by the Java Runtime Environment:
#
#  EXCEPTION_ACCESS_VIOLATION (0xc0000005) at pc=0x00007ffdd5882b60, pid=22216, tid=16744
#
# JRE version: Java(TM) SE Runtime Environment (17.0.6+9) (build 17.0.6+9-LTS-190)
# Java VM: Java HotSpot(TM) 64-Bit Server VM (17.0.6+9-LTS-190, mixed mode, sharing, tiered, compressed oops, compressed class ptrs, g1 gc, windows-amd64)
# Problematic frame:
# C  [atio6axx.dll+0x192b60]
#
# No core dump will be written. Minidumps are not enabled by default on client versions of Windows
#
# If you would like to submit a bug report, please visit:
#   https://bugreport.java.com/bugreport/crash.jsp
# The crash happened outside the Java Virtual Machine in native code.
# See problematic frame for where to report the bug.
#

---------------  S U M M A R Y ------------

Command Line: -Dforge.enableGameTest=true -Dforge.logging.console.level=debug -Dforge.logging.markers=REGISTRIES -DignoreList=bootstraplauncher,securejarhandler,asm-commons,asm-util,asm-analysis,asm-tree,asm,JarJarFileSystems,client-extra,fmlcore,javafmllanguage,lowcodelanguage,mclanguage,forge- -Djava.net.preferIPv6Addresses=system -DlegacyClassPath.file=C:\Users\yangj\MCreatorWorkspaces\mixed_ore\build\classpath\runClient_minecraftClasspath.txt -DmergeModules=jna-5.10.0.jar,jna-platform-5.10.0.jar -Dos.version=10.0 --module-path=C:\Users\yangj\.mcreator\gradle\caches\modules-2\files-2.1\cpw.mods\bootstraplauncher\1.1.2\c546e00443d8432cda6baa1c860346980742628\bootstraplauncher-1.1.2.jar;C:\Users\yangj\.mcreator\gradle\caches\modules-2\files-2.1\cpw.mods\securejarhandler\2.1.4\f47e3b9dd860a7b82154b8f90a650ffd0aaa5582\securejarhandler-2.1.4.jar;C:\Users\yangj\.mcreator\gradle\caches\modules-2\files-2.1\org.ow2.asm\asm-commons\9.3\1f2a432d1212f5c352ae607d7b61dcae20c20af5\asm-commons-9.3.jar;C:\Users\yangj\.mcreator\gradle\caches\modules-2\files-2.1\org.ow2.asm\asm-util\9.3\9595bc05510d0bd4b610188b77333fe4851a1975\asm-util-9.3.jar;C:\Users\yangj\.mcreator\gradle\caches\modules-2\files-2.1\org.ow2.asm\asm-analysis\9.3\4b071f211b37c38e0e9f5998550197c8593f6ad8\asm-analysis-9.3.jar;C:\Users\yangj\.mcreator\gradle\caches\modules-2\files-2.1\org.ow2.asm\asm-tree\9.3\78d2ecd61318b5a58cd04fb237636c0e86b77d97\asm-tree-9.3.jar;C:\Users\yangj\.mcreator\gradle\caches\modules-2\files-2.1\org.ow2.asm\asm\9.3\8e6300ef51c1d801a7ed62d07cd221aca3a90640\asm-9.3.jar;C:\Users\yangj\.mcreator\gradle\caches\modules-2\files-2.1\net.minecraftforge\JarJarFileSystems\0.3.16\e52afbb2599dc7c6f779efea0496d32fc01152e3\JarJarFileSystems-0.3.16.jar --add-modules=ALL-MODULE-PATH --add-opens=java.base/java.util.jar=cpw.mods.securejarhandler --add-opens=java.base/java.lang.invoke=cpw.mods.securejarhandler --add-exports=java.base/sun.security.util=cpw.mods.securejarhandler --add-exports=jdk.naming.dns/com.sun.jndi.dns=java.naming -XX:HeapDumpPath=MojangTricksIntelDriversForPerformance_javaw.exe_minecraft.exe.heapdump -Dos.name=Windows 10 -Dfile.encoding=UTF-8 -Duser.country=CN -Duser.language=zh -Duser.variant cpw.mods.bootstraplauncher.BootstrapLauncher --launchTarget forgeclientuserdev --version MOD_DEV --assetIndex 1.19 --assetsDir C:\Users\yangj\.mcreator\gradle\caches\forge_gradle\assets --gameDir . --fml.forgeVersion 43.2.0 --fml.mcVersion 1.19.2 --fml.forgeGroup net.minecraftforge --fml.mcpVersion 20220805.130853

Host: AMD Ryzen 7 3700U with Radeon Vega Mobile Gfx  , 8 cores, 13G,  Windows 11 , 64 bit Build 22621 (10.0.22621.1344)
Time: Thu Mar 16 12:45:24 2023  Windows 11 , 64 bit Build 22621 (10.0.22621.1344) elapsed time: 13.567280 seconds (0d 0h 0m 13s)

---------------  T H R E A D  ---------------

Current thread (0x000002b24dd6e670):  JavaThread "Render thread" [_thread_in_native, id=16744, stack(0x000000b44c700000,0x000000b44c800000)]

Stack: [0x000000b44c700000,0x000000b44c800000],  sp=0x000000b44c7fa908,  free space=1002k
Native frames: (J=compiled Java code, j=interpreted, Vv=VM code, C=native code)
C  [atio6axx.dll+0x192b60]

Java frames: (J=compiled Java code, j=interpreted, Vv=VM code)
j  org.lwjgl.system.JNI.invokePPPP(IIJJJJ)J+0 org.lwjgl@3.3.1+7
j  org.lwjgl.glfw.GLFW.nglfwCreateWindow(IIJJJ)J+14 org.lwjgl.glfw@3.3.1+7
j  org.lwjgl.glfw.GLFW.glfwCreateWindow(IILjava/lang/CharSequence;JJ)J+34 org.lwjgl.glfw@3.3.1+7
j  net.minecraftforge.client.loading.NoVizFallback.lambda$fallback$0(Ljava/util/function/IntSupplier;Ljava/util/function/IntSupplier;Ljava/util/function/Supplier;Ljava/util/function/LongSupplier;)J+28 forge@43.2.0
j  net.minecraftforge.client.loading.NoVizFallback$$Lambda$4381+0x000000080163f5c0.getAsLong()J+16 forge@43.2.0
j  net.minecraftforge.fml.loading.progress.EarlyProgressVisualization$Visualization$$Lambda$4382+0x000000080163d800.apply(Ljava/lang/Object;)Ljava/lang/Object;+4 fmlloader@1.19.2-43.2.0
J 2770 c2 java.util.Optional.map(Ljava/util/function/Function;)Ljava/util/Optional; java.base@17.0.6 (30 bytes) @ 0x000002b25f296c88 [0x000002b25f296c20+0x0000000000000068]
j  net.minecraftforge.fml.loading.progress.EarlyProgressVisualization$Visualization.handOffWindow(Ljava/util/function/IntSupplier;Ljava/util/function/IntSupplier;Ljava/util/function/Supplier;Ljava/util/function/LongSupplier;)J+48 fmlloader@1.19.2-43.2.0
j  net.minecraftforge.fml.loading.progress.EarlyProgressVisualization.handOffWindow(Ljava/util/function/IntSupplier;Ljava/util/function/IntSupplier;Ljava/util/function/Supplier;Ljava/util/function/LongSupplier;)J+9 fmlloader@1.19.2-43.2.0
j  com.mojang.blaze3d.platform.Window.<init>(Lcom/mojang/blaze3d/platform/WindowEventHandler;Lcom/mojang/blaze3d/platform/ScreenManager;Lcom/mojang/blaze3d/platform/DisplayData;Ljava/lang/String;Ljava/lang/String;)V+279 minecraft@1.19.2
j  net.minecraft.client.renderer.VirtualScreen.newWindow(Lcom/mojang/blaze3d/platform/DisplayData;Ljava/lang/String;Ljava/lang/String;)Lcom/mojang/blaze3d/platform/Window;+15 minecraft@1.19.2
j  net.minecraft.client.Minecraft.<init>(Lnet/minecraft/client/main/GameConfig;)V+723 minecraft@1.19.2
j  net.minecraft.client.main.Main.run([Ljava/lang/String;Z)V+1356 minecraft@1.19.2
j  net.minecraft.client.main.Main.main([Ljava/lang/String;)V+12 minecraft@1.19.2
v  ~StubRoutines::call_stub
j  jdk.internal.reflect.NativeMethodAccessorImpl.invoke0(Ljava/lang/reflect/Method;Ljava/lang/Object;[Ljava/lang/Object;)Ljava/lang/Object;+0 java.base@17.0.6
j  jdk.internal.reflect.NativeMethodAccessorImpl.invoke(Ljava/lang/Object;[Ljava/lang/Object;)Ljava/lang/Object;+133 java.base@17.0.6
j  jdk.internal.reflect.DelegatingMethodAccessorImpl.invoke(Ljava/lang/Object;[Ljava/lang/Object;)Ljava/lang/Object;+6 java.base@17.0.6
j  java.lang.reflect.Method.invoke(Ljava/lang/Object;[Ljava/lang/Object;)Ljava/lang/Object;+59 java.base@17.0.6
j  net.minecraftforge.fml.loading.targets.ForgeClientUserdevLaunchHandler.lambda$launchService$0([Ljava/lang/String;Ljava/lang/ModuleLayer;)V+47 fmlloader@1.19.2-43.2.0
j  net.minecraftforge.fml.loading.targets.ForgeClientUserdevLaunchHandler$$Lambda$858+0x0000000800fc1ea8.run()V+12 fmlloader@1.19.2-43.2.0
j  cpw.mods.modlauncher.LaunchServiceHandlerDecorator.launch([Ljava/lang/String;Ljava/lang/ModuleLayer;)V+11 cpw.mods.modlauncher@10.0.8
j  cpw.mods.modlauncher.LaunchServiceHandler.launch(Ljava/lang/String;[Ljava/lang/String;Ljava/lang/ModuleLayer;Lcpw/mods/modlauncher/TransformingClassLoader;Lcpw/mods/modlauncher/LaunchPluginHandler;)V+58 cpw.mods.modlauncher@10.0.8
j  cpw.mods.modlauncher.LaunchServiceHandler.launch(Lcpw/mods/modlauncher/ArgumentHandler;Ljava/lang/ModuleLayer;Lcpw/mods/modlauncher/TransformingClassLoader;Lcpw/mods/modlauncher/LaunchPluginHandler;)V+21 cpw.mods.modlauncher@10.0.8
j  cpw.mods.modlauncher.Launcher.run([Ljava/lang/String;)V+310 cpw.mods.modlauncher@10.0.8
j  cpw.mods.modlauncher.Launcher.main([Ljava/lang/String;)V+78 cpw.mods.modlauncher@10.0.8
j  cpw.mods.modlauncher.BootstrapLaunchConsumer.accept([Ljava/lang/String;)V+1 cpw.mods.modlauncher@10.0.8
j  cpw.mods.modlauncher.BootstrapLaunchConsumer.accept(Ljava/lang/Object;)V+5 cpw.mods.modlauncher@10.0.8
j  cpw.mods.bootstraplauncher.BootstrapLauncher.main([Ljava/lang/String;)V+515 cpw.mods.bootstraplauncher@1.1.2
v  ~StubRoutines::call_stub

siginfo: EXCEPTION_ACCESS_VIOLATION (0xc0000005), reading address 0xffffffffffffffff


Register to memory mapping:

RIP=0x00007ffdd5882b60 atio6axx.dll
RAX=0x0 is NULL
RBX=0x00007ffdd90c33b0 atio6axx.dll
RCX=0x6e6f6d6d6f635c73 is an unknown value
RDX=0x00000000000000d0 is an unknown value
RSP=0x000000b44c7fa908 is pointing into the stack for thread: 0x000002b24dd6e670
RBP=0x000000b44c7faa70 is pointing into the stack for thread: 0x000002b24dd6e670
RSI=0x00007ffdd8fd2d40 atio6axx.dll
RDI=0x000000b44c7fad60 is pointing into the stack for thread: 0x000002b24dd6e670
R8 =0x00000000000001a5 is an unknown value
R9 =0x6e6f6d6d6f635c73 is an unknown value
R10=0x0 is NULL
R11=0x0000000000000200 is an unknown value
R12=0x00007ffdd90c3408 atio6axx.dll
R13=0x00007ffdd90c5c08 atio6axx.dll
R14=0x00007ffdd90c33b0 atio6axx.dll
R15=0x0 is NULL


Registers:
RAX=0x0000000000000000, RBX=0x00007ffdd90c33b0, RCX=0x6e6f6d6d6f635c73, RDX=0x00000000000000d0
RSP=0x000000b44c7fa908, RBP=0x000000b44c7faa70, RSI=0x00007ffdd8fd2d40, RDI=0x000000b44c7fad60
R8 =0x00000000000001a5, R9 =0x6e6f6d6d6f635c73, R10=0x0000000000000000, R11=0x0000000000000200
R12=0x00007ffdd90c3408, R13=0x00007ffdd90c5c08, R14=0x00007ffdd90c33b0, R15=0x0000000000000000
RIP=0x00007ffdd5882b60, EFLAGS=0x0000000000010202

Top of Stack: (sp=0x000000b44c7fa908)
0x000000b44c7fa908:   00007ffdd5882e7c 00007ffdd90c6020
0x000000b44c7fa918:   000002b2771b6d18 0000000000000000
0x000000b44c7fa928:   00007ffdd5883e8d 000000b44c7fad60
0x000000b44c7fa938:   00007ffdd583f484 00007ffdd90c33b0
0x000000b44c7fa948:   00007ffdd8fd2d40 0000652e6176616a
0x000000b44c7fa958:   0000a4b5748f5775 000000b44c7fad60
0x000000b44c7fa968:   00007ffdd5840457 00007ffdd90c33b8
0x000000b44c7fa978:   00007ffdd8fd2d40 00007ffdd8fd2d40
0x000000b44c7fa988:   000000b44c7fa878 00007ffdd90c33b0
0x000000b44c7fa998:   00007ffe00000000 0000000000000009
0x000000b44c7fa9a8:   000002b272fc1ed0 000002b272fc2038
0x000000b44c7fa9b8:   00007ffdd90c33b8 000000b44c7fad60
0x000000b44c7fa9c8:   000000b44c7fab1d 00007f006176616a
0x000000b44c7fa9d8:   00007f006176616a 46676e697274535c
0x000000b44c7fa9e8:   5c6f666e49656c69 3062343039303430
0x000000b44c7fa9f8:   726556656c69465c 000000006e6f6973 

Instructions: (pc=0x00007ffdd5882b60)
0x00007ffdd5882a60:   74 09 33 c9 ff 15 e6 89 66 03 90 48 8b c3 48 83
0x00007ffdd5882a70:   c4 20 5b c3 cc cc cc cc cc cc cc cc cc cc cc cc
0x00007ffdd5882a80:   48 83 ec 28 48 8b 51 08 48 85 d2 74 09 33 c9 ff
0x00007ffdd5882a90:   15 bb 89 66 03 90 48 83 c4 28 c3 cc cc cc cc cc
0x00007ffdd5882aa0:   48 89 11 c3 cc cc cc cc cc cc cc cc cc cc cc cc
0x00007ffdd5882ab0:   48 8b c1 c3 cc cc cc cc cc cc cc cc cc cc cc cc
0x00007ffdd5882ac0:   48 3b ca 74 10 41 8b 00 39 01 74 09 48 83 c1 04
0x00007ffdd5882ad0:   48 3b ca 75 f3 48 8b c1 c3 cc cc cc cc cc cc cc
0x00007ffdd5882ae0:   48 8b c1 c3 cc cc cc cc cc cc cc cc cc cc cc cc
0x00007ffdd5882af0:   48 83 39 00 0f 94 c0 c3 cc cc cc cc cc cc cc cc
0x00007ffdd5882b00:   4c 8d 04 d5 00 00 00 00 33 d2 e9 c1 d0 dd 01 cc
0x00007ffdd5882b10:   4c 8b 41 08 48 8b 02 49 89 00 48 83 41 08 08 c3
0x00007ffdd5882b20:   48 8b c1 c3 cc cc cc cc cc cc cc cc cc cc cc cc
0x00007ffdd5882b30:   48 8b c1 c3 cc cc cc cc cc cc cc cc cc cc cc cc
0x00007ffdd5882b40:   49 8b 00 48 89 02 c3 cc cc cc cc cc cc cc cc cc
0x00007ffdd5882b50:   8b 81 40 39 00 00 c3 cc cc cc cc cc cc cc cc cc
0x00007ffdd5882b60:   8b 81 40 39 00 00 83 c0 f0 83 f8 67 0f 87 5a 01
0x00007ffdd5882b70:   00 00 48 8d 15 87 d4 e6 ff 0f b6 84 02 f0 2c 19
0x00007ffdd5882b80:   00 8b 8c 82 d0 2c 19 00 48 03 ca ff e1 48 8b 0d
0x00007ffdd5882b90:   6c 6f 7e 03 83 b9 b4 34 00 00 02 0f 87 2b 01 00
0x00007ffdd5882ba0:   00 48 8d 91 0c 29 00 00 c7 02 e1 00 00 00 e9 ce
0x00007ffdd5882bb0:   00 00 00 48 8b 0d 46 6f 7e 03 83 b9 b4 34 00 00
0x00007ffdd5882bc0:   02 0f 87 05 01 00 00 48 8d 91 0c 29 00 00 c7 02
0x00007ffdd5882bd0:   f0 00 00 00 e9 a8 00 00 00 48 8b 0d 20 6f 7e 03
0x00007ffdd5882be0:   83 b9 b4 34 00 00 02 0f 87 df 00 00 00 48 8d 91
0x00007ffdd5882bf0:   0c 29 00 00 c7 02 00 04 00 00 e9 82 00 00 00 48
0x00007ffdd5882c00:   8b 0d fa 6e 7e 03 83 b9 b4 34 00 00 02 0f 87 b9
0x00007ffdd5882c10:   00 00 00 48 8d 91 0c 29 00 00 c7 02 00 08 00 00
0x00007ffdd5882c20:   eb 5f 48 8b 0d d7 6e 7e 03 83 b9 b4 34 00 00 02
0x00007ffdd5882c30:   0f 87 96 00 00 00 48 8d 91 0c 29 00 00 c7 02 00
0x00007ffdd5882c40:   09 00 00 eb 3c 48 8b 0d b4 6e 7e 03 83 b9 b4 34
0x00007ffdd5882c50:   00 00 02 77 77 48 8d 91 0c 29 00 00 c7 02 3c 0f 


Stack slot to memory mapping:
stack at sp + 0 slots: 0x00007ffdd5882e7c atio6axx.dll
stack at sp + 1 slots: 0x00007ffdd90c6020 atio6axx.dll
stack at sp + 2 slots: 0x000002b2771b6d18 points into unknown readable memory: 0x00007ffdd88cf5f0 | f0 f5 8c d8 fd 7f 00 00
stack at sp + 3 slots: 0x0 is NULL
stack at sp + 4 slots: 0x00007ffdd5883e8d atio6axx.dll
stack at sp + 5 slots: 0x000000b44c7fad60 is pointing into the stack for thread: 0x000002b24dd6e670
stack at sp + 6 slots: 0x00007ffdd583f484 atio6axx.dll
stack at sp + 7 slots: 0x00007ffdd90c33b0 atio6axx.dll


---------------  P R O C E S S  ---------------

Threads class SMR info:
_java_thread_list=0x000002b278de6740, length=17, elements={
0x000002b24dd6e670, 0x000002b2718554b0, 0x000002b271855d70, 0x000002b27186f750,
0x000002b271870010, 0x000002b2718718e0, 0x000002b271875070, 0x000002b271878d90,
0x000002b27187cc40, 0x000002b27187d540, 0x000002b271875540, 0x000002b272550290,
0x000002b271876d50, 0x000002b271877220, 0x000002b2718776f0, 0x000002b271875a10,
0x000002b2771650a0
}

Java Threads: ( => current thread )
=>0x000002b24dd6e670 JavaThread "Render thread" [_thread_in_native, id=16744, stack(0x000000b44c700000,0x000000b44c800000)]
  0x000002b2718554b0 JavaThread "Reference Handler" daemon [_thread_blocked, id=26120, stack(0x000000b44ce00000,0x000000b44cf00000)]
  0x000002b271855d70 JavaThread "Finalizer" daemon [_thread_blocked, id=1296, stack(0x000000b44cf00000,0x000000b44d000000)]
  0x000002b27186f750 JavaThread "Signal Dispatcher" daemon [_thread_blocked, id=16880, stack(0x000000b44d000000,0x000000b44d100000)]
  0x000002b271870010 JavaThread "Attach Listener" daemon [_thread_blocked, id=15780, stack(0x000000b44d100000,0x000000b44d200000)]
  0x000002b2718718e0 JavaThread "Service Thread" daemon [_thread_blocked, id=19696, stack(0x000000b44d200000,0x000000b44d300000)]
  0x000002b271875070 JavaThread "Monitor Deflation Thread" daemon [_thread_blocked, id=15804, stack(0x000000b44d300000,0x000000b44d400000)]
  0x000002b271878d90 JavaThread "C2 CompilerThread0" daemon [_thread_blocked, id=25968, stack(0x000000b44d400000,0x000000b44d500000)]
  0x000002b27187cc40 JavaThread "C1 CompilerThread0" daemon [_thread_blocked, id=9316, stack(0x000000b44d500000,0x000000b44d600000)]
  0x000002b27187d540 JavaThread "Sweeper thread" daemon [_thread_blocked, id=15756, stack(0x000000b44d600000,0x000000b44d700000)]
  0x000002b271875540 JavaThread "Common-Cleaner" daemon [_thread_blocked, id=9324, stack(0x000000b44d700000,0x000000b44d800000)]
  0x000002b272550290 JavaThread "C2 CompilerThread1" daemon [_thread_blocked, id=24200, stack(0x000000b44d800000,0x000000b44d900000)]
  0x000002b271876d50 JavaThread "Notification Thread" daemon [_thread_blocked, id=16752, stack(0x000000b44d900000,0x000000b44da00000)]
  0x000002b271877220 JavaThread "Thread-0" daemon [_thread_blocked, id=16092, stack(0x000000b44e300000,0x000000b44e400000)]
  0x000002b2718776f0 JavaThread "FileSystemWatchService" daemon [_thread_in_native, id=8292, stack(0x000000b44e400000,0x000000b44e500000)]
  0x000002b271875a10 JavaThread "pool-2-thread-1" daemon [_thread_blocked, id=9884, stack(0x000000b44e600000,0x000000b44e700000)]
  0x000002b2771650a0 JavaThread "Timer hack thread" daemon [_thread_blocked, id=6156, stack(0x000000b44ea00000,0x000000b44eb00000)]

Other Threads:
  0x000002b271852c10 VMThread "VM Thread" [stack: 0x000000b44cd00000,0x000000b44ce00000] [id=252]
  0x000002b24fe2b090 WatcherThread [stack: 0x000000b44da00000,0x000000b44db00000] [id=8280]
  0x000002b24fe13490 GCTaskThread "GC Thread#0" [stack: 0x000000b44c800000,0x000000b44c900000] [id=15712]
  0x000002b272ceebc0 GCTaskThread "GC Thread#1" [stack: 0x000000b44dc00000,0x000000b44dd00000] [id=12992]
  0x000002b272ceee70 GCTaskThread "GC Thread#2" [stack: 0x000000b44dd00000,0x000000b44de00000] [id=26608]
  0x000002b272cef120 GCTaskThread "GC Thread#3" [stack: 0x000000b44de00000,0x000000b44df00000] [id=26552]
  0x000002b272c77d50 GCTaskThread "GC Thread#4" [stack: 0x000000b44df00000,0x000000b44e000000] [id=15860]
  0x000002b2750e35a0 GCTaskThread "GC Thread#5" [stack: 0x000000b44e000000,0x000000b44e100000] [id=26604]
  0x000002b273afb5a0 GCTaskThread "GC Thread#6" [stack: 0x000000b44e100000,0x000000b44e200000] [id=25264]
  0x000002b2758cf010 GCTaskThread "GC Thread#7" [stack: 0x000000b44e200000,0x000000b44e300000] [id=26300]
  0x000002b24fe22380 ConcurrentGCThread "G1 Main Marker" [stack: 0x000000b44c900000,0x000000b44ca00000] [id=1408]
  0x000002b24fe24440 ConcurrentGCThread "G1 Conc#0" [stack: 0x000000b44ca00000,0x000000b44cb00000] [id=15692]
  0x000002b274caedc0 ConcurrentGCThread "G1 Conc#1" [stack: 0x000000b44e500000,0x000000b44e600000] [id=8036]
  0x000002b24fe5cfe0 ConcurrentGCThread "G1 Refine#0" [stack: 0x000000b44cb00000,0x000000b44cc00000] [id=15680]
  0x000002b274aa72a0 ConcurrentGCThread "G1 Refine#1" [stack: 0x000000b44eb00000,0x000000b44ec00000] [id=4912]
  0x000002b274aa7b40 ConcurrentGCThread "G1 Refine#2" [stack: 0x000000b44ec00000,0x000000b44ed00000] [id=11240]
  0x000002b274aa7e20 ConcurrentGCThread "G1 Refine#3" [stack: 0x000000b44ed00000,0x000000b44ee00000] [id=6988]
  0x000002b274aa8100 ConcurrentGCThread "G1 Refine#4" [stack: 0x000000b44ee00000,0x000000b44ef00000] [id=4768]
  0x000002b24fe5e7b0 ConcurrentGCThread "G1 Service" [stack: 0x000000b44cc00000,0x000000b44cd00000] [id=8320]

Threads with active compile tasks:

VM state: not at safepoint (normal execution)

VM Mutex/Monitor currently owned by a thread: None

Heap address: 0x0000000720a00000, size: 3574 MB, Compressed Oops mode: Zero based, Oop shift amount: 3

CDS archive(s) mapped at: [0x0000000800000000-0x0000000800bd0000-0x0000000800bd0000), size 12386304, SharedBaseAddress: 0x0000000800000000, ArchiveRelocationMode: 0.
Compressed class space mapped at: 0x0000000800c00000-0x0000000840c00000, reserved size: 1073741824
Narrow klass base: 0x0000000800000000, Narrow klass shift: 0, Narrow klass range: 0x100000000

GC Precious Log:
 CPUs: 8 total, 8 available
 Memory: 14293M
 Large Page Support: Disabled
 NUMA Support: Disabled
 Compressed Oops: Enabled (Zero based)
 Heap Region Size: 2M
 Heap Min Capacity: 8M
 Heap Initial Capacity: 224M
 Heap Max Capacity: 3574M
 Pre-touch: Disabled
 Parallel Workers: 8
 Concurrent Workers: 2
 Concurrent Refinement Workers: 8
 Periodic GC: Disabled

Heap:
 garbage-first heap   total 317440K, used 170989K [0x0000000720a00000, 0x0000000800000000)
  region size 2048K, 4 young (8192K), 1 survivors (2048K)
 Metaspace       used 65591K, committed 66688K, reserved 1105920K
  class space    used 9955K, committed 10432K, reserved 1048576K

Heap Regions: E=young(eden), S=young(survivor), O=old, HS=humongous(starts), HC=humongous(continues), CS=collection set, F=free, OA=open archive, CA=closed archive, TAMS=top-at-mark-start (previous, next)
|   0|0x0000000720a00000, 0x0000000720c00000, 0x0000000720c00000|100%|HS|  |TAMS 0x0000000720c00000, 0x0000000720a00000| Complete 
|   1|0x0000000720c00000, 0x0000000720e00000, 0x0000000720e00000|100%| O|  |TAMS 0x0000000720e00000, 0x0000000720c00000| Untracked 
|   2|0x0000000720e00000, 0x0000000721000000, 0x0000000721000000|100%|HS|  |TAMS 0x0000000721000000, 0x0000000720e00000| Complete 
|   3|0x0000000721000000, 0x0000000721200000, 0x0000000721200000|100%| O|  |TAMS 0x0000000721200000, 0x0000000721000000| Untracked 
|   4|0x0000000721200000, 0x0000000721400000, 0x0000000721400000|100%| O|  |TAMS 0x0000000721400000, 0x0000000721200000| Untracked 
|   5|0x0000000721400000, 0x0000000721600000, 0x0000000721600000|100%| O|  |TAMS 0x0000000721600000, 0x0000000721400000| Untracked 
|   6|0x0000000721600000, 0x0000000721800000, 0x0000000721800000|100%|HS|  |TAMS 0x0000000721800000, 0x0000000721600000| Complete 
|   7|0x0000000721800000, 0x0000000721a00000, 0x0000000721a00000|100%|HS|  |TAMS 0x0000000721a00000, 0x0000000721800000| Complete 
|   8|0x0000000721a00000, 0x0000000721c00000, 0x0000000721c00000|100%| O|  |TAMS 0x0000000721c00000, 0x0000000721a00000| Untracked 
|   9|0x0000000721c00000, 0x0000000721e00000, 0x0000000721e00000|100%| O|  |TAMS 0x0000000721e00000, 0x0000000721c00000| Untracked 
|  10|0x0000000721e00000, 0x0000000722000000, 0x0000000722000000|100%| O|  |TAMS 0x0000000722000000, 0x0000000721e00000| Untracked 
|  11|0x0000000722000000, 0x0000000722200000, 0x0000000722200000|100%| O|  |TAMS 0x0000000722200000, 0x0000000722000000| Untracked 
|  12|0x0000000722200000, 0x0000000722400000, 0x0000000722400000|100%|HS|  |TAMS 0x0000000722400000, 0x0000000722200000| Complete 
|  13|0x0000000722400000, 0x0000000722600000, 0x0000000722600000|100%| O|  |TAMS 0x0000000722600000, 0x0000000722400000| Untracked 
|  14|0x0000000722600000, 0x0000000722800000, 0x0000000722800000|100%| O|  |TAMS 0x0000000722800000, 0x0000000722600000| Untracked 
|  15|0x0000000722800000, 0x0000000722a00000, 0x0000000722a00000|100%| O|  |TAMS 0x0000000722a00000, 0x0000000722800000| Untracked 
|  16|0x0000000722a00000, 0x0000000722c00000, 0x0000000722c00000|100%| O|  |TAMS 0x0000000722c00000, 0x0000000722a00000| Untracked 
|  17|0x0000000722c00000, 0x0000000722e00000, 0x0000000722e00000|100%| O|  |TAMS 0x0000000722e00000, 0x0000000722c00000| Untracked 
|  18|0x0000000722e00000, 0x0000000723000000, 0x0000000723000000|100%| O|  |TAMS 0x0000000723000000, 0x0000000722e00000| Untracked 
|  19|0x0000000723000000, 0x0000000723200000, 0x0000000723200000|100%| O|  |TAMS 0x0000000723200000, 0x0000000723000000| Untracked 
|  20|0x0000000723200000, 0x0000000723400000, 0x0000000723400000|100%| O|  |TAMS 0x0000000723400000, 0x0000000723200000| Untracked 
|  21|0x0000000723400000, 0x0000000723600000, 0x0000000723600000|100%| O|  |TAMS 0x0000000723600000, 0x0000000723400000| Untracked 
|  22|0x0000000723600000, 0x0000000723800000, 0x0000000723800000|100%| O|  |TAMS 0x0000000723800000, 0x0000000723600000| Untracked 
|  23|0x0000000723800000, 0x0000000723a00000, 0x0000000723a00000|100%| O|  |TAMS 0x0000000723a00000, 0x0000000723800000| Untracked 
|  24|0x0000000723a00000, 0x0000000723c00000, 0x0000000723c00000|100%| O|  |TAMS 0x0000000723c00000, 0x0000000723a00000| Untracked 
|  25|0x0000000723c00000, 0x0000000723e00000, 0x0000000723e00000|100%| O|  |TAMS 0x0000000723e00000, 0x0000000723c00000| Untracked 
|  26|0x0000000723e00000, 0x0000000724000000, 0x0000000724000000|100%| O|  |TAMS 0x0000000724000000, 0x0000000723e00000| Untracked 
|  27|0x0000000724000000, 0x0000000724200000, 0x0000000724200000|100%| O|  |TAMS 0x0000000724200000, 0x0000000724000000| Untracked 
|  28|0x0000000724200000, 0x0000000724400000, 0x0000000724400000|100%| O|  |TAMS 0x0000000724400000, 0x0000000724200000| Untracked 
|  29|0x0000000724400000, 0x0000000724600000, 0x0000000724600000|100%| O|  |TAMS 0x0000000724600000, 0x0000000724400000| Untracked 
|  30|0x0000000724600000, 0x0000000724600000, 0x0000000724800000|  0%| F|  |TAMS 0x0000000724600000, 0x0000000724600000| Untracked 
|  31|0x0000000724800000, 0x0000000724a00000, 0x0000000724a00000|100%| O|  |TAMS 0x0000000724a00000, 0x0000000724800000| Untracked 
|  32|0x0000000724a00000, 0x0000000724c00000, 0x0000000724c00000|100%| O|  |TAMS 0x0000000724c00000, 0x0000000724a00000| Untracked 
|  33|0x0000000724c00000, 0x0000000724e00000, 0x0000000724e00000|100%| O|  |TAMS 0x0000000724e00000, 0x0000000724c00000| Untracked 
|  34|0x0000000724e00000, 0x0000000725000000, 0x0000000725000000|100%| O|  |TAMS 0x0000000725000000, 0x0000000724e00000| Untracked 
|  35|0x0000000725000000, 0x0000000725200000, 0x0000000725200000|100%|HS|  |TAMS 0x0000000725200000, 0x0000000725000000| Complete 
|  36|0x0000000725200000, 0x0000000725400000, 0x0000000725400000|100%|HC|  |TAMS 0x0000000725400000, 0x0000000725200000| Complete 
|  37|0x0000000725400000, 0x0000000725600000, 0x0000000725600000|100%|HC|  |TAMS 0x0000000725600000, 0x0000000725400000| Complete 
|  38|0x0000000725600000, 0x0000000725800000, 0x0000000725800000|100%|HC|  |TAMS 0x0000000725800000, 0x0000000725600000| Complete 
|  39|0x0000000725800000, 0x0000000725a00000, 0x0000000725a00000|100%|HC|  |TAMS 0x0000000725a00000, 0x0000000725800000| Complete 
|  40|0x0000000725a00000, 0x0000000725c00000, 0x0000000725c00000|100%|HC|  |TAMS 0x0000000725c00000, 0x0000000725a00000| Complete 
|  41|0x0000000725c00000, 0x0000000725e00000, 0x0000000725e00000|100%| O|  |TAMS 0x0000000725e00000, 0x0000000725c00000| Untracked 
|  42|0x0000000725e00000, 0x0000000726000000, 0x0000000726000000|100%| O|  |TAMS 0x0000000726000000, 0x0000000725e00000| Untracked 
|  43|0x0000000726000000, 0x0000000726200000, 0x0000000726200000|100%| O|  |TAMS 0x0000000726200000, 0x0000000726000000| Untracked 
|  44|0x0000000726200000, 0x0000000726400000, 0x0000000726400000|100%| O|  |TAMS 0x0000000726400000, 0x0000000726200000| Untracked 
|  45|0x0000000726400000, 0x0000000726600000, 0x0000000726600000|100%| O|  |TAMS 0x0000000726600000, 0x0000000726400000| Untracked 
|  46|0x0000000726600000, 0x0000000726800000, 0x0000000726800000|100%| O|  |TAMS 0x0000000726800000, 0x0000000726600000| Untracked 
|  47|0x0000000726800000, 0x0000000726a00000, 0x0000000726a00000|100%| O|  |TAMS 0x0000000726a00000, 0x0000000726800000| Untracked 
|  48|0x0000000726a00000, 0x0000000726c00000, 0x0000000726c00000|100%| O|  |TAMS 0x0000000726c00000, 0x0000000726a00000| Untracked 
|  49|0x0000000726c00000, 0x0000000726e00000, 0x0000000726e00000|100%| O|  |TAMS 0x0000000726e00000, 0x0000000726c00000| Untracked 
|  50|0x0000000726e00000, 0x0000000727000000, 0x0000000727000000|100%| O|  |TAMS 0x0000000727000000, 0x0000000726e00000| Untracked 
|  51|0x0000000727000000, 0x0000000727200000, 0x0000000727200000|100%| O|  |TAMS 0x0000000727200000, 0x0000000727000000| Untracked 
|  52|0x0000000727200000, 0x0000000727400000, 0x0000000727400000|100%| O|  |TAMS 0x0000000727400000, 0x0000000727200000| Untracked 
|  53|0x0000000727400000, 0x0000000727600000, 0x0000000727600000|100%| O|  |TAMS 0x0000000727600000, 0x0000000727400000| Untracked 
|  54|0x0000000727600000, 0x0000000727800000, 0x0000000727800000|100%| O|  |TAMS 0x0000000727800000, 0x0000000727600000| Untracked 
|  55|0x0000000727800000, 0x0000000727a00000, 0x0000000727a00000|100%| O|  |TAMS 0x0000000727a00000, 0x0000000727800000| Untracked 
|  56|0x0000000727a00000, 0x0000000727c00000, 0x0000000727c00000|100%| O|  |TAMS 0x0000000727c00000, 0x0000000727a00000| Untracked 
|  57|0x0000000727c00000, 0x0000000727e00000, 0x0000000727e00000|100%| O|  |TAMS 0x0000000727e00000, 0x0000000727c00000| Untracked 
|  58|0x0000000727e00000, 0x0000000728000000, 0x0000000728000000|100%| O|  |TAMS 0x0000000728000000, 0x0000000727e00000| Untracked 
|  59|0x0000000728000000, 0x0000000728200000, 0x0000000728200000|100%| O|  |TAMS 0x0000000728200000, 0x0000000728000000| Untracked 
|  60|0x0000000728200000, 0x0000000728400000, 0x0000000728400000|100%| O|  |TAMS 0x0000000728400000, 0x0000000728200000| Untracked 
|  61|0x0000000728400000, 0x0000000728600000, 0x0000000728600000|100%| O|  |TAMS 0x0000000728600000, 0x0000000728400000| Untracked 
|  62|0x0000000728600000, 0x0000000728800000, 0x0000000728800000|100%| O|  |TAMS 0x0000000728800000, 0x0000000728600000| Untracked 
|  63|0x0000000728800000, 0x0000000728a00000, 0x0000000728a00000|100%| O|  |TAMS 0x0000000728a00000, 0x0000000728800000| Untracked 
|  64|0x0000000728a00000, 0x0000000728c00000, 0x0000000728c00000|100%| O|  |TAMS 0x0000000728c00000, 0x0000000728a00000| Untracked 
|  65|0x0000000728c00000, 0x0000000728e00000, 0x0000000728e00000|100%| O|  |TAMS 0x0000000728e00000, 0x0000000728c00000| Untracked 
|  66|0x0000000728e00000, 0x0000000729000000, 0x0000000729000000|100%| O|  |TAMS 0x0000000729000000, 0x0000000728e00000| Untracked 
|  67|0x0000000729000000, 0x0000000729200000, 0x0000000729200000|100%| O|  |TAMS 0x0000000729200000, 0x0000000729000000| Untracked 
|  68|0x0000000729200000, 0x0000000729400000, 0x0000000729400000|100%| O|  |TAMS 0x0000000729400000, 0x0000000729200000| Untracked 
|  69|0x0000000729400000, 0x0000000729600000, 0x0000000729600000|100%| O|  |TAMS 0x0000000729600000, 0x0000000729400000| Untracked 
|  70|0x0000000729600000, 0x0000000729800000, 0x0000000729800000|100%| O|  |TAMS 0x0000000729800000, 0x0000000729600000| Untracked 
|  71|0x0000000729800000, 0x0000000729a00000, 0x0000000729a00000|100%| O|  |TAMS 0x0000000729a00000, 0x0000000729800000| Untracked 
|  72|0x0000000729a00000, 0x0000000729c00000, 0x0000000729c00000|100%| O|  |TAMS 0x0000000729c00000, 0x0000000729a00000| Untracked 
|  73|0x0000000729c00000, 0x0000000729e00000, 0x0000000729e00000|100%| O|  |TAMS 0x0000000729e00000, 0x0000000729c00000| Untracked 
|  74|0x0000000729e00000, 0x000000072a000000, 0x000000072a000000|100%| O|  |TAMS 0x000000072a000000, 0x0000000729e00000| Untracked 
|  75|0x000000072a000000, 0x000000072a200000, 0x000000072a200000|100%| O|  |TAMS 0x000000072a0e0800, 0x000000072a000000| Untracked 
|  76|0x000000072a200000, 0x000000072a400000, 0x000000072a400000|100%| O|  |TAMS 0x000000072a200000, 0x000000072a200000| Untracked 
|  77|0x000000072a400000, 0x000000072a600000, 0x000000072a600000|100%| O|  |TAMS 0x000000072a400000, 0x000000072a400000| Untracked 
|  78|0x000000072a600000, 0x000000072a800000, 0x000000072a800000|100%| O|  |TAMS 0x000000072a600000, 0x000000072a600000| Untracked 
|  79|0x000000072a800000, 0x000000072aa00000, 0x000000072aa00000|100%| O|  |TAMS 0x000000072a800000, 0x000000072a800000| Untracked 
|  80|0x000000072aa00000, 0x000000072ac00000, 0x000000072ac00000|100%| O|  |TAMS 0x000000072aa00000, 0x000000072aa00000| Untracked 
|  81|0x000000072ac00000, 0x000000072acfb600, 0x000000072ae00000| 49%| O|  |TAMS 0x000000072ac00000, 0x000000072ac00000| Untracked 
|  82|0x000000072ae00000, 0x000000072ae00000, 0x000000072b000000|  0%| F|  |TAMS 0x000000072ae00000, 0x000000072ae00000| Untracked 
|  83|0x000000072b000000, 0x000000072b000000, 0x000000072b200000|  0%| F|  |TAMS 0x000000072b000000, 0x000000072b000000| Untracked 
|  84|0x000000072b200000, 0x000000072b200000, 0x000000072b400000|  0%| F|  |TAMS 0x000000072b200000, 0x000000072b200000| Untracked 
|  85|0x000000072b400000, 0x000000072b400000, 0x000000072b600000|  0%| F|  |TAMS 0x000000072b400000, 0x000000072b400000| Untracked 
|  86|0x000000072b600000, 0x000000072b600000, 0x000000072b800000|  0%| F|  |TAMS 0x000000072b600000, 0x000000072b600000| Untracked 
|  87|0x000000072b800000, 0x000000072b800000, 0x000000072ba00000|  0%| F|  |TAMS 0x000000072b800000, 0x000000072b800000| Untracked 
|  88|0x000000072ba00000, 0x000000072ba00000, 0x000000072bc00000|  0%| F|  |TAMS 0x000000072ba00000, 0x000000072ba00000| Untracked 
|  89|0x000000072bc00000, 0x000000072bc00000, 0x000000072be00000|  0%| F|  |TAMS 0x000000072bc00000, 0x000000072bc00000| Untracked 
|  90|0x000000072be00000, 0x000000072be00000, 0x000000072c000000|  0%| F|  |TAMS 0x000000072be00000, 0x000000072be00000| Untracked 
|  91|0x000000072c000000, 0x000000072c000000, 0x000000072c200000|  0%| F|  |TAMS 0x000000072c000000, 0x000000072c000000| Untracked 
|  92|0x000000072c200000, 0x000000072c200000, 0x000000072c400000|  0%| F|  |TAMS 0x000000072c200000, 0x000000072c200000| Untracked 
|  93|0x000000072c400000, 0x000000072c400000, 0x000000072c600000|  0%| F|  |TAMS 0x000000072c400000, 0x000000072c400000| Untracked 
|  94|0x000000072c600000, 0x000000072c600000, 0x000000072c800000|  0%| F|  |TAMS 0x000000072c600000, 0x000000072c600000| Untracked 
|  95|0x000000072c800000, 0x000000072c800000, 0x000000072ca00000|  0%| F|  |TAMS 0x000000072c800000, 0x000000072c800000| Untracked 
|  96|0x000000072ca00000, 0x000000072ca00000, 0x000000072cc00000|  0%| F|  |TAMS 0x000000072ca00000, 0x000000072ca00000| Untracked 
|  97|0x000000072cc00000, 0x000000072cc00000, 0x000000072ce00000|  0%| F|  |TAMS 0x000000072cc00000, 0x000000072cc00000| Untracked 
|  98|0x000000072ce00000, 0x000000072ce00000, 0x000000072d000000|  0%| F|  |TAMS 0x000000072ce00000, 0x000000072ce00000| Untracked 
|  99|0x000000072d000000, 0x000000072d000000, 0x000000072d200000|  0%| F|  |TAMS 0x000000072d000000, 0x000000072d000000| Untracked 
| 100|0x000000072d200000, 0x000000072d200000, 0x000000072d400000|  0%| F|  |TAMS 0x000000072d200000, 0x000000072d200000| Untracked 
| 101|0x000000072d400000, 0x000000072d400000, 0x000000072d600000|  0%| F|  |TAMS 0x000000072d400000, 0x000000072d400000| Untracked 
| 102|0x000000072d600000, 0x000000072d600000, 0x000000072d800000|  0%| F|  |TAMS 0x000000072d600000, 0x000000072d600000| Untracked 
| 103|0x000000072d800000, 0x000000072d800000, 0x000000072da00000|  0%| F|  |TAMS 0x000000072d800000, 0x000000072d800000| Untracked 
| 104|0x000000072da00000, 0x000000072da00000, 0x000000072dc00000|  0%| F|  |TAMS 0x000000072da00000, 0x000000072da00000| Untracked 
| 105|0x000000072dc00000, 0x000000072dc00000, 0x000000072de00000|  0%| F|  |TAMS 0x000000072dc00000, 0x000000072dc00000| Untracked 
| 106|0x000000072de00000, 0x000000072de00000, 0x000000072e000000|  0%| F|  |TAMS 0x000000072de00000, 0x000000072de00000| Untracked 
| 107|0x000000072e000000, 0x000000072e000000, 0x000000072e200000|  0%| F|  |TAMS 0x000000072e000000, 0x000000072e000000| Untracked 
| 108|0x000000072e200000, 0x000000072e200000, 0x000000072e400000|  0%| F|  |TAMS 0x000000072e200000, 0x000000072e200000| Untracked 
| 109|0x000000072e400000, 0x000000072e400000, 0x000000072e600000|  0%| F|  |TAMS 0x000000072e400000, 0x000000072e400000| Untracked 
| 110|0x000000072e600000, 0x000000072e600000, 0x000000072e800000|  0%| F|  |TAMS 0x000000072e600000, 0x000000072e600000| Untracked 
| 111|0x000000072e800000, 0x000000072e800000, 0x000000072ea00000|  0%| F|  |TAMS 0x000000072e800000, 0x000000072e800000| Untracked 
| 112|0x000000072ea00000, 0x000000072ea00000, 0x000000072ec00000|  0%| F|  |TAMS 0x000000072ea00000, 0x000000072ea00000| Untracked 
| 113|0x000000072ec00000, 0x000000072ec00000, 0x000000072ee00000|  0%| F|  |TAMS 0x000000072ec00000, 0x000000072ec00000| Untracked 
| 114|0x000000072ee00000, 0x000000072ee00000, 0x000000072f000000|  0%| F|  |TAMS 0x000000072ee00000, 0x000000072ee00000| Untracked 
| 115|0x000000072f000000, 0x000000072f000000, 0x000000072f200000|  0%| F|  |TAMS 0x000000072f000000, 0x000000072f000000| Untracked 
| 116|0x000000072f200000, 0x000000072f200000, 0x000000072f400000|  0%| F|  |TAMS 0x000000072f200000, 0x000000072f200000| Untracked 
| 117|0x000000072f400000, 0x000000072f400000, 0x000000072f600000|  0%| F|  |TAMS 0x000000072f400000, 0x000000072f400000| Untracked 
| 118|0x000000072f600000, 0x000000072f600000, 0x000000072f800000|  0%| F|  |TAMS 0x000000072f600000, 0x000000072f600000| Untracked 
| 119|0x000000072f800000, 0x000000072f800000, 0x000000072fa00000|  0%| F|  |TAMS 0x000000072f800000, 0x000000072f800000| Untracked 
| 120|0x000000072fa00000, 0x000000072fa00000, 0x000000072fc00000|  0%| F|  |TAMS 0x000000072fa00000, 0x000000072fa00000| Untracked 
| 121|0x000000072fc00000, 0x000000072fc00000, 0x000000072fe00000|  0%| F|  |TAMS 0x000000072fc00000, 0x000000072fc00000| Untracked 
| 122|0x000000072fe00000, 0x000000072fe00000, 0x0000000730000000|  0%| F|  |TAMS 0x000000072fe00000, 0x000000072fe00000| Untracked 
| 123|0x0000000730000000, 0x0000000730000000, 0x0000000730200000|  0%| F|  |TAMS 0x0000000730000000, 0x0000000730000000| Untracked 
| 124|0x0000000730200000, 0x0000000730200000, 0x0000000730400000|  0%| F|  |TAMS 0x0000000730200000, 0x0000000730200000| Untracked 
| 125|0x0000000730400000, 0x0000000730400000, 0x0000000730600000|  0%| F|  |TAMS 0x0000000730400000, 0x0000000730400000| Untracked 
| 126|0x0000000730600000, 0x0000000730600000, 0x0000000730800000|  0%| F|  |TAMS 0x0000000730600000, 0x0000000730600000| Untracked 
| 127|0x0000000730800000, 0x0000000730800000, 0x0000000730a00000|  0%| F|  |TAMS 0x0000000730800000, 0x0000000730800000| Untracked 
| 128|0x0000000730a00000, 0x0000000730a00000, 0x0000000730c00000|  0%| F|  |TAMS 0x0000000730a00000, 0x0000000730a00000| Untracked 
| 129|0x0000000730c00000, 0x0000000730c00000, 0x0000000730e00000|  0%| F|  |TAMS 0x0000000730c00000, 0x0000000730c00000| Untracked 
| 130|0x0000000730e00000, 0x0000000730e00000, 0x0000000731000000|  0%| F|  |TAMS 0x0000000730e00000, 0x0000000730e00000| Untracked 
| 131|0x0000000731000000, 0x0000000731000000, 0x0000000731200000|  0%| F|  |TAMS 0x0000000731000000, 0x0000000731000000| Untracked 
| 132|0x0000000731200000, 0x0000000731200000, 0x0000000731400000|  0%| F|  |TAMS 0x0000000731200000, 0x0000000731200000| Untracked 
| 133|0x0000000731400000, 0x0000000731400000, 0x0000000731600000|  0%| F|  |TAMS 0x0000000731400000, 0x0000000731400000| Untracked 
| 134|0x0000000731600000, 0x0000000731600000, 0x0000000731800000|  0%| F|  |TAMS 0x0000000731600000, 0x0000000731600000| Untracked 
| 135|0x0000000731800000, 0x0000000731800000, 0x0000000731a00000|  0%| F|  |TAMS 0x0000000731800000, 0x0000000731800000| Untracked 
| 136|0x0000000731a00000, 0x0000000731a00000, 0x0000000731c00000|  0%| F|  |TAMS 0x0000000731a00000, 0x0000000731a00000| Untracked 
| 137|0x0000000731c00000, 0x0000000731c00000, 0x0000000731e00000|  0%| F|  |TAMS 0x0000000731c00000, 0x0000000731c00000| Untracked 
| 138|0x0000000731e00000, 0x0000000731e00000, 0x0000000732000000|  0%| F|  |TAMS 0x0000000731e00000, 0x0000000731e00000| Untracked 
| 139|0x0000000732000000, 0x0000000732000000, 0x0000000732200000|  0%| F|  |TAMS 0x0000000732000000, 0x0000000732000000| Untracked 
| 140|0x0000000732200000, 0x0000000732200000, 0x0000000732400000|  0%| F|  |TAMS 0x0000000732200000, 0x0000000732200000| Untracked 
| 141|0x0000000732400000, 0x0000000732400000, 0x0000000732600000|  0%| F|  |TAMS 0x0000000732400000, 0x0000000732400000| Untracked 
| 142|0x0000000732600000, 0x0000000732600000, 0x0000000732800000|  0%| F|  |TAMS 0x0000000732600000, 0x0000000732600000| Untracked 
| 143|0x0000000732800000, 0x0000000732800000, 0x0000000732a00000|  0%| F|  |TAMS 0x0000000732800000, 0x0000000732800000| Untracked 
| 144|0x0000000732a00000, 0x0000000732a00000, 0x0000000732c00000|  0%| F|  |TAMS 0x0000000732a00000, 0x0000000732a00000| Untracked 
| 145|0x0000000732c00000, 0x0000000732c00000, 0x0000000732e00000|  0%| F|  |TAMS 0x0000000732c00000, 0x0000000732c00000| Untracked 
| 146|0x0000000732e00000, 0x0000000732e00000, 0x0000000733000000|  0%| F|  |TAMS 0x0000000732e00000, 0x0000000732e00000| Untracked 
| 147|0x0000000733000000, 0x0000000733000000, 0x0000000733200000|  0%| F|  |TAMS 0x0000000733000000, 0x0000000733000000| Untracked 
| 148|0x0000000733200000, 0x0000000733200000, 0x0000000733400000|  0%| F|  |TAMS 0x0000000733200000, 0x0000000733200000| Untracked 
| 149|0x0000000733400000, 0x0000000733400000, 0x0000000733600000|  0%| F|  |TAMS 0x0000000733400000, 0x0000000733400000| Untracked 
| 150|0x0000000733600000, 0x0000000733600000, 0x0000000733800000|  0%| F|  |TAMS 0x0000000733600000, 0x0000000733600000| Untracked 
| 151|0x0000000733800000, 0x0000000733801278, 0x0000000733a00000|  0%| E|  |TAMS 0x0000000733800000, 0x0000000733800000| Complete 
| 152|0x0000000733a00000, 0x0000000733c00000, 0x0000000733c00000|100%| E|CS|TAMS 0x0000000733a00000, 0x0000000733a00000| Complete 
| 153|0x0000000733c00000, 0x0000000733e00000, 0x0000000733e00000|100%| S|CS|TAMS 0x0000000733c00000, 0x0000000733c00000| Complete 
| 154|0x0000000733e00000, 0x0000000734000000, 0x0000000734000000|100%| E|CS|TAMS 0x0000000733e00000, 0x0000000733e00000| Complete 

Card table byte_map: [0x000002b267040000,0x000002b267740000] _byte_map_base: 0x000002b26373b000

Marking Bits (Prev, Next): (CMBitMap*) 0x000002b24fe139e0, (CMBitMap*) 0x000002b24fe139a0
 Prev Bits: [0x000002b26b620000, 0x000002b26edf8000)
 Next Bits: [0x000002b267e40000, 0x000002b26b618000)

Polling page: 0x000002b24f560000

Metaspace:

Usage:
  Non-class:     54.33 MB used.
      Class:      9.72 MB used.
       Both:     64.05 MB used.

Virtual space:
  Non-class space:       56.00 MB reserved,      54.94 MB ( 98%) committed,  7 nodes.
      Class space:        1.00 GB reserved,      10.19 MB ( <1%) committed,  1 nodes.
             Both:        1.05 GB reserved,      65.12 MB (  6%) committed. 

Chunk freelists:
   Non-Class:  906.00 KB
       Class:  1.75 MB
        Both:  2.63 MB

MaxMetaspaceSize: unlimited
CompressedClassSpaceSize: 1.00 GB
Initial GC threshold: 21.00 MB
Current GC threshold: 100.62 MB
CDS: on
MetaspaceReclaimPolicy: balanced
 - commit_granule_bytes: 65536.
 - commit_granule_words: 8192.
 - virtual_space_node_default_size: 1048576.
 - enlarge_chunks_in_place: 1.
 - new_chunks_are_fully_committed: 0.
 - uncommit_free_chunks: 1.
 - use_allocation_guard: 0.
 - handle_deallocations: 1.


Internal statistics:

num_allocs_failed_limit: 15.
num_arena_births: 1718.
num_arena_deaths: 0.
num_vsnodes_births: 8.
num_vsnodes_deaths: 0.
num_space_committed: 1039.
num_space_uncommitted: 0.
num_chunks_returned_to_freelist: 15.
num_chunks_taken_from_freelist: 4423.
num_chunk_merges: 15.
num_chunk_splits: 2870.
num_chunks_enlarged: 1942.
num_purges: 0.
num_inconsistent_stats: 0.

CodeHeap 'non-profiled nmethods': size=120000Kb used=6062Kb max_used=6414Kb free=113937Kb
 bounds [0x000002b25f0e0000, 0x000002b25f730000, 0x000002b266610000]
CodeHeap 'profiled nmethods': size=120000Kb used=11221Kb max_used=13244Kb free=108778Kb
 bounds [0x000002b257610000, 0x000002b258300000, 0x000002b25eb40000]
CodeHeap 'non-nmethods': size=5760Kb used=1955Kb max_used=2063Kb free=3804Kb
 bounds [0x000002b25eb40000, 0x000002b25edb0000, 0x000002b25f0e0000]
 total_blobs=8597 nmethods=7119 adapters=1389
 compilation: enabled
              stopped_count=0, restarted_count=0
 full_count=0

Compilation events (20 events):
Event: 13.469 Thread 0x000002b27187cc40 nmethod 9754 0x000002b257819e10 code [0x000002b257819fc0, 0x000002b25781a1f8]
Event: 13.469 Thread 0x000002b27187cc40 9755       1       org.lwjgl.system.Pointer$Default::address (5 bytes)
Event: 13.470 Thread 0x000002b27187cc40 nmethod 9755 0x000002b25f6bf010 code [0x000002b25f6bf1a0, 0x000002b25f6bf278]
Event: 13.477 Thread 0x000002b27187cc40 9756       3       java.util.concurrent.ConcurrentHashMap::isEmpty (15 bytes)
Event: 13.477 Thread 0x000002b27187cc40 nmethod 9756 0x000002b2579f2710 code [0x000002b2579f28c0, 0x000002b2579f2a68]
Event: 13.491 Thread 0x000002b27187cc40 9758       3       org.objectweb.asm.ClassWriter::visit (160 bytes)
Event: 13.492 Thread 0x000002b27187cc40 nmethod 9758 0x000002b257f31a90 code [0x000002b257f31cc0, 0x000002b257f32538]
Event: 13.492 Thread 0x000002b27187cc40 9759       3       org.objectweb.asm.SymbolTable::setMajorVersionAndClassName (19 bytes)
Event: 13.492 Thread 0x000002b27187cc40 nmethod 9759 0x000002b257771990 code [0x000002b257771b40, 0x000002b257771d48]
Event: 13.492 Thread 0x000002b27187cc40 9760       3       org.objectweb.asm.ClassWriter::visitEnd (1 bytes)
Event: 13.492 Thread 0x000002b27187cc40 nmethod 9760 0x000002b2578e5f10 code [0x000002b2578e60a0, 0x000002b2578e61b8]
Event: 13.497 Thread 0x000002b271878d90 9763       4       java.nio.HeapCharBuffer::<init> (21 bytes)
Event: 13.501 Thread 0x000002b271878d90 nmethod 9763 0x000002b25f342f90 code [0x000002b25f343120, 0x000002b25f343538]
Event: 13.511 Thread 0x000002b27187cc40 9764       3       sun.misc.Unsafe::getInt (9 bytes)
Event: 13.511 Thread 0x000002b27187cc40 nmethod 9764 0x000002b2578f2d10 code [0x000002b2578f2ea0, 0x000002b2578f2fb8]
Event: 13.511 Thread 0x000002b27187cc40 9765       3       org.lwjgl.system.CustomBuffer::address (19 bytes)
Event: 13.512 Thread 0x000002b27187cc40 nmethod 9765 0x000002b2577a6110 code [0x000002b2577a62c0, 0x000002b2577a6528]
Event: 13.512 Thread 0x000002b27187cc40 9766       3       org.lwjgl.system.StructBuffer::sizeof (8 bytes)
Event: 13.512 Thread 0x000002b27187cc40 nmethod 9766 0x000002b25786bb90 code [0x000002b25786bd40, 0x000002b25786bf98]
Event: 13.521 Thread 0x000002b272550290 nmethod 9742 0x000002b25f541610 code [0x000002b25f541a20, 0x000002b25f544600]

GC Heap History (20 events):
Event: 7.634 GC heap before
{Heap before GC invocations=14 (full 0):
 garbage-first heap   total 264192K, used 182782K [0x0000000720a00000, 0x0000000800000000)
  region size 2048K, 50 young (102400K), 4 survivors (8192K)
 Metaspace       used 35420K, committed 36288K, reserved 1081344K
  class space    used 4421K, committed 4800K, reserved 1048576K
}
Event: 7.641 GC heap after
{Heap after GC invocations=15 (full 0):
 garbage-first heap   total 264192K, used 92767K [0x0000000720a00000, 0x0000000800000000)
  region size 2048K, 5 young (10240K), 5 survivors (10240K)
 Metaspace       used 35420K, committed 36288K, reserved 1081344K
  class space    used 4421K, committed 4800K, reserved 1048576K
}
Event: 8.601 GC heap before
{Heap before GC invocations=16 (full 0):
 garbage-first heap   total 264192K, used 219743K [0x0000000720a00000, 0x0000000800000000)
  region size 2048K, 68 young (139264K), 5 survivors (10240K)
 Metaspace       used 40765K, committed 41792K, reserved 1089536K
  class space    used 5392K, committed 5888K, reserved 1048576K
}
Event: 8.614 GC heap after
{Heap after GC invocations=17 (full 0):
 garbage-first heap   total 264192K, used 100873K [0x0000000720a00000, 0x0000000800000000)
  region size 2048K, 9 young (18432K), 9 survivors (18432K)
 Metaspace       used 40765K, committed 41792K, reserved 1089536K
  class space    used 5392K, committed 5888K, reserved 1048576K
}
Event: 9.028 GC heap before
{Heap before GC invocations=17 (full 0):
 garbage-first heap   total 264192K, used 215561K [0x0000000720a00000, 0x0000000800000000)
  region size 2048K, 65 young (133120K), 9 survivors (18432K)
 Metaspace       used 41939K, committed 43008K, reserved 1089536K
  class space    used 5586K, committed 6080K, reserved 1048576K
}
Event: 9.054 GC heap after
{Heap after GC invocations=18 (full 0):
 garbage-first heap   total 264192K, used 112649K [0x0000000720a00000, 0x0000000800000000)
  region size 2048K, 9 young (18432K), 9 survivors (18432K)
 Metaspace       used 41939K, committed 43008K, reserved 1089536K
  class space    used 5586K, committed 6080K, reserved 1048576K
}
Event: 9.244 GC heap before
{Heap before GC invocations=18 (full 0):
 garbage-first heap   total 264192K, used 213001K [0x0000000720a00000, 0x0000000800000000)
  region size 2048K, 58 young (118784K), 9 survivors (18432K)
 Metaspace       used 42269K, committed 43264K, reserved 1089536K
  class space    used 5623K, committed 6080K, reserved 1048576K
}
Event: 9.273 GC heap after
{Heap after GC invocations=19 (full 0):
 garbage-first heap   total 317440K, used 123652K [0x0000000720a00000, 0x0000000800000000)
  region size 2048K, 5 young (10240K), 5 survivors (10240K)
 Metaspace       used 42269K, committed 43264K, reserved 1089536K
  class space    used 5623K, committed 6080K, reserved 1048576K
}
Event: 10.069 GC heap before
{Heap before GC invocations=19 (full 0):
 garbage-first heap   total 317440K, used 256772K [0x0000000720a00000, 0x0000000800000000)
  region size 2048K, 70 young (143360K), 5 survivors (10240K)
 Metaspace       used 46931K, committed 47936K, reserved 1097728K
  class space    used 6319K, committed 6784K, reserved 1048576K
}
Event: 10.086 GC heap after
{Heap after GC invocations=20 (full 0):
 garbage-first heap   total 317440K, used 138438K [0x0000000720a00000, 0x0000000800000000)
  region size 2048K, 9 young (18432K), 9 survivors (18432K)
 Metaspace       used 46931K, committed 47936K, reserved 1097728K
  class space    used 6319K, committed 6784K, reserved 1048576K
}
Event: 11.229 GC heap before
{Heap before GC invocations=20 (full 0):
 garbage-first heap   total 317440K, used 251078K [0x0000000720a00000, 0x0000000800000000)
  region size 2048K, 64 young (131072K), 9 survivors (18432K)
 Metaspace       used 54682K, committed 55744K, reserved 1097728K
  class space    used 8076K, committed 8576K, reserved 1048576K
}
Event: 11.248 GC heap after
{Heap after GC invocations=21 (full 0):
 garbage-first heap   total 317440K, used 153688K [0x0000000720a00000, 0x0000000800000000)
  region size 2048K, 8 young (16384K), 8 survivors (16384K)
 Metaspace       used 54682K, committed 55744K, reserved 1097728K
  class space    used 8076K, committed 8576K, reserved 1048576K
}
Event: 12.049 GC heap before
{Heap before GC invocations=21 (full 0):
 garbage-first heap   total 317440K, used 251992K [0x0000000720a00000, 0x0000000800000000)
  region size 2048K, 56 young (114688K), 8 survivors (16384K)
 Metaspace       used 58679K, committed 59840K, reserved 1105920K
  class space    used 8830K, committed 9344K, reserved 1048576K
}
Event: 12.059 GC heap after
{Heap after GC invocations=22 (full 0):
 garbage-first heap   total 317440K, used 159767K [0x0000000720a00000, 0x0000000800000000)
  region size 2048K, 4 young (8192K), 4 survivors (8192K)
 Metaspace       used 58679K, committed 59840K, reserved 1105920K
  class space    used 8830K, committed 9344K, reserved 1048576K
}
Event: 12.243 GC heap before
{Heap before GC invocations=22 (full 0):
 garbage-first heap   total 317440K, used 176151K [0x0000000720a00000, 0x0000000800000000)
  region size 2048K, 13 young (26624K), 4 survivors (8192K)
 Metaspace       used 59918K, committed 61056K, reserved 1105920K
  class space    used 9049K, committed 9536K, reserved 1048576K
}
Event: 12.248 GC heap after
{Heap after GC invocations=23 (full 0):
 garbage-first heap   total 317440K, used 159346K [0x0000000720a00000, 0x0000000800000000)
  region size 2048K, 3 young (6144K), 3 survivors (6144K)
 Metaspace       used 59918K, committed 61056K, reserved 1105920K
  class space    used 9049K, committed 9536K, reserved 1048576K
}
Event: 13.414 GC heap before
{Heap before GC invocations=24 (full 0):
 garbage-first heap   total 317440K, used 257650K [0x0000000720a00000, 0x0000000800000000)
  region size 2048K, 52 young (106496K), 3 survivors (6144K)
 Metaspace       used 65027K, committed 66176K, reserved 1105920K
  class space    used 9856K, committed 10368K, reserved 1048576K
}
Event: 13.424 GC heap after
{Heap after GC invocations=25 (full 0):
 garbage-first heap   total 317440K, used 165995K [0x0000000720a00000, 0x0000000800000000)
  region size 2048K, 7 young (14336K), 7 survivors (14336K)
 Metaspace       used 65027K, committed 66176K, reserved 1105920K
  class space    used 9856K, committed 10368K, reserved 1048576K
}
Event: 13.453 GC heap before
{Heap before GC invocations=25 (full 0):
 garbage-first heap   total 317440K, used 165995K [0x0000000720a00000, 0x0000000800000000)
  region size 2048K, 8 young (16384K), 7 survivors (14336K)
 Metaspace       used 65258K, committed 66432K, reserved 1105920K
  class space    used 9909K, committed 10432K, reserved 1048576K
}
Event: 13.459 GC heap after
{Heap after GC invocations=26 (full 0):
 garbage-first heap   total 317440K, used 166893K [0x0000000720a00000, 0x0000000800000000)
  region size 2048K, 1 young (2048K), 1 survivors (2048K)
 Metaspace       used 65258K, committed 66432K, reserved 1105920K
  class space    used 9909K, committed 10432K, reserved 1048576K
}

Deoptimization events (20 events):
Event: 13.372 Thread 0x000002b24dd6e670 DEOPT PACKING pc=0x000002b25f1380dc sp=0x000000b44c7fd390
Event: 13.372 Thread 0x000002b24dd6e670 DEOPT UNPACKING pc=0x000002b25eb923a3 sp=0x000000b44c7fd328 mode 2
Event: 13.390 Thread 0x000002b24dd6e670 Uncommon trap: trap_request=0xffffff45 fr.pc=0x000002b25f658390 relative=0x0000000000000070
Event: 13.390 Thread 0x000002b24dd6e670 Uncommon trap: reason=unstable_if action=reinterpret pc=0x000002b25f658390 method=com.mojang.datafixers.functions.PointFreeRule$CompRewrite.rewrite(Lcom/mojang/datafixers/types/Type;Lcom/mojang/datafixers/functions/PointFree;)Ljava/util/Optional; @ 4 c2
Event: 13.390 Thread 0x000002b24dd6e670 DEOPT PACKING pc=0x000002b25f658390 sp=0x000000b44c7fd660
Event: 13.390 Thread 0x000002b24dd6e670 DEOPT UNPACKING pc=0x000002b25eb923a3 sp=0x000000b44c7fd5c8 mode 2
Event: 13.390 Thread 0x000002b24dd6e670 Uncommon trap: trap_request=0xffffff45 fr.pc=0x000002b25f659068 relative=0x00000000000002a8
Event: 13.390 Thread 0x000002b24dd6e670 Uncommon trap: reason=unstable_if action=reinterpret pc=0x000002b25f659068 method=com.mojang.datafixers.functions.PointFreeRule$OrElse.rewrite(Lcom/mojang/datafixers/types/Type;Lcom/mojang/datafixers/functions/PointFree;)Ljava/util/Optional; @ 16 c2
Event: 13.390 Thread 0x000002b24dd6e670 DEOPT PACKING pc=0x000002b25f659068 sp=0x000000b44c7fd780
Event: 13.391 Thread 0x000002b24dd6e670 DEOPT UNPACKING pc=0x000002b25eb923a3 sp=0x000000b44c7fd720 mode 2
Event: 13.439 Thread 0x000002b24dd6e670 DEOPT PACKING pc=0x000002b257e49494 sp=0x000000b44c7fdc20
Event: 13.439 Thread 0x000002b24dd6e670 DEOPT UNPACKING pc=0x000002b25eb92b43 sp=0x000000b44c7fd0f8 mode 0
Event: 13.442 Thread 0x000002b24dd6e670 Uncommon trap: trap_request=0xffffff45 fr.pc=0x000002b25f677bec relative=0x000000000000028c
Event: 13.442 Thread 0x000002b24dd6e670 Uncommon trap: reason=unstable_if action=reinterpret pc=0x000002b25f677bec method=com.google.gson.stream.JsonReader.doPeek()I @ 315 c2
Event: 13.442 Thread 0x000002b24dd6e670 DEOPT PACKING pc=0x000002b25f677bec sp=0x000000b44c7fdce0
Event: 13.442 Thread 0x000002b24dd6e670 DEOPT UNPACKING pc=0x000002b25eb923a3 sp=0x000000b44c7fdc68 mode 2
Event: 13.473 Thread 0x000002b24dd6e670 Uncommon trap: trap_request=0xffffff45 fr.pc=0x000002b25f1f3884 relative=0x0000000000000164
Event: 13.473 Thread 0x000002b24dd6e670 Uncommon trap: reason=unstable_if action=reinterpret pc=0x000002b25f1f3884 method=cpw.mods.niofs.union.UnionFileSystem.getPath(Ljava/lang/String;[Ljava/lang/String;)Ljava/nio/file/Path; @ 2 c2
Event: 13.473 Thread 0x000002b24dd6e670 DEOPT PACKING pc=0x000002b25f1f3884 sp=0x000000b44c7fada0
Event: 13.473 Thread 0x000002b24dd6e670 DEOPT UNPACKING pc=0x000002b25eb923a3 sp=0x000000b44c7fad30 mode 2

Classes unloaded (0 events):
No events

Classes redefined (0 events):
No events

Internal exceptions (20 events):
Event: 12.754 Thread 0x000002b24dd6e670 Exception <a 'sun/nio/fs/WindowsException'{0x00000007304d4d00}> (0x00000007304d4d00) 
thrown [s\open\src\hotspot\share\prims\jni.cpp, line 516]
Event: 12.754 Thread 0x000002b24dd6e670 Exception <a 'sun/nio/fs/WindowsException'{0x00000007304d64d0}> (0x00000007304d64d0) 
thrown [s\open\src\hotspot\share\prims\jni.cpp, line 516]
Event: 12.898 Thread 0x000002b24dd6e670 Exception <a 'java/lang/NoSuchMethodError'{0x000000072f4aacc0}: 'int java.lang.invoke.DirectMethodHandle$Holder.invokeStatic(java.lang.Object)'> (0x000000072f4aacc0) 
thrown [s\open\src\hotspot\share\interpreter\linkResolver.cpp, line 759]
Event: 12.944 Thread 0x000002b24dd6e670 Exception <a 'java/lang/NoSuchMethodError'{0x000000072f0b79e8}: 'java.lang.Object java.lang.invoke.Invokers$Holder.linkToTargetMethod(java.lang.Object, int, java.lang.Object, java.lang.Object)'> (0x000000072f0b79e8) 
thrown [s\open\src\hotspot\share\interpreter\linkResolver.cpp, line 759]
Event: 12.953 Thread 0x000002b24dd6e670 Exception <a 'java/lang/NoSuchMethodError'{0x000000072f167f48}: 'int java.lang.invoke.DirectMethodHandle$Holder.invokeStaticInit(java.lang.Object)'> (0x000000072f167f48) 
thrown [s\open\src\hotspot\share\interpreter\linkResolver.cpp, line 759]
Event: 12.954 Thread 0x000002b24dd6e670 Exception <a 'java/lang/NoSuchMethodError'{0x000000072f1700e8}: 'int java.lang.invoke.Invokers$Holder.invokeExact_MT(java.lang.Object, java.lang.Object)'> (0x000000072f1700e8) 
thrown [s\open\src\hotspot\share\interpreter\linkResolver.cpp, line 759]
Event: 12.959 Thread 0x000002b24dd6e670 Exception <a 'sun/nio/fs/WindowsException'{0x000000072ee69630}> (0x000000072ee69630) 
thrown [s\open\src\hotspot\share\prims\jni.cpp, line 516]
Event: 12.959 Thread 0x000002b24dd6e670 Exception <a 'sun/nio/fs/WindowsException'{0x000000072ee69990}> (0x000000072ee69990) 
thrown [s\open\src\hotspot\share\prims\jni.cpp, line 516]
Event: 12.967 Thread 0x000002b24dd6e670 Exception <a 'java/lang/NoSuchMethodError'{0x000000072eed2bf0}: 'java.lang.Object java.lang.invoke.DirectMethodHandle$Holder.invokeInterface(java.lang.Object, java.lang.Object, double)'> (0x000000072eed2bf0) 
thrown [s\open\src\hotspot\share\interpreter\linkResolver.cpp, line 759]
Event: 12.968 Thread 0x000002b24dd6e670 Exception <a 'java/lang/NoSuchMethodError'{0x000000072eed9438}: 'double java.lang.invoke.DirectMethodHandle$Holder.invokeInterface(java.lang.Object, java.lang.Object, java.lang.Object)'> (0x000000072eed9438) 
thrown [s\open\src\hotspot\share\interpreter\linkResolver.cpp, line 759]
Event: 13.216 Thread 0x000002b24dd6e670 Exception <a 'java/lang/NoSuchMethodError'{0x000000072e2177a0}: 'java.lang.Object java.lang.invoke.DirectMethodHandle$Holder.newInvokeSpecial(java.lang.Object, java.lang.Object, java.lang.Object, java.lang.Object, java.lang.Object, java.lang.Object, java.lang.Object, java.lang.Object, java.lang.Object, java.lang.Object)'> (0x000000072e2177a0) 
thrown [s\open\src\hotspot\share\interpreter\linkResolver.cpp, line 759]
Event: 13.217 Thread 0x000002b24dd6e670 Exception <a 'java/lang/NoSuchMethodError'{0x000000072e21bd68}: 'java.lang.Object java.lang.invoke.Invokers$Holder.linkToTargetMethod(java.lang.Object, java.lang.Object, java.lang.Object, java.lang.Object, java.lang.Object, java.lang.Object, java.lang.Object, java.lang.Object, java.lang.Object, java.lang.Object)'> (0x000000072e21bd68) 
thrown [s\open\src\hotspot\share\interpreter\linkResolver.cpp, line 759]
Event: 13.318 Thread 0x000002b24dd6e670 Exception <a 'java/lang/NoSuchMethodError'{0x000000072df70cc0}: 'java.lang.Object java.lang.invoke.Invokers$Holder.linkToTargetMethod(java.lang.Object, java.lang.Object, java.lang.Object, java.lang.Object, java.lang.Object, java.lang.Object, java.lang.Object, java.lang.Object, java.lang.Object)'> (0x000000072df70cc0) 
thrown [s\open\src\hotspot\share\interpreter\linkResolver.cpp, line 759]
Event: 13.401 Thread 0x000002b24dd6e670 Exception <a 'java/lang/NoSuchMethodError'{0x000000072d82fa70}: 'java.lang.Object java.lang.invoke.DirectMethodHandle$Holder.invokeSpecial(java.lang.Object, java.lang.Object, java.lang.Object, java.lang.Object, java.lang.Object, int, java.lang.Object)'> (0x000000072d82fa70) 
thrown [s\open\src\hotspot\share\interpreter\linkResolver.cpp, line 759]
Event: 13.401 Thread 0x000002b24dd6e670 Exception <a 'java/lang/NoSuchMethodError'{0x000000072d8380f8}: 'java.lang.Object java.lang.invoke.DirectMethodHandle$Holder.invokeSpecial(java.lang.Object, java.lang.Object, java.lang.Object, java.lang.Object, java.lang.Object, java.lang.Object, int)'> (0x000000072d8380f8) 
thrown [s\open\src\hotspot\share\interpreter\linkResolver.cpp, line 759]
Event: 13.401 Thread 0x000002b24dd6e670 Exception <a 'java/lang/NoSuchMethodError'{0x000000072d83b9d8}: 'java.lang.Object java.lang.invoke.Invokers$Holder.linkToTargetMethod(java.lang.Object, java.lang.Object, java.lang.Object, java.lang.Object, int, java.lang.Object)'> (0x000000072d83b9d8) 
thrown [s\open\src\hotspot\share\interpreter\linkResolver.cpp, line 759]
Event: 13.490 Thread 0x000002b24dd6e670 Exception <a 'java/lang/NoSuchMethodError'{0x0000000733fba4b0}: 'long java.lang.invoke.DirectMethodHandle$Holder.invokeInterface(java.lang.Object, java.lang.Object)'> (0x0000000733fba4b0) 
thrown [s\open\src\hotspot\share\interpreter\linkResolver.cpp, line 759]
Event: 13.495 Thread 0x000002b24dd6e670 Exception <a 'java/lang/NoSuchMethodError'{0x0000000733a21218}: 'java.lang.Object java.lang.invoke.DirectMethodHandle$Holder.newInvokeSpecial(java.lang.Object, long)'> (0x0000000733a21218) 
thrown [s\open\src\hotspot\share\interpreter\linkResolver.cpp, line 759]
Event: 13.514 Thread 0x000002b24dd6e670 Exception <a 'java/lang/NoSuchMethodError'{0x0000000733ad47e0}: 'void java.lang.invoke.DirectMethodHandle$Holder.invokeSpecial(java.lang.Object, java.lang.Object, int, long)'> (0x0000000733ad47e0) 
thrown [s\open\src\hotspot\share\interpreter\linkResolver.cpp, line 759]
Event: 13.515 Thread 0x000002b24dd6e670 Exception <a 'java/lang/NoSuchMethodError'{0x0000000733ada758}: 'void java.lang.invoke.DirectMethodHandle$Holder.invokeStatic(java.lang.Object, int, long)'> (0x0000000733ada758) 
thrown [s\open\src\hotspot\share\interpreter\linkResolver.cpp, line 759]

VM Operations (20 events):
Event: 12.387 Executing VM operation: CollectForMetadataAllocation
Event: 12.387 Executing VM operation: CollectForMetadataAllocation done
Event: 12.398 Executing VM operation: G1Concurrent
Event: 12.401 Executing VM operation: G1Concurrent done
Event: 12.476 Executing VM operation: G1Concurrent
Event: 12.477 Executing VM operation: G1Concurrent done
Event: 12.798 Executing VM operation: HandshakeAllThreads
Event: 12.798 Executing VM operation: HandshakeAllThreads done
Event: 13.044 Executing VM operation: HandshakeAllThreads
Event: 13.044 Executing VM operation: HandshakeAllThreads done
Event: 13.079 Executing VM operation: HandshakeAllThreads
Event: 13.079 Executing VM operation: HandshakeAllThreads done
Event: 13.220 Executing VM operation: ICBufferFull
Event: 13.220 Executing VM operation: ICBufferFull done
Event: 13.400 Executing VM operation: HandshakeAllThreads
Event: 13.400 Executing VM operation: HandshakeAllThreads done
Event: 13.414 Executing VM operation: G1CollectForAllocation
Event: 13.424 Executing VM operation: G1CollectForAllocation done
Event: 13.453 Executing VM operation: G1CollectForAllocation
Event: 13.459 Executing VM operation: G1CollectForAllocation done

Events (20 events):
Event: 13.089 Thread 0x000002b27187d540 flushing nmethod 0x000002b258212c10
Event: 13.089 Thread 0x000002b27187d540 flushing nmethod 0x000002b258213410
Event: 13.089 Thread 0x000002b27187d540 flushing nmethod 0x000002b258213c10
Event: 13.089 Thread 0x000002b27187d540 flushing nmethod 0x000002b258215490
Event: 13.089 Thread 0x000002b27187d540 flushing nmethod 0x000002b258215b10
Event: 13.089 Thread 0x000002b27187d540 flushing nmethod 0x000002b258216b90
Event: 13.089 Thread 0x000002b27187d540 flushing nmethod 0x000002b25821c190
Event: 13.089 Thread 0x000002b27187d540 flushing nmethod 0x000002b258222d10
Event: 13.089 Thread 0x000002b27187d540 flushing nmethod 0x000002b258230410
Event: 13.089 Thread 0x000002b27187d540 flushing nmethod 0x000002b258244690
Event: 13.089 Thread 0x000002b27187d540 flushing nmethod 0x000002b25828d590
Event: 13.089 Thread 0x000002b27187d540 flushing nmethod 0x000002b258291610
Event: 13.089 Thread 0x000002b27187d540 flushing nmethod 0x000002b258291990
Event: 13.089 Thread 0x000002b27187d540 flushing nmethod 0x000002b25829b210
Event: 13.089 Thread 0x000002b27187d540 flushing nmethod 0x000002b25829bd90
Event: 13.371 Thread 0x000002b2725507a0 Thread exited: 0x000002b2725507a0
Event: 13.449 loading class java/util/EnumMap$Values
Event: 13.449 loading class java/util/EnumMap$Values done
Event: 13.449 loading class java/util/EnumMap$ValueIterator
Event: 13.450 loading class java/util/EnumMap$ValueIterator done


Dynamic libraries:
0x00007ff7c4d80000 - 0x00007ff7c4d90000 	C:\Users\yangj\Desktop\MCreator20231\jdk\bin\java.exe
0x00007ffe3d910000 - 0x00007ffe3db24000 	C:\WINDOWS\SYSTEM32\ntdll.dll
0x00007ffe3c930000 - 0x00007ffe3c9f3000 	C:\WINDOWS\System32\KERNEL32.DLL
0x00007ffe3ae80000 - 0x00007ffe3b21c000 	C:\WINDOWS\System32\KERNELBASE.dll
0x00007ffe3b3f0000 - 0x00007ffe3b501000 	C:\WINDOWS\System32\ucrtbase.dll
0x00007ffe2cb50000 - 0x00007ffe2cb6b000 	C:\Users\yangj\Desktop\MCreator20231\jdk\bin\VCRUNTIME140.dll
0x00007ffe2f570000 - 0x00007ffe2f588000 	C:\Users\yangj\Desktop\MCreator20231\jdk\bin\jli.dll
0x00007ffe3c3a0000 - 0x00007ffe3c44e000 	C:\WINDOWS\System32\ADVAPI32.dll
0x00007ffe3c810000 - 0x00007ffe3c8b7000 	C:\WINDOWS\System32\msvcrt.dll
0x00007ffe3b9d0000 - 0x00007ffe3ba74000 	C:\WINDOWS\System32\sechost.dll
0x00007ffe3ca00000 - 0x00007ffe3cb15000 	C:\WINDOWS\System32\RPCRT4.dll
0x00007ffe3cbb0000 - 0x00007ffe3cd5d000 	C:\WINDOWS\System32\USER32.dll
0x00007ffe3b340000 - 0x00007ffe3b366000 	C:\WINDOWS\System32\win32u.dll
0x00007ffe1e060000 - 0x00007ffe1e2ee000 	C:\WINDOWS\WinSxS\amd64_microsoft.windows.common-controls_6595b64144ccf1df_6.0.22621.608_none_a9444ca7c10bb01d\COMCTL32.dll
0x00007ffe3ba80000 - 0x00007ffe3baa9000 	C:\WINDOWS\System32\GDI32.dll
0x00007ffe3b220000 - 0x00007ffe3b333000 	C:\WINDOWS\System32\gdi32full.dll
0x00007ffe3b680000 - 0x00007ffe3b71a000 	C:\WINDOWS\System32\msvcp_win.dll
0x00007ffe31f90000 - 0x00007ffe31f9a000 	C:\WINDOWS\SYSTEM32\VERSION.dll
0x00007ffe3d790000 - 0x00007ffe3d7c1000 	C:\WINDOWS\System32\IMM32.DLL
0x00007ffe38170000 - 0x00007ffe3817c000 	C:\Users\yangj\Desktop\MCreator20231\jdk\bin\vcruntime140_1.dll
0x00007ffe23490000 - 0x00007ffe2351e000 	C:\Users\yangj\Desktop\MCreator20231\jdk\bin\msvcp140.dll
0x00007ffdf0250000 - 0x00007ffdf0e27000 	C:\Users\yangj\Desktop\MCreator20231\jdk\bin\server\jvm.dll
0x00007ffe3cd70000 - 0x00007ffe3cd78000 	C:\WINDOWS\System32\PSAPI.DLL
0x00007ffe319a0000 - 0x00007ffe319d4000 	C:\WINDOWS\SYSTEM32\WINMM.dll
0x00007ffe2c790000 - 0x00007ffe2c799000 	C:\WINDOWS\SYSTEM32\WSOCK32.dll
0x00007ffe3cd90000 - 0x00007ffe3ce01000 	C:\WINDOWS\System32\WS2_32.dll
0x00007ffe39d80000 - 0x00007ffe39d98000 	C:\WINDOWS\SYSTEM32\kernel.appcore.dll
0x00007ffe2c780000 - 0x00007ffe2c78a000 	C:\Users\yangj\Desktop\MCreator20231\jdk\bin\jimage.dll
0x00007ffe32dd0000 - 0x00007ffe32ffe000 	C:\WINDOWS\SYSTEM32\DBGHELP.DLL
0x00007ffe3c450000 - 0x00007ffe3c7d9000 	C:\WINDOWS\System32\combase.dll
0x00007ffe3b840000 - 0x00007ffe3b917000 	C:\WINDOWS\System32\OLEAUT32.dll
0x00007ffe283c0000 - 0x00007ffe283f2000 	C:\WINDOWS\SYSTEM32\dbgcore.DLL
0x00007ffe3b370000 - 0x00007ffe3b3eb000 	C:\WINDOWS\System32\bcryptPrimitives.dll
0x00007ffe2c750000 - 0x00007ffe2c775000 	C:\Users\yangj\Desktop\MCreator20231\jdk\bin\java.dll
0x00007ffe10f30000 - 0x00007ffe11007000 	C:\Users\yangj\Desktop\MCreator20231\jdk\bin\jsvml.dll
0x00007ffe3bab0000 - 0x00007ffe3c2a0000 	C:\WINDOWS\System32\SHELL32.dll
0x00007ffe38d40000 - 0x00007ffe3960e000 	C:\WINDOWS\SYSTEM32\windows.storage.dll
0x00007ffe38c00000 - 0x00007ffe38d3e000 	C:\WINDOWS\SYSTEM32\wintypes.dll
0x00007ffe3c2a0000 - 0x00007ffe3c391000 	C:\WINDOWS\System32\SHCORE.dll
0x00007ffe3d050000 - 0x00007ffe3d0ae000 	C:\WINDOWS\System32\shlwapi.dll
0x00007ffe3ac80000 - 0x00007ffe3aca1000 	C:\WINDOWS\SYSTEM32\profapi.dll
0x00007ffe2c730000 - 0x00007ffe2c749000 	C:\Users\yangj\Desktop\MCreator20231\jdk\bin\net.dll
0x00007ffe34520000 - 0x00007ffe3464f000 	C:\WINDOWS\SYSTEM32\WINHTTP.dll
0x00007ffe3a1f0000 - 0x00007ffe3a259000 	C:\WINDOWS\system32\mswsock.dll
0x00007ffe2b4e0000 - 0x00007ffe2b4f6000 	C:\Users\yangj\Desktop\MCreator20231\jdk\bin\nio.dll
0x00007ffe2b4c0000 - 0x00007ffe2b4d8000 	C:\Users\yangj\Desktop\MCreator20231\jdk\bin\zip.dll
0x00007ffe28650000 - 0x00007ffe28660000 	C:\Users\yangj\Desktop\MCreator20231\jdk\bin\verify.dll
0x00007ffe2b4b0000 - 0x00007ffe2b4ba000 	C:\Users\yangj\Desktop\MCreator20231\jdk\bin\management.dll
0x00007ffe2b150000 - 0x00007ffe2b15b000 	C:\Users\yangj\Desktop\MCreator20231\jdk\bin\management_ext.dll
0x00007ffe100a0000 - 0x00007ffe100b7000 	C:\WINDOWS\system32\napinsp.dll
0x00007ffe0efb0000 - 0x00007ffe0efcb000 	C:\WINDOWS\system32\pnrpnsp.dll
0x00007ffe398d0000 - 0x00007ffe399c3000 	C:\WINDOWS\SYSTEM32\DNSAPI.dll
0x00007ffe39860000 - 0x00007ffe3988d000 	C:\WINDOWS\SYSTEM32\IPHLPAPI.DLL
0x00007ffe3cd60000 - 0x00007ffe3cd69000 	C:\WINDOWS\System32\NSI.dll
0x00007ffe0ef90000 - 0x00007ffe0efa1000 	C:\WINDOWS\System32\winrnr.dll
0x00007ffe34300000 - 0x00007ffe34315000 	C:\WINDOWS\system32\wshbth.dll
0x00007ffe23a60000 - 0x00007ffe23a81000 	C:\WINDOWS\system32\nlansp_c.dll
0x00007ffe30540000 - 0x00007ffe3054a000 	C:\Windows\System32\rasadhlp.dll
0x00007ffe32ae0000 - 0x00007ffe32b63000 	C:\WINDOWS\System32\fwpuclnt.dll
0x00007ffe3a460000 - 0x00007ffe3a47b000 	C:\WINDOWS\SYSTEM32\CRYPTSP.dll
0x00007ffe39cf0000 - 0x00007ffe39d25000 	C:\WINDOWS\system32\rsaenh.dll
0x00007ffe3a2f0000 - 0x00007ffe3a318000 	C:\WINDOWS\SYSTEM32\USERENV.dll
0x00007ffe3a630000 - 0x00007ffe3a658000 	C:\WINDOWS\SYSTEM32\bcrypt.dll
0x00007ffe3a450000 - 0x00007ffe3a45c000 	C:\WINDOWS\SYSTEM32\CRYPTBASE.dll
0x00007ffe33bc0000 - 0x00007ffe33bd9000 	C:\WINDOWS\SYSTEM32\dhcpcsvc6.DLL
0x00007ffe33ba0000 - 0x00007ffe33bbf000 	C:\WINDOWS\SYSTEM32\dhcpcsvc.DLL
0x00007ffe2cd00000 - 0x00007ffe2cd45000 	C:\Users\yangj\AppData\Local\Temp\jna-114744777\jna4783028941677407463.dll
0x00007ffe3d5f0000 - 0x00007ffe3d78c000 	C:\WINDOWS\System32\Ole32.dll
0x00007ffe3b920000 - 0x00007ffe3b9d0000 	C:\WINDOWS\System32\clbcatq.dll
0x00007ffe22bb0000 - 0x00007ffe22bcd000 	C:\WINDOWS\SYSTEM32\amsi.dll
0x00007ffe21390000 - 0x00007ffe2140b000 	C:\ProgramData\Microsoft\Windows Defender\Platform\4.18.2301.6-0\MpOav.dll
0x00007ffe0eae0000 - 0x00007ffe0eb30000 	C:\WINDOWS\SYSTEM32\Pdh.dll
0x00007ffe36550000 - 0x00007ffe36560000 	C:\WINDOWS\System32\perfos.dll
0x00007ffe383f0000 - 0x00007ffe38400000 	C:\WINDOWS\SYSTEM32\pfclient.dll
0x00007ffe28ae0000 - 0x00007ffe28b55000 	C:\Users\yangj\AppData\Local\Temp\lwjglyangj\3.3.1-build-7\lwjgl.dll
0x00007ffe22d50000 - 0x00007ffe22fa9000 	C:\Users\yangj\AppData\Local\Temp\lwjglyangj\3.3.1-build-7\jemalloc.dll
0x00007ffe28a70000 - 0x00007ffe28ad1000 	C:\Users\yangj\AppData\Local\Temp\lwjglyangj\3.3.1-build-7\glfw.dll
0x00007ffe2ccb0000 - 0x00007ffe2ccf6000 	C:\WINDOWS\SYSTEM32\dinput8.dll
0x00007ffe2b230000 - 0x00007ffe2b241000 	C:\WINDOWS\SYSTEM32\xinput1_4.dll
0x00007ffe3a950000 - 0x00007ffe3a99e000 	C:\WINDOWS\SYSTEM32\cfgmgr32.dll
0x00007ffe3a920000 - 0x00007ffe3a94c000 	C:\WINDOWS\SYSTEM32\DEVOBJ.dll
0x00007ffe2c110000 - 0x00007ffe2c311000 	C:\WINDOWS\SYSTEM32\inputhost.dll
0x00007ffe37f30000 - 0x00007ffe38063000 	C:\WINDOWS\SYSTEM32\CoreMessaging.dll
0x00007ffe385a0000 - 0x00007ffe385cb000 	C:\WINDOWS\SYSTEM32\dwmapi.dll
0x00007ffe38340000 - 0x00007ffe383eb000 	C:\WINDOWS\system32\uxtheme.dll
0x00007ffe3b720000 - 0x00007ffe3b83e000 	C:\WINDOWS\System32\MSCTF.dll
0x00007ffe0edd0000 - 0x00007ffe0eed0000 	C:\WINDOWS\SYSTEM32\opengl32.dll
0x00007ffe264e0000 - 0x00007ffe2650d000 	C:\WINDOWS\SYSTEM32\GLU32.dll
0x00007ffe38450000 - 0x00007ffe38486000 	C:\WINDOWS\SYSTEM32\dxcore.dll
0x00007ffe351a0000 - 0x00007ffe351e9000 	C:\WINDOWS\SYSTEM32\directxdatabasehelper.dll
0x00007ffe10430000 - 0x00007ffe1045d000 	C:\WINDOWS\System32\DriverStore\FileRepository\u0387948.inf_amd64_849b4630364e9ceb\B387945\atig6pxx.dll
0x00007ffdd56f0000 - 0x00007ffdd9325000 	C:\WINDOWS\System32\DriverStore\FileRepository\u0387948.inf_amd64_849b4630364e9ceb\B387945\atio6axx.dll
0x00007ffe3d170000 - 0x00007ffe3d5e4000 	C:\WINDOWS\System32\SETUPAPI.dll
0x00007ffe3ad50000 - 0x00007ffe3adbb000 	C:\WINDOWS\System32\WINTRUST.dll
0x00007ffe3b510000 - 0x00007ffe3b676000 	C:\WINDOWS\System32\CRYPT32.dll
0x00007ffe3a4b0000 - 0x00007ffe3a4c2000 	C:\WINDOWS\SYSTEM32\MSASN1.dll

dbghelp: loaded successfully - version: 4.0.5 - missing functions: none
symbol engine: initialized successfully - sym options: 0x614 - pdb path: .;C:\Users\yangj\Desktop\MCreator20231\jdk\bin;C:\WINDOWS\SYSTEM32;C:\WINDOWS\WinSxS\amd64_microsoft.windows.common-controls_6595b64144ccf1df_6.0.22621.608_none_a9444ca7c10bb01d;C:\Users\yangj\Desktop\MCreator20231\jdk\bin\server;C:\Users\yangj\AppData\Local\Temp\jna-114744777;C:\ProgramData\Microsoft\Windows Defender\Platform\4.18.2301.6-0;C:\Users\yangj\AppData\Local\Temp\lwjglyangj\3.3.1-build-7;C:\WINDOWS\System32\DriverStore\FileRepository\u0387948.inf_amd64_849b4630364e9ceb\B387945

VM Arguments:
jvm_args: -Dforge.enableGameTest=true -Dforge.logging.console.level=debug -Dforge.logging.markers=REGISTRIES -DignoreList=bootstraplauncher,securejarhandler,asm-commons,asm-util,asm-analysis,asm-tree,asm,JarJarFileSystems,client-extra,fmlcore,javafmllanguage,lowcodelanguage,mclanguage,forge- -Djava.net.preferIPv6Addresses=system -DlegacyClassPath.file=C:\Users\yangj\MCreatorWorkspaces\mixed_ore\build\classpath\runClient_minecraftClasspath.txt -DmergeModules=jna-5.10.0.jar,jna-platform-5.10.0.jar -Dos.version=10.0 --module-path=C:\Users\yangj\.mcreator\gradle\caches\modules-2\files-2.1\cpw.mods\bootstraplauncher\1.1.2\c546e00443d8432cda6baa1c860346980742628\bootstraplauncher-1.1.2.jar;C:\Users\yangj\.mcreator\gradle\caches\modules-2\files-2.1\cpw.mods\securejarhandler\2.1.4\f47e3b9dd860a7b82154b8f90a650ffd0aaa5582\securejarhandler-2.1.4.jar;C:\Users\yangj\.mcreator\gradle\caches\modules-2\files-2.1\org.ow2.asm\asm-commons\9.3\1f2a432d1212f5c352ae607d7b61dcae20c20af5\asm-commons-9.3.jar;C:\Users\yangj\.mcreator\gradle\caches\modules-2\files-2.1\org.ow2.asm\asm-util\9.3\9595bc05510d0bd4b610188b77333fe4851a1975\asm-util-9.3.jar;C:\Users\yangj\.mcreator\gradle\caches\modules-2\files-2.1\org.ow2.asm\asm-analysis\9.3\4b071f211b37c38e0e9f5998550197c8593f6ad8\asm-analysis-9.3.jar;C:\Users\yangj\.mcreator\gradle\caches\modules-2\files-2.1\org.ow2.asm\asm-tree\9.3\78d2ecd61318b5a58cd04fb237636c0e86b77d97\asm-tree-9.3.jar;C:\Users\yangj\.mcreator\gradle\caches\modules-2\files-2.1\org.ow2.asm\asm\9.3\8e6300ef51c1d801a7ed62d07cd221aca3a90640\asm-9.3.jar;C:\Users\yangj\.mcreator\gradle\caches\modules-2\files-2.1\net.minecraftforge\JarJarFileSystems\0.3.16\e52afbb2599dc7c6f779efea0496d32fc01152e3\JarJarFileSystems-0.3.16.jar --add-modules=ALL-MODULE-PATH --add-opens=java.base/java.util.jar=cpw.mods.securejarhandler --add-opens=java.base/java.lang.invoke=cpw.mods.securejarhandler --add-exports=java.base/sun.security.util=cpw.mods.securejarhandler --add-exports=jdk.naming.dns/com.sun.jndi.dns=java.naming -XX:HeapDumpPath=MojangTricksIntelDriversForPerformance_javaw.exe_minecraft.exe.heapdump -Dos.name=Windows 10 -Dfile.encoding=UTF-8 -Duser.country=CN -Duser.language=zh -Duser.variant 
java_command: cpw.mods.bootstraplauncher.BootstrapLauncher --launchTarget forgeclientuserdev --version MOD_DEV --assetIndex 1.19 --assetsDir C:\Users\yangj\.mcreator\gradle\caches\forge_gradle\assets --gameDir . --fml.forgeVersion 43.2.0 --fml.mcVersion 1.19.2 --fml.forgeGroup net.minecraftforge --fml.mcpVersion 20220805.130853
java_class_path (initial): C:\Users\yangj\MCreatorWorkspaces\mixed_ore\build\classes\java\main;C:\Users\yangj\MCreatorWorkspaces\mixed_ore\build\resources\main;C:\Users\yangj\MCreatorWorkspaces\mixed_ore\build\fg_cache\net\minecraftforge\forge\1.19.2-43.2.0_mapped_official_1.19.2\forge-1.19.2-43.2.0_mapped_official_1.19.2-recomp.jar;C:\Users\yangj\.mcreator\gradle\caches\forge_gradle\minecraft_repo\versions\1.19.2\client-extra.jar;C:\Users\yangj\.mcreator\gradle\caches\modules-2\files-2.1\net.minecraftforge\javafmllanguage\1.19.2-43.2.0\5713dfd49576886a7ffc353f14f067ad42369592\javafmllanguage-1.19.2-43.2.0.jar;C:\Users\yangj\.mcreator\gradle\caches\modules-2\files-2.1\net.minecraftforge\lowcodelanguage\1.19.2-43.2.0\51c88985dd125457fb8b6c2c58a4f3b9349a6b57\lowcodelanguage-1.19.2-43.2.0.jar;C:\Users\yangj\.mcreator\gradle\caches\modules-2\files-2.1\net.minecraftforge\mclanguage\1.19.2-43.2.0\f4fa83ef8129c7f7cc5847fbafb07f7ae86c1bb\mclanguage-1.19.2-43.2.0.jar;C:\Users\yangj\.mcreator\gradle\caches\modules-2\files-2.1\net.minecraftforge\fmlcore\1.19.2-43.2.0\d4dcb5b809b7f035ac22b058941cf81f84451545\fmlcore-1.19.2-43.2.0.jar;C:\Users\yangj\.mcreator\gradle\caches\modules-2\files-2.1\net.minecraftforge\fmlloader\1.19.2-43.2.0\3e6e8b7b5e1dbc6ee01a20f74675f223b64c7847\fmlloader-1.19.2-43.2.0.jar;C:\Users\yangj\.mcreator\gradle\caches\modules-2\files-2.1\net.minecraftforge\JarJarSelector\0.3.16\2a31421fb5e267249da103a644f23afb43d158af\JarJarSelector-0.3.16.jar;C:\Users\yangj\.mcreator\gradle\caches\modules-2\files-2.1\net.minecraftforge\JarJarMetadata\0.3.16\f62c8c898dffc8666f5097a8587ed72095e8e83a\JarJarMetadata-0.3.16.jar;C:\Users\yangj\.mcreator\gradle\caches\modules-2\files-2.1\com.google.guava\guava\31.0.1-jre\119ea2b2bc205b138974d351777b20f02b92704b\guava-31.0.1-jre.jar;C:\Users\yangj\.mcreator\gradle\caches\modules-2\files-2.1\com.google.code.findbugs\jsr305\3.0.2\25ea2e8b0c338a877313bd4672d3fe056ea78f0d\jsr305-3.0.2.jar;C:\Users\yangj\.mcreator\gradle\caches\modu
Launcher Type: SUN_STANDARD

[Global flags]
     intx CICompilerCount                          = 4                                         {product} {ergonomic}
     uint ConcGCThreads                            = 2                                         {product} {ergonomic}
     uint G1ConcRefinementThreads                  = 8                                         {product} {ergonomic}
   size_t G1HeapRegionSize                         = 2097152                                   {product} {ergonomic}
    uintx GCDrainStackTargetSize                   = 64                                        {product} {ergonomic}
    ccstr HeapDumpPath                             = MojangTricksIntelDriversForPerformance_javaw.exe_minecraft.exe.heapdump         {manageable} {command line}
   size_t InitialHeapSize                          = 234881024                                 {product} {ergonomic}
   size_t MarkStackSize                            = 4194304                                   {product} {ergonomic}
   size_t MaxHeapSize                              = 3747610624                                {product} {ergonomic}
   size_t MaxNewSize                               = 2248146944                                {product} {ergonomic}
   size_t MinHeapDeltaBytes                        = 2097152                                   {product} {ergonomic}
   size_t MinHeapSize                              = 8388608                                   {product} {ergonomic}
    uintx NonNMethodCodeHeapSize                   = 5839372                                {pd product} {ergonomic}
    uintx NonProfiledCodeHeapSize                  = 122909434                              {pd product} {ergonomic}
    uintx ProfiledCodeHeapSize                     = 122909434                              {pd product} {ergonomic}
    uintx ReservedCodeCacheSize                    = 251658240                              {pd product} {ergonomic}
     bool SegmentedCodeCache                       = true                                      {product} {ergonomic}
   size_t SoftMaxHeapSize                          = 3747610624                             {manageable} {ergonomic}
     bool UseCompressedClassPointers               = true                           {product lp64_product} {ergonomic}
     bool UseCompressedOops                        = true                           {product lp64_product} {ergonomic}
     bool UseG1GC                                  = true                                      {product} {ergonomic}
     bool UseLargePagesIndividualAllocation        = false                                  {pd product} {ergonomic}

Logging:
Log output configuration:
 #0: stdout all=warning uptime,level,tags
 #1: stderr all=off uptime,level,tags

Environment Variables:
JAVA_HOME=C:\Users\yangj\Desktop\MCreator20231\jdk
PATH=C:\Program Files\Common Files\Oracle\Java\javapath;C:\Program Files (x86)\Common Files\Oracle\Java\javapath;C:\WINDOWS\system32;C:\WINDOWS;C:\WINDOWS\System32\Wbem;C:\WINDOWS\System32\WindowsPowerShell\v1.0\;C:\WINDOWS\System32\OpenSSH\;C:\Program Files\Bandizip\;C:\Users\yangj\AppData\Local\Microsoft\WindowsApps;;C:\Users\yangj\Desktop\MCreator20231\jdk\bin
USERNAME=yangj
OS=Windows_NT
PROCESSOR_IDENTIFIER=AMD64 Family 23 Model 24 Stepping 1, AuthenticAMD



---------------  S Y S T E M  ---------------

OS:
 Windows 11 , 64 bit Build 22621 (10.0.22621.1344)
OS uptime: 0 days 0:43 hours

CPU: total 8 (initial active 8) (8 cores per cpu, 2 threads per core) family 23 model 24 stepping 1 microcode 0x0, cx8, cmov, fxsr, ht, mmx, 3dnowpref, sse, sse2, sse3, ssse3, sse4a, sse4.1, sse4.2, popcnt, lzcnt, tsc, tscinvbit, avx, avx2, aes, clmul, bmi1, bmi2, adx, sha, fma, vzeroupper, clflush, clflushopt

Memory: 4k page, system-wide physical 14293M (8001M free)
TotalPageFile size 16981M (AvailPageFile size 8689M)
current process WorkingSet (physical memory assigned to process): 538M, peak: 544M
current process commit charge ("private bytes"): 613M, peak: 623M

vm_info: Java HotSpot(TM) 64-Bit Server VM (17.0.6+9-LTS-190) for windows-amd64 JRE (17.0.6+9-LTS-190), built on Dec  6 2022 15:53:54 by "mach5one" with MS VC++ 17.1 (VS2022)

END.
